<?xml version="1.0" encoding="utf-8"?>
<TestRun id="b94be1ef-8b6a-4813-847c-b51629a5b9fe" name="@cursor 2025-08-11 10:28:02" xmlns="http://microsoft.com/schemas/VisualStudio/TeamTest/2010">
  <Times creation="2025-08-11T10:28:02.1156634+00:00" queuing="2025-08-11T10:28:02.1156634+00:00" start="2025-08-11T10:28:00.0307422+00:00" finish="2025-08-11T10:28:02.5739137+00:00" />
  <TestSettings name="default" id="cadae797-3a6b-48d4-8dc2-458852c3228a">
    <Deployment runDeploymentRoot="_cursor_2025-08-11_10_28_02" />
  </TestSettings>
  <Results>
    <UnitTestResult executionId="fd35d179-e4e9-43f6-9691-b1b7759b0c00" testId="a1f4b443-1603-0539-0dc0-d4ce95853134" testName="RegisterElement_WithNullElement_ShouldThrowArgumentNullException" computerName="cursor" duration="00:00:00.0002050" startTime="2025-08-11T10:28:02.1067290+00:00" endTime="2025-08-11T10:28:02.1069337+00:00" testType="13cdc9d9-ddb5-4fa4-a97d-d965ccfc6d4b" outcome="Passed" testListId="8c84fa94-04c1-424b-9868-57a2d4851a1d" relativeResultsDirectory="fd35d179-e4e9-43f6-9691-b1b7759b0c00" />
    <UnitTestResult executionId="50e235a0-20a3-4435-aa83-255e343c8047" testId="6c726527-cdae-6f0e-e424-af9055e97f92" testName="HeadlessMode_WithNullValue_SetsHeadlessModeToNull" computerName="cursor" duration="00:00:00.0001689" startTime="2025-08-11T10:28:02.2965329+00:00" endTime="2025-08-11T10:28:02.2967015+00:00" testType="13cdc9d9-ddb5-4fa4-a97d-d965ccfc6d4b" outcome="Passed" testListId="8c84fa94-04c1-424b-9868-57a2d4851a1d" relativeResultsDirectory="50e235a0-20a3-4435-aa83-255e343c8047" />
    <UnitTestResult executionId="56978f27-22b3-4b97-b954-b8c7004b11d9" testId="75c5db20-bc00-63de-91f7-e74098d22990" testName="CreateElement_WithNullConfiguration_ShouldThrowArgumentNullException" computerName="cursor" duration="00:00:00.0001700" startTime="2025-08-11T10:28:02.0988270+00:00" endTime="2025-08-11T10:28:02.0989970+00:00" testType="13cdc9d9-ddb5-4fa4-a97d-d965ccfc6d4b" outcome="Passed" testListId="8c84fa94-04c1-424b-9868-57a2d4851a1d" relativeResultsDirectory="56978f27-22b3-4b97-b954-b8c7004b11d9" />
    <UnitTestResult executionId="cd110e55-dcac-497f-94d5-a7582ba4ba77" testId="fcd32eae-1929-9e13-f2a2-ebf52e2ea1bb" testName="WebApplicationFactory_GetLauncher_SelectsCorrectLauncher" computerName="cursor" duration="00:00:00.0031310" startTime="2025-08-11T10:28:02.3223920+00:00" endTime="2025-08-11T10:28:02.3255231+00:00" testType="13cdc9d9-ddb5-4fa4-a97d-d965ccfc6d4b" outcome="Passed" testListId="8c84fa94-04c1-424b-9868-57a2d4851a1d" relativeResultsDirectory="cd110e55-dcac-497f-94d5-a7582ba4ba77" />
    <UnitTestResult executionId="e36f79fd-9cc3-4455-8f13-91854e60ab80" testId="6b94290b-4ed9-8c2a-b695-d80186249086" testName="Builder_SetsNodeEnvAndPort_FromFluentMethods" computerName="cursor" duration="00:00:00.0002530" startTime="2025-08-11T10:28:02.3068423+00:00" endTime="2025-08-11T10:28:02.3070950+00:00" testType="13cdc9d9-ddb5-4fa4-a97d-d965ccfc6d4b" outcome="Passed" testListId="8c84fa94-04c1-424b-9868-57a2d4851a1d" relativeResultsDirectory="e36f79fd-9cc3-4455-8f13-91854e60ab80" />
    <UnitTestResult executionId="24c5009a-489f-497a-8d7a-12016aed9295" testId="46ffc5ad-c340-b767-44fb-d87ee75aad26" testName="NavigateToUrl_WithValidUrl_IsValid" computerName="cursor" duration="00:00:00.0002340" startTime="2025-08-11T10:28:02.2995898+00:00" endTime="2025-08-11T10:28:02.2998235+00:00" testType="13cdc9d9-ddb5-4fa4-a97d-d965ccfc6d4b" outcome="Passed" testListId="8c84fa94-04c1-424b-9868-57a2d4851a1d" relativeResultsDirectory="24c5009a-489f-497a-8d7a-12016aed9295" />
    <UnitTestResult executionId="54181795-f827-40fd-a8fc-59d47dffd24f" testId="3f49ee74-f47f-14db-402b-a5606f508f18" testName="CreateDriver_WithValidOptions_ReturnsDriver" computerName="cursor" duration="00:00:00.0004740" startTime="2025-08-11T10:28:02.3116448+00:00" endTime="2025-08-11T10:28:02.3121188+00:00" testType="13cdc9d9-ddb5-4fa4-a97d-d965ccfc6d4b" outcome="Passed" testListId="8c84fa94-04c1-424b-9868-57a2d4851a1d" relativeResultsDirectory="54181795-f827-40fd-a8fc-59d47dffd24f" />
    <UnitTestResult executionId="a10fd354-1189-4c49-896a-f393f6454262" testId="cbefd2c6-af4f-b601-5e3c-99959e055433" testName="LastOrDefault_WithNonEmptyCollection_ShouldReturnLastElement" computerName="cursor" duration="00:00:00.0002130" startTime="2025-08-11T10:28:02.0960771+00:00" endTime="2025-08-11T10:28:02.0962903+00:00" testType="13cdc9d9-ddb5-4fa4-a97d-d965ccfc6d4b" outcome="Passed" testListId="8c84fa94-04c1-424b-9868-57a2d4851a1d" relativeResultsDirectory="a10fd354-1189-4c49-896a-f393f6454262" />
    <UnitTestResult executionId="2895fc9a-fbb1-4331-b2a4-437454e2c3a7" testId="ecd11cad-395d-4d5e-d9ae-03e7b8295be8" testName="WithAttribute_ShouldAddAttribute" computerName="cursor" duration="00:00:00.0006620" startTime="2025-08-11T10:28:02.0631190+00:00" endTime="2025-08-11T10:28:02.0637819+00:00" testType="13cdc9d9-ddb5-4fa4-a97d-d965ccfc6d4b" outcome="Passed" testListId="8c84fa94-04c1-424b-9868-57a2d4851a1d" relativeResultsDirectory="2895fc9a-fbb1-4331-b2a4-437454e2c3a7" />
    <UnitTestResult executionId="d9247f25-f587-4caa-9680-aa136bee76f7" testId="475357e7-c128-1ac1-651e-32f7af1e435a" testName="IEnumerableGetEnumerator_ShouldReturnAllElements" computerName="cursor" duration="00:00:00.0006220" startTime="2025-08-11T10:28:02.0930723+00:00" endTime="2025-08-11T10:28:02.0936939+00:00" testType="13cdc9d9-ddb5-4fa4-a97d-d965ccfc6d4b" outcome="Passed" testListId="8c84fa94-04c1-424b-9868-57a2d4851a1d" relativeResultsDirectory="d9247f25-f587-4caa-9680-aa136bee76f7" />
    <UnitTestResult executionId="3ca95206-18f8-46ce-9b5b-b92d6e581b71" testId="ae197987-6a6c-0f53-9053-aa2a52fada6c" testName="CreateConfiguration_WithValidParameters_ReturnsConfiguration" computerName="cursor" duration="00:00:00.0006849" startTime="2025-08-11T10:28:02.3258444+00:00" endTime="2025-08-11T10:28:02.3265293+00:00" testType="13cdc9d9-ddb5-4fa4-a97d-d965ccfc6d4b" outcome="Passed" testListId="8c84fa94-04c1-424b-9868-57a2d4851a1d" relativeResultsDirectory="3ca95206-18f8-46ce-9b5b-b92d6e581b71" />
    <UnitTestResult executionId="a5c9c7a0-3794-4fda-88b5-2c26b4b51064" testId="58c799eb-3510-390d-5f8b-eb2a700feeb4" testName="Build_ShouldReturnConfiguredElement" computerName="cursor" duration="00:00:00.0522100" startTime="2025-08-11T10:28:02.0006566+00:00" endTime="2025-08-11T10:28:02.0528663+00:00" testType="13cdc9d9-ddb5-4fa4-a97d-d965ccfc6d4b" outcome="Passed" testListId="8c84fa94-04c1-424b-9868-57a2d4851a1d" relativeResultsDirectory="a5c9c7a0-3794-4fda-88b5-2c26b4b51064" />
    <UnitTestResult executionId="a1e63892-4e2d-4156-99d9-8017ec109a73" testId="11c6e8b9-63df-e19b-bf9f-452e7d9c0dd7" testName="WithBaseUrl_WithNullUrl_ThrowsException" computerName="cursor" duration="00:00:00.0002530" startTime="2025-08-11T10:28:02.1432011+00:00" endTime="2025-08-11T10:28:02.1434546+00:00" testType="13cdc9d9-ddb5-4fa4-a97d-d965ccfc6d4b" outcome="Passed" testListId="8c84fa94-04c1-424b-9868-57a2d4851a1d" relativeResultsDirectory="a1e63892-4e2d-4156-99d9-8017ec109a73" />
    <UnitTestResult executionId="6d24b9ee-0116-4f3c-ac90-a5115aed9cb5" testId="d0ef1a67-943c-e03c-80e8-cb9d77933072" testName="WithBaseUrl_WithValidUrl_SetsBaseUrl" computerName="cursor" duration="00:00:00.0006630" startTime="2025-08-11T10:28:02.2979032+00:00" endTime="2025-08-11T10:28:02.2985655+00:00" testType="13cdc9d9-ddb5-4fa4-a97d-d965ccfc6d4b" outcome="Passed" testListId="8c84fa94-04c1-424b-9868-57a2d4851a1d" relativeResultsDirectory="6d24b9ee-0116-4f3c-ac90-a5115aed9cb5" />
    <UnitTestResult executionId="3b01959f-bf97-4c0a-abb3-6966667f9ead" testId="9db3b268-6657-af98-9f75-1b63df5c1b61" testName="CustomEnvironmentVariables_ArePreserved" computerName="cursor" duration="00:00:00.0005710" startTime="2025-08-11T10:28:02.3189222+00:00" endTime="2025-08-11T10:28:02.3194927+00:00" testType="13cdc9d9-ddb5-4fa4-a97d-d965ccfc6d4b" outcome="Passed" testListId="8c84fa94-04c1-424b-9868-57a2d4851a1d" relativeResultsDirectory="3b01959f-bf97-4c0a-abb3-6966667f9ead">
      <Output>
        <StdOut>=== Custom env vars ===
Builder methods:
.WithEnvironmentVariable("MY_SETTING", "abc").WithEnvironmentVariables(...) 
Run command:
dotnet run --framework net8.0 --configuration Release --no-launch-profile
Environment variables:
ASPNETCORE_ENVIRONMENT=Staging
ASPNETCORE_HOSTINGSTARTUPASSEMBLIES=
FOO=bar
MY_SETTING=abc
====================</StdOut>
      </Output>
    </UnitTestResult>
    <UnitTestResult executionId="15fe611e-1b8a-4fa1-9c57-2fd59171478b" testId="d9747d07-b571-8346-80a3-fe62a8b92e46" testName="WithWebServerProjectPath_IsRemoved_FromBuilder" computerName="cursor" duration="00:00:00.0002590" startTime="2025-08-11T10:28:02.1486591+00:00" endTime="2025-08-11T10:28:02.1489178+00:00" testType="13cdc9d9-ddb5-4fa4-a97d-d965ccfc6d4b" outcome="Passed" testListId="8c84fa94-04c1-424b-9868-57a2d4851a1d" relativeResultsDirectory="15fe611e-1b8a-4fa1-9c57-2fd59171478b">
      <Output>
        <StdOut>Server config APIs removed from options builder; managed by WebServerManager</StdOut>
      </Output>
    </UnitTestResult>
    <UnitTestResult executionId="ebc9e40e-6db0-4651-945e-16695d2d471c" testId="179ad534-942e-3d0d-8cd9-ff68b706f3bf" testName="IsSelected_ShouldReturnFalse" computerName="cursor" duration="00:00:00.0001240" startTime="2025-08-11T10:28:02.1170353+00:00" endTime="2025-08-11T10:28:02.1171592+00:00" testType="13cdc9d9-ddb5-4fa4-a97d-d965ccfc6d4b" outcome="Passed" testListId="8c84fa94-04c1-424b-9868-57a2d4851a1d" relativeResultsDirectory="ebc9e40e-6db0-4651-945e-16695d2d471c" />
    <UnitTestResult executionId="d7a86598-c2de-48d2-a592-90b53bddf272" testId="c6d9c40f-adc6-4edb-6a83-6f4ac42882d1" testName="GetAttribute_ShouldReturnEmptyString" computerName="cursor" duration="00:00:00.0004610" startTime="2025-08-11T10:28:02.1140610+00:00" endTime="2025-08-11T10:28:02.1145217+00:00" testType="13cdc9d9-ddb5-4fa4-a97d-d965ccfc6d4b" outcome="Passed" testListId="8c84fa94-04c1-424b-9868-57a2d4851a1d" relativeResultsDirectory="d7a86598-c2de-48d2-a592-90b53bddf272" />
    <UnitTestResult executionId="aa37b168-21f4-42cb-bf60-d075adb0ad60" testId="4d36eff3-cb8c-cc2b-ae0a-7341e46f417f" testName="Constructor_WithNullOptions_ThrowsArgumentNullException" computerName="cursor" duration="00:00:00.0002000" startTime="2025-08-11T10:28:02.1266480+00:00" endTime="2025-08-11T10:28:02.1268476+00:00" testType="13cdc9d9-ddb5-4fa4-a97d-d965ccfc6d4b" outcome="Passed" testListId="8c84fa94-04c1-424b-9868-57a2d4851a1d" relativeResultsDirectory="aa37b168-21f4-42cb-bf60-d075adb0ad60" />
    <UnitTestResult executionId="a645d7a3-df26-4993-afd5-20cf4619cbe8" testId="3972325b-780e-8149-0501-afcdb2e51733" testName="IsEnabled_ShouldCallDriverIsEnabled" computerName="cursor" duration="00:00:00.0004970" startTime="2025-08-11T10:28:02.1165243+00:00" endTime="2025-08-11T10:28:02.1170216+00:00" testType="13cdc9d9-ddb5-4fa4-a97d-d965ccfc6d4b" outcome="Passed" testListId="8c84fa94-04c1-424b-9868-57a2d4851a1d" relativeResultsDirectory="a645d7a3-df26-4993-afd5-20cf4619cbe8" />
    <UnitTestResult executionId="ed65173f-15ad-4346-8446-774cddfb2ce0" testId="869c75f3-f0d3-ccd1-94b9-b347ceeefe6e" testName="CreateConfigurationWithDetection_WithValidParameters_ReturnsConfiguration" computerName="cursor" duration="00:00:00.0016260" startTime="2025-08-11T10:28:02.3265445+00:00" endTime="2025-08-11T10:28:02.3281706+00:00" testType="13cdc9d9-ddb5-4fa4-a97d-d965ccfc6d4b" outcome="Passed" testListId="8c84fa94-04c1-424b-9868-57a2d4851a1d" relativeResultsDirectory="ed65173f-15ad-4346-8446-774cddfb2ce0" />
    <UnitTestResult executionId="a6d07430-ad89-473d-a9b1-984845848e9b" testId="6d5a4486-b343-0cdc-4507-2918b358e5b5" testName="DotNet_WorkingDirectory_IsApplied" computerName="cursor" duration="00:00:00.0001430" startTime="2025-08-11T10:28:02.3207410+00:00" endTime="2025-08-11T10:28:02.3208844+00:00" testType="13cdc9d9-ddb5-4fa4-a97d-d965ccfc6d4b" outcome="Passed" testListId="8c84fa94-04c1-424b-9868-57a2d4851a1d" relativeResultsDirectory="a6d07430-ad89-473d-a9b1-984845848e9b" />
    <UnitTestResult executionId="2b89c725-cb5d-4850-a664-8e26e85d4ff4" testId="53b308dd-208a-388e-c5f9-16f490d67de6" testName="NavigateToUrl_WithNullUrl_IsValid" computerName="cursor" duration="00:00:00.0006280" startTime="2025-08-11T10:28:02.2989482+00:00" endTime="2025-08-11T10:28:02.2995760+00:00" testType="13cdc9d9-ddb5-4fa4-a97d-d965ccfc6d4b" outcome="Passed" testListId="8c84fa94-04c1-424b-9868-57a2d4851a1d" relativeResultsDirectory="2b89c725-cb5d-4850-a664-8e26e85d4ff4" />
    <UnitTestResult executionId="187072e2-114d-4f3b-988e-e58655b43b8c" testId="f02c83be-628b-c901-c0e0-b0c07da04720" testName="GetLauncher_WithUnregisteredServerType_ThrowsException" computerName="cursor" duration="00:00:00.0003200" startTime="2025-08-11T10:28:02.3281898+00:00" endTime="2025-08-11T10:28:02.3285099+00:00" testType="13cdc9d9-ddb5-4fa4-a97d-d965ccfc6d4b" outcome="Passed" testListId="8c84fa94-04c1-424b-9868-57a2d4851a1d" relativeResultsDirectory="187072e2-114d-4f3b-988e-e58655b43b8c" />
    <UnitTestResult executionId="b030354f-b2d8-44ae-9a5a-189e52f3c0ee" testId="0b4fc99c-eb06-94b0-bab6-1d7f1e79217a" testName="WithCustomWait_WithNullCondition_ShouldThrowArgumentNullException" computerName="cursor" duration="00:00:00.0001910" startTime="2025-08-11T10:28:02.0649337+00:00" endTime="2025-08-11T10:28:02.0651248+00:00" testType="13cdc9d9-ddb5-4fa4-a97d-d965ccfc6d4b" outcome="Passed" testListId="8c84fa94-04c1-424b-9868-57a2d4851a1d" relativeResultsDirectory="b030354f-b2d8-44ae-9a5a-189e52f3c0ee" />
    <UnitTestResult executionId="845e6040-2473-4560-8270-24137e3de355" testId="0cc5a016-6448-c184-75cf-5538243062ce" testName="WithServerConfiguration_WithNullConfiguration_Removed" computerName="cursor" duration="00:00:00.0001979" startTime="2025-08-11T10:28:02.1475587+00:00" endTime="2025-08-11T10:28:02.1477570+00:00" testType="13cdc9d9-ddb5-4fa4-a97d-d965ccfc6d4b" outcome="Passed" testListId="8c84fa94-04c1-424b-9868-57a2d4851a1d" relativeResultsDirectory="845e6040-2473-4560-8270-24137e3de355">
      <Output>
        <StdOut>Removed</StdOut>
      </Output>
    </UnitTestResult>
    <UnitTestResult executionId="95d1c637-a202-49fa-8cd8-c39653e53373" testId="d93cec4f-53d9-403d-a92c-21324eed1dc2" testName="FilterByAttribute_WithNoMatchingAttribute_ShouldReturnEmptyCollection" computerName="cursor" duration="00:00:00.0002010" startTime="2025-08-11T10:28:02.0893247+00:00" endTime="2025-08-11T10:28:02.0895258+00:00" testType="13cdc9d9-ddb5-4fa4-a97d-d965ccfc6d4b" outcome="Passed" testListId="8c84fa94-04c1-424b-9868-57a2d4851a1d" relativeResultsDirectory="95d1c637-a202-49fa-8cd8-c39653e53373" />
    <UnitTestResult executionId="bfa45f56-d726-4d2e-af40-bfea2aca6098" testId="f2c0b89c-869a-b8e1-4f97-bcdc75425150" testName="FilterByText_WithMatchingText_ShouldReturnFilteredCollection" computerName="cursor" duration="00:00:00.0002680" startTime="2025-08-11T10:28:02.0908305+00:00" endTime="2025-08-11T10:28:02.0910989+00:00" testType="13cdc9d9-ddb5-4fa4-a97d-d965ccfc6d4b" outcome="Passed" testListId="8c84fa94-04c1-424b-9868-57a2d4851a1d" relativeResultsDirectory="bfa45f56-d726-4d2e-af40-bfea2aca6098" />
    <UnitTestResult executionId="120b997c-e06d-4c23-b898-6528096d8200" testId="bf999a1f-994b-fb2b-0916-7df6581792db" testName="FilterByAttribute_WithMatchingAttribute_ShouldReturnFilteredCollection" computerName="cursor" duration="00:00:00.0002810" startTime="2025-08-11T10:28:02.0890343+00:00" endTime="2025-08-11T10:28:02.0893148+00:00" testType="13cdc9d9-ddb5-4fa4-a97d-d965ccfc6d4b" outcome="Passed" testListId="8c84fa94-04c1-424b-9868-57a2d4851a1d" relativeResultsDirectory="120b997c-e06d-4c23-b898-6528096d8200" />
    <UnitTestResult executionId="0127055c-46c2-4183-b18c-817e77e67980" testId="7f949d80-13b6-78ce-6336-64f88eac33b7" testName="FilterByText_WithNoMatchingText_ShouldReturnEmptyCollection" computerName="cursor" duration="00:00:00.0002030" startTime="2025-08-11T10:28:02.0911086+00:00" endTime="2025-08-11T10:28:02.0913116+00:00" testType="13cdc9d9-ddb5-4fa4-a97d-d965ccfc6d4b" outcome="Passed" testListId="8c84fa94-04c1-424b-9868-57a2d4851a1d" relativeResultsDirectory="0127055c-46c2-4183-b18c-817e77e67980" />
    <UnitTestResult executionId="2793ba64-0d7c-4b1f-92ca-e15c127b56db" testId="e78cb7dd-0751-e11c-f830-882cb6a69d14" testName="Constructor_WithNullOptions_ShouldThrowArgumentNullException" computerName="cursor" duration="00:00:00.0001720" startTime="2025-08-11T10:28:02.0977962+00:00" endTime="2025-08-11T10:28:02.0979683+00:00" testType="13cdc9d9-ddb5-4fa4-a97d-d965ccfc6d4b" outcome="Passed" testListId="8c84fa94-04c1-424b-9868-57a2d4851a1d" relativeResultsDirectory="2793ba64-0d7c-4b1f-92ca-e15c127b56db" />
    <UnitTestResult executionId="7657f5cf-4c02-4923-b9a0-5f26ee0b5837" testId="e08a08af-210e-a1c2-6824-5a7b54cc2338" testName="Constructor_WithNullSelector_ShouldThrowArgumentNullException" computerName="cursor" duration="00:00:00.0004000" startTime="2025-08-11T10:28:02.1120818+00:00" endTime="2025-08-11T10:28:02.1124812+00:00" testType="13cdc9d9-ddb5-4fa4-a97d-d965ccfc6d4b" outcome="Passed" testListId="8c84fa94-04c1-424b-9868-57a2d4851a1d" relativeResultsDirectory="7657f5cf-4c02-4923-b9a0-5f26ee0b5837" />
    <UnitTestResult executionId="dcf8aae9-c448-4850-98d3-b5392258a64b" testId="c9f61712-9fd7-d6bb-db15-07624030c6e4" testName="Last_WithEmptyCollection_ShouldThrowInvalidOperationException" computerName="cursor" duration="00:00:00.0004530" startTime="2025-08-11T10:28:02.0950859+00:00" endTime="2025-08-11T10:28:02.0955385+00:00" testType="13cdc9d9-ddb5-4fa4-a97d-d965ccfc6d4b" outcome="Passed" testListId="8c84fa94-04c1-424b-9868-57a2d4851a1d" relativeResultsDirectory="dcf8aae9-c448-4850-98d3-b5392258a64b" />
    <UnitTestResult executionId="125435f4-137e-4831-b04a-f28f9d54827f" testId="6343243c-dfd7-4b0b-0e3c-4021f44a4a0d" testName="WaitFor_WithClickableStrategy_ShouldCallWaitForClickable" computerName="cursor" duration="00:00:00.0003420" startTime="2025-08-11T10:28:02.1186143+00:00" endTime="2025-08-11T10:28:02.1189561+00:00" testType="13cdc9d9-ddb5-4fa4-a97d-d965ccfc6d4b" outcome="Passed" testListId="8c84fa94-04c1-424b-9868-57a2d4851a1d" relativeResultsDirectory="125435f4-137e-4831-b04a-f28f9d54827f" />
    <UnitTestResult executionId="b5e4c509-8c79-49c3-8b57-1cbad1084656" testId="71ed1687-d25f-f0b2-eee1-f1f69754d207" testName="Indexer_WithIndexEqualToCount_ShouldThrowArgumentOutOfRangeException" computerName="cursor" duration="00:00:00.0004920" startTime="2025-08-11T10:28:02.0937095+00:00" endTime="2025-08-11T10:28:02.0942012+00:00" testType="13cdc9d9-ddb5-4fa4-a97d-d965ccfc6d4b" outcome="Passed" testListId="8c84fa94-04c1-424b-9868-57a2d4851a1d" relativeResultsDirectory="b5e4c509-8c79-49c3-8b57-1cbad1084656" />
    <UnitTestResult executionId="02a01cf5-1b4d-4827-8e71-9fb6b36b9836" testId="c3694fbe-f799-3b5e-9ff5-0d754eb65db7" testName="FilterByAttribute_WithNullAttributeName_ShouldThrowArgumentException" computerName="cursor" duration="00:00:00.0002910" startTime="2025-08-11T10:28:02.0895346+00:00" endTime="2025-08-11T10:28:02.0898253+00:00" testType="13cdc9d9-ddb5-4fa4-a97d-d965ccfc6d4b" outcome="Passed" testListId="8c84fa94-04c1-424b-9868-57a2d4851a1d" relativeResultsDirectory="02a01cf5-1b4d-4827-8e71-9fb6b36b9836" />
    <UnitTestResult executionId="9d4586a7-e14f-486c-83ef-b478f768351b" testId="8383728b-b15a-a0ae-e2d4-37daa1d150cf" testName="WithTimeout_ShouldSetTimeout" computerName="cursor" duration="00:00:00.0001260" startTime="2025-08-11T10:28:02.0655675+00:00" endTime="2025-08-11T10:28:02.0656936+00:00" testType="13cdc9d9-ddb5-4fa4-a97d-d965ccfc6d4b" outcome="Passed" testListId="8c84fa94-04c1-424b-9868-57a2d4851a1d" relativeResultsDirectory="9d4586a7-e14f-486c-83ef-b478f768351b" />
    <UnitTestResult executionId="5b64e113-95ea-451c-962f-35b912d1652b" testId="471622d6-a01c-acdb-82c5-f00f72212509" testName="WithHeadlessMode_WithNull_SetsNull" computerName="cursor" duration="00:00:00.0001640" startTime="2025-08-11T10:28:02.1464953+00:00" endTime="2025-08-11T10:28:02.1466589+00:00" testType="13cdc9d9-ddb5-4fa4-a97d-d965ccfc6d4b" outcome="Passed" testListId="8c84fa94-04c1-424b-9868-57a2d4851a1d" relativeResultsDirectory="5b64e113-95ea-451c-962f-35b912d1652b" />
    <UnitTestResult executionId="e2518600-ff02-4641-89a9-443ebbd520b8" testId="629e7f8f-acc1-6486-7ee3-d596d40e2188" testName="FilterByAttribute_WithCaseInsensitiveMatch_ShouldReturnFilteredCollection" computerName="cursor" duration="00:00:00.0009480" startTime="2025-08-11T10:28:02.0876518+00:00" endTime="2025-08-11T10:28:02.0885997+00:00" testType="13cdc9d9-ddb5-4fa4-a97d-d965ccfc6d4b" outcome="Passed" testListId="8c84fa94-04c1-424b-9868-57a2d4851a1d" relativeResultsDirectory="e2518600-ff02-4641-89a9-443ebbd520b8" />
    <UnitTestResult executionId="9eac3c45-5233-411d-88aa-5a5f3c5e5f49" testId="22a55186-734f-9dba-b3aa-22207bab8f2a" testName="RegisterPlugin_WithValidPluginType_RegistersPlugin" computerName="cursor" duration="00:00:00.0002240" startTime="2025-08-11T10:28:02.3136037+00:00" endTime="2025-08-11T10:28:02.3138279+00:00" testType="13cdc9d9-ddb5-4fa4-a97d-d965ccfc6d4b" outcome="Passed" testListId="8c84fa94-04c1-424b-9868-57a2d4851a1d" relativeResultsDirectory="9eac3c45-5233-411d-88aa-5a5f3c5e5f49" />
    <UnitTestResult executionId="310e69ae-9122-4161-90a0-c883ba3ec4f0" testId="d8390e41-bd5a-fe7f-3b98-f2190b4f7ae8" testName="RemoveFromCache_WithNonExistingKey_ShouldReturnFalse" computerName="cursor" duration="00:00:00.0001360" startTime="2025-08-11T10:28:02.1074917+00:00" endTime="2025-08-11T10:28:02.1076278+00:00" testType="13cdc9d9-ddb5-4fa4-a97d-d965ccfc6d4b" outcome="Passed" testListId="8c84fa94-04c1-424b-9868-57a2d4851a1d" relativeResultsDirectory="310e69ae-9122-4161-90a0-c883ba3ec4f0" />
    <UnitTestResult executionId="e15a6f54-2d61-4db3-9c23-dbf2fb283e38" testId="1c8b7bab-7237-42e0-5fb5-c55615089994" testName="RegisterElement_WithValidParameters_ShouldCacheElement" computerName="cursor" duration="00:00:00.0001650" startTime="2025-08-11T10:28:02.1071519+00:00" endTime="2025-08-11T10:28:02.1073165+00:00" testType="13cdc9d9-ddb5-4fa4-a97d-d965ccfc6d4b" outcome="Passed" testListId="8c84fa94-04c1-424b-9868-57a2d4851a1d" relativeResultsDirectory="e15a6f54-2d61-4db3-9c23-dbf2fb283e38" />
    <UnitTestResult executionId="64592ac6-24ac-4a3d-9446-402fd7355aad" testId="33a7bbde-5ce9-4487-c1d1-eb748c5080db" testName="CreateDriver_WithNullOptions_ThrowsArgumentNullException" computerName="cursor" duration="00:00:00.0001620" startTime="2025-08-11T10:28:02.3114753+00:00" endTime="2025-08-11T10:28:02.3116374+00:00" testType="13cdc9d9-ddb5-4fa4-a97d-d965ccfc6d4b" outcome="Passed" testListId="8c84fa94-04c1-424b-9868-57a2d4851a1d" relativeResultsDirectory="64592ac6-24ac-4a3d-9446-402fd7355aad" />
    <UnitTestResult executionId="aacabe46-39a8-420b-8adc-2c2bc7af947a" testId="9878c4ec-2f1a-e8e4-b5a4-d9a2cba55d4b" testName="WithAttribute_WithEmptyName_ShouldThrowArgumentException" computerName="cursor" duration="00:00:00.0003860" startTime="2025-08-11T10:28:02.0638122+00:00" endTime="2025-08-11T10:28:02.0641983+00:00" testType="13cdc9d9-ddb5-4fa4-a97d-d965ccfc6d4b" outcome="Passed" testListId="8c84fa94-04c1-424b-9868-57a2d4851a1d" relativeResultsDirectory="aacabe46-39a8-420b-8adc-2c2bc7af947a" />
    <UnitTestResult executionId="73712024-b97e-429d-9fe9-1cb77dbef9ad" testId="8ee850f6-f93d-44de-04bb-8bbc073b000b" testName="Constructor_WithNullOptions_ShouldThrowArgumentNullException" computerName="cursor" duration="00:00:00.0006350" startTime="2025-08-11T10:28:02.0568239+00:00" endTime="2025-08-11T10:28:02.0574584+00:00" testType="13cdc9d9-ddb5-4fa4-a97d-d965ccfc6d4b" outcome="Passed" testListId="8c84fa94-04c1-424b-9868-57a2d4851a1d" relativeResultsDirectory="73712024-b97e-429d-9fe9-1cb77dbef9ad" />
    <UnitTestResult executionId="01b87501-4609-4e76-83b9-31d65227cc79" testId="2ea41be2-ee63-3a11-0613-d95c2f91bed0" testName="Placeholder_NoOp_ToMaintainTestStructure" computerName="cursor" duration="00:00:00.0163250" startTime="2025-08-11T10:28:02.1268546+00:00" endTime="2025-08-11T10:28:02.1431797+00:00" testType="13cdc9d9-ddb5-4fa4-a97d-d965ccfc6d4b" outcome="Passed" testListId="8c84fa94-04c1-424b-9868-57a2d4851a1d" relativeResultsDirectory="01b87501-4609-4e76-83b9-31d65227cc79" />
    <UnitTestResult executionId="6ec39dd9-f1de-4e4b-aa41-c15b1ea200df" testId="b16522d5-763c-5079-f175-3132fe0bb3ec" testName="GetPlugins_ReturnsReadOnlyCollection" computerName="cursor" duration="00:00:00.0002550" startTime="2025-08-11T10:28:02.3121322+00:00" endTime="2025-08-11T10:28:02.3123876+00:00" testType="13cdc9d9-ddb5-4fa4-a97d-d965ccfc6d4b" outcome="Passed" testListId="8c84fa94-04c1-424b-9868-57a2d4851a1d" relativeResultsDirectory="6ec39dd9-f1de-4e4b-aa41-c15b1ea200df" />
    <UnitTestResult executionId="6a4077c4-1704-4c56-bb89-d76ad602a4cc" testId="dddb8e0d-1bc6-fd59-4ffa-24cd6ce629ee" testName="IsCached_WithExistingKey_ShouldReturnTrue" computerName="cursor" duration="00:00:00.0001390" startTime="2025-08-11T10:28:02.1062246+00:00" endTime="2025-08-11T10:28:02.1063640+00:00" testType="13cdc9d9-ddb5-4fa4-a97d-d965ccfc6d4b" outcome="Passed" testListId="8c84fa94-04c1-424b-9868-57a2d4851a1d" relativeResultsDirectory="6a4077c4-1704-4c56-bb89-d76ad602a4cc" />
    <UnitTestResult executionId="677404d4-e25a-449d-8dec-73925d65b995" testId="e694388c-e9b9-a1d2-ef93-70adf5bded0d" testName="WithBaseUrl_WithValidUrl_SetsBaseUrl" computerName="cursor" duration="00:00:00.0002400" startTime="2025-08-11T10:28:02.1434654+00:00" endTime="2025-08-11T10:28:02.1437055+00:00" testType="13cdc9d9-ddb5-4fa4-a97d-d965ccfc6d4b" outcome="Passed" testListId="8c84fa94-04c1-424b-9868-57a2d4851a1d" relativeResultsDirectory="677404d4-e25a-449d-8dec-73925d65b995" />
    <UnitTestResult executionId="78fa037d-1ffc-41ce-990e-095ac0f7ab82" testId="0857da33-b4ef-b236-6099-02a532ef2a14" testName="CreateElement_WithNullSelector_ShouldThrowArgumentException" computerName="cursor" duration="00:00:00.0001370" startTime="2025-08-11T10:28:02.0990040+00:00" endTime="2025-08-11T10:28:02.0991411+00:00" testType="13cdc9d9-ddb5-4fa4-a97d-d965ccfc6d4b" outcome="Passed" testListId="8c84fa94-04c1-424b-9868-57a2d4851a1d" relativeResultsDirectory="78fa037d-1ffc-41ce-990e-095ac0f7ab82" />
    <UnitTestResult executionId="6f0d6cc9-1f0f-40c8-b6ef-2f7f927cc3d7" testId="f46fda5d-5750-4db5-4e78-e68e765afd13" testName="Register_SamePluginTypeTwice_DeduplicatesByType" computerName="cursor" duration="00:00:00.0001890" startTime="2025-08-11T10:28:02.3150969+00:00" endTime="2025-08-11T10:28:02.3152855+00:00" testType="13cdc9d9-ddb5-4fa4-a97d-d965ccfc6d4b" outcome="Passed" testListId="8c84fa94-04c1-424b-9868-57a2d4851a1d" relativeResultsDirectory="6f0d6cc9-1f0f-40c8-b6ef-2f7f927cc3d7" />
    <UnitTestResult executionId="a64ff5b9-7a5d-4391-8124-282d7078ab3a" testId="37cb0dcf-4168-cbb7-f50e-73ed6d374e4a" testName="GetCssValue_ShouldReturnEmptyString" computerName="cursor" duration="00:00:00.0001710" startTime="2025-08-11T10:28:02.1145323+00:00" endTime="2025-08-11T10:28:02.1147029+00:00" testType="13cdc9d9-ddb5-4fa4-a97d-d965ccfc6d4b" outcome="Passed" testListId="8c84fa94-04c1-424b-9868-57a2d4851a1d" relativeResultsDirectory="a64ff5b9-7a5d-4391-8124-282d7078ab3a" />
    <UnitTestResult executionId="d6bcc222-d177-4980-a5a0-6909a9510604" testId="0c9cdc29-691b-c84f-d982-5575012bff55" testName="IsVisible_ShouldCallDriverIsVisible" computerName="cursor" duration="00:00:00.0003450" startTime="2025-08-11T10:28:02.1171653+00:00" endTime="2025-08-11T10:28:02.1175099+00:00" testType="13cdc9d9-ddb5-4fa4-a97d-d965ccfc6d4b" outcome="Passed" testListId="8c84fa94-04c1-424b-9868-57a2d4851a1d" relativeResultsDirectory="d6bcc222-d177-4980-a5a0-6909a9510604" />
    <UnitTestResult executionId="0b1d0917-4a50-4031-b672-9a2940c36547" testId="2ac27a39-0887-ff83-8ecd-f4b873b52bce" testName="GetOrCreateElement_WithNullSelector_ShouldThrowArgumentException" computerName="cursor" duration="00:00:00.0002340" startTime="2025-08-11T10:28:02.1059815+00:00" endTime="2025-08-11T10:28:02.1062152+00:00" testType="13cdc9d9-ddb5-4fa4-a97d-d965ccfc6d4b" outcome="Passed" testListId="8c84fa94-04c1-424b-9868-57a2d4851a1d" relativeResultsDirectory="0b1d0917-4a50-4031-b672-9a2940c36547" />
    <UnitTestResult executionId="8ca73bfc-04b9-49ca-a4e8-f6d74f22d256" testId="18f05ca5-b5fb-a8dd-f454-c581d558cbe9" testName="FilterByAttribute_WithEmptyAttributeName_ShouldThrowArgumentException" computerName="cursor" duration="00:00:00.0004010" startTime="2025-08-11T10:28:02.0886189+00:00" endTime="2025-08-11T10:28:02.0890202+00:00" testType="13cdc9d9-ddb5-4fa4-a97d-d965ccfc6d4b" outcome="Passed" testListId="8c84fa94-04c1-424b-9868-57a2d4851a1d" relativeResultsDirectory="8ca73bfc-04b9-49ca-a4e8-f6d74f22d256" />
    <UnitTestResult executionId="c3f2ba33-56e5-4f9a-8a13-e8e16b3c2d08" testId="99f01ded-3ca2-e651-a7da-fe562e1e4884" testName="WithDefaultWaitTimeout_WithValidTimeout_SetsDefaultWaitTimeout" computerName="cursor" duration="00:00:00.0001630" startTime="2025-08-11T10:28:02.1438871+00:00" endTime="2025-08-11T10:28:02.1440506+00:00" testType="13cdc9d9-ddb5-4fa4-a97d-d965ccfc6d4b" outcome="Passed" testListId="8c84fa94-04c1-424b-9868-57a2d4851a1d" relativeResultsDirectory="c3f2ba33-56e5-4f9a-8a13-e8e16b3c2d08" />
    <UnitTestResult executionId="79b2387e-2956-4b53-b649-e7730bf3e762" testId="f886403e-9ef4-53a2-d4e1-ecec3b79370d" testName="Constructor_WithNullSelector_ShouldThrowArgumentNullException" computerName="cursor" duration="00:00:00.0003480" startTime="2025-08-11T10:28:02.0582505+00:00" endTime="2025-08-11T10:28:02.0585985+00:00" testType="13cdc9d9-ddb5-4fa4-a97d-d965ccfc6d4b" outcome="Passed" testListId="8c84fa94-04c1-424b-9868-57a2d4851a1d" relativeResultsDirectory="79b2387e-2956-4b53-b649-e7730bf3e762" />
    <UnitTestResult executionId="15296bea-0661-424a-bf27-da2d1bfd3dc7" testId="e46f5d7d-393e-88b9-1a00-80ae274b5f6e" testName="RegisterElement_WithNullKey_ShouldThrowArgumentException" computerName="cursor" duration="00:00:00.0002030" startTime="2025-08-11T10:28:02.1069416+00:00" endTime="2025-08-11T10:28:02.1071446+00:00" testType="13cdc9d9-ddb5-4fa4-a97d-d965ccfc6d4b" outcome="Passed" testListId="8c84fa94-04c1-424b-9868-57a2d4851a1d" relativeResultsDirectory="15296bea-0661-424a-bf27-da2d1bfd3dc7" />
    <UnitTestResult executionId="36937969-3142-4d56-ab86-9f29790c29b6" testId="28f45f08-f929-d021-87bf-ac7bea3175f6" testName="WithWebServerProjectPath_WithNullPath_Removed" computerName="cursor" duration="00:00:00.0002280" startTime="2025-08-11T10:28:02.1498979+00:00" endTime="2025-08-11T10:28:02.1501256+00:00" testType="13cdc9d9-ddb5-4fa4-a97d-d965ccfc6d4b" outcome="Passed" testListId="8c84fa94-04c1-424b-9868-57a2d4851a1d" relativeResultsDirectory="36937969-3142-4d56-ab86-9f29790c29b6">
      <Output>
        <StdOut>Removed</StdOut>
      </Output>
    </UnitTestResult>
    <UnitTestResult executionId="ae56f552-41a6-4970-98ee-fe0c51510fe8" testId="770867d9-ec05-f95d-4f86-cd135b847493" testName="WithWaitStrategy_ShouldSetWaitStrategy" computerName="cursor" duration="00:00:00.0001640" startTime="2025-08-11T10:28:02.0656997+00:00" endTime="2025-08-11T10:28:02.0658636+00:00" testType="13cdc9d9-ddb5-4fa4-a97d-d965ccfc6d4b" outcome="Passed" testListId="8c84fa94-04c1-424b-9868-57a2d4851a1d" relativeResultsDirectory="ae56f552-41a6-4970-98ee-fe0c51510fe8" />
    <UnitTestResult executionId="aadd5a82-e26f-44eb-a85e-fd2d2d30cbcf" testId="6bd0c540-38a9-699a-6e83-30afb294a184" testName="Constructor_WithNullOptions_ThrowsException" computerName="cursor" duration="00:00:00.0011900" startTime="2025-08-11T10:28:02.1509931+00:00" endTime="2025-08-11T10:28:02.1521830+00:00" testType="13cdc9d9-ddb5-4fa4-a97d-d965ccfc6d4b" outcome="Passed" testListId="8c84fa94-04c1-424b-9868-57a2d4851a1d" relativeResultsDirectory="aadd5a82-e26f-44eb-a85e-fd2d2d30cbcf" />
    <UnitTestResult executionId="53b9e603-c871-4b0b-ba9c-9169bc739d52" testId="6ba06a82-9046-fcca-a49b-be1345ecbc51" testName="WaitFor_WithHiddenStrategy_ShouldCallWaitForHidden" computerName="cursor" duration="00:00:00.0004000" startTime="2025-08-11T10:28:02.1189667+00:00" endTime="2025-08-11T10:28:02.1193669+00:00" testType="13cdc9d9-ddb5-4fa4-a97d-d965ccfc6d4b" outcome="Passed" testListId="8c84fa94-04c1-424b-9868-57a2d4851a1d" relativeResultsDirectory="53b9e603-c871-4b0b-ba9c-9169bc739d52" />
    <UnitTestResult executionId="71df0cc0-237e-443d-b22d-bf1b4f38c8db" testId="b7f18d4e-e8c0-3285-6e79-21ddd24f3d41" testName="DotNet_ForwardedHeadersFlag_SerializesAsLowercaseBoolean" computerName="cursor" duration="00:00:00.0005419" startTime="2025-08-11T10:28:02.3197910+00:00" endTime="2025-08-11T10:28:02.3203328+00:00" testType="13cdc9d9-ddb5-4fa4-a97d-d965ccfc6d4b" outcome="Passed" testListId="8c84fa94-04c1-424b-9868-57a2d4851a1d" relativeResultsDirectory="71df0cc0-237e-443d-b22d-bf1b4f38c8db" />
    <UnitTestResult executionId="8c81d547-3b98-4c13-b40a-601bc6531c24" testId="7b7eece1-efca-5e39-6f9c-7c2cf05500c2" testName="DotNet_EnvironmentSetters_AreApplied" computerName="cursor" duration="00:00:00.0001420" startTime="2025-08-11T10:28:02.3196420+00:00" endTime="2025-08-11T10:28:02.3197839+00:00" testType="13cdc9d9-ddb5-4fa4-a97d-d965ccfc6d4b" outcome="Passed" testListId="8c84fa94-04c1-424b-9868-57a2d4851a1d" relativeResultsDirectory="8c81d547-3b98-4c13-b40a-601bc6531c24" />
    <UnitTestResult executionId="e56343bf-6f71-49cb-8dba-e38e956cd6c4" testId="91a71ac4-590c-9e24-6500-b1be939120d3" testName="GetOrCreateElement_WithNullKey_ShouldThrowArgumentException" computerName="cursor" duration="00:00:00.0059810" startTime="2025-08-11T10:28:02.0999838+00:00" endTime="2025-08-11T10:28:02.1059650+00:00" testType="13cdc9d9-ddb5-4fa4-a97d-d965ccfc6d4b" outcome="Passed" testListId="8c84fa94-04c1-424b-9868-57a2d4851a1d" relativeResultsDirectory="e56343bf-6f71-49cb-8dba-e38e956cd6c4" />
    <UnitTestResult executionId="8bd4af48-ce50-463a-8860-dbb081acf64b" testId="e75b2bb9-5515-7802-e744-4a6d4013843f" testName="GetOrCreateElement_WithExistingKey_ShouldReturnCachedElement" computerName="cursor" duration="00:00:00.0002540" startTime="2025-08-11T10:28:02.0994251+00:00" endTime="2025-08-11T10:28:02.0996791+00:00" testType="13cdc9d9-ddb5-4fa4-a97d-d965ccfc6d4b" outcome="Passed" testListId="8c84fa94-04c1-424b-9868-57a2d4851a1d" relativeResultsDirectory="8bd4af48-ce50-463a-8860-dbb081acf64b" />
    <UnitTestResult executionId="e31798f6-ac8a-450b-8fe9-690962140709" testId="ffb66a76-a7d1-dfa1-aa9c-bf5163813cc6" testName="First_WithNonEmptyCollection_ShouldReturnFirstElement" computerName="cursor" duration="00:00:00.0002660" startTime="2025-08-11T10:28:02.0917049+00:00" endTime="2025-08-11T10:28:02.0919707+00:00" testType="13cdc9d9-ddb5-4fa4-a97d-d965ccfc6d4b" outcome="Passed" testListId="8c84fa94-04c1-424b-9868-57a2d4851a1d" relativeResultsDirectory="e31798f6-ac8a-450b-8fe9-690962140709" />
    <UnitTestResult executionId="80327f88-0c32-4f91-8adf-91bd403b8a42" testId="a646cbbd-eb04-f9aa-5695-780998d26368" testName="WithDescription_ShouldSetDescription" computerName="cursor" duration="00:00:00.0001420" startTime="2025-08-11T10:28:02.0651451+00:00" endTime="2025-08-11T10:28:02.0652868+00:00" testType="13cdc9d9-ddb5-4fa4-a97d-d965ccfc6d4b" outcome="Passed" testListId="8c84fa94-04c1-424b-9868-57a2d4851a1d" relativeResultsDirectory="80327f88-0c32-4f91-8adf-91bd403b8a42" />
    <UnitTestResult executionId="3d7aada1-9891-441b-9c2d-95592cb1ae41" testId="4cd43b66-f3f8-8df6-5266-95b6a332d485" testName="BuildCommandArguments_PrependsScript_AndAppendsArgs" computerName="cursor" duration="00:00:00.0056039" startTime="2025-08-11T10:28:02.3011718+00:00" endTime="2025-08-11T10:28:02.3067755+00:00" testType="13cdc9d9-ddb5-4fa4-a97d-d965ccfc6d4b" outcome="Failed" testListId="8c84fa94-04c1-424b-9868-57a2d4851a1d" relativeResultsDirectory="3d7aada1-9891-441b-9c2d-95592cb1ae41">
      <Output>
        <ErrorInfo>
          <Message>  Assert.That(args, Does.StartWith("dev"))
  Expected: String starting with "dev"
  But was:  "start dev -- --open"
</Message>
          <StackTrace>   at FluentUIScaffold.Core.Tests.NodeJsServerLauncherTests.BuildCommandArguments_PrependsScript_AndAppendsArgs() in /workspace/tests/FluentUIScaffold.Core.Tests/NodeJsServerLauncherTests.cs:line 37

1)    at FluentUIScaffold.Core.Tests.NodeJsServerLauncherTests.&lt;&gt;c__DisplayClass1_0.&lt;BuildCommandArguments_PrependsScript_AndAppendsArgs&gt;b__0() in /workspace/tests/FluentUIScaffold.Core.Tests/NodeJsServerLauncherTests.cs:line 39
   at NUnit.Framework.Assert.Multiple(TestDelegate testDelegate)
   at FluentUIScaffold.Core.Tests.NodeJsServerLauncherTests.BuildCommandArguments_PrependsScript_AndAppendsArgs() in /workspace/tests/FluentUIScaffold.Core.Tests/NodeJsServerLauncherTests.cs:line 37

</StackTrace>
        </ErrorInfo>
      </Output>
    </UnitTestResult>
    <UnitTestResult executionId="2dad8ab0-0cee-4085-af91-248cc275991f" testId="24920700-cbf0-845b-81d7-78958082ce63" testName="RegisterLauncher_WithValidLauncher_RegistersSuccessfully" computerName="cursor" duration="00:00:00.0002340" startTime="2025-08-11T10:28:02.3289219+00:00" endTime="2025-08-11T10:28:02.3291555+00:00" testType="13cdc9d9-ddb5-4fa4-a97d-d965ccfc6d4b" outcome="Passed" testListId="8c84fa94-04c1-424b-9868-57a2d4851a1d" relativeResultsDirectory="2dad8ab0-0cee-4085-af91-248cc275991f" />
    <UnitTestResult executionId="be3e5fb1-efd7-4f04-a54c-c01e227f4158" testId="46930332-f66d-a8f0-6df4-449ab0a9cd10" testName="Indexer_WithNegativeIndex_ShouldThrowArgumentOutOfRangeException" computerName="cursor" duration="00:00:00.0002910" startTime="2025-08-11T10:28:02.0945198+00:00" endTime="2025-08-11T10:28:02.0948110+00:00" testType="13cdc9d9-ddb5-4fa4-a97d-d965ccfc6d4b" outcome="Passed" testListId="8c84fa94-04c1-424b-9868-57a2d4851a1d" relativeResultsDirectory="be3e5fb1-efd7-4f04-a54c-c01e227f4158" />
    <UnitTestResult executionId="b0822c13-f444-49e2-a779-01020aa580a1" testId="5457ec9d-b666-cb43-0581-94c4ccf2eefc" testName="NodeJs_WithScriptAndEnv_ProducesExpectedCommandAndEnv" computerName="cursor" duration="00:00:00.0010140" startTime="2025-08-11T10:28:02.3208924+00:00" endTime="2025-08-11T10:28:02.3219063+00:00" testType="13cdc9d9-ddb5-4fa4-a97d-d965ccfc6d4b" outcome="Passed" testListId="8c84fa94-04c1-424b-9868-57a2d4851a1d" relativeResultsDirectory="b0822c13-f444-49e2-a779-01020aa580a1">
      <Output>
        <StdOut>=== Node.js (npm run) ===
Builder methods: WithNpmScript("dev").WithNodeEnvironment("production").WithPort(7777).WithArguments("--", "--open")
npm start dev -- --open
NODE_ENV=production
PORT=7777
====================</StdOut>
      </Output>
    </UnitTestResult>
    <UnitTestResult executionId="8eac6415-93d8-4e15-a128-10ab9f28c754" testId="c288cdf5-4c17-bd42-bf19-8d1a299a2747" testName="LastOrDefault_WithEmptyCollection_ShouldReturnNull" computerName="cursor" duration="00:00:00.0002380" startTime="2025-08-11T10:28:02.0958316+00:00" endTime="2025-08-11T10:28:02.0960695+00:00" testType="13cdc9d9-ddb5-4fa4-a97d-d965ccfc6d4b" outcome="Passed" testListId="8c84fa94-04c1-424b-9868-57a2d4851a1d" relativeResultsDirectory="8eac6415-93d8-4e15-a128-10ab9f28c754" />
    <UnitTestResult executionId="9a193593-8133-44a9-80d5-9ea7e86416cd" testId="ab102e48-216b-a6e1-6a1e-ce5492770c81" testName="ValidatePlugins_WithInvalidPlugin_ThrowsPluginException" computerName="cursor" duration="00:00:00.0009070" startTime="2025-08-11T10:28:02.3138374+00:00" endTime="2025-08-11T10:28:02.3147444+00:00" testType="13cdc9d9-ddb5-4fa4-a97d-d965ccfc6d4b" outcome="Passed" testListId="8c84fa94-04c1-424b-9868-57a2d4851a1d" relativeResultsDirectory="9a193593-8133-44a9-80d5-9ea7e86416cd" />
    <UnitTestResult executionId="79b6e251-faf1-4138-804f-b626187cf5b0" testId="dd2018e8-67f8-175b-29d6-c073c16953d1" testName="Constructor_WithValidElements_ShouldInitializeCollection" computerName="cursor" duration="00:00:00.0012070" startTime="2025-08-11T10:28:02.0801873+00:00" endTime="2025-08-11T10:28:02.0813939+00:00" testType="13cdc9d9-ddb5-4fa4-a97d-d965ccfc6d4b" outcome="Passed" testListId="8c84fa94-04c1-424b-9868-57a2d4851a1d" relativeResultsDirectory="79b6e251-faf1-4138-804f-b626187cf5b0" />
    <UnitTestResult executionId="813aa233-f4f9-40cd-92e0-88c03e6033b1" testId="c48c7a66-1a74-12aa-2595-2e164ad6c470" testName="DotNet_CustomArguments_AreAppended" computerName="cursor" duration="00:00:00.0001260" startTime="2025-08-11T10:28:02.3195071+00:00" endTime="2025-08-11T10:28:02.3196333+00:00" testType="13cdc9d9-ddb5-4fa4-a97d-d965ccfc6d4b" outcome="Passed" testListId="8c84fa94-04c1-424b-9868-57a2d4851a1d" relativeResultsDirectory="813aa233-f4f9-40cd-92e0-88c03e6033b1" />
    <UnitTestResult executionId="82c11520-8053-4368-ad31-39b4ca4dfa0b" testId="5dbab36b-8bf9-b94a-886b-0679437303ac" testName="Build_WithInvalidConfiguration_ThrowsException" computerName="cursor" duration="00:00:00.0003910" startTime="2025-08-11T10:28:02.1254560+00:00" endTime="2025-08-11T10:28:02.1258472+00:00" testType="13cdc9d9-ddb5-4fa4-a97d-d965ccfc6d4b" outcome="Passed" testListId="8c84fa94-04c1-424b-9868-57a2d4851a1d" relativeResultsDirectory="82c11520-8053-4368-ad31-39b4ca4dfa0b" />
    <UnitTestResult executionId="0ab8cdf3-b508-4f8a-9afa-768ecbd6a36d" testId="280bec51-23dc-ffba-208c-c20000ad7909" testName="Constructor_WithNullDriver_ShouldThrowArgumentNullException" computerName="cursor" duration="00:00:00.0022840" startTime="2025-08-11T10:28:02.0537015+00:00" endTime="2025-08-11T10:28:02.0559852+00:00" testType="13cdc9d9-ddb5-4fa4-a97d-d965ccfc6d4b" outcome="Passed" testListId="8c84fa94-04c1-424b-9868-57a2d4851a1d" relativeResultsDirectory="0ab8cdf3-b508-4f8a-9afa-768ecbd6a36d" />
    <UnitTestResult executionId="75a82fed-2bc2-4285-b837-3570d0d19e99" testId="2ae1304c-81ac-a359-4734-cee502a63ccd" testName="NavigateToUrl_WithValidUrl_NavigatesSuccessfully" computerName="cursor" duration="00:00:00.0011840" startTime="2025-08-11T10:28:02.2998498+00:00" endTime="2025-08-11T10:28:02.3010332+00:00" testType="13cdc9d9-ddb5-4fa4-a97d-d965ccfc6d4b" outcome="Passed" testListId="8c84fa94-04c1-424b-9868-57a2d4851a1d" relativeResultsDirectory="75a82fed-2bc2-4285-b837-3570d0d19e99" />
    <UnitTestResult executionId="bb1326ed-bde5-4277-90bf-05ae73d90cfc" testId="7fb7363f-268a-d980-fb84-31f8b492a262" testName="FirstOrDefault_WithEmptyCollection_ShouldReturnNull" computerName="cursor" duration="00:00:00.0002440" startTime="2025-08-11T10:28:02.0919943+00:00" endTime="2025-08-11T10:28:02.0922381+00:00" testType="13cdc9d9-ddb5-4fa4-a97d-d965ccfc6d4b" outcome="Passed" testListId="8c84fa94-04c1-424b-9868-57a2d4851a1d" relativeResultsDirectory="bb1326ed-bde5-4277-90bf-05ae73d90cfc" />
    <UnitTestResult executionId="552b59e8-880f-4bc7-ab8d-8a8eff41fbdf" testId="a8ade4ba-35e4-f1b1-b29c-1221576ebc2c" testName="WithDefaultWaitTimeout_WithNegativeTimeout_ThrowsException" computerName="cursor" duration="00:00:00.0001640" startTime="2025-08-11T10:28:02.1437157+00:00" endTime="2025-08-11T10:28:02.1438799+00:00" testType="13cdc9d9-ddb5-4fa4-a97d-d965ccfc6d4b" outcome="Passed" testListId="8c84fa94-04c1-424b-9868-57a2d4851a1d" relativeResultsDirectory="552b59e8-880f-4bc7-ab8d-8a8eff41fbdf" />
    <UnitTestResult executionId="b89bfa10-d27c-4d5a-94fe-457eea927239" testId="bf028da6-1617-4eb8-985e-f133f6495b1c" testName="IsCached_WithNonExistingKey_ShouldReturnFalse" computerName="cursor" duration="00:00:00.0000620" startTime="2025-08-11T10:28:02.1063724+00:00" endTime="2025-08-11T10:28:02.1064346+00:00" testType="13cdc9d9-ddb5-4fa4-a97d-d965ccfc6d4b" outcome="Passed" testListId="8c84fa94-04c1-424b-9868-57a2d4851a1d" relativeResultsDirectory="b89bfa10-d27c-4d5a-94fe-457eea927239" />
    <UnitTestResult executionId="30b58ba0-7d8b-4def-9a5f-08c2712bb868" testId="ce884f09-4916-a854-a0cc-dbdac776383b" testName="WithServerConfiguration_Removed_FromBuilder" computerName="cursor" duration="00:00:00.0003410" startTime="2025-08-11T10:28:02.1472055+00:00" endTime="2025-08-11T10:28:02.1475466+00:00" testType="13cdc9d9-ddb5-4fa4-a97d-d965ccfc6d4b" outcome="Passed" testListId="8c84fa94-04c1-424b-9868-57a2d4851a1d" relativeResultsDirectory="30b58ba0-7d8b-4def-9a5f-08c2712bb868">
      <Output>
        <StdOut>Server configuration is now provided only to WebServerManager</StdOut>
      </Output>
    </UnitTestResult>
    <UnitTestResult executionId="8c407aa0-b70a-44f3-88be-6c5c0dbeeece" testId="a8ccc846-1ff4-1690-63b6-362e0b40f521" testName="ValidatePlugins_WithValidPlugins_DoesNotThrow" computerName="cursor" duration="00:00:00.0001970" startTime="2025-08-11T10:28:02.3147604+00:00" endTime="2025-08-11T10:28:02.3149574+00:00" testType="13cdc9d9-ddb5-4fa4-a97d-d965ccfc6d4b" outcome="Passed" testListId="8c84fa94-04c1-424b-9868-57a2d4851a1d" relativeResultsDirectory="8c407aa0-b70a-44f3-88be-6c5c0dbeeece" />
    <UnitTestResult executionId="5d06f4bb-add4-48bb-b36f-2601a72a0104" testId="9f3021c1-925a-71da-e253-d006455bc8e9" testName="WaitFor_WithNoneStrategy_ShouldNotCallAnyWaitMethods" computerName="cursor" duration="00:00:00.0030620" startTime="2025-08-11T10:28:02.1193789+00:00" endTime="2025-08-11T10:28:02.1224403+00:00" testType="13cdc9d9-ddb5-4fa4-a97d-d965ccfc6d4b" outcome="Passed" testListId="8c84fa94-04c1-424b-9868-57a2d4851a1d" relativeResultsDirectory="5d06f4bb-add4-48bb-b36f-2601a72a0104" />
    <UnitTestResult executionId="0938079b-2f4e-48e9-b7ac-412bb33490a0" testId="95cf8d21-caaa-bf90-a4bb-f43f9e880ae1" testName="IsDisplayed_ShouldReturnIsVisibleResult" computerName="cursor" duration="00:00:00.0011230" startTime="2025-08-11T10:28:02.1153623+00:00" endTime="2025-08-11T10:28:02.1164848+00:00" testType="13cdc9d9-ddb5-4fa4-a97d-d965ccfc6d4b" outcome="Passed" testListId="8c84fa94-04c1-424b-9868-57a2d4851a1d" relativeResultsDirectory="0938079b-2f4e-48e9-b7ac-412bb33490a0" />
    <UnitTestResult executionId="cfb86a27-c610-4c35-a25c-57a58fd2fb0b" testId="2944cbda-271d-8e00-031a-dd03321c1f09" testName="WithHeadlessMode_WithValidValue_SetsHeadlessMode" computerName="cursor" duration="00:00:00.0003790" startTime="2025-08-11T10:28:02.1468135+00:00" endTime="2025-08-11T10:28:02.1471924+00:00" testType="13cdc9d9-ddb5-4fa4-a97d-d965ccfc6d4b" outcome="Passed" testListId="8c84fa94-04c1-424b-9868-57a2d4851a1d" relativeResultsDirectory="cfb86a27-c610-4c35-a25c-57a58fd2fb0b" />
    <UnitTestResult executionId="83110ae3-cfdd-4b94-8bc4-371393436078" testId="ff506097-7a61-9dd6-1df2-d3c8d75a82f3" testName="WithHeadlessMode_AndSlowMo_SetProperly" computerName="cursor" duration="00:00:00.0022840" startTime="2025-08-11T10:28:02.1441935+00:00" endTime="2025-08-11T10:28:02.1464774+00:00" testType="13cdc9d9-ddb5-4fa4-a97d-d965ccfc6d4b" outcome="Passed" testListId="8c84fa94-04c1-424b-9868-57a2d4851a1d" relativeResultsDirectory="83110ae3-cfdd-4b94-8bc4-371393436078" />
    <UnitTestResult executionId="e4824f08-5a4d-4bde-9d1c-3d825f346d5a" testId="b301e5a2-6274-43e4-8d33-13911ec17a00" testName="GetPlugins_ReturnsRegisteredPlugins" computerName="cursor" duration="00:00:00.0002870" startTime="2025-08-11T10:28:02.3123971+00:00" endTime="2025-08-11T10:28:02.3126837+00:00" testType="13cdc9d9-ddb5-4fa4-a97d-d965ccfc6d4b" outcome="Passed" testListId="8c84fa94-04c1-424b-9868-57a2d4851a1d" relativeResultsDirectory="e4824f08-5a4d-4bde-9d1c-3d825f346d5a" />
    <UnitTestResult executionId="09becccc-e77c-4b87-8b90-3cd472138c56" testId="4346959c-3e94-4c0e-1880-3b5ac77fbbde" testName="RegisterPlugin_WithDuplicatePlugin_DoesNotAddDuplicate" computerName="cursor" duration="00:00:00.0003070" startTime="2025-08-11T10:28:02.3127038+00:00" endTime="2025-08-11T10:28:02.3130105+00:00" testType="13cdc9d9-ddb5-4fa4-a97d-d965ccfc6d4b" outcome="Passed" testListId="8c84fa94-04c1-424b-9868-57a2d4851a1d" relativeResultsDirectory="09becccc-e77c-4b87-8b90-3cd472138c56" />
    <UnitTestResult executionId="0521bffe-e782-442c-9040-78836cf14ab9" testId="8f39af80-f58e-71ee-14e2-037e33d2ca9e" testName="ClearCache_ShouldRemoveAllElements" computerName="cursor" duration="00:00:00.0005210" startTime="2025-08-11T10:28:02.0970438+00:00" endTime="2025-08-11T10:28:02.0975644+00:00" testType="13cdc9d9-ddb5-4fa4-a97d-d965ccfc6d4b" outcome="Passed" testListId="8c84fa94-04c1-424b-9868-57a2d4851a1d" relativeResultsDirectory="0521bffe-e782-442c-9040-78836cf14ab9" />
    <UnitTestResult executionId="fca2b594-fb66-4be6-b48c-7cb2a9a11347" testId="2c985496-df4a-5947-e2dc-50422705efcf" testName="SlowMo_WithValidValue_SetsSlowMo" computerName="cursor" duration="00:00:00.0001600" startTime="2025-08-11T10:28:02.2975413+00:00" endTime="2025-08-11T10:28:02.2977016+00:00" testType="13cdc9d9-ddb5-4fa4-a97d-d965ccfc6d4b" outcome="Passed" testListId="8c84fa94-04c1-424b-9868-57a2d4851a1d" relativeResultsDirectory="fca2b594-fb66-4be6-b48c-7cb2a9a11347" />
    <UnitTestResult executionId="5e5c42e9-2cf4-485a-a38d-f81b3cca638b" testId="5b0f8305-1a07-717d-f99d-cd7dc78eb59e" testName="WaitFor_WithUnsupportedStrategy_ShouldThrowArgumentException" computerName="cursor" duration="00:00:00.0020190" startTime="2025-08-11T10:28:02.1224580+00:00" endTime="2025-08-11T10:28:02.1244764+00:00" testType="13cdc9d9-ddb5-4fa4-a97d-d965ccfc6d4b" outcome="Passed" testListId="8c84fa94-04c1-424b-9868-57a2d4851a1d" relativeResultsDirectory="5e5c42e9-2cf4-485a-a38d-f81b3cca638b" />
    <UnitTestResult executionId="5e00a1b1-51f6-4dc8-9760-a493ff5cbbf3" testId="446583bb-1a0c-a601-da8c-b6db446288a3" testName="WithCustomWait_ShouldSetCustomWaitCondition" computerName="cursor" duration="00:00:00.0002730" startTime="2025-08-11T10:28:02.0646541+00:00" endTime="2025-08-11T10:28:02.0649266+00:00" testType="13cdc9d9-ddb5-4fa4-a97d-d965ccfc6d4b" outcome="Passed" testListId="8c84fa94-04c1-424b-9868-57a2d4851a1d" relativeResultsDirectory="5e00a1b1-51f6-4dc8-9760-a493ff5cbbf3" />
    <UnitTestResult executionId="66740053-6b75-41f6-971b-1c1076a0b22b" testId="6dd2c663-126f-c692-d442-51f4ddb16f47" testName="WithSlowMo_WithNegativeValue_ThrowsException" computerName="cursor" duration="00:00:00.0002930" startTime="2025-08-11T10:28:02.1477646+00:00" endTime="2025-08-11T10:28:02.1480571+00:00" testType="13cdc9d9-ddb5-4fa4-a97d-d965ccfc6d4b" outcome="Passed" testListId="8c84fa94-04c1-424b-9868-57a2d4851a1d" relativeResultsDirectory="66740053-6b75-41f6-971b-1c1076a0b22b" />
    <UnitTestResult executionId="8e8d0a81-d880-4469-9ffa-01c7f0ac6ab1" testId="121b3ea7-a273-e796-8c2e-1aff78536d24" testName="Click_ShouldCallDriverClick" computerName="cursor" duration="00:00:00.0042940" startTime="2025-08-11T10:28:02.1077693+00:00" endTime="2025-08-11T10:28:02.1120631+00:00" testType="13cdc9d9-ddb5-4fa4-a97d-d965ccfc6d4b" outcome="Passed" testListId="8c84fa94-04c1-424b-9868-57a2d4851a1d" relativeResultsDirectory="8e8d0a81-d880-4469-9ffa-01c7f0ac6ab1" />
    <UnitTestResult executionId="9ae1c86d-66e9-4448-817a-2f26268f64e3" testId="5e045292-2424-2536-e9a7-78679c446a8a" testName="WebApplicationFactory_FrameworkAndConfiguration_ProducesExpectedRunCommand" computerName="cursor" duration="00:00:00.0001950" startTime="2025-08-11T10:28:02.3221891+00:00" endTime="2025-08-11T10:28:02.3223844+00:00" testType="13cdc9d9-ddb5-4fa4-a97d-d965ccfc6d4b" outcome="Passed" testListId="8c84fa94-04c1-424b-9868-57a2d4851a1d" relativeResultsDirectory="9ae1c86d-66e9-4448-817a-2f26268f64e3">
      <Output>
        <StdOut>=== WebApplicationFactory (fallback to dotnet run) ===
Builder methods:
.WithFramework("net9.0").WithConfiguration("Debug")
Run command:
dotnet run --framework net9.0 --configuration Debug --no-launch-profile
Environment variables:
ASPNETCORE_HOSTINGSTARTUPASSEMBLIES=
====================</StdOut>
      </Output>
    </UnitTestResult>
    <UnitTestResult executionId="0460ef06-6413-46d6-b023-afffc26c3c11" testId="f2f6b3ec-eeaf-c73e-5a2e-1ef2fc174766" testName="WithAttribute_WithNullName_ShouldThrowArgumentException" computerName="cursor" duration="00:00:00.0003040" startTime="2025-08-11T10:28:02.0642096+00:00" endTime="2025-08-11T10:28:02.0645132+00:00" testType="13cdc9d9-ddb5-4fa4-a97d-d965ccfc6d4b" outcome="Passed" testListId="8c84fa94-04c1-424b-9868-57a2d4851a1d" relativeResultsDirectory="0460ef06-6413-46d6-b023-afffc26c3c11" />
    <UnitTestResult executionId="ce23a0c9-72ef-4956-bcde-4bc8ba8a83f9" testId="cc50075c-462e-8b57-d394-e1d716bb8f7e" testName="Constructor_WithEmptyElements_ShouldInitializeEmptyCollection" computerName="cursor" duration="00:00:00.0134590" startTime="2025-08-11T10:28:02.0662020+00:00" endTime="2025-08-11T10:28:02.0796607+00:00" testType="13cdc9d9-ddb5-4fa4-a97d-d965ccfc6d4b" outcome="Passed" testListId="8c84fa94-04c1-424b-9868-57a2d4851a1d" relativeResultsDirectory="ce23a0c9-72ef-4956-bcde-4bc8ba8a83f9" />
    <UnitTestResult executionId="756dcec6-869a-4582-9c6e-dab3437f4d1b" testId="691a1ada-8b81-1eeb-9198-2480eca9bcb5" testName="ServerConfiguration_Removed_FromOptions" computerName="cursor" duration="00:00:00.0001680" startTime="2025-08-11T10:28:02.2971892+00:00" endTime="2025-08-11T10:28:02.2973575+00:00" testType="13cdc9d9-ddb5-4fa4-a97d-d965ccfc6d4b" outcome="Passed" testListId="8c84fa94-04c1-424b-9868-57a2d4851a1d" relativeResultsDirectory="756dcec6-869a-4582-9c6e-dab3437f4d1b">
      <Output>
        <StdOut>Server configuration removed from options; managed by WebServerManager</StdOut>
      </Output>
    </UnitTestResult>
    <UnitTestResult executionId="6529c448-d20a-400e-b52b-f8ad60df5e5f" testId="b7012c97-f966-55dc-c35d-274095149e5d" testName="RegisterElement_WithEmptyKey_ShouldThrowArgumentException" computerName="cursor" duration="00:00:00.0002799" startTime="2025-08-11T10:28:02.1064401+00:00" endTime="2025-08-11T10:28:02.1067196+00:00" testType="13cdc9d9-ddb5-4fa4-a97d-d965ccfc6d4b" outcome="Passed" testListId="8c84fa94-04c1-424b-9868-57a2d4851a1d" relativeResultsDirectory="6529c448-d20a-400e-b52b-f8ad60df5e5f" />
    <UnitTestResult executionId="71bbebb1-3217-4929-80b0-e903d6ae593b" testId="bb6d95e1-fe2b-c7f2-f120-8406bb52b03a" testName="WithDefaultWaitTimeout_WithZeroTimeout_ThrowsException" computerName="cursor" duration="00:00:00.0001299" startTime="2025-08-11T10:28:02.1440576+00:00" endTime="2025-08-11T10:28:02.1441872+00:00" testType="13cdc9d9-ddb5-4fa4-a97d-d965ccfc6d4b" outcome="Passed" testListId="8c84fa94-04c1-424b-9868-57a2d4851a1d" relativeResultsDirectory="71bbebb1-3217-4929-80b0-e903d6ae593b" />
    <UnitTestResult executionId="b4dc8af9-605e-4384-9648-e26b85b76acf" testId="73a1b770-4a5e-0a29-6a9c-524092b48888" testName="FirstOrDefault_WithNonEmptyCollection_ShouldReturnFirstElement" computerName="cursor" duration="00:00:00.0002190" startTime="2025-08-11T10:28:02.0922461+00:00" endTime="2025-08-11T10:28:02.0924647+00:00" testType="13cdc9d9-ddb5-4fa4-a97d-d965ccfc6d4b" outcome="Passed" testListId="8c84fa94-04c1-424b-9868-57a2d4851a1d" relativeResultsDirectory="b4dc8af9-605e-4384-9648-e26b85b76acf" />
    <UnitTestResult executionId="5770d30c-85e2-43d6-8fc3-852d85d2efeb" testId="4b5ed4f4-cca7-3210-3b0c-b7d6cb410605" testName="GetEnumerator_ShouldReturnAllElements" computerName="cursor" duration="00:00:00.0005710" startTime="2025-08-11T10:28:02.0924887+00:00" endTime="2025-08-11T10:28:02.0930591+00:00" testType="13cdc9d9-ddb5-4fa4-a97d-d965ccfc6d4b" outcome="Passed" testListId="8c84fa94-04c1-424b-9868-57a2d4851a1d" relativeResultsDirectory="5770d30c-85e2-43d6-8fc3-852d85d2efeb" />
    <UnitTestResult executionId="49859ca0-6eb2-40da-a13b-059c1c0009ca" testId="9277c687-d1ec-06a3-91ef-9c2756a13404" testName="Filter_WithValidPredicate_ShouldReturnFilteredCollection" computerName="cursor" duration="00:00:00.0007040" startTime="2025-08-11T10:28:02.0869324+00:00" endTime="2025-08-11T10:28:02.0876361+00:00" testType="13cdc9d9-ddb5-4fa4-a97d-d965ccfc6d4b" outcome="Passed" testListId="8c84fa94-04c1-424b-9868-57a2d4851a1d" relativeResultsDirectory="49859ca0-6eb2-40da-a13b-059c1c0009ca" />
    <UnitTestResult executionId="98b79557-703a-4322-b170-4ac2972eeb2c" testId="8edbc9e8-8106-4e2b-446e-15afc8cb2e79" testName="WaitForVisible_ShouldCallDriverWaitForElementToBeVisible" computerName="cursor" duration="00:00:00.0001760" startTime="2025-08-11T10:28:02.1251026+00:00" endTime="2025-08-11T10:28:02.1252786+00:00" testType="13cdc9d9-ddb5-4fa4-a97d-d965ccfc6d4b" outcome="Passed" testListId="8c84fa94-04c1-424b-9868-57a2d4851a1d" relativeResultsDirectory="98b79557-703a-4322-b170-4ac2972eeb2c" />
    <UnitTestResult executionId="22500305-7c94-4646-ba81-11cb91a58bb2" testId="38f64a32-373c-d336-108a-9833491623db" testName="CreateElement_WithConfiguration_ShouldReturnConfiguredElement" computerName="cursor" duration="00:00:00.0004980" startTime="2025-08-11T10:28:02.0980572+00:00" endTime="2025-08-11T10:28:02.0985545+00:00" testType="13cdc9d9-ddb5-4fa4-a97d-d965ccfc6d4b" outcome="Passed" testListId="8c84fa94-04c1-424b-9868-57a2d4851a1d" relativeResultsDirectory="22500305-7c94-4646-ba81-11cb91a58bb2" />
    <UnitTestResult executionId="3f3d2f50-bd34-4ae8-b56e-f72b12f7f645" testId="8a43bd3c-a801-bb4f-9167-9cddc20d64b5" testName="WithWebServerProjectPath_WithEmptyPath_Removed" computerName="cursor" duration="00:00:00.0009510" startTime="2025-08-11T10:28:02.1489286+00:00" endTime="2025-08-11T10:28:02.1498801+00:00" testType="13cdc9d9-ddb5-4fa4-a97d-d965ccfc6d4b" outcome="Passed" testListId="8c84fa94-04c1-424b-9868-57a2d4851a1d" relativeResultsDirectory="3f3d2f50-bd34-4ae8-b56e-f72b12f7f645">
      <Output>
        <StdOut>Removed</StdOut>
      </Output>
    </UnitTestResult>
    <UnitTestResult executionId="c51c9ef2-13a5-4844-9fb0-8843f43ce7d5" testId="d52fd675-05c7-c95c-d1f1-981f3a4f3701" testName="WithDescription_WithNullDescription_ShouldSetEmptyString" computerName="cursor" duration="00:00:00.0001340" startTime="2025-08-11T10:28:02.0652940+00:00" endTime="2025-08-11T10:28:02.0654275+00:00" testType="13cdc9d9-ddb5-4fa4-a97d-d965ccfc6d4b" outcome="Passed" testListId="8c84fa94-04c1-424b-9868-57a2d4851a1d" relativeResultsDirectory="c51c9ef2-13a5-4844-9fb0-8843f43ce7d5" />
    <UnitTestResult executionId="2db17c92-3586-4197-a5d0-6a2ff334f6a2" testId="2ac82e10-080e-2b5b-2d3d-5685bb444717" testName="SetServerSpecificEnvironmentVariables_Aspire_DoesNotOverrideAspNetCoreUrls" computerName="cursor" duration="00:00:00.0017980" startTime="2025-08-11T10:28:01.9893882+00:00" endTime="2025-08-11T10:28:01.9911856+00:00" testType="13cdc9d9-ddb5-4fa4-a97d-d965ccfc6d4b" outcome="Passed" testListId="8c84fa94-04c1-424b-9868-57a2d4851a1d" relativeResultsDirectory="2db17c92-3586-4197-a5d0-6a2ff334f6a2" />
    <UnitTestResult executionId="d38e1376-2bd5-4d1a-b2b3-71799ab1790b" testId="894f94b1-efcc-7bbe-43c4-5aa998a01fba" testName="SetServerSpecificEnvironmentVariables_AspNetCore_SetsAspNetCoreUrls" computerName="cursor" duration="00:00:00.0003959" startTime="2025-08-11T10:28:01.9912083+00:00" endTime="2025-08-11T10:28:01.9916038+00:00" testType="13cdc9d9-ddb5-4fa4-a97d-d965ccfc6d4b" outcome="Passed" testListId="8c84fa94-04c1-424b-9868-57a2d4851a1d" relativeResultsDirectory="d38e1376-2bd5-4d1a-b2b3-71799ab1790b" />
    <UnitTestResult executionId="0cf7cc8c-33fa-4e05-bd2f-154334346d5f" testId="63abd0f8-5814-164f-7950-4ad186521ab4" testName="CreateDriver_WithNoPlugins_ThrowsFluentUIScaffoldPluginException" computerName="cursor" duration="00:00:00.0005450" startTime="2025-08-11T10:28:02.3109154+00:00" endTime="2025-08-11T10:28:02.3114598+00:00" testType="13cdc9d9-ddb5-4fa4-a97d-d965ccfc6d4b" outcome="Passed" testListId="8c84fa94-04c1-424b-9868-57a2d4851a1d" relativeResultsDirectory="0cf7cc8c-33fa-4e05-bd2f-154334346d5f" />
    <UnitTestResult executionId="ac75797f-3296-40b3-9b5f-1bffaf9845ee" testId="f3b5f62e-4f46-2207-7f46-5faefe33f536" testName="Exists_WhenElementDoesNotExist_ShouldReturnFalse" computerName="cursor" duration="00:00:00.0009250" startTime="2025-08-11T10:28:02.1128160+00:00" endTime="2025-08-11T10:28:02.1137412+00:00" testType="13cdc9d9-ddb5-4fa4-a97d-d965ccfc6d4b" outcome="Passed" testListId="8c84fa94-04c1-424b-9868-57a2d4851a1d" relativeResultsDirectory="ac75797f-3296-40b3-9b5f-1bffaf9845ee" />
    <UnitTestResult executionId="8cadbf9b-834d-453a-bfc1-e1c068887fbe" testId="1c0d19b9-1bef-846e-5c51-324c55f41975" testName="Constructor_WithValidParameters_ShouldSetProperties" computerName="cursor" duration="00:00:00.0003100" startTime="2025-08-11T10:28:02.1124957+00:00" endTime="2025-08-11T10:28:02.1128058+00:00" testType="13cdc9d9-ddb5-4fa4-a97d-d965ccfc6d4b" outcome="Passed" testListId="8c84fa94-04c1-424b-9868-57a2d4851a1d" relativeResultsDirectory="8cadbf9b-834d-453a-bfc1-e1c068887fbe" />
    <UnitTestResult executionId="8adad8af-be1b-4d41-9c8a-be6b743e67ef" testId="0f9f915d-f9f9-434c-81bb-640e07bacad2" testName="Constructor_WithValidParameters_ShouldInitializeFactory" computerName="cursor" duration="00:00:00.0000749" startTime="2025-08-11T10:28:02.0979758+00:00" endTime="2025-08-11T10:28:02.0980508+00:00" testType="13cdc9d9-ddb5-4fa4-a97d-d965ccfc6d4b" outcome="Passed" testListId="8c84fa94-04c1-424b-9868-57a2d4851a1d" relativeResultsDirectory="8adad8af-be1b-4d41-9c8a-be6b743e67ef" />
    <UnitTestResult executionId="a104fa55-b61b-45e0-9c24-27045b2f9a25" testId="68cc5f29-514d-38dc-c438-33585cc74aa4" testName="Constructor_WithExistingOptions_CreatesInstance" computerName="cursor" duration="00:00:00.0001190" startTime="2025-08-11T10:28:02.1264174+00:00" endTime="2025-08-11T10:28:02.1265367+00:00" testType="13cdc9d9-ddb5-4fa4-a97d-d965ccfc6d4b" outcome="Passed" testListId="8c84fa94-04c1-424b-9868-57a2d4851a1d" relativeResultsDirectory="a104fa55-b61b-45e0-9c24-27045b2f9a25" />
    <UnitTestResult executionId="a34bc5d0-aaea-4c95-a510-1ae98b689bbd" testId="6112ca55-caad-863b-bca3-e844e296c7b3" testName="CreateElement_WithValidSelector_ShouldReturnElement" computerName="cursor" duration="00:00:00.0000940" startTime="2025-08-11T10:28:02.0991618+00:00" endTime="2025-08-11T10:28:02.0992562+00:00" testType="13cdc9d9-ddb5-4fa4-a97d-d965ccfc6d4b" outcome="Passed" testListId="8c84fa94-04c1-424b-9868-57a2d4851a1d" relativeResultsDirectory="a34bc5d0-aaea-4c95-a510-1ae98b689bbd" />
    <UnitTestResult executionId="a24aac65-91a2-44dd-958f-e84d0e9d191b" testId="3060bcb3-7dbb-52ae-d898-6c736e92902a" testName="RegisterDetector_WithValidDetector_RegistersSuccessfully" computerName="cursor" duration="00:00:00.0003680" startTime="2025-08-11T10:28:02.3285406+00:00" endTime="2025-08-11T10:28:02.3289089+00:00" testType="13cdc9d9-ddb5-4fa4-a97d-d965ccfc6d4b" outcome="Passed" testListId="8c84fa94-04c1-424b-9868-57a2d4851a1d" relativeResultsDirectory="a24aac65-91a2-44dd-958f-e84d0e9d191b">
      <Output>
        <StdOut>Detector registered successfully</StdOut>
      </Output>
    </UnitTestResult>
    <UnitTestResult executionId="569fe33d-d87a-44bb-abeb-61a93d7f0052" testId="85b3a0e0-be33-c2c1-998a-6dc53854bf16" testName="WaitFor_WithVisibleStrategy_ShouldCallWaitForVisible" computerName="cursor" duration="00:00:00.0003570" startTime="2025-08-11T10:28:02.1244952+00:00" endTime="2025-08-11T10:28:02.1248525+00:00" testType="13cdc9d9-ddb5-4fa4-a97d-d965ccfc6d4b" outcome="Passed" testListId="8c84fa94-04c1-424b-9868-57a2d4851a1d" relativeResultsDirectory="569fe33d-d87a-44bb-abeb-61a93d7f0052" />
    <UnitTestResult executionId="47dcdd99-4a32-4348-adea-0c853f805e7d" testId="c2f5de2f-6096-d57c-95e5-fec26b8d796d" testName="Constructor_WithNullElements_ShouldInitializeEmptyCollection" computerName="cursor" duration="00:00:00.0004890" startTime="2025-08-11T10:28:02.0796826+00:00" endTime="2025-08-11T10:28:02.0801711+00:00" testType="13cdc9d9-ddb5-4fa4-a97d-d965ccfc6d4b" outcome="Passed" testListId="8c84fa94-04c1-424b-9868-57a2d4851a1d" relativeResultsDirectory="47dcdd99-4a32-4348-adea-0c853f805e7d" />
    <UnitTestResult executionId="f1be5614-c1fd-49f7-afb2-74e330166999" testId="f6b53d12-55a1-6cea-cf6b-996b794f8a7d" testName="Select_ShouldCallDriverSelectOption" computerName="cursor" duration="00:00:00.0005960" startTime="2025-08-11T10:28:02.1175208+00:00" endTime="2025-08-11T10:28:02.1181166+00:00" testType="13cdc9d9-ddb5-4fa4-a97d-d965ccfc6d4b" outcome="Passed" testListId="8c84fa94-04c1-424b-9868-57a2d4851a1d" relativeResultsDirectory="f1be5614-c1fd-49f7-afb2-74e330166999" />
    <UnitTestResult executionId="65ae1589-e9e9-4ddf-9a2f-36c800062c0a" testId="e490ff0f-804e-81fe-d54a-5987cfe60093" testName="WithAttribute_WithNullValue_ShouldSetEmptyString" computerName="cursor" duration="00:00:00.0001260" startTime="2025-08-11T10:28:02.0645235+00:00" endTime="2025-08-11T10:28:02.0646494+00:00" testType="13cdc9d9-ddb5-4fa4-a97d-d965ccfc6d4b" outcome="Passed" testListId="8c84fa94-04c1-424b-9868-57a2d4851a1d" relativeResultsDirectory="65ae1589-e9e9-4ddf-9a2f-36c800062c0a" />
    <UnitTestResult executionId="bb5ab9da-2ae3-401f-87d5-1655362a2127" testId="5d00fc9b-986f-8e7a-5894-fe21deab4d76" testName="FilterByText_WithEmptyText_ShouldReturnEmptyCollection" computerName="cursor" duration="00:00:00.0003490" startTime="2025-08-11T10:28:02.0904691+00:00" endTime="2025-08-11T10:28:02.0908177+00:00" testType="13cdc9d9-ddb5-4fa4-a97d-d965ccfc6d4b" outcome="Passed" testListId="8c84fa94-04c1-424b-9868-57a2d4851a1d" relativeResultsDirectory="bb5ab9da-2ae3-401f-87d5-1655362a2127" />
    <UnitTestResult executionId="eab83631-e466-4c8c-b7f6-7585f584df8f" testId="0d8a6f68-b892-8208-9f84-b0a607e9693d" testName="Filter_WithNullPredicate_ShouldThrowArgumentNullException" computerName="cursor" duration="00:00:00.0004540" startTime="2025-08-11T10:28:02.0864554+00:00" endTime="2025-08-11T10:28:02.0869089+00:00" testType="13cdc9d9-ddb5-4fa4-a97d-d965ccfc6d4b" outcome="Passed" testListId="8c84fa94-04c1-424b-9868-57a2d4851a1d" relativeResultsDirectory="eab83631-e466-4c8c-b7f6-7585f584df8f" />
    <UnitTestResult executionId="959e8f29-2244-4641-ac49-83b3ed5edc0e" testId="7ca0cb73-aeb1-887f-1af1-2afb19198c6a" testName="AspNetCore_ServerSpecificUrlsInjectedIntoStartInfo" computerName="cursor" duration="00:00:00.0002520" startTime="2025-08-11T10:28:02.3186523+00:00" endTime="2025-08-11T10:28:02.3189042+00:00" testType="13cdc9d9-ddb5-4fa4-a97d-d965ccfc6d4b" outcome="Passed" testListId="8c84fa94-04c1-424b-9868-57a2d4851a1d" relativeResultsDirectory="959e8f29-2244-4641-ac49-83b3ed5edc0e" />
    <UnitTestResult executionId="fe319169-aea1-4830-a9ba-460acd8bb25d" testId="4c88da48-1cf2-2ce5-51d9-4c397983aa27" testName="WithDefaultWaitTimeout_WithValidTimeout_SetsDefaultWaitTimeout" computerName="cursor" duration="00:00:00.0001320" startTime="2025-08-11T10:28:02.2985830+00:00" endTime="2025-08-11T10:28:02.2987151+00:00" testType="13cdc9d9-ddb5-4fa4-a97d-d965ccfc6d4b" outcome="Passed" testListId="8c84fa94-04c1-424b-9868-57a2d4851a1d" relativeResultsDirectory="fe319169-aea1-4830-a9ba-460acd8bb25d" />
    <UnitTestResult executionId="bbe5cdad-fa6a-4af2-a5d2-848d7f40e78c" testId="5bf46c48-3055-37d6-fef8-c9d126207b04" testName="Constructor_WithLogger_CreatesInstance" computerName="cursor" duration="00:00:00.0036850" startTime="2025-08-11T10:28:02.3072023+00:00" endTime="2025-08-11T10:28:02.3108869+00:00" testType="13cdc9d9-ddb5-4fa4-a97d-d965ccfc6d4b" outcome="Passed" testListId="8c84fa94-04c1-424b-9868-57a2d4851a1d" relativeResultsDirectory="bbe5cdad-fa6a-4af2-a5d2-848d7f40e78c" />
    <UnitTestResult executionId="492fd13a-a083-4ef1-a2e0-fa06a51a9616" testId="202af691-80fb-dfa6-d9ed-de360fd56509" testName="Last_WithNonEmptyCollection_ShouldReturnLastElement" computerName="cursor" duration="00:00:00.0002709" startTime="2025-08-11T10:28:02.0955512+00:00" endTime="2025-08-11T10:28:02.0958224+00:00" testType="13cdc9d9-ddb5-4fa4-a97d-d965ccfc6d4b" outcome="Passed" testListId="8c84fa94-04c1-424b-9868-57a2d4851a1d" relativeResultsDirectory="492fd13a-a083-4ef1-a2e0-fa06a51a9616" />
    <UnitTestResult executionId="3673e832-a1f1-4d0e-813a-c21271a09c12" testId="f1c510fe-f632-6958-5421-3d34e26a9b68" testName="GetOrCreateElement_WithNewKey_ShouldCreateAndCacheElement" computerName="cursor" duration="00:00:00.0002520" startTime="2025-08-11T10:28:02.0996980+00:00" endTime="2025-08-11T10:28:02.0999497+00:00" testType="13cdc9d9-ddb5-4fa4-a97d-d965ccfc6d4b" outcome="Passed" testListId="8c84fa94-04c1-424b-9868-57a2d4851a1d" relativeResultsDirectory="3673e832-a1f1-4d0e-813a-c21271a09c12" />
    <UnitTestResult executionId="2b4d8743-9e33-42df-a4b7-c599be213d47" testId="551fc6ac-b856-8cac-3508-c2c42f5670a1" testName="FluentChaining_ShouldWorkCorrectly" computerName="cursor" duration="00:00:00.0004670" startTime="2025-08-11T10:28:02.0606220+00:00" endTime="2025-08-11T10:28:02.0610886+00:00" testType="13cdc9d9-ddb5-4fa4-a97d-d965ccfc6d4b" outcome="Passed" testListId="8c84fa94-04c1-424b-9868-57a2d4851a1d" relativeResultsDirectory="2b4d8743-9e33-42df-a4b7-c599be213d47" />
    <UnitTestResult executionId="fef7533d-1b8e-4189-8aa8-7b05ee874c23" testId="0f9360de-cd99-435c-c549-ccd3fe79a633" testName="WebServerProjectPath_Removed_FromOptions" computerName="cursor" duration="00:00:00.0001870" startTime="2025-08-11T10:28:02.2977087+00:00" endTime="2025-08-11T10:28:02.2978961+00:00" testType="13cdc9d9-ddb5-4fa4-a97d-d965ccfc6d4b" outcome="Passed" testListId="8c84fa94-04c1-424b-9868-57a2d4851a1d" relativeResultsDirectory="fef7533d-1b8e-4189-8aa8-7b05ee874c23">
      <Output>
        <StdOut>Server project path removed from options; managed by WebServerManager</StdOut>
      </Output>
    </UnitTestResult>
    <UnitTestResult executionId="3ac9ce4a-892a-456a-8b34-44021954eaac" testId="179b7383-7c66-19a3-5099-a84ccfda3312" testName="GetText_ShouldCallDriverGetText" computerName="cursor" duration="00:00:00.0006340" startTime="2025-08-11T10:28:02.1147137+00:00" endTime="2025-08-11T10:28:02.1153481+00:00" testType="13cdc9d9-ddb5-4fa4-a97d-d965ccfc6d4b" outcome="Passed" testListId="8c84fa94-04c1-424b-9868-57a2d4851a1d" relativeResultsDirectory="3ac9ce4a-892a-456a-8b34-44021954eaac" />
    <UnitTestResult executionId="4473e3c6-dfd7-4f58-bcc1-e0a9e577dcbb" testId="2d7af110-a47a-3498-5f06-ff20a980bae8" testName="Constructor_WithValidParameters_ShouldInitializeWithDefaultValues" computerName="cursor" duration="00:00:00.0004110" startTime="2025-08-11T10:28:02.0594097+00:00" endTime="2025-08-11T10:28:02.0598210+00:00" testType="13cdc9d9-ddb5-4fa4-a97d-d965ccfc6d4b" outcome="Passed" testListId="8c84fa94-04c1-424b-9868-57a2d4851a1d" relativeResultsDirectory="4473e3c6-dfd7-4f58-bcc1-e0a9e577dcbb" />
    <UnitTestResult executionId="c4d531ff-8814-4c17-80bc-56f481e49dd9" testId="28f7c59d-b5d1-8620-75b4-446e721774f0" testName="Indexer_WithValidIndex_ShouldReturnElement" computerName="cursor" duration="00:00:00.0002200" startTime="2025-08-11T10:28:02.0948208+00:00" endTime="2025-08-11T10:28:02.0950405+00:00" testType="13cdc9d9-ddb5-4fa4-a97d-d965ccfc6d4b" outcome="Passed" testListId="8c84fa94-04c1-424b-9868-57a2d4851a1d" relativeResultsDirectory="c4d531ff-8814-4c17-80bc-56f481e49dd9" />
    <UnitTestResult executionId="9b92f4b6-0871-4615-ae36-a77f2d0c9fbf" testId="2e23022d-866f-3ace-93c9-9c504b47228e" testName="RegisterPlugin_WithNullPlugin_ThrowsArgumentNullException" computerName="cursor" duration="00:00:00.0002290" startTime="2025-08-11T10:28:02.3130203+00:00" endTime="2025-08-11T10:28:02.3132493+00:00" testType="13cdc9d9-ddb5-4fa4-a97d-d965ccfc6d4b" outcome="Passed" testListId="8c84fa94-04c1-424b-9868-57a2d4851a1d" relativeResultsDirectory="9b92f4b6-0871-4615-ae36-a77f2d0c9fbf" />
    <UnitTestResult executionId="be4d5c3d-eb78-42b1-b29e-2d1212e6e04d" testId="db9ada96-dcf3-e037-db10-b7563d6669b8" testName="SlowMo_WithNullValue_SetsSlowMoToNull" computerName="cursor" duration="00:00:00.0001720" startTime="2025-08-11T10:28:02.2973643+00:00" endTime="2025-08-11T10:28:02.2975359+00:00" testType="13cdc9d9-ddb5-4fa4-a97d-d965ccfc6d4b" outcome="Passed" testListId="8c84fa94-04c1-424b-9868-57a2d4851a1d" relativeResultsDirectory="be4d5c3d-eb78-42b1-b29e-2d1212e6e04d" />
    <UnitTestResult executionId="11602f02-636b-433a-8fa7-92d132892991" testId="5fc1ac23-88fa-ea50-bc84-f014c480a778" testName="BuildCommandArguments_UsesFrameworkAndConfiguration_FromBuilder" computerName="cursor" duration="00:00:00.0136950" startTime="2025-08-11T10:28:01.9750852+00:00" endTime="2025-08-11T10:28:01.9887514+00:00" testType="13cdc9d9-ddb5-4fa4-a97d-d965ccfc6d4b" outcome="Passed" testListId="8c84fa94-04c1-424b-9868-57a2d4851a1d" relativeResultsDirectory="11602f02-636b-433a-8fa7-92d132892991" />
    <UnitTestResult executionId="92ba7c03-0b4a-44e0-85fb-ac08fbdd3db9" testId="12ff9ff8-18aa-7b6e-4922-4d2923a6060b" testName="RegisterPlugin_WithValidPluginInstance_RegistersPlugin" computerName="cursor" duration="00:00:00.0003160" startTime="2025-08-11T10:28:02.3132577+00:00" endTime="2025-08-11T10:28:02.3135738+00:00" testType="13cdc9d9-ddb5-4fa4-a97d-d965ccfc6d4b" outcome="Passed" testListId="8c84fa94-04c1-424b-9868-57a2d4851a1d" relativeResultsDirectory="92ba7c03-0b4a-44e0-85fb-ac08fbdd3db9" />
    <UnitTestResult executionId="c10d3b81-1649-4c39-87ef-dfe44fa742db" testId="8ae62a86-1c76-a105-6718-7582f48ad523" testName="WithRetryInterval_ShouldSetRetryInterval" computerName="cursor" duration="00:00:00.0001280" startTime="2025-08-11T10:28:02.0654349+00:00" endTime="2025-08-11T10:28:02.0655632+00:00" testType="13cdc9d9-ddb5-4fa4-a97d-d965ccfc6d4b" outcome="Passed" testListId="8c84fa94-04c1-424b-9868-57a2d4851a1d" relativeResultsDirectory="c10d3b81-1649-4c39-87ef-dfe44fa742db" />
    <UnitTestResult executionId="ff60fe4f-591e-426d-a347-9779ad336d02" testId="44803fba-616e-b64e-f070-676eb27c9592" testName="Type_ShouldCallDriverType" computerName="cursor" duration="00:00:00.0004720" startTime="2025-08-11T10:28:02.1181300+00:00" endTime="2025-08-11T10:28:02.1186022+00:00" testType="13cdc9d9-ddb5-4fa4-a97d-d965ccfc6d4b" outcome="Passed" testListId="8c84fa94-04c1-424b-9868-57a2d4851a1d" relativeResultsDirectory="ff60fe4f-591e-426d-a347-9779ad336d02" />
    <UnitTestResult executionId="1004c7dd-34e8-47b5-abe4-afeae3d3f1b2" testId="bba98ce8-0e46-19a1-add2-e0e6659866ca" testName="Constructor_WithNoParameters_CreatesInstance" computerName="cursor" duration="00:00:00.0000989" startTime="2025-08-11T10:28:02.1265414+00:00" endTime="2025-08-11T10:28:02.1266405+00:00" testType="13cdc9d9-ddb5-4fa4-a97d-d965ccfc6d4b" outcome="Passed" testListId="8c84fa94-04c1-424b-9868-57a2d4851a1d" relativeResultsDirectory="1004c7dd-34e8-47b5-abe4-afeae3d3f1b2" />
    <UnitTestResult executionId="475d9795-b0f3-4c98-891d-78b22d61fc02" testId="020a6f08-c481-d586-c35b-71ffdcdf77ae" testName="Build_WithValidConfiguration_ReturnsConfiguredOptions" computerName="cursor" duration="00:00:00.0005310" startTime="2025-08-11T10:28:02.1258754+00:00" endTime="2025-08-11T10:28:02.1264062+00:00" testType="13cdc9d9-ddb5-4fa4-a97d-d965ccfc6d4b" outcome="Passed" testListId="8c84fa94-04c1-424b-9868-57a2d4851a1d" relativeResultsDirectory="475d9795-b0f3-4c98-891d-78b22d61fc02" />
    <UnitTestResult executionId="7d5a933a-d36a-4868-b300-a0dc615eb7b8" testId="5b0b0b21-c836-f769-4fb0-bf7c584f610d" testName="FilterByText_WithCaseInsensitiveMatch_ShouldReturnFilteredCollection" computerName="cursor" duration="00:00:00.0006020" startTime="2025-08-11T10:28:02.0898521+00:00" endTime="2025-08-11T10:28:02.0904535+00:00" testType="13cdc9d9-ddb5-4fa4-a97d-d965ccfc6d4b" outcome="Passed" testListId="8c84fa94-04c1-424b-9868-57a2d4851a1d" relativeResultsDirectory="7d5a933a-d36a-4868-b300-a0dc615eb7b8" />
    <UnitTestResult executionId="b2380b0b-e5b4-4eb3-97bb-544557735a1a" testId="cc28fd0d-aeb1-6068-03cf-a613121c3154" testName="First_WithEmptyCollection_ShouldThrowInvalidOperationException" computerName="cursor" duration="00:00:00.0003730" startTime="2025-08-11T10:28:02.0913196+00:00" endTime="2025-08-11T10:28:02.0916922+00:00" testType="13cdc9d9-ddb5-4fa4-a97d-d965ccfc6d4b" outcome="Passed" testListId="8c84fa94-04c1-424b-9868-57a2d4851a1d" relativeResultsDirectory="b2380b0b-e5b4-4eb3-97bb-544557735a1a" />
    <UnitTestResult executionId="892ca454-86b9-4a56-a1d6-ff89ffe9f82d" testId="c6b038af-0bc0-b632-00c4-3ef8ea29ed6e" testName="RemoveFromCache_WithExistingKey_ShouldRemoveElement" computerName="cursor" duration="00:00:00.0001610" startTime="2025-08-11T10:28:02.1073253+00:00" endTime="2025-08-11T10:28:02.1074865+00:00" testType="13cdc9d9-ddb5-4fa4-a97d-d965ccfc6d4b" outcome="Passed" testListId="8c84fa94-04c1-424b-9868-57a2d4851a1d" relativeResultsDirectory="892ca454-86b9-4a56-a1d6-ff89ffe9f82d" />
    <UnitTestResult executionId="e1bbfe75-0519-43be-a6f0-0ade7d2c30e4" testId="1dbd60f0-8bf8-0e06-1bea-3397a47d2afd" testName="HeadlessMode_WithValidValue_SetsHeadlessMode" computerName="cursor" duration="00:00:00.0002150" startTime="2025-08-11T10:28:02.2967097+00:00" endTime="2025-08-11T10:28:02.2969242+00:00" testType="13cdc9d9-ddb5-4fa4-a97d-d965ccfc6d4b" outcome="Passed" testListId="8c84fa94-04c1-424b-9868-57a2d4851a1d" relativeResultsDirectory="e1bbfe75-0519-43be-a6f0-0ade7d2c30e4" />
    <UnitTestResult executionId="264e6237-655b-424f-9803-77738295b322" testId="ddff61cf-6c8e-562e-62f7-c9fb5ab0fb05" testName="Constructor_WithValidOptions_CreatesInstance" computerName="cursor" duration="00:00:00.1443020" startTime="2025-08-11T10:28:02.1522038+00:00" endTime="2025-08-11T10:28:02.2965057+00:00" testType="13cdc9d9-ddb5-4fa4-a97d-d965ccfc6d4b" outcome="Passed" testListId="8c84fa94-04c1-424b-9868-57a2d4851a1d" relativeResultsDirectory="264e6237-655b-424f-9803-77738295b322">
      <Output>
        <StdOut>PluginRegistry count before seeding: 1
PluginManager count after seeding: 1</StdOut>
      </Output>
    </UnitTestResult>
    <UnitTestResult executionId="83559768-3340-43ce-a2f7-15d7e406863d" testId="3c6ae5e7-2078-93c7-0cb9-170c4974fe27" testName="WithSlowMo_WithValidValue_SetsSlowMo" computerName="cursor" duration="00:00:00.0001280" startTime="2025-08-11T10:28:02.1482585+00:00" endTime="2025-08-11T10:28:02.1483869+00:00" testType="13cdc9d9-ddb5-4fa4-a97d-d965ccfc6d4b" outcome="Passed" testListId="8c84fa94-04c1-424b-9868-57a2d4851a1d" relativeResultsDirectory="83559768-3340-43ce-a2f7-15d7e406863d" />
    <UnitTestResult executionId="338f6f51-01db-4f89-b0ce-3df64f739e92" testId="5ecd0d47-634a-f5a5-e7c4-807c1c8c5935" testName="WithSlowMo_WithZeroValue_SetsSlowMoToZero" computerName="cursor" duration="00:00:00.0002610" startTime="2025-08-11T10:28:02.1483917+00:00" endTime="2025-08-11T10:28:02.1486526+00:00" testType="13cdc9d9-ddb5-4fa4-a97d-d965ccfc6d4b" outcome="Passed" testListId="8c84fa94-04c1-424b-9868-57a2d4851a1d" relativeResultsDirectory="338f6f51-01db-4f89-b0ce-3df64f739e92" />
    <UnitTestResult executionId="0964b81c-e6d4-412d-92ea-86d48d93d597" testId="405fd94c-1e16-06c6-669b-4f6514668f24" testName="DotNet_WithFrameworkAndConfiguration_ProducesExpectedRunCommand" computerName="cursor" duration="00:00:00.0003800" startTime="2025-08-11T10:28:02.3203485+00:00" endTime="2025-08-11T10:28:02.3207286+00:00" testType="13cdc9d9-ddb5-4fa4-a97d-d965ccfc6d4b" outcome="Passed" testListId="8c84fa94-04c1-424b-9868-57a2d4851a1d" relativeResultsDirectory="0964b81c-e6d4-412d-92ea-86d48d93d597">
      <Output>
        <StdOut>=== ASP.NET Core (dotnet run) ===
Builder methods:
ServerConfiguration
    .CreateDotNetServer(new Uri("http://localhost:5055"), "/path/to/MyApp.csproj")
    .WithFramework("net9.0")
    .WithConfiguration("Debug")
Run command:
dotnet run --framework net9.0 --configuration Debug --no-launch-profile
Environment variables:
ASPNETCORE_ENVIRONMENT=Development
ASPNETCORE_HOSTINGSTARTUPASSEMBLIES=
====================</StdOut>
      </Output>
    </UnitTestResult>
    <UnitTestResult executionId="df8c9ce6-104d-4ee6-8bef-511ec4c3b870" testId="268d744c-88c8-b894-11b0-d59382621120" testName="Exists_WhenElementExists_ShouldReturnTrue" computerName="cursor" duration="00:00:00.0002900" startTime="2025-08-11T10:28:02.1137586+00:00" endTime="2025-08-11T10:28:02.1140490+00:00" testType="13cdc9d9-ddb5-4fa4-a97d-d965ccfc6d4b" outcome="Passed" testListId="8c84fa94-04c1-424b-9868-57a2d4851a1d" relativeResultsDirectory="df8c9ce6-104d-4ee6-8bef-511ec4c3b870" />
[...]
    <TestEntry testId="5dbab36b-8bf9-b94a-886b-0679437303ac" executionId="82c11520-8053-4368-ad31-39b4ca4dfa0b" testListId="8c84fa94-04c1-424b-9868-57a2d4851a1d" />
    <TestEntry testId="280bec51-23dc-ffba-208c-c20000ad7909" executionId="0ab8cdf3-b508-4f8a-9afa-768ecbd6a36d" testListId="8c84fa94-04c1-424b-9868-57a2d4851a1d" />
    <TestEntry testId="2ae1304c-81ac-a359-4734-cee502a63ccd" executionId="75a82fed-2bc2-4285-b837-3570d0d19e99" testListId="8c84fa94-04c1-424b-9868-57a2d4851a1d" />
    <TestEntry testId="7fb7363f-268a-d980-fb84-31f8b492a262" executionId="bb1326ed-bde5-4277-90bf-05ae73d90cfc" testListId="8c84fa94-04c1-424b-9868-57a2d4851a1d" />
    <TestEntry testId="a8ade4ba-35e4-f1b1-b29c-1221576ebc2c" executionId="552b59e8-880f-4bc7-ab8d-8a8eff41fbdf" testListId="8c84fa94-04c1-424b-9868-57a2d4851a1d" />
    <TestEntry testId="bf028da6-1617-4eb8-985e-f133f6495b1c" executionId="b89bfa10-d27c-4d5a-94fe-457eea927239" testListId="8c84fa94-04c1-424b-9868-57a2d4851a1d" />
    <TestEntry testId="ce884f09-4916-a854-a0cc-dbdac776383b" executionId="30b58ba0-7d8b-4def-9a5f-08c2712bb868" testListId="8c84fa94-04c1-424b-9868-57a2d4851a1d" />
    <TestEntry testId="a8ccc846-1ff4-1690-63b6-362e0b40f521" executionId="8c407aa0-b70a-44f3-88be-6c5c0dbeeece" testListId="8c84fa94-04c1-424b-9868-57a2d4851a1d" />
    <TestEntry testId="9f3021c1-925a-71da-e253-d006455bc8e9" executionId="5d06f4bb-add4-48bb-b36f-2601a72a0104" testListId="8c84fa94-04c1-424b-9868-57a2d4851a1d" />
    <TestEntry testId="95cf8d21-caaa-bf90-a4bb-f43f9e880ae1" executionId="0938079b-2f4e-48e9-b7ac-412bb33490a0" testListId="8c84fa94-04c1-424b-9868-57a2d4851a1d" />
    <TestEntry testId="2944cbda-271d-8e00-031a-dd03321c1f09" executionId="cfb86a27-c610-4c35-a25c-57a58fd2fb0b" testListId="8c84fa94-04c1-424b-9868-57a2d4851a1d" />
    <TestEntry testId="ff506097-7a61-9dd6-1df2-d3c8d75a82f3" executionId="83110ae3-cfdd-4b94-8bc4-371393436078" testListId="8c84fa94-04c1-424b-9868-57a2d4851a1d" />
    <TestEntry testId="b301e5a2-6274-43e4-8d33-13911ec17a00" executionId="e4824f08-5a4d-4bde-9d1c-3d825f346d5a" testListId="8c84fa94-04c1-424b-9868-57a2d4851a1d" />
    <TestEntry testId="4346959c-3e94-4c0e-1880-3b5ac77fbbde" executionId="09becccc-e77c-4b87-8b90-3cd472138c56" testListId="8c84fa94-04c1-424b-9868-57a2d4851a1d" />
    <TestEntry testId="8f39af80-f58e-71ee-14e2-037e33d2ca9e" executionId="0521bffe-e782-442c-9040-78836cf14ab9" testListId="8c84fa94-04c1-424b-9868-57a2d4851a1d" />
    <TestEntry testId="2c985496-df4a-5947-e2dc-50422705efcf" executionId="fca2b594-fb66-4be6-b48c-7cb2a9a11347" testListId="8c84fa94-04c1-424b-9868-57a2d4851a1d" />
    <TestEntry testId="5b0f8305-1a07-717d-f99d-cd7dc78eb59e" executionId="5e5c42e9-2cf4-485a-a38d-f81b3cca638b" testListId="8c84fa94-04c1-424b-9868-57a2d4851a1d" />
    <TestEntry testId="446583bb-1a0c-a601-da8c-b6db446288a3" executionId="5e00a1b1-51f6-4dc8-9760-a493ff5cbbf3" testListId="8c84fa94-04c1-424b-9868-57a2d4851a1d" />
    <TestEntry testId="6dd2c663-126f-c692-d442-51f4ddb16f47" executionId="66740053-6b75-41f6-971b-1c1076a0b22b" testListId="8c84fa94-04c1-424b-9868-57a2d4851a1d" />
    <TestEntry testId="121b3ea7-a273-e796-8c2e-1aff78536d24" executionId="8e8d0a81-d880-4469-9ffa-01c7f0ac6ab1" testListId="8c84fa94-04c1-424b-9868-57a2d4851a1d" />
    <TestEntry testId="5e045292-2424-2536-e9a7-78679c446a8a" executionId="9ae1c86d-66e9-4448-817a-2f26268f64e3" testListId="8c84fa94-04c1-424b-9868-57a2d4851a1d" />
    <TestEntry testId="f2f6b3ec-eeaf-c73e-5a2e-1ef2fc174766" executionId="0460ef06-6413-46d6-b023-afffc26c3c11" testListId="8c84fa94-04c1-424b-9868-57a2d4851a1d" />
    <TestEntry testId="cc50075c-462e-8b57-d394-e1d716bb8f7e" executionId="ce23a0c9-72ef-4956-bcde-4bc8ba8a83f9" testListId="8c84fa94-04c1-424b-9868-57a2d4851a1d" />
    <TestEntry testId="691a1ada-8b81-1eeb-9198-2480eca9bcb5" executionId="756dcec6-869a-4582-9c6e-dab3437f4d1b" testListId="8c84fa94-04c1-424b-9868-57a2d4851a1d" />
    <TestEntry testId="b7012c97-f966-55dc-c35d-274095149e5d" executionId="6529c448-d20a-400e-b52b-f8ad60df5e5f" testListId="8c84fa94-04c1-424b-9868-57a2d4851a1d" />
    <TestEntry testId="bb6d95e1-fe2b-c7f2-f120-8406bb52b03a" executionId="71bbebb1-3217-4929-80b0-e903d6ae593b" testListId="8c84fa94-04c1-424b-9868-57a2d4851a1d" />
    <TestEntry testId="73a1b770-4a5e-0a29-6a9c-524092b48888" executionId="b4dc8af9-605e-4384-9648-e26b85b76acf" testListId="8c84fa94-04c1-424b-9868-57a2d4851a1d" />
    <TestEntry testId="4b5ed4f4-cca7-3210-3b0c-b7d6cb410605" executionId="5770d30c-85e2-43d6-8fc3-852d85d2efeb" testListId="8c84fa94-04c1-424b-9868-57a2d4851a1d" />
    <TestEntry testId="9277c687-d1ec-06a3-91ef-9c2756a13404" executionId="49859ca0-6eb2-40da-a13b-059c1c0009ca" testListId="8c84fa94-04c1-424b-9868-57a2d4851a1d" />
    <TestEntry testId="8edbc9e8-8106-4e2b-446e-15afc8cb2e79" executionId="98b79557-703a-4322-b170-4ac2972eeb2c" testListId="8c84fa94-04c1-424b-9868-57a2d4851a1d" />
    <TestEntry testId="38f64a32-373c-d336-108a-9833491623db" executionId="22500305-7c94-4646-ba81-11cb91a58bb2" testListId="8c84fa94-04c1-424b-9868-57a2d4851a1d" />
    <TestEntry testId="8a43bd3c-a801-bb4f-9167-9cddc20d64b5" executionId="3f3d2f50-bd34-4ae8-b56e-f72b12f7f645" testListId="8c84fa94-04c1-424b-9868-57a2d4851a1d" />
    <TestEntry testId="d52fd675-05c7-c95c-d1f1-981f3a4f3701" executionId="c51c9ef2-13a5-4844-9fb0-8843f43ce7d5" testListId="8c84fa94-04c1-424b-9868-57a2d4851a1d" />
    <TestEntry testId="2ac82e10-080e-2b5b-2d3d-5685bb444717" executionId="2db17c92-3586-4197-a5d0-6a2ff334f6a2" testListId="8c84fa94-04c1-424b-9868-57a2d4851a1d" />
    <TestEntry testId="894f94b1-efcc-7bbe-43c4-5aa998a01fba" executionId="d38e1376-2bd5-4d1a-b2b3-71799ab1790b" testListId="8c84fa94-04c1-424b-9868-57a2d4851a1d" />
    <TestEntry testId="63abd0f8-5814-164f-7950-4ad186521ab4" executionId="0cf7cc8c-33fa-4e05-bd2f-154334346d5f" testListId="8c84fa94-04c1-424b-9868-57a2d4851a1d" />
    <TestEntry testId="f3b5f62e-4f46-2207-7f46-5faefe33f536" executionId="ac75797f-3296-40b3-9b5f-1bffaf9845ee" testListId="8c84fa94-04c1-424b-9868-57a2d4851a1d" />
    <TestEntry testId="1c0d19b9-1bef-846e-5c51-324c55f41975" executionId="8cadbf9b-834d-453a-bfc1-e1c068887fbe" testListId="8c84fa94-04c1-424b-9868-57a2d4851a1d" />
    <TestEntry testId="0f9f915d-f9f9-434c-81bb-640e07bacad2" executionId="8adad8af-be1b-4d41-9c8a-be6b743e67ef" testListId="8c84fa94-04c1-424b-9868-57a2d4851a1d" />
    <TestEntry testId="68cc5f29-514d-38dc-c438-33585cc74aa4" executionId="a104fa55-b61b-45e0-9c24-27045b2f9a25" testListId="8c84fa94-04c1-424b-9868-57a2d4851a1d" />
    <TestEntry testId="6112ca55-caad-863b-bca3-e844e296c7b3" executionId="a34bc5d0-aaea-4c95-a510-1ae98b689bbd" testListId="8c84fa94-04c1-424b-9868-57a2d4851a1d" />
    <TestEntry testId="3060bcb3-7dbb-52ae-d898-6c736e92902a" executionId="a24aac65-91a2-44dd-958f-e84d0e9d191b" testListId="8c84fa94-04c1-424b-9868-57a2d4851a1d" />
    <TestEntry testId="85b3a0e0-be33-c2c1-998a-6dc53854bf16" executionId="569fe33d-d87a-44bb-abeb-61a93d7f0052" testListId="8c84fa94-04c1-424b-9868-57a2d4851a1d" />
    <TestEntry testId="c2f5de2f-6096-d57c-95e5-fec26b8d796d" executionId="47dcdd99-4a32-4348-adea-0c853f805e7d" testListId="8c84fa94-04c1-424b-9868-57a2d4851a1d" />
    <TestEntry testId="f6b53d12-55a1-6cea-cf6b-996b794f8a7d" executionId="f1be5614-c1fd-49f7-afb2-74e330166999" testListId="8c84fa94-04c1-424b-9868-57a2d4851a1d" />
    <TestEntry testId="e490ff0f-804e-81fe-d54a-5987cfe60093" executionId="65ae1589-e9e9-4ddf-9a2f-36c800062c0a" testListId="8c84fa94-04c1-424b-9868-57a2d4851a1d" />
    <TestEntry testId="5d00fc9b-986f-8e7a-5894-fe21deab4d76" executionId="bb5ab9da-2ae3-401f-87d5-1655362a2127" testListId="8c84fa94-04c1-424b-9868-57a2d4851a1d" />
    <TestEntry testId="0d8a6f68-b892-8208-9f84-b0a607e9693d" executionId="eab83631-e466-4c8c-b7f6-7585f584df8f" testListId="8c84fa94-04c1-424b-9868-57a2d4851a1d" />
    <TestEntry testId="7ca0cb73-aeb1-887f-1af1-2afb19198c6a" executionId="959e8f29-2244-4641-ac49-83b3ed5edc0e" testListId="8c84fa94-04c1-424b-9868-57a2d4851a1d" />
    <TestEntry testId="4c88da48-1cf2-2ce5-51d9-4c397983aa27" executionId="fe319169-aea1-4830-a9ba-460acd8bb25d" testListId="8c84fa94-04c1-424b-9868-57a2d4851a1d" />
    <TestEntry testId="5bf46c48-3055-37d6-fef8-c9d126207b04" executionId="bbe5cdad-fa6a-4af2-a5d2-848d7f40e78c" testListId="8c84fa94-04c1-424b-9868-57a2d4851a1d" />
    <TestEntry testId="202af691-80fb-dfa6-d9ed-de360fd56509" executionId="492fd13a-a083-4ef1-a2e0-fa06a51a9616" testListId="8c84fa94-04c1-424b-9868-57a2d4851a1d" />
    <TestEntry testId="f1c510fe-f632-6958-5421-3d34e26a9b68" executionId="3673e832-a1f1-4d0e-813a-c21271a09c12" testListId="8c84fa94-04c1-424b-9868-57a2d4851a1d" />
    <TestEntry testId="551fc6ac-b856-8cac-3508-c2c42f5670a1" executionId="2b4d8743-9e33-42df-a4b7-c599be213d47" testListId="8c84fa94-04c1-424b-9868-57a2d4851a1d" />
    <TestEntry testId="0f9360de-cd99-435c-c549-ccd3fe79a633" executionId="fef7533d-1b8e-4189-8aa8-7b05ee874c23" testListId="8c84fa94-04c1-424b-9868-57a2d4851a1d" />
    <TestEntry testId="179b7383-7c66-19a3-5099-a84ccfda3312" executionId="3ac9ce4a-892a-456a-8b34-44021954eaac" testListId="8c84fa94-04c1-424b-9868-57a2d4851a1d" />
    <TestEntry testId="2d7af110-a47a-3498-5f06-ff20a980bae8" executionId="4473e3c6-dfd7-4f58-bcc1-e0a9e577dcbb" testListId="8c84fa94-04c1-424b-9868-57a2d4851a1d" />
    <TestEntry testId="28f7c59d-b5d1-8620-75b4-446e721774f0" executionId="c4d531ff-8814-4c17-80bc-56f481e49dd9" testListId="8c84fa94-04c1-424b-9868-57a2d4851a1d" />
    <TestEntry testId="2e23022d-866f-3ace-93c9-9c504b47228e" executionId="9b92f4b6-0871-4615-ae36-a77f2d0c9fbf" testListId="8c84fa94-04c1-424b-9868-57a2d4851a1d" />
    <TestEntry testId="db9ada96-dcf3-e037-db10-b7563d6669b8" executionId="be4d5c3d-eb78-42b1-b29e-2d1212e6e04d" testListId="8c84fa94-04c1-424b-9868-57a2d4851a1d" />
    <TestEntry testId="5fc1ac23-88fa-ea50-bc84-f014c480a778" executionId="11602f02-636b-433a-8fa7-92d132892991" testListId="8c84fa94-04c1-424b-9868-57a2d4851a1d" />
    <TestEntry testId="12ff9ff8-18aa-7b6e-4922-4d2923a6060b" executionId="92ba7c03-0b4a-44e0-85fb-ac08fbdd3db9" testListId="8c84fa94-04c1-424b-9868-57a2d4851a1d" />
    <TestEntry testId="8ae62a86-1c76-a105-6718-7582f48ad523" executionId="c10d3b81-1649-4c39-87ef-dfe44fa742db" testListId="8c84fa94-04c1-424b-9868-57a2d4851a1d" />
    <TestEntry testId="44803fba-616e-b64e-f070-676eb27c9592" executionId="ff60fe4f-591e-426d-a347-9779ad336d02" testListId="8c84fa94-04c1-424b-9868-57a2d4851a1d" />
    <TestEntry testId="bba98ce8-0e46-19a1-add2-e0e6659866ca" executionId="1004c7dd-34e8-47b5-abe4-afeae3d3f1b2" testListId="8c84fa94-04c1-424b-9868-57a2d4851a1d" />
    <TestEntry testId="020a6f08-c481-d586-c35b-71ffdcdf77ae" executionId="475d9795-b0f3-4c98-891d-78b22d61fc02" testListId="8c84fa94-04c1-424b-9868-57a2d4851a1d" />
    <TestEntry testId="5b0b0b21-c836-f769-4fb0-bf7c584f610d" executionId="7d5a933a-d36a-4868-b300-a0dc615eb7b8" testListId="8c84fa94-04c1-424b-9868-57a2d4851a1d" />
    <TestEntry testId="cc28fd0d-aeb1-6068-03cf-a613121c3154" executionId="b2380b0b-e5b4-4eb3-97bb-544557735a1a" testListId="8c84fa94-04c1-424b-9868-57a2d4851a1d" />
    <TestEntry testId="c6b038af-0bc0-b632-00c4-3ef8ea29ed6e" executionId="892ca454-86b9-4a56-a1d6-ff89ffe9f82d" testListId="8c84fa94-04c1-424b-9868-57a2d4851a1d" />
    <TestEntry testId="1dbd60f0-8bf8-0e06-1bea-3397a47d2afd" executionId="e1bbfe75-0519-43be-a6f0-0ade7d2c30e4" testListId="8c84fa94-04c1-424b-9868-57a2d4851a1d" />
    <TestEntry testId="ddff61cf-6c8e-562e-62f7-c9fb5ab0fb05" executionId="264e6237-655b-424f-9803-77738295b322" testListId="8c84fa94-04c1-424b-9868-57a2d4851a1d" />
    <TestEntry testId="3c6ae5e7-2078-93c7-0cb9-170c4974fe27" executionId="83559768-3340-43ce-a2f7-15d7e406863d" testListId="8c84fa94-04c1-424b-9868-57a2d4851a1d" />
    <TestEntry testId="5ecd0d47-634a-f5a5-e7c4-807c1c8c5935" executionId="338f6f51-01db-4f89-b0ce-3df64f739e92" testListId="8c84fa94-04c1-424b-9868-57a2d4851a1d" />
    <TestEntry testId="405fd94c-1e16-06c6-669b-4f6514668f24" executionId="0964b81c-e6d4-412d-92ea-86d48d93d597" testListId="8c84fa94-04c1-424b-9868-57a2d4851a1d" />
    <TestEntry testId="268d744c-88c8-b894-11b0-d59382621120" executionId="df8c9ce6-104d-4ee6-8bef-511ec4c3b870" testListId="8c84fa94-04c1-424b-9868-57a2d4851a1d" />
    <TestEntry testId="32cab928-a934-2b6a-7a60-1dfa1c7f9abb" executionId="245276c5-f0ae-4231-a75b-8eaf0d22f099" testListId="8c84fa94-04c1-424b-9868-57a2d4851a1d" />
    <TestEntry testId="dd8f8349-d619-3359-a263-b07e1bc2b428" executionId="1a61d2ab-c8e9-47d3-b021-dd4a567b0e58" testListId="8c84fa94-04c1-424b-9868-57a2d4851a1d" />
    <TestEntry testId="0b5f1728-7b8a-73cb-1723-24feb2bf7d3d" executionId="0fa34904-91a9-4f36-8a83-2d657f4c697d" testListId="8c84fa94-04c1-424b-9868-57a2d4851a1d" />
    <TestEntry testId="eeb41d66-bc8a-3f24-dae1-82048046740c" executionId="f2ca2cfb-d5d1-4e55-9213-53a2756976d3" testListId="8c84fa94-04c1-424b-9868-57a2d4851a1d" />
    <TestEntry testId="677131f5-8f9b-a5d7-51f3-8830f5479d4d" executionId="cc486b59-a8a5-4531-b08e-bcf8348d5ca9" testListId="8c84fa94-04c1-424b-9868-57a2d4851a1d" />
    <TestEntry testId="ab73f926-d1a2-00f0-bb5d-c38f897fb557" executionId="ee7ce4ad-a3bb-4d71-a2ed-1c7979f77c3e" testListId="8c84fa94-04c1-424b-9868-57a2d4851a1d" />
    <TestEntry testId="d6e5f7f2-25f3-210a-1f00-1f733c0e9da8" executionId="c3b811c8-77c6-48e0-a2b2-b95999de0558" testListId="8c84fa94-04c1-424b-9868-57a2d4851a1d" />
    <TestEntry testId="fab6990d-3c1c-2c65-5826-c4e429096956" executionId="4b33b065-2ae9-44ab-8a14-2e601f6d9e29" testListId="8c84fa94-04c1-424b-9868-57a2d4851a1d" />
    <TestEntry testId="9a47f56b-5bfd-fc11-0334-5ee2c89f0d7c" executionId="4d15c4c3-e777-4aa1-b98e-fabe46927396" testListId="8c84fa94-04c1-424b-9868-57a2d4851a1d" />
    <TestEntry testId="27bf1d8f-6db2-9d4a-565f-5fca061cc8f1" executionId="250336eb-bc54-4962-a77e-081271b0dd3e" testListId="8c84fa94-04c1-424b-9868-57a2d4851a1d" />
    <TestEntry testId="07d2e673-5834-e2ca-06bc-89c7780bb3c8" executionId="28810083-094e-4210-988d-73a625e713ce" testListId="8c84fa94-04c1-424b-9868-57a2d4851a1d" />
    <TestEntry testId="ac2caede-1993-10f2-1269-ecc9a1cb91c8" executionId="765ac3ef-e183-4ed5-8243-a241941b72c1" testListId="8c84fa94-04c1-424b-9868-57a2d4851a1d" />
  </TestEntries>
  <TestLists>
    <TestList name="Results Not in a List" id="8c84fa94-04c1-424b-9868-57a2d4851a1d" />
    <TestList name="All Loaded Results" id="19431567-8539-422a-85d7-44ee4e166bda" />
  </TestLists>
  <ResultSummary outcome="Failed">
    <Counters total="163" executed="163" passed="162" failed="1" error="0" timeout="0" aborted="0" inconclusive="0" passedButRunAborted="0" notRunnable="0" notExecuted="0" disconnected="0" warning="0" completed="0" inProgress="0" pending="0" />
    <Output>
      <StdOut>NUnit Adapter 4.5.0.0: Test execution started
Running all tests in /workspace/tests/FluentUIScaffold.Core.Tests/bin/Debug/net8.0/FluentUIScaffold.Core.Tests.dll
   NUnit3TestExecutor discovered 163 of 163 NUnit test cases using Current Discovery mode, Non-Explicit run
WithServerConfiguration_Removed_FromBuilder: Server configuration is now provided only to WebServerManager
WithServerConfiguration_WithNullConfiguration_Removed: Removed
WithWebServerProjectPath_IsRemoved_FromBuilder: Server config APIs removed from options builder; managed by WebServerManager
WithWebServerProjectPath_WithEmptyPath_Removed: Removed
WithWebServerProjectPath_WithNullPath_Removed: Removed
ServerConfiguration_Removed_FromOptions: Server configuration removed from options; managed by WebServerManager
WebServerProjectPath_Removed_FromOptions: Server project path removed from options; managed by WebServerManager
RegisterDetector_WithValidDetector_RegistersSuccessfully: Detector registered successfully
NUnit Adapter 4.5.0.0: Test execution complete
</StdOut>
    </Output>
    <RunInfos>
      <RunInfo computerName="cursor" outcome="Warning" timestamp="2025-08-11T10:28:02.2977993+00:00">
        <Text>PluginRegistry count before seeding: 1
PluginManager count after seeding: 1
</Text>
      </RunInfo>
      <RunInfo computerName="cursor" outcome="Warning" timestamp="2025-08-11T10:28:02.3237823+00:00">
        <Text>=== Aspire (dotnet run) ===
Builder methods:
ServerConfiguration
    .CreateAspireServer(new Uri("http://localhost:6066"), "/path/to/AspireApp.AppHost.csproj")
    .WithFramework("net9.0")
    .WithConfiguration("Release")
Run command:
dotnet run --framework net9.0 --configuration Release --no-launch-profile
Environment variables:
ASPNETCORE_ENVIRONMENT=Development
ASPNETCORE_FORWARDEDHEADERS_ENABLED=false
ASPNETCORE_HOSTINGSTARTUPASSEMBLIES=
ASPNETCORE_URLS=http://localhost:6066/
DOTNET_DASHBOARD_OTLP_ENDPOINT_URL=https://localhost:21097
DOTNET_ENVIRONMENT=Development
DOTNET_RESOURCE_SERVICE_ENDPOINT_URL=https://localhost:22268
====================

</Text>
      </RunInfo>
      <RunInfo computerName="cursor" outcome="Warning" timestamp="2025-08-11T10:28:02.3255366+00:00">
        <Text>=== Custom env vars ===
Builder methods:
.WithEnvironmentVariable("MY_SETTING", "abc").WithEnvironmentVariables(...) 
Run command:
dotnet run --framework net8.0 --configuration Release --no-launch-profile
Environment variables:
ASPNETCORE_ENVIRONMENT=Staging
ASPNETCORE_HOSTINGSTARTUPASSEMBLIES=
FOO=bar
MY_SETTING=abc
====================

</Text>
      </RunInfo>
      <RunInfo computerName="cursor" outcome="Warning" timestamp="2025-08-11T10:28:02.3282511+00:00">
        <Text>=== ASP.NET Core (dotnet run) ===
Builder methods:
ServerConfiguration
    .CreateDotNetServer(new Uri("http://localhost:5055"), "/path/to/MyApp.csproj")
    .WithFramework("net9.0")
    .WithConfiguration("Debug")
Run command:
dotnet run --framework net9.0 --configuration Debug --no-launch-profile
Environment variables:
ASPNETCORE_ENVIRONMENT=Development
ASPNETCORE_HOSTINGSTARTUPASSEMBLIES=
====================

</Text>
      </RunInfo>
      <RunInfo computerName="cursor" outcome="Warning" timestamp="2025-08-11T10:28:02.3345198+00:00">
        <Text>=== Node.js (npm run) ===
Builder methods: WithNpmScript("dev").WithNodeEnvironment("production").WithPort(7777).WithArguments("--", "--open")
npm start dev -- --open
NODE_ENV=production
PORT=7777
====================

</Text>
      </RunInfo>
      <RunInfo computerName="cursor" outcome="Warning" timestamp="2025-08-11T10:28:02.3346192+00:00">
        <Text>=== SPA proxy enabled ===
Builder methods:
.WithSpaProxy(true)
Run command:
dotnet run --framework net8.0 --configuration Release --no-launch-profile
Environment variables:
ASPNETCORE_ENVIRONMENT=Development
ASPNETCORE_HOSTINGSTARTUPASSEMBLIES=Microsoft.AspNetCore.SpaProxy
====================

=== SPA proxy disabled ===
Builder methods:
.WithSpaProxy(false)
Run command:
dotnet run --framework net8.0 --configuration Release --no-launch-profile
Environment variables:
ASPNETCORE_ENVIRONMENT=Development
ASPNETCORE_HOSTINGSTARTUPASSEMBLIES=
====================

</Text>
      </RunInfo>
      <RunInfo computerName="cursor" outcome="Warning" timestamp="2025-08-11T10:28:02.3352784+00:00">
        <Text>=== WebApplicationFactory (fallback to dotnet run) ===
Builder methods:
.WithFramework("net9.0").WithConfiguration("Debug")
Run command:
dotnet run --framework net9.0 --configuration Debug --no-launch-profile
Environment variables:
ASPNETCORE_HOSTINGSTARTUPASSEMBLIES=
====================

</Text>
      </RunInfo>
    </RunInfos>
    <CollectorDataEntries>
      <Collector agentName="cursor" uri="datacollector://microsoft/CoverletCodeCoverage/1.0" collectorDisplayName="XPlat code coverage">
        <UriAttachments>
          <UriAttachment>
            <A href="cursor/coverage.cobertura.xml"></A>
          </UriAttachment>
        </UriAttachments>
      </Collector>
    </CollectorDataEntries>
  </ResultSummary>
</TestRun>