<?xml version="1.0" encoding="utf-8"?>
<TestRun id="557ac7a2-a997-449e-ba69-fca457be0e31" name="@cursor 2025-08-11 23:09:01" xmlns="http://microsoft.com/schemas/VisualStudio/TeamTest/2010">
  <Times creation="2025-08-11T23:09:01.8127439+00:00" queuing="2025-08-11T23:09:01.8127440+00:00" start="2025-08-11T23:08:59.8268885+00:00" finish="2025-08-11T23:09:02.5309221+00:00" />
  <TestSettings name="default" id="933cd978-1dba-4398-87d3-0f5eef3a2d1d">
    <Deployment runDeploymentRoot="_cursor_2025-08-11_23_09_01" />
  </TestSettings>
  <Results>
    <UnitTestResult executionId="f84103d6-5193-400a-a23e-c909ac76e4e8" testId="475357e7-c128-1ac1-651e-32f7af1e435a" testName="IEnumerableGetEnumerator_ShouldReturnAllElements" computerName="cursor" duration="00:00:00.0006340" startTime="2025-08-11T23:09:01.7943410+00:00" endTime="2025-08-11T23:09:01.7949750+00:00" testType="13cdc9d9-ddb5-4fa4-a97d-d965ccfc6d4b" outcome="Passed" testListId="8c84fa94-04c1-424b-9868-57a2d4851a1d" relativeResultsDirectory="f84103d6-5193-400a-a23e-c909ac76e4e8" />
    <UnitTestResult executionId="1a84d4fa-519b-443c-8868-fea2f10a55a9" testId="1dbd60f0-8bf8-0e06-1bea-3397a47d2afd" testName="HeadlessMode_WithValidValue_SetsHeadlessMode" computerName="cursor" duration="00:00:00.0002230" startTime="2025-08-11T23:09:01.9795523+00:00" endTime="2025-08-11T23:09:01.9797754+00:00" testType="13cdc9d9-ddb5-4fa4-a97d-d965ccfc6d4b" outcome="Passed" testListId="8c84fa94-04c1-424b-9868-57a2d4851a1d" relativeResultsDirectory="1a84d4fa-519b-443c-8868-fea2f10a55a9" />
    <UnitTestResult executionId="0cdf73f0-cdc1-4565-b92a-2c6e485264a8" testId="f6b53d12-55a1-6cea-cf6b-996b794f8a7d" testName="Select_ShouldCallDriverSelectOption" computerName="cursor" duration="00:00:00.0005610" startTime="2025-08-11T23:09:01.8113099+00:00" endTime="2025-08-11T23:09:01.8118710+00:00" testType="13cdc9d9-ddb5-4fa4-a97d-d965ccfc6d4b" outcome="Passed" testListId="8c84fa94-04c1-424b-9868-57a2d4851a1d" relativeResultsDirectory="0cdf73f0-cdc1-4565-b92a-2c6e485264a8" />
    <UnitTestResult executionId="01b259e2-5aa2-417d-9f47-eb88a05b833b" testId="28f45f08-f929-d021-87bf-ac7bea3175f6" testName="WithWebServerProjectPath_WithNullPath_Removed" computerName="cursor" duration="00:00:00.0001240" startTime="2025-08-11T23:09:01.8426242+00:00" endTime="2025-08-11T23:09:01.8427484+00:00" testType="13cdc9d9-ddb5-4fa4-a97d-d965ccfc6d4b" outcome="Passed" testListId="8c84fa94-04c1-424b-9868-57a2d4851a1d" relativeResultsDirectory="01b259e2-5aa2-417d-9f47-eb88a05b833b">
      <Output>
        <StdOut>Removed</StdOut>
      </Output>
    </UnitTestResult>
    <UnitTestResult executionId="1ae1595b-86eb-40d5-900c-d123552a6b5e" testId="d6e5f7f2-25f3-210a-1f00-1f733c0e9da8" testName="Filter_WithNoMatchingElements_ShouldReturnEmptyCollection" computerName="cursor" duration="00:00:00.0042119" startTime="2025-08-11T23:09:01.7843761+00:00" endTime="2025-08-11T23:09:01.7885874+00:00" testType="13cdc9d9-ddb5-4fa4-a97d-d965ccfc6d4b" outcome="Passed" testListId="8c84fa94-04c1-424b-9868-57a2d4851a1d" relativeResultsDirectory="1ae1595b-86eb-40d5-900c-d123552a6b5e" />
    <UnitTestResult executionId="6b1cb915-0b44-4bd8-8abe-9813bb252747" testId="9878c4ec-2f1a-e8e4-b5a4-d9a2cba55d4b" testName="WithAttribute_WithEmptyName_ShouldThrowArgumentException" computerName="cursor" duration="00:00:00.0002240" startTime="2025-08-11T23:09:01.7701970+00:00" endTime="2025-08-11T23:09:01.7704208+00:00" testType="13cdc9d9-ddb5-4fa4-a97d-d965ccfc6d4b" outcome="Passed" testListId="8c84fa94-04c1-424b-9868-57a2d4851a1d" relativeResultsDirectory="6b1cb915-0b44-4bd8-8abe-9813bb252747" />
    <UnitTestResult executionId="e215ab50-5298-45e6-a292-9db2fa1b7ca4" testId="446583bb-1a0c-a601-da8c-b6db446288a3" testName="WithCustomWait_ShouldSetCustomWaitCondition" computerName="cursor" duration="00:00:00.0002860" startTime="2025-08-11T23:09:01.7707385+00:00" endTime="2025-08-11T23:09:01.7710239+00:00" testType="13cdc9d9-ddb5-4fa4-a97d-d965ccfc6d4b" outcome="Passed" testListId="8c84fa94-04c1-424b-9868-57a2d4851a1d" relativeResultsDirectory="e215ab50-5298-45e6-a292-9db2fa1b7ca4" />
    <UnitTestResult executionId="78533a61-18ca-4585-bbfd-45409edd09f8" testId="c48c7a66-1a74-12aa-2595-2e164ad6c470" testName="DotNet_CustomArguments_AreAppended" computerName="cursor" duration="00:00:00.0001230" startTime="2025-08-11T23:09:01.9982491+00:00" endTime="2025-08-11T23:09:01.9983716+00:00" testType="13cdc9d9-ddb5-4fa4-a97d-d965ccfc6d4b" outcome="Passed" testListId="8c84fa94-04c1-424b-9868-57a2d4851a1d" relativeResultsDirectory="78533a61-18ca-4585-bbfd-45409edd09f8" />
    <UnitTestResult executionId="f7971527-0b11-4d7d-bba0-3570b5043517" testId="e694388c-e9b9-a1d2-ef93-70adf5bded0d" testName="WithBaseUrl_WithValidUrl_SetsBaseUrl" computerName="cursor" duration="00:00:00.0001850" startTime="2025-08-11T23:09:01.8375748+00:00" endTime="2025-08-11T23:09:01.8377601+00:00" testType="13cdc9d9-ddb5-4fa4-a97d-d965ccfc6d4b" outcome="Passed" testListId="8c84fa94-04c1-424b-9868-57a2d4851a1d" relativeResultsDirectory="f7971527-0b11-4d7d-bba0-3570b5043517" />
    <UnitTestResult executionId="ec986149-7711-415d-a7eb-76499f11d860" testId="2ea41be2-ee63-3a11-0613-d95c2f91bed0" testName="Placeholder_NoOp_ToMaintainTestStructure" computerName="cursor" duration="00:00:00.0139050" startTime="2025-08-11T23:09:01.8234533+00:00" endTime="2025-08-11T23:09:01.8373574+00:00" testType="13cdc9d9-ddb5-4fa4-a97d-d965ccfc6d4b" outcome="Passed" testListId="8c84fa94-04c1-424b-9868-57a2d4851a1d" relativeResultsDirectory="ec986149-7711-415d-a7eb-76499f11d860" />
    <UnitTestResult executionId="bdfa3485-413d-4867-acc1-d1b4663a108c" testId="268d744c-88c8-b894-11b0-d59382621120" testName="Exists_WhenElementExists_ShouldReturnTrue" computerName="cursor" duration="00:00:00.0003300" startTime="2025-08-11T23:09:01.8075469+00:00" endTime="2025-08-11T23:09:01.8078770+00:00" testType="13cdc9d9-ddb5-4fa4-a97d-d965ccfc6d4b" outcome="Passed" testListId="8c84fa94-04c1-424b-9868-57a2d4851a1d" relativeResultsDirectory="bdfa3485-413d-4867-acc1-d1b4663a108c" />
    <UnitTestResult executionId="61f63ff8-1f49-4210-bf65-e8fcb5c65531" testId="f46fda5d-5750-4db5-4e78-e68e765afd13" testName="Register_SamePluginTypeTwice_DeduplicatesByType" computerName="cursor" duration="00:00:00.0001990" startTime="2025-08-11T23:09:01.9942080+00:00" endTime="2025-08-11T23:09:01.9944069+00:00" testType="13cdc9d9-ddb5-4fa4-a97d-d965ccfc6d4b" outcome="Passed" testListId="8c84fa94-04c1-424b-9868-57a2d4851a1d" relativeResultsDirectory="61f63ff8-1f49-4210-bf65-e8fcb5c65531" />
    <UnitTestResult executionId="553cf487-9201-4255-844e-6b8b3e8062aa" testId="0b4fc99c-eb06-94b0-bab6-1d7f1e79217a" testName="WithCustomWait_WithNullCondition_ShouldThrowArgumentNullException" computerName="cursor" duration="00:00:00.0002130" startTime="2025-08-11T23:09:01.7710374+00:00" endTime="2025-08-11T23:09:01.7712499+00:00" testType="13cdc9d9-ddb5-4fa4-a97d-d965ccfc6d4b" outcome="Passed" testListId="8c84fa94-04c1-424b-9868-57a2d4851a1d" relativeResultsDirectory="553cf487-9201-4255-844e-6b8b3e8062aa" />
    <UnitTestResult executionId="5f627b9d-b036-4291-a083-512a41883cff" testId="e78cb7dd-0751-e11c-f830-882cb6a69d14" testName="Constructor_WithNullOptions_ShouldThrowArgumentNullException" computerName="cursor" duration="00:00:00.0001370" startTime="2025-08-11T23:09:01.7985739+00:00" endTime="2025-08-11T23:09:01.7987106+00:00" testType="13cdc9d9-ddb5-4fa4-a97d-d965ccfc6d4b" outcome="Passed" testListId="8c84fa94-04c1-424b-9868-57a2d4851a1d" relativeResultsDirectory="5f627b9d-b036-4291-a083-512a41883cff" />
    <UnitTestResult executionId="7864bc84-85ed-4d79-bade-096293ea8dd7" testId="0857da33-b4ef-b236-6099-02a532ef2a14" testName="CreateElement_WithNullSelector_ShouldThrowArgumentException" computerName="cursor" duration="00:00:00.0001620" startTime="2025-08-11T23:09:01.7996490+00:00" endTime="2025-08-11T23:09:01.7998113+00:00" testType="13cdc9d9-ddb5-4fa4-a97d-d965ccfc6d4b" outcome="Passed" testListId="8c84fa94-04c1-424b-9868-57a2d4851a1d" relativeResultsDirectory="7864bc84-85ed-4d79-bade-096293ea8dd7" />
    <UnitTestResult executionId="5395caa0-cd33-40bc-a740-655c9454acac" testId="0f9360de-cd99-435c-c549-ccd3fe79a633" testName="WebServerProjectPath_Removed_FromOptions" computerName="cursor" duration="00:00:00.0001550" startTime="2025-08-11T23:09:01.9805020+00:00" endTime="2025-08-11T23:09:01.9806564+00:00" testType="13cdc9d9-ddb5-4fa4-a97d-d965ccfc6d4b" outcome="Passed" testListId="8c84fa94-04c1-424b-9868-57a2d4851a1d" relativeResultsDirectory="5395caa0-cd33-40bc-a740-655c9454acac">
      <Output>
        <StdOut>Server project path removed from options; managed by WebServerManager</StdOut>
      </Output>
    </UnitTestResult>
    <UnitTestResult executionId="3cd2d167-bc7f-44b3-8909-ef004b94594f" testId="d9747d07-b571-8346-80a3-fe62a8b92e46" testName="WithWebServerProjectPath_IsRemoved_FromBuilder" computerName="cursor" duration="00:00:00.0002070" startTime="2025-08-11T23:09:01.8422613+00:00" endTime="2025-08-11T23:09:01.8424684+00:00" testType="13cdc9d9-ddb5-4fa4-a97d-d965ccfc6d4b" outcome="Passed" testListId="8c84fa94-04c1-424b-9868-57a2d4851a1d" relativeResultsDirectory="3cd2d167-bc7f-44b3-8909-ef004b94594f">
      <Output>
        <StdOut>Server config APIs removed from options builder; managed by WebServerManager</StdOut>
      </Output>
    </UnitTestResult>
    <UnitTestResult executionId="e71ae1cd-5239-4e47-987c-3b807ff4041c" testId="c3694fbe-f799-3b5e-9ff5-0d754eb65db7" testName="FilterByAttribute_WithNullAttributeName_ShouldThrowArgumentException" computerName="cursor" duration="00:00:00.0002490" startTime="2025-08-11T23:09:01.7911142+00:00" endTime="2025-08-11T23:09:01.7913631+00:00" testType="13cdc9d9-ddb5-4fa4-a97d-d965ccfc6d4b" outcome="Passed" testListId="8c84fa94-04c1-424b-9868-57a2d4851a1d" relativeResultsDirectory="e71ae1cd-5239-4e47-987c-3b807ff4041c" />
    <UnitTestResult executionId="af635ef8-865e-43d3-b126-b33adc3bb6d4" testId="ecd11cad-395d-4d5e-d9ae-03e7b8295be8" testName="WithAttribute_ShouldAddAttribute" computerName="cursor" duration="00:00:00.0002700" startTime="2025-08-11T23:09:01.7699169+00:00" endTime="2025-08-11T23:09:01.7701866+00:00" testType="13cdc9d9-ddb5-4fa4-a97d-d965ccfc6d4b" outcome="Passed" testListId="8c84fa94-04c1-424b-9868-57a2d4851a1d" relativeResultsDirectory="af635ef8-865e-43d3-b126-b33adc3bb6d4" />
    <UnitTestResult executionId="72a65fd4-6b1e-4989-a53e-74c94b0a9f9c" testId="8edbc9e8-8106-4e2b-446e-15afc8cb2e79" testName="WaitForVisible_ShouldCallDriverWaitForElementToBeVisible" computerName="cursor" duration="00:00:00.0002080" startTime="2025-08-11T23:09:01.8178118+00:00" endTime="2025-08-11T23:09:01.8180193+00:00" testType="13cdc9d9-ddb5-4fa4-a97d-d965ccfc6d4b" outcome="Passed" testListId="8c84fa94-04c1-424b-9868-57a2d4851a1d" relativeResultsDirectory="72a65fd4-6b1e-4989-a53e-74c94b0a9f9c" />
    <UnitTestResult executionId="a861f28d-17d0-47e3-988d-35e9126875c1" testId="f3b5f62e-4f46-2207-7f46-5faefe33f536" testName="Exists_WhenElementDoesNotExist_ShouldReturnFalse" computerName="cursor" duration="00:00:00.0008750" startTime="2025-08-11T23:09:01.8066553+00:00" endTime="2025-08-11T23:09:01.8075305+00:00" testType="13cdc9d9-ddb5-4fa4-a97d-d965ccfc6d4b" outcome="Passed" testListId="8c84fa94-04c1-424b-9868-57a2d4851a1d" relativeResultsDirectory="a861f28d-17d0-47e3-988d-35e9126875c1" />
    <UnitTestResult executionId="189871a0-a179-41fa-b11a-5fd380202671" testId="20de0f10-a260-56ec-7409-45cd1f921704" testName="WebApplicationFactory_WithUnhealthyEndpoint_TimesOutPathsCovered" computerName="cursor" duration="00:00:00.0002740" startTime="2025-08-11T23:09:01.7236406+00:00" endTime="2025-08-11T23:09:01.7239147+00:00" testType="13cdc9d9-ddb5-4fa4-a97d-d965ccfc6d4b" outcome="Passed" testListId="8c84fa94-04c1-424b-9868-57a2d4851a1d" relativeResultsDirectory="189871a0-a179-41fa-b11a-5fd380202671" />
    <UnitTestResult executionId="30b119b6-f441-46a4-9bb2-8b01741da65d" testId="3f49ee74-f47f-14db-402b-a5606f508f18" testName="CreateDriver_WithValidOptions_ReturnsDriver" computerName="cursor" duration="00:00:00.0005170" startTime="2025-08-11T23:09:01.9910346+00:00" endTime="2025-08-11T23:09:01.9915520+00:00" testType="13cdc9d9-ddb5-4fa4-a97d-d965ccfc6d4b" outcome="Passed" testListId="8c84fa94-04c1-424b-9868-57a2d4851a1d" relativeResultsDirectory="30b119b6-f441-46a4-9bb2-8b01741da65d" />
    <UnitTestResult executionId="8b217ffa-3361-44c4-89cb-850e616c0703" testId="4346959c-3e94-4c0e-1880-3b5ac77fbbde" testName="RegisterPlugin_WithDuplicatePlugin_DoesNotAddDuplicate" computerName="cursor" duration="00:00:00.0003379" startTime="2025-08-11T23:09:01.9920936+00:00" endTime="2025-08-11T23:09:01.9924318+00:00" testType="13cdc9d9-ddb5-4fa4-a97d-d965ccfc6d4b" outcome="Passed" testListId="8c84fa94-04c1-424b-9868-57a2d4851a1d" relativeResultsDirectory="8b217ffa-3361-44c4-89cb-850e616c0703" />
    <UnitTestResult executionId="795df530-6c5e-4b71-b92d-5fb72cb44ec2" testId="a8ade4ba-35e4-f1b1-b29c-1221576ebc2c" testName="WithDefaultWaitTimeout_WithNegativeTimeout_ThrowsException" computerName="cursor" duration="00:00:00.0001420" startTime="2025-08-11T23:09:01.8377688+00:00" endTime="2025-08-11T23:09:01.8379103+00:00" testType="13cdc9d9-ddb5-4fa4-a97d-d965ccfc6d4b" outcome="Passed" testListId="8c84fa94-04c1-424b-9868-57a2d4851a1d" relativeResultsDirectory="795df530-6c5e-4b71-b92d-5fb72cb44ec2" />
    <UnitTestResult executionId="f150abaf-38b2-42f3-ac18-ee864dcb3287" testId="d8390e41-bd5a-fe7f-3b98-f2190b4f7ae8" testName="RemoveFromCache_WithNonExistingKey_ShouldReturnFalse" computerName="cursor" duration="00:00:00.0000530" startTime="2025-08-11T23:09:01.8019713+00:00" endTime="2025-08-11T23:09:01.8020246+00:00" testType="13cdc9d9-ddb5-4fa4-a97d-d965ccfc6d4b" outcome="Passed" testListId="8c84fa94-04c1-424b-9868-57a2d4851a1d" relativeResultsDirectory="f150abaf-38b2-42f3-ac18-ee864dcb3287" />
    <UnitTestResult executionId="a008a4f0-297d-4fd8-9db8-b0d3f286603d" testId="f2c0b89c-869a-b8e1-4f97-bcdc75425150" testName="FilterByText_WithMatchingText_ShouldReturnFilteredCollection" computerName="cursor" duration="00:00:00.0002080" startTime="2025-08-11T23:09:01.7922404+00:00" endTime="2025-08-11T23:09:01.7924483+00:00" testType="13cdc9d9-ddb5-4fa4-a97d-d965ccfc6d4b" outcome="Passed" testListId="8c84fa94-04c1-424b-9868-57a2d4851a1d" relativeResultsDirectory="a008a4f0-297d-4fd8-9db8-b0d3f286603d" />
    <UnitTestResult executionId="9199b82e-3a7d-405e-b716-37c17a98e03a" testId="bb6d95e1-fe2b-c7f2-f120-8406bb52b03a" testName="WithDefaultWaitTimeout_WithZeroTimeout_ThrowsException" computerName="cursor" duration="00:00:00.0001100" startTime="2025-08-11T23:09:01.8380660+00:00" endTime="2025-08-11T23:09:01.8381759+00:00" testType="13cdc9d9-ddb5-4fa4-a97d-d965ccfc6d4b" outcome="Passed" testListId="8c84fa94-04c1-424b-9868-57a2d4851a1d" relativeResultsDirectory="9199b82e-3a7d-405e-b716-37c17a98e03a" />
    <UnitTestResult executionId="77742c0f-12b4-4b20-bcad-7bb82f0ad8ff" testId="75c5db20-bc00-63de-91f7-e74098d22990" testName="CreateElement_WithNullConfiguration_ShouldThrowArgumentNullException" computerName="cursor" duration="00:00:00.0001670" startTime="2025-08-11T23:09:01.7994742+00:00" endTime="2025-08-11T23:09:01.7996414+00:00" testType="13cdc9d9-ddb5-4fa4-a97d-d965ccfc6d4b" outcome="Passed" testListId="8c84fa94-04c1-424b-9868-57a2d4851a1d" relativeResultsDirectory="77742c0f-12b4-4b20-bcad-7bb82f0ad8ff" />
    <UnitTestResult executionId="62dd66dc-8584-45cb-9572-dc4aff4e6557" testId="121b3ea7-a273-e796-8c2e-1aff78536d24" testName="Click_ShouldCallDriverClick" computerName="cursor" duration="00:00:00.0037710" startTime="2025-08-11T23:09:01.8021261+00:00" endTime="2025-08-11T23:09:01.8058973+00:00" testType="13cdc9d9-ddb5-4fa4-a97d-d965ccfc6d4b" outcome="Passed" testListId="8c84fa94-04c1-424b-9868-57a2d4851a1d" relativeResultsDirectory="62dd66dc-8584-45cb-9572-dc4aff4e6557" />
    <UnitTestResult executionId="4c1cbade-d184-4d66-a421-e4e5d2b4095b" testId="dd8f8349-d619-3359-a263-b07e1bc2b428" testName="Indexer_WithIndexGreaterThanCount_ShouldThrowArgumentOutOfRangeException" computerName="cursor" duration="00:00:00.0003110" startTime="2025-08-11T23:09:01.7954754+00:00" endTime="2025-08-11T23:09:01.7957865+00:00" testType="13cdc9d9-ddb5-4fa4-a97d-d965ccfc6d4b" outcome="Passed" testListId="8c84fa94-04c1-424b-9868-57a2d4851a1d" relativeResultsDirectory="4c1cbade-d184-4d66-a421-e4e5d2b4095b" />
    <UnitTestResult executionId="f5885185-2cf0-4c06-914a-1958bb50b4d7" testId="0cc5a016-6448-c184-75cf-5538243062ce" testName="WithServerConfiguration_WithNullConfiguration_Removed" computerName="cursor" duration="00:00:00.0001640" startTime="2025-08-11T23:09:01.8412822+00:00" endTime="2025-08-11T23:09:01.8414459+00:00" testType="13cdc9d9-ddb5-4fa4-a97d-d965ccfc6d4b" outcome="Passed" testListId="8c84fa94-04c1-424b-9868-57a2d4851a1d" relativeResultsDirectory="f5885185-2cf0-4c06-914a-1958bb50b4d7">
      <Output>
        <StdOut>Removed</StdOut>
      </Output>
    </UnitTestResult>
    <UnitTestResult executionId="6703e150-d8d8-4135-aa80-45151a5ca32e" testId="280bf3f0-72fb-f486-cff4-df88da493c15" testName="WebApplicationFactory_WithHealthyEndpoint_ReadinessPathsCovered" computerName="cursor" duration="00:00:00.0641570" startTime="2025-08-11T23:09:01.6594634+00:00" endTime="2025-08-11T23:09:01.7236202+00:00" testType="13cdc9d9-ddb5-4fa4-a97d-d965ccfc6d4b" outcome="Passed" testListId="8c84fa94-04c1-424b-9868-57a2d4851a1d" relativeResultsDirectory="6703e150-d8d8-4135-aa80-45151a5ca32e" />
    <UnitTestResult executionId="2fefb698-3e31-4c20-95a2-d278cabee1bc" testId="dd2018e8-67f8-175b-29d6-c073c16953d1" testName="Constructor_WithValidElements_ShouldInitializeCollection" computerName="cursor" duration="00:00:00.0011480" startTime="2025-08-11T23:09:01.7832104+00:00" endTime="2025-08-11T23:09:01.7843581+00:00" testType="13cdc9d9-ddb5-4fa4-a97d-d965ccfc6d4b" outcome="Passed" testListId="8c84fa94-04c1-424b-9868-57a2d4851a1d" relativeResultsDirectory="2fefb698-3e31-4c20-95a2-d278cabee1bc" />
    <UnitTestResult executionId="5fad1887-accb-44b0-9402-1b032cf347a4" testId="dddb8e0d-1bc6-fd59-4ffa-24cd6ce629ee" testName="IsCached_WithExistingKey_ShouldReturnTrue" computerName="cursor" duration="00:00:00.0000810" startTime="2025-08-11T23:09:01.8008914+00:00" endTime="2025-08-11T23:09:01.8009726+00:00" testType="13cdc9d9-ddb5-4fa4-a97d-d965ccfc6d4b" outcome="Passed" testListId="8c84fa94-04c1-424b-9868-57a2d4851a1d" relativeResultsDirectory="5fad1887-accb-44b0-9402-1b032cf347a4" />
    <UnitTestResult executionId="d04fbb62-22c8-4b98-8301-4d191703853b" testId="d52fd675-05c7-c95c-d1f1-981f3a4f3701" testName="WithDescription_WithNullDescription_ShouldSetEmptyString" computerName="cursor" duration="00:00:00.0001200" startTime="2025-08-11T23:09:01.7713917+00:00" endTime="2025-08-11T23:09:01.7715122+00:00" testType="13cdc9d9-ddb5-4fa4-a97d-d965ccfc6d4b" outcome="Passed" testListId="8c84fa94-04c1-424b-9868-57a2d4851a1d" relativeResultsDirectory="d04fbb62-22c8-4b98-8301-4d191703853b" />
    <UnitTestResult executionId="55d97c9a-1997-4f5b-9e00-bc1d2b1b4444" testId="4d36eff3-cb8c-cc2b-ae0a-7341e46f417f" testName="Constructor_WithNullOptions_ThrowsArgumentNullException" computerName="cursor" duration="00:00:00.0002030" startTime="2025-08-11T23:09:01.8232418+00:00" endTime="2025-08-11T23:09:01.8234446+00:00" testType="13cdc9d9-ddb5-4fa4-a97d-d965ccfc6d4b" outcome="Passed" testListId="8c84fa94-04c1-424b-9868-57a2d4851a1d" relativeResultsDirectory="55d97c9a-1997-4f5b-9e00-bc1d2b1b4444" />
    <UnitTestResult executionId="d0601dab-189d-4062-bedc-97743a48ff0e" testId="179b7383-7c66-19a3-5099-a84ccfda3312" testName="GetText_ShouldCallDriverGetText" computerName="cursor" duration="00:00:00.0006010" startTime="2025-08-11T23:09:01.8085906+00:00" endTime="2025-08-11T23:09:01.8091913+00:00" testType="13cdc9d9-ddb5-4fa4-a97d-d965ccfc6d4b" outcome="Passed" testListId="8c84fa94-04c1-424b-9868-57a2d4851a1d" relativeResultsDirectory="d0601dab-189d-4062-bedc-97743a48ff0e" />
    <UnitTestResult executionId="6a822c8b-831c-4d24-8790-0443216b6d7e" testId="fcd32eae-1929-9e13-f2a2-ebf52e2ea1bb" testName="WebApplicationFactory_GetLauncher_SelectsCorrectLauncher" computerName="cursor" duration="00:00:00.0002640" startTime="2025-08-11T23:09:02.0005189+00:00" endTime="2025-08-11T23:09:02.0007826+00:00" testType="13cdc9d9-ddb5-4fa4-a97d-d965ccfc6d4b" outcome="Passed" testListId="8c84fa94-04c1-424b-9868-57a2d4851a1d" relativeResultsDirectory="6a822c8b-831c-4d24-8790-0443216b6d7e" />
    <UnitTestResult executionId="10029658-e5be-4694-a7af-0428836dc7da" testId="58c799eb-3510-390d-5f8b-eb2a700feeb4" testName="Build_ShouldReturnConfiguredElement" computerName="cursor" duration="00:00:00.0358960" startTime="2025-08-11T23:09:01.7301405+00:00" endTime="2025-08-11T23:09:01.7660359+00:00" testType="13cdc9d9-ddb5-4fa4-a97d-d965ccfc6d4b" outcome="Passed" testListId="8c84fa94-04c1-424b-9868-57a2d4851a1d" relativeResultsDirectory="10029658-e5be-4694-a7af-0428836dc7da" />
    <UnitTestResult executionId="7dc33dd3-f0e7-40b9-b73a-b450a4cd1ce8" testId="12ff9ff8-18aa-7b6e-4922-4d2923a6060b" testName="RegisterPlugin_WithValidPluginInstance_RegistersPlugin" computerName="cursor" duration="00:00:00.0003690" startTime="2025-08-11T23:09:01.9926498+00:00" endTime="2025-08-11T23:09:01.9930187+00:00" testType="13cdc9d9-ddb5-4fa4-a97d-d965ccfc6d4b" outcome="Passed" testListId="8c84fa94-04c1-424b-9868-57a2d4851a1d" relativeResultsDirectory="7dc33dd3-f0e7-40b9-b73a-b450a4cd1ce8" />
    <UnitTestResult executionId="d1328547-252b-4f11-9281-cb2511931173" testId="cbefd2c6-af4f-b601-5e3c-99959e055433" testName="LastOrDefault_WithNonEmptyCollection_ShouldReturnLastElement" computerName="cursor" duration="00:00:00.0002100" startTime="2025-08-11T23:09:01.7969574+00:00" endTime="2025-08-11T23:09:01.7971674+00:00" testType="13cdc9d9-ddb5-4fa4-a97d-d965ccfc6d4b" outcome="Passed" testListId="8c84fa94-04c1-424b-9868-57a2d4851a1d" relativeResultsDirectory="d1328547-252b-4f11-9281-cb2511931173" />
    <UnitTestResult executionId="dce2e3d0-6e13-4114-b865-cc51b2990084" testId="2944cbda-271d-8e00-031a-dd03321c1f09" testName="WithHeadlessMode_WithValidValue_SetsHeadlessMode" computerName="cursor" duration="00:00:00.0003450" startTime="2025-08-11T23:09:01.8406105+00:00" endTime="2025-08-11T23:09:01.8409558+00:00" testType="13cdc9d9-ddb5-4fa4-a97d-d965ccfc6d4b" outcome="Passed" testListId="8c84fa94-04c1-424b-9868-57a2d4851a1d" relativeResultsDirectory="dce2e3d0-6e13-4114-b865-cc51b2990084" />
    <UnitTestResult executionId="36254bd7-96b6-4a62-a7a2-35ada44a3bf0" testId="179ad534-942e-3d0d-8cd9-ff68b706f3bf" testName="IsSelected_ShouldReturnFalse" computerName="cursor" duration="00:00:00.0001390" startTime="2025-08-11T23:09:01.8108277+00:00" endTime="2025-08-11T23:09:01.8109669+00:00" testType="13cdc9d9-ddb5-4fa4-a97d-d965ccfc6d4b" outcome="Passed" testListId="8c84fa94-04c1-424b-9868-57a2d4851a1d" relativeResultsDirectory="36254bd7-96b6-4a62-a7a2-35ada44a3bf0" />
    <UnitTestResult executionId="f7c9a3c4-8b00-4243-802e-aa7bd4183897" testId="b16522d5-763c-5079-f175-3132fe0bb3ec" testName="GetPlugins_ReturnsReadOnlyCollection" computerName="cursor" duration="00:00:00.0002060" startTime="2025-08-11T23:09:01.9915653+00:00" endTime="2025-08-11T23:09:01.9917716+00:00" testType="13cdc9d9-ddb5-4fa4-a97d-d965ccfc6d4b" outcome="Passed" testListId="8c84fa94-04c1-424b-9868-57a2d4851a1d" relativeResultsDirectory="f7c9a3c4-8b00-4243-802e-aa7bd4183897" />
    <UnitTestResult executionId="33c343e3-2d89-4023-bf1b-dd6c79d27070" testId="7fb7363f-268a-d980-fb84-31f8b492a262" testName="FirstOrDefault_WithEmptyCollection_ShouldReturnNull" computerName="cursor" duration="00:00:00.0002999" startTime="2025-08-11T23:09:01.7932664+00:00" endTime="2025-08-11T23:09:01.7935664+00:00" testType="13cdc9d9-ddb5-4fa4-a97d-d965ccfc6d4b" outcome="Passed" testListId="8c84fa94-04c1-424b-9868-57a2d4851a1d" relativeResultsDirectory="33c343e3-2d89-4023-bf1b-dd6c79d27070" />
    <UnitTestResult executionId="7f7316cc-c6d7-4f80-a897-00037c77de6a" testId="85b3a0e0-be33-c2c1-998a-6dc53854bf16" testName="WaitFor_WithVisibleStrategy_ShouldCallWaitForVisible" computerName="cursor" duration="00:00:00.0003350" startTime="2025-08-11T23:09:01.8171592+00:00" endTime="2025-08-11T23:09:01.8174939+00:00" testType="13cdc9d9-ddb5-4fa4-a97d-d965ccfc6d4b" outcome="Passed" testListId="8c84fa94-04c1-424b-9868-57a2d4851a1d" relativeResultsDirectory="7f7316cc-c6d7-4f80-a897-00037c77de6a" />
    <UnitTestResult executionId="595eb066-86a1-4bab-9597-9442f53fc6b2" testId="ddff61cf-6c8e-562e-62f7-c9fb5ab0fb05" testName="Constructor_WithValidOptions_CreatesInstance" computerName="cursor" duration="00:00:00.1350020" startTime="2025-08-11T23:09:01.8443534+00:00" endTime="2025-08-11T23:09:01.9793556+00:00" testType="13cdc9d9-ddb5-4fa4-a97d-d965ccfc6d4b" outcome="Passed" testListId="8c84fa94-04c1-424b-9868-57a2d4851a1d" relativeResultsDirectory="595eb066-86a1-4bab-9597-9442f53fc6b2">
      <Output>
        <StdOut>PluginRegistry count before seeding: 1
PluginManager count after seeding: 1</StdOut>
      </Output>
    </UnitTestResult>
    <UnitTestResult executionId="4c86cfc1-d3d4-49c3-ae93-80b228a063ee" testId="cc28fd0d-aeb1-6068-03cf-a613121c3154" testName="First_WithEmptyCollection_ShouldThrowInvalidOperationException" computerName="cursor" duration="00:00:00.0003170" startTime="2025-08-11T23:09:01.7926558+00:00" endTime="2025-08-11T23:09:01.7929724+00:00" testType="13cdc9d9-ddb5-4fa4-a97d-d965ccfc6d4b" outcome="Passed" testListId="8c84fa94-04c1-424b-9868-57a2d4851a1d" relativeResultsDirectory="4c86cfc1-d3d4-49c3-ae93-80b228a063ee" />
    <UnitTestResult executionId="bdea8357-259d-4807-afe7-bba1da058ef2" testId="07d2e673-5834-e2ca-06bc-89c7780bb3c8" testName="SpaProxy_Toggle_SetsHostingStartupAssembliesEnv" computerName="cursor" duration="00:00:00.0002010" startTime="2025-08-11T23:09:02.0001155+00:00" endTime="2025-08-11T23:09:02.0003161+00:00" testType="13cdc9d9-ddb5-4fa4-a97d-d965ccfc6d4b" outcome="Passed" testListId="8c84fa94-04c1-424b-9868-57a2d4851a1d" relativeResultsDirectory="bdea8357-259d-4807-afe7-bba1da058ef2">
      <Output>
        <StdOut>=== SPA proxy enabled ===
Builder methods:
.WithSpaProxy(true)
Run command:
dotnet run --framework net8.0 --configuration Release --no-launch-profile
Environment variables:
ASPNETCORE_ENVIRONMENT=Development
ASPNETCORE_HOSTINGSTARTUPASSEMBLIES=Microsoft.AspNetCore.SpaProxy
====================

=== SPA proxy disabled ===
Builder methods:
.WithSpaProxy(false)
Run command:
dotnet run --framework net8.0 --configuration Release --no-launch-profile
Environment variables:
ASPNETCORE_ENVIRONMENT=Development
ASPNETCORE_HOSTINGSTARTUPASSEMBLIES=
====================</StdOut>
      </Output>
    </UnitTestResult>
    <UnitTestResult executionId="5afbdba2-e96c-4255-bd24-d9f22b7da7a0" testId="32cab928-a934-2b6a-7a60-1dfa1c7f9abb" testName="WaitForHidden_ShouldCallDriverWaitForElementToBeHidden" computerName="cursor" duration="00:00:00.0002950" startTime="2025-08-11T23:09:01.8175058+00:00" endTime="2025-08-11T23:09:01.8178008+00:00" testType="13cdc9d9-ddb5-4fa4-a97d-d965ccfc6d4b" outcome="Passed" testListId="8c84fa94-04c1-424b-9868-57a2d4851a1d" relativeResultsDirectory="5afbdba2-e96c-4255-bd24-d9f22b7da7a0" />
    <UnitTestResult executionId="e62a8652-182c-4b7b-8a2b-c38c7e16e267" testId="2ae1304c-81ac-a359-4734-cee502a63ccd" testName="NavigateToUrl_WithValidUrl_NavigatesSuccessfully" computerName="cursor" duration="00:00:00.0003810" startTime="2025-08-11T23:09:01.9854006+00:00" endTime="2025-08-11T23:09:01.9857816+00:00" testType="13cdc9d9-ddb5-4fa4-a97d-d965ccfc6d4b" outcome="Passed" testListId="8c84fa94-04c1-424b-9868-57a2d4851a1d" relativeResultsDirectory="e62a8652-182c-4b7b-8a2b-c38c7e16e267" />
    <UnitTestResult executionId="a7f39b70-c37c-4a66-b0f4-1fbc59c3443a" testId="a646cbbd-eb04-f9aa-5695-780998d26368" testName="WithDescription_ShouldSetDescription" computerName="cursor" duration="00:00:00.0001260" startTime="2025-08-11T23:09:01.7712575+00:00" endTime="2025-08-11T23:09:01.7713836+00:00" testType="13cdc9d9-ddb5-4fa4-a97d-d965ccfc6d4b" outcome="Passed" testListId="8c84fa94-04c1-424b-9868-57a2d4851a1d" relativeResultsDirectory="a7f39b70-c37c-4a66-b0f4-1fbc59c3443a" />
    <UnitTestResult executionId="e90361f7-2bd4-458e-969d-c893d09346b8" testId="c9f61712-9fd7-d6bb-db15-07624030c6e4" testName="Last_WithEmptyCollection_ShouldThrowInvalidOperationException" computerName="cursor" duration="00:00:00.0003050" startTime="2025-08-11T23:09:01.7961877+00:00" endTime="2025-08-11T23:09:01.7964924+00:00" testType="13cdc9d9-ddb5-4fa4-a97d-d965ccfc6d4b" outcome="Passed" testListId="8c84fa94-04c1-424b-9868-57a2d4851a1d" relativeResultsDirectory="e90361f7-2bd4-458e-969d-c893d09346b8" />
    <UnitTestResult executionId="9517ce0f-a0da-44ba-a954-aea2b3007678" testId="ba86690a-e524-5b30-0581-e7c61fd4694c" testName="SpaProxyEnv_PropagatesToStartInfo" computerName="cursor" duration="00:00:00.0009460" startTime="2025-08-11T23:09:01.6583445+00:00" endTime="2025-08-11T23:09:01.6592905+00:00" testType="13cdc9d9-ddb5-4fa4-a97d-d965ccfc6d4b" outcome="Passed" testListId="8c84fa94-04c1-424b-9868-57a2d4851a1d" relativeResultsDirectory="9517ce0f-a0da-44ba-a954-aea2b3007678" />
    <UnitTestResult executionId="f2d4dca0-6557-447b-95ce-6c7beeb1af31" testId="3c6ae5e7-2078-93c7-0cb9-170c4974fe27" testName="WithSlowMo_WithValidValue_SetsSlowMo" computerName="cursor" duration="00:00:00.0001420" startTime="2025-08-11T23:09:01.8418041+00:00" endTime="2025-08-11T23:09:01.8419458+00:00" testType="13cdc9d9-ddb5-4fa4-a97d-d965ccfc6d4b" outcome="Passed" testListId="8c84fa94-04c1-424b-9868-57a2d4851a1d" relativeResultsDirectory="f2d4dca0-6557-447b-95ce-6c7beeb1af31" />
    <UnitTestResult executionId="39010f95-4a17-475e-b83f-61357cdc90d7" testId="bf028da6-1617-4eb8-985e-f133f6495b1c" testName="IsCached_WithNonExistingKey_ShouldReturnFalse" computerName="cursor" duration="00:00:00.0000540" startTime="2025-08-11T23:09:01.8009786+00:00" endTime="2025-08-11T23:09:01.8010323+00:00" testType="13cdc9d9-ddb5-4fa4-a97d-d965ccfc6d4b" outcome="Passed" testListId="8c84fa94-04c1-424b-9868-57a2d4851a1d" relativeResultsDirectory="39010f95-4a17-475e-b83f-61357cdc90d7" />
    <UnitTestResult executionId="9583ec3b-c6b9-4534-a632-f2f3753d62c0" testId="7af08328-43c6-c4ff-4de5-161f93857df3" testName="StartServerAsync_MutexHeldByOther_AndServerBecomesReady_Completes" computerName="cursor" duration="00:00:00.1731240" startTime="2025-08-11T23:09:02.0040255+00:00" endTime="2025-08-11T23:09:02.1771490+00:00" testType="13cdc9d9-ddb5-4fa4-a97d-d965ccfc6d4b" outcome="Passed" testListId="8c84fa94-04c1-424b-9868-57a2d4851a1d" relativeResultsDirectory="9583ec3b-c6b9-4534-a632-f2f3753d62c0" />
    <UnitTestResult executionId="c3a5f047-2458-4b83-96d1-7c780e44e0f0" testId="d93cec4f-53d9-403d-a92c-21324eed1dc2" testName="FilterByAttribute_WithNoMatchingAttribute_ShouldReturnEmptyCollection" computerName="cursor" duration="00:00:00.0001950" startTime="2025-08-11T23:09:01.7909118+00:00" endTime="2025-08-11T23:09:01.7911063+00:00" testType="13cdc9d9-ddb5-4fa4-a97d-d965ccfc6d4b" outcome="Passed" testListId="8c84fa94-04c1-424b-9868-57a2d4851a1d" relativeResultsDirectory="c3a5f047-2458-4b83-96d1-7c780e44e0f0" />
    <UnitTestResult executionId="070cbdd8-703d-4be9-95f3-c7e6a1300ac9" testId="b301e5a2-6274-43e4-8d33-13911ec17a00" testName="GetPlugins_ReturnsRegisteredPlugins" computerName="cursor" duration="00:00:00.0002990" startTime="2025-08-11T23:09:01.9917810+00:00" endTime="2025-08-11T23:09:01.9920802+00:00" testType="13cdc9d9-ddb5-4fa4-a97d-d965ccfc6d4b" outcome="Passed" testListId="8c84fa94-04c1-424b-9868-57a2d4851a1d" relativeResultsDirectory="070cbdd8-703d-4be9-95f3-c7e6a1300ac9" />
    <UnitTestResult executionId="620e6768-7783-48d0-ae37-9aaa5c1f891b" testId="95cf8d21-caaa-bf90-a4bb-f43f9e880ae1" testName="IsDisplayed_ShouldReturnIsVisibleResult" computerName="cursor" duration="00:00:00.0010660" startTime="2025-08-11T23:09:01.8092168+00:00" endTime="2025-08-11T23:09:01.8102827+00:00" testType="13cdc9d9-ddb5-4fa4-a97d-d965ccfc6d4b" outcome="Passed" testListId="8c84fa94-04c1-424b-9868-57a2d4851a1d" relativeResultsDirectory="620e6768-7783-48d0-ae37-9aaa5c1f891b" />
    <UnitTestResult executionId="dda27bf9-d174-4ccb-8e72-699780e183a2" testId="9db3b268-6657-af98-9f75-1b63df5c1b61" testName="CustomEnvironmentVariables_ArePreserved" computerName="cursor" duration="00:00:00.0005040" startTime="2025-08-11T23:09:01.9977335+00:00" endTime="2025-08-11T23:09:01.9982371+00:00" testType="13cdc9d9-ddb5-4fa4-a97d-d965ccfc6d4b" outcome="Passed" testListId="8c84fa94-04c1-424b-9868-57a2d4851a1d" relativeResultsDirectory="dda27bf9-d174-4ccb-8e72-699780e183a2">
      <Output>
        <StdOut>=== Custom env vars ===
Builder methods:
.WithEnvironmentVariable("MY_SETTING", "abc").WithEnvironmentVariables(...) 
Run command:
dotnet run --framework net8.0 --configuration Release --no-launch-profile
Environment variables:
ASPNETCORE_ENVIRONMENT=Staging
ASPNETCORE_HOSTINGSTARTUPASSEMBLIES=
FOO=bar
MY_SETTING=abc
====================</StdOut>
      </Output>
    </UnitTestResult>
    <UnitTestResult executionId="68f41555-d677-4e8c-ba15-0d61bb265fe5" testId="99f01ded-3ca2-e651-a7da-fe562e1e4884" testName="WithDefaultWaitTimeout_WithValidTimeout_SetsDefaultWaitTimeout" computerName="cursor" duration="00:00:00.0001430" startTime="2025-08-11T23:09:01.8379163+00:00" endTime="2025-08-11T23:09:01.8380597+00:00" testType="13cdc9d9-ddb5-4fa4-a97d-d965ccfc6d4b" outcome="Passed" testListId="8c84fa94-04c1-424b-9868-57a2d4851a1d" relativeResultsDirectory="68f41555-d677-4e8c-ba15-0d61bb265fe5" />
    <UnitTestResult executionId="823d0752-0d1c-4147-aa0b-461c1f538f13" testId="e08a08af-210e-a1c2-6824-5a7b54cc2338" testName="Constructor_WithNullSelector_ShouldThrowArgumentNullException" computerName="cursor" duration="00:00:00.0004300" startTime="2025-08-11T23:09:01.8059141+00:00" endTime="2025-08-11T23:09:01.8063443+00:00" testType="13cdc9d9-ddb5-4fa4-a97d-d965ccfc6d4b" outcome="Passed" testListId="8c84fa94-04c1-424b-9868-57a2d4851a1d" relativeResultsDirectory="823d0752-0d1c-4147-aa0b-461c1f538f13" />
    <UnitTestResult executionId="b667846b-cbd1-4e2a-a789-c86ea50e6498" testId="71ed1687-d25f-f0b2-eee1-f1f69754d207" testName="Indexer_WithIndexEqualToCount_ShouldThrowArgumentOutOfRangeException" computerName="cursor" duration="00:00:00.0004720" startTime="2025-08-11T23:09:01.7949898+00:00" endTime="2025-08-11T23:09:01.7954614+00:00" testType="13cdc9d9-ddb5-4fa4-a97d-d965ccfc6d4b" outcome="Passed" testListId="8c84fa94-04c1-424b-9868-57a2d4851a1d" relativeResultsDirectory="b667846b-cbd1-4e2a-a789-c86ea50e6498" />
    <UnitTestResult executionId="af7c2737-ad5b-45b1-ae0d-8f6bea24185c" testId="ab102e48-216b-a6e1-6a1e-ce5492770c81" testName="ValidatePlugins_WithInvalidPlugin_ThrowsPluginException" computerName="cursor" duration="00:00:00.0006830" startTime="2025-08-11T23:09:01.9932271+00:00" endTime="2025-08-11T23:09:01.9939100+00:00" testType="13cdc9d9-ddb5-4fa4-a97d-d965ccfc6d4b" outcome="Passed" testListId="8c84fa94-04c1-424b-9868-57a2d4851a1d" relativeResultsDirectory="af7c2737-ad5b-45b1-ae0d-8f6bea24185c" />
    <UnitTestResult executionId="75321698-1dc6-4e15-b014-6a8560f00c9f" testId="44803fba-616e-b64e-f070-676eb27c9592" testName="Type_ShouldCallDriverType" computerName="cursor" duration="00:00:00.0005019" startTime="2025-08-11T23:09:01.8118850+00:00" endTime="2025-08-11T23:09:01.8123868+00:00" testType="13cdc9d9-ddb5-4fa4-a97d-d965ccfc6d4b" outcome="Passed" testListId="8c84fa94-04c1-424b-9868-57a2d4851a1d" relativeResultsDirectory="75321698-1dc6-4e15-b014-6a8560f00c9f" />
    <UnitTestResult executionId="d70d13b9-faa3-4e77-89e9-c203c4662fd1" testId="ffb66a76-a7d1-dfa1-aa9c-bf5163813cc6" testName="First_WithNonEmptyCollection_ShouldReturnFirstElement" computerName="cursor" duration="00:00:00.0002640" startTime="2025-08-11T23:09:01.7929818+00:00" endTime="2025-08-11T23:09:01.7932459+00:00" testType="13cdc9d9-ddb5-4fa4-a97d-d965ccfc6d4b" outcome="Passed" testListId="8c84fa94-04c1-424b-9868-57a2d4851a1d" relativeResultsDirectory="d70d13b9-faa3-4e77-89e9-c203c4662fd1" />
    <UnitTestResult executionId="a0da9d8b-30f7-4145-9083-b313c283ab7b" testId="3972325b-780e-8149-0501-afcdb2e51733" testName="IsEnabled_ShouldCallDriverIsEnabled" computerName="cursor" duration="00:00:00.0005070" startTime="2025-08-11T23:09:01.8102988+00:00" endTime="2025-08-11T23:09:01.8108055+00:00" testType="13cdc9d9-ddb5-4fa4-a97d-d965ccfc6d4b" outcome="Passed" testListId="8c84fa94-04c1-424b-9868-57a2d4851a1d" relativeResultsDirectory="a0da9d8b-30f7-4145-9083-b313c283ab7b" />
    <UnitTestResult executionId="9b072004-036d-40d7-9fba-5b6cbc02322b" testId="551fc6ac-b856-8cac-3508-c2c42f5670a1" testName="FluentChaining_ShouldWorkCorrectly" computerName="cursor" duration="00:00:00.0003869" startTime="2025-08-11T23:09:01.7695198+00:00" endTime="2025-08-11T23:09:01.7699070+00:00" testType="13cdc9d9-ddb5-4fa4-a97d-d965ccfc6d4b" outcome="Passed" testListId="8c84fa94-04c1-424b-9868-57a2d4851a1d" relativeResultsDirectory="9b072004-036d-40d7-9fba-5b6cbc02322b" />
    <UnitTestResult executionId="6bdd319b-a765-4fbf-ad78-587f8e9baa34" testId="b7f18d4e-e8c0-3285-6e79-21ddd24f3d41" testName="DotNet_ForwardedHeadersFlag_SerializesAsLowercaseBoolean" computerName="cursor" duration="00:00:00.0001299" startTime="2025-08-11T23:09:01.9985149+00:00" endTime="2025-08-11T23:09:01.9986445+00:00" testType="13cdc9d9-ddb5-4fa4-a97d-d965ccfc6d4b" outcome="Passed" testListId="8c84fa94-04c1-424b-9868-57a2d4851a1d" relativeResultsDirectory="6bdd319b-a765-4fbf-ad78-587f8e9baa34" />
    <UnitTestResult executionId="18eef6cb-1070-4998-bdcf-47371ab6c106" testId="1c8b7bab-7237-42e0-5fb5-c55615089994" testName="RegisterElement_WithValidParameters_ShouldCacheElement" computerName="cursor" duration="00:00:00.0001570" startTime="2025-08-11T23:09:01.8016057+00:00" endTime="2025-08-11T23:09:01.8017627+00:00" testType="13cdc9d9-ddb5-4fa4-a97d-d965ccfc6d4b" outcome="Passed" testListId="8c84fa94-04c1-424b-9868-57a2d4851a1d" relativeResultsDirectory="18eef6cb-1070-4998-bdcf-47371ab6c106" />
    <UnitTestResult executionId="c7c7a0b3-2fd8-40f3-b95d-a40ff89ef51b" testId="5457ec9d-b666-cb43-0581-94c4ccf2eefc" testName="NodeJs_WithScriptAndEnv_ProducesExpectedCommandAndEnv" computerName="cursor" duration="00:00:00.0009410" startTime="2025-08-11T23:09:01.9991577+00:00" endTime="2025-08-11T23:09:02.0000989+00:00" testType="13cdc9d9-ddb5-4fa4-a97d-d965ccfc6d4b" outcome="Passed" testListId="8c84fa94-04c1-424b-9868-57a2d4851a1d" relativeResultsDirectory="c7c7a0b3-2fd8-40f3-b95d-a40ff89ef51b">
      <Output>
        <StdOut>=== Node.js (npm run) ===
Builder methods: WithNpmScript("dev").WithNodeEnvironment("production").WithPort(7777).WithArguments("--", "--open")
npm start dev -- --open
NODE_ENV=production
PORT=7777
====================</StdOut>
      </Output>
    </UnitTestResult>
    <UnitTestResult executionId="99e1ed4e-56dd-42d2-80e8-e6e5ff8dda71" testId="6d5a4486-b343-0cdc-4507-2918b358e5b5" testName="DotNet_WorkingDirectory_IsApplied" computerName="cursor" duration="00:00:00.0001730" startTime="2025-08-11T23:09:01.9989763+00:00" endTime="2025-08-11T23:09:01.9991497+00:00" testType="13cdc9d9-ddb5-4fa4-a97d-d965ccfc6d4b" outcome="Passed" testListId="8c84fa94-04c1-424b-9868-57a2d4851a1d" relativeResultsDirectory="99e1ed4e-56dd-42d2-80e8-e6e5ff8dda71" />
    <UnitTestResult executionId="9f48fac9-eff1-49bf-a702-59213935ecd7" testId="46930332-f66d-a8f0-6df4-449ab0a9cd10" testName="Indexer_WithNegativeIndex_ShouldThrowArgumentOutOfRangeException" computerName="cursor" duration="00:00:00.0002220" startTime="2025-08-11T23:09:01.7957969+00:00" endTime="2025-08-11T23:09:01.7960186+00:00" testType="13cdc9d9-ddb5-4fa4-a97d-d965ccfc6d4b" outcome="Passed" testListId="8c84fa94-04c1-424b-9868-57a2d4851a1d" relativeResultsDirectory="9f48fac9-eff1-49bf-a702-59213935ecd7" />
    <UnitTestResult executionId="1153f970-5100-4c92-abaa-d5e0adc3d9fe" testId="33a7bbde-5ce9-4487-c1d1-eb748c5080db" testName="CreateDriver_WithNullOptions_ThrowsArgumentNullException" computerName="cursor" duration="00:00:00.0001650" startTime="2025-08-11T23:09:01.9908624+00:00" endTime="2025-08-11T23:09:01.9910271+00:00" testType="13cdc9d9-ddb5-4fa4-a97d-d965ccfc6d4b" outcome="Passed" testListId="8c84fa94-04c1-424b-9868-57a2d4851a1d" relativeResultsDirectory="1153f970-5100-4c92-abaa-d5e0adc3d9fe" />
    <UnitTestResult executionId="fee83593-df5d-4582-a5f2-2d55efc4d570" testId="eeb41d66-bc8a-3f24-dae1-82048046740c" testName="WithSlowMo_WithNullValue_SetsSlowMoToNull" computerName="cursor" duration="00:00:00.0001740" startTime="2025-08-11T23:09:01.8416235+00:00" endTime="2025-08-11T23:09:01.8417974+00:00" testType="13cdc9d9-ddb5-4fa4-a97d-d965ccfc6d4b" outcome="Passed" testListId="8c84fa94-04c1-424b-9868-57a2d4851a1d" relativeResultsDirectory="fee83593-df5d-4582-a5f2-2d55efc4d570" />
    <UnitTestResult executionId="40a020d4-c0e6-4c4c-9820-413ff8429bfb" testId="770867d9-ec05-f95d-4f86-cd135b847493" testName="WithWaitStrategy_ShouldSetWaitStrategy" computerName="cursor" duration="00:00:00.0001350" startTime="2025-08-11T23:09:01.7718342+00:00" endTime="2025-08-11T23:09:01.7719696+00:00" testType="13cdc9d9-ddb5-4fa4-a97d-d965ccfc6d4b" outcome="Passed" testListId="8c84fa94-04c1-424b-9868-57a2d4851a1d" relativeResultsDirectory="40a020d4-c0e6-4c4c-9820-413ff8429bfb" />
    <UnitTestResult executionId="14e30759-2dc2-4037-8f5e-e0ba270d1534" testId="3060bcb3-7dbb-52ae-d898-6c736e92902a" testName="RegisterDetector_WithValidDetector_RegistersSuccessfully" computerName="cursor" duration="00:00:00.0003240" startTime="2025-08-11T23:09:02.0033097+00:00" endTime="2025-08-11T23:09:02.0036340+00:00" testType="13cdc9d9-ddb5-4fa4-a97d-d965ccfc6d4b" outcome="Passed" testListId="8c84fa94-04c1-424b-9868-57a2d4851a1d" relativeResultsDirectory="14e30759-2dc2-4037-8f5e-e0ba270d1534">
      <Output>
        <StdOut>Detector registered successfully</StdOut>
      </Output>
    </UnitTestResult>
    <UnitTestResult executionId="0a83e978-b793-4e71-8a94-9a0c7ffdfca5" testId="a8ccc846-1ff4-1690-63b6-362e0b40f521" testName="ValidatePlugins_WithValidPlugins_DoesNotThrow" computerName="cursor" duration="00:00:00.0001800" startTime="2025-08-11T23:09:01.9939262+00:00" endTime="2025-08-11T23:09:01.9941064+00:00" testType="13cdc9d9-ddb5-4fa4-a97d-d965ccfc6d4b" outcome="Passed" testListId="8c84fa94-04c1-424b-9868-57a2d4851a1d" relativeResultsDirectory="0a83e978-b793-4e71-8a94-9a0c7ffdfca5" />
    <UnitTestResult executionId="30852400-7f7d-4068-9e00-59e0e53d1419" testId="37cb0dcf-4168-cbb7-f50e-73ed6d374e4a" testName="GetCssValue_ShouldReturnEmptyString" computerName="cursor" duration="00:00:00.0001340" startTime="2025-08-11T23:09:01.8084493+00:00" endTime="2025-08-11T23:09:01.8085836+00:00" testType="13cdc9d9-ddb5-4fa4-a97d-d965ccfc6d4b" outcome="Passed" testListId="8c84fa94-04c1-424b-9868-57a2d4851a1d" relativeResultsDirectory="30852400-7f7d-4068-9e00-59e0e53d1419" />
    <UnitTestResult executionId="2186f8ff-1e91-4ac2-8c3e-46c002962b7a" testId="c288cdf5-4c17-bd42-bf19-8d1a299a2747" testName="LastOrDefault_WithEmptyCollection_ShouldReturnNull" computerName="cursor" duration="00:00:00.0002670" startTime="2025-08-11T23:09:01.7966807+00:00" endTime="2025-08-11T23:09:01.7969475+00:00" testType="13cdc9d9-ddb5-4fa4-a97d-d965ccfc6d4b" outcome="Passed" testListId="8c84fa94-04c1-424b-9868-57a2d4851a1d" relativeResultsDirectory="2186f8ff-1e91-4ac2-8c3e-46c002962b7a" />
    <UnitTestResult executionId="c43d9c0a-9cd9-4672-a3b0-7992537f50e2" testId="6b94290b-4ed9-8c2a-b695-d80186249086" testName="Builder_SetsNodeEnvAndPort_FromFluentMethods" computerName="cursor" duration="00:00:00.0001430" startTime="2025-08-11T23:09:01.9866018+00:00" endTime="2025-08-11T23:09:01.9867446+00:00" testType="13cdc9d9-ddb5-4fa4-a97d-d965ccfc6d4b" outcome="Passed" testListId="8c84fa94-04c1-424b-9868-57a2d4851a1d" relativeResultsDirectory="c43d9c0a-9cd9-4672-a3b0-7992537f50e2" />
    <UnitTestResult executionId="93340903-3da8-4f02-810b-e0376d5cb26e" testId="8383728b-b15a-a0ae-e2d4-37daa1d150cf" testName="WithTimeout_ShouldSetTimeout" computerName="cursor" duration="00:00:00.0001780" startTime="2025-08-11T23:09:01.7716482+00:00" endTime="2025-08-11T23:09:01.7718264+00:00" testType="13cdc9d9-ddb5-4fa4-a97d-d965ccfc6d4b" outcome="Passed" testListId="8c84fa94-04c1-424b-9868-57a2d4851a1d" relativeResultsDirectory="93340903-3da8-4f02-810b-e0376d5cb26e" />
    <UnitTestResult executionId="cd47dc15-e84e-47af-b59c-ac179e15c26c" testId="9f3021c1-925a-71da-e253-d006455bc8e9" testName="WaitFor_WithNoneStrategy_ShouldNotCallAnyWaitMethods" computerName="cursor" duration="00:00:00.0030130" startTime="2025-08-11T23:09:01.8130449+00:00" endTime="2025-08-11T23:09:01.8160573+00:00" testType="13cdc9d9-ddb5-4fa4-a97d-d965ccfc6d4b" outcome="Passed" testListId="8c84fa94-04c1-424b-9868-57a2d4851a1d" relativeResultsDirectory="cd47dc15-e84e-47af-b59c-ac179e15c26c" />
    <UnitTestResult executionId="c2f62063-f031-4e60-b3df-c28366bf1f26" testId="f886403e-9ef4-53a2-d4e1-ecec3b79370d" testName="Constructor_WithNullSelector_ShouldThrowArgumentNullException" computerName="cursor" duration="00:00:00.0002200" startTime="2025-08-11T23:09:01.7689248+00:00" endTime="2025-08-11T23:09:01.7691446+00:00" testType="13cdc9d9-ddb5-4fa4-a97d-d965ccfc6d4b" outcome="Passed" testListId="8c84fa94-04c1-424b-9868-57a2d4851a1d" relativeResultsDirectory="c2f62063-f031-4e60-b3df-c28366bf1f26" />
    <UnitTestResult executionId="08257900-1838-4007-96e0-043ba1dd4357" testId="11c6e8b9-63df-e19b-bf9f-452e7d9c0dd7" testName="WithBaseUrl_WithNullUrl_ThrowsException" computerName="cursor" duration="00:00:00.0001890" startTime="2025-08-11T23:09:01.8373788+00:00" endTime="2025-08-11T23:09:01.8375682+00:00" testType="13cdc9d9-ddb5-4fa4-a97d-d965ccfc6d4b" outcome="Passed" testListId="8c84fa94-04c1-424b-9868-57a2d4851a1d" relativeResultsDirectory="08257900-1838-4007-96e0-043ba1dd4357" />
    <UnitTestResult executionId="859a29d4-60bd-4b3e-900f-02eda54457a7" testId="5d00fc9b-986f-8e7a-5894-fe21deab4d76" testName="FilterByText_WithEmptyText_ShouldReturnEmptyCollection" computerName="cursor" duration="00:00:00.0002780" startTime="2025-08-11T23:09:01.7919533+00:00" endTime="2025-08-11T23:09:01.7922308+00:00" testType="13cdc9d9-ddb5-4fa4-a97d-d965ccfc6d4b" outcome="Passed" testListId="8c84fa94-04c1-424b-9868-57a2d4851a1d" relativeResultsDirectory="859a29d4-60bd-4b3e-900f-02eda54457a7" />
    <UnitTestResult executionId="344b34a8-7b4b-4551-b2a4-1ba73571e50e" testId="cc50075c-462e-8b57-d394-e1d716bb8f7e" testName="Constructor_WithEmptyElements_ShouldInitializeEmptyCollection" computerName="cursor" duration="00:00:00.0105930" startTime="2025-08-11T23:09:01.7721877+00:00" endTime="2025-08-11T23:09:01.7827801+00:00" testType="13cdc9d9-ddb5-4fa4-a97d-d965ccfc6d4b" outcome="Passed" testListId="8c84fa94-04c1-424b-9868-57a2d4851a1d" relativeResultsDirectory="344b34a8-7b4b-4551-b2a4-1ba73571e50e" />
    <UnitTestResult executionId="f2e0256b-2ff8-4258-b7e3-9f954872b66e" testId="5ecd0d47-634a-f5a5-e7c4-807c1c8c5935" testName="WithSlowMo_WithZeroValue_SetsSlowMoToZero" computerName="cursor" duration="00:00:00.0002999" startTime="2025-08-11T23:09:01.8419519+00:00" endTime="2025-08-11T23:09:01.8422522+00:00" testType="13cdc9d9-ddb5-4fa4-a97d-d965ccfc6d4b" outcome="Passed" testListId="8c84fa94-04c1-424b-9868-57a2d4851a1d" relativeResultsDirectory="f2e0256b-2ff8-4258-b7e3-9f954872b66e" />
    <UnitTestResult executionId="820448c8-2c33-4b51-aec5-7260a32ed34c" testId="5dbab36b-8bf9-b94a-886b-0679437303ac" testName="Build_WithInvalidConfiguration_ThrowsException" computerName="cursor" duration="00:00:00.0004170" startTime="2025-08-11T23:09:01.8220848+00:00" endTime="2025-08-11T23:09:01.8225019+00:00" testType="13cdc9d9-ddb5-4fa4-a97d-d965ccfc6d4b" outcome="Passed" testListId="8c84fa94-04c1-424b-9868-57a2d4851a1d" relativeResultsDirectory="820448c8-2c33-4b51-aec5-7260a32ed34c" />
    <UnitTestResult executionId="b0d57cf0-c5e2-4d17-a818-77d99bc60e8c" testId="2d7af110-a47a-3498-5f06-ff20a980bae8" testName="Constructor_WithValidParameters_ShouldInitializeWithDefaultValues" computerName="cursor" duration="00:00:00.0003560" startTime="2025-08-11T23:09:01.7691528+00:00" endTime="2025-08-11T23:09:01.7695091+00:00" testType="13cdc9d9-ddb5-4fa4-a97d-d965ccfc6d4b" outcome="Passed" testListId="8c84fa94-04c1-424b-9868-57a2d4851a1d" relativeResultsDirectory="b0d57cf0-c5e2-4d17-a818-77d99bc60e8c" />
    <UnitTestResult executionId="2da269b4-c474-4921-8474-087625bd15ca" testId="68cc5f29-514d-38dc-c438-33585cc74aa4" testName="Constructor_WithExistingOptions_CreatesInstance" computerName="cursor" duration="00:00:00.0001330" startTime="2025-08-11T23:09:01.8230547+00:00" endTime="2025-08-11T23:09:01.8231875+00:00" testType="13cdc9d9-ddb5-4fa4-a97d-d965ccfc6d4b" outcome="Passed" testListId="8c84fa94-04c1-424b-9868-57a2d4851a1d" relativeResultsDirectory="2da269b4-c474-4921-8474-087625bd15ca" />
    <UnitTestResult executionId="6c57744c-e422-4eb2-8299-5a571e88b633" testId="e490ff0f-804e-81fe-d54a-5987cfe60093" testName="WithAttribute_WithNullValue_ShouldSetEmptyString" computerName="cursor" duration="00:00:00.0001060" startTime="2025-08-11T23:09:01.7706259+00:00" endTime="2025-08-11T23:09:01.7707323+00:00" testType="13cdc9d9-ddb5-4fa4-a97d-d965ccfc6d4b" outcome="Passed" testListId="8c84fa94-04c1-424b-9868-57a2d4851a1d" relativeResultsDirectory="6c57744c-e422-4eb2-8299-5a571e88b633" />
    <UnitTestResult executionId="50b4a7cd-319e-4cff-acb8-da2f7b62dcaf" testId="bf999a1f-994b-fb2b-0916-7df6581792db" testName="FilterByAttribute_WithMatchingAttribute_ShouldReturnFilteredCollection" computerName="cursor" duration="00:00:00.0002840" startTime="2025-08-11T23:09:01.7906172+00:00" endTime="2025-08-11T23:09:01.7909010+00:00" testType="13cdc9d9-ddb5-4fa4-a97d-d965ccfc6d4b" outcome="Passed" testListId="8c84fa94-04c1-424b-9868-57a2d4851a1d" relativeResultsDirectory="50b4a7cd-319e-4cff-acb8-da2f7b62dcaf" />
    <UnitTestResult executionId="2b834f52-8b44-479c-8dac-e958bc41aa6a" testId="691a1ada-8b81-1eeb-9198-2480eca9bcb5" testName="ServerConfiguration_Removed_FromOptions" computerName="cursor" duration="00:00:00.0001580" startTime="2025-08-11T23:09:01.9800238+00:00" endTime="2025-08-11T23:09:01.9801819+00:00" testType="13cdc9d9-ddb5-4fa4-a97d-d965ccfc6d4b" outcome="Passed" testListId="8c84fa94-04c1-424b-9868-57a2d4851a1d" relativeResultsDirectory="2b834f52-8b44-479c-8dac-e958bc41aa6a">
      <Output>
        <StdOut>Server configuration removed from options; managed by WebServerManager</StdOut>
      </Output>
    </UnitTestResult>
    <UnitTestResult executionId="cb7f13e5-d409-48c2-9384-59bfb79d3ee8" testId="0b5f1728-7b8a-73cb-1723-24feb2bf7d3d" testName="Constructor_WithNullDriver_ShouldThrowArgumentNullException" computerName="cursor" duration="00:00:00.0001820" startTime="2025-08-11T23:09:01.7983843+00:00" endTime="2025-08-11T23:09:01.7985659+00:00" testType="13cdc9d9-ddb5-4fa4-a97d-d965ccfc6d4b" outcome="Passed" testListId="8c84fa94-04c1-424b-9868-57a2d4851a1d" relativeResultsDirectory="cb7f13e5-d409-48c2-9384-59bfb79d3ee8" />
    <UnitTestResult executionId="73e3dbe4-69d3-4cbe-ba36-ce6279f56f28" testId="0d8a6f68-b892-8208-9f84-b0a607e9693d" testName="Filter_WithNullPredicate_ShouldThrowArgumentNullException" computerName="cursor" duration="00:00:00.0003830" startTime="2025-08-11T23:09:01.7886029+00:00" endTime="2025-08-11T23:09:01.7889857+00:00" testType="13cdc9d9-ddb5-4fa4-a97d-d965ccfc6d4b" outcome="Passed" testListId="8c84fa94-04c1-424b-9868-57a2d4851a1d" relativeResultsDirectory="73e3dbe4-69d3-4cbe-ba36-ce6279f56f28" />
    <UnitTestResult executionId="ed3c9d6c-3c1a-4c35-b64b-63c2b4683559" testId="202af691-80fb-dfa6-d9ed-de360fd56509" testName="Last_WithNonEmptyCollection_ShouldReturnLastElement" computerName="cursor" duration="00:00:00.0001740" startTime="2025-08-11T23:09:01.7965005+00:00" endTime="2025-08-11T23:09:01.7966743+00:00" testType="13cdc9d9-ddb5-4fa4-a97d-d965ccfc6d4b" outcome="Passed" testListId="8c84fa94-04c1-424b-9868-57a2d4851a1d" relativeResultsDirectory="ed3c9d6c-3c1a-4c35-b64b-63c2b4683559" />
    <UnitTestResult executionId="b8bb3761-1a1c-464c-a76c-b4ca7de66f3e" testId="7b7eece1-efca-5e39-6f9c-7c2cf05500c2" testName="DotNet_EnvironmentSetters_AreApplied" computerName="cursor" duration="00:00:00.0001280" startTime="2025-08-11T23:09:01.9983824+00:00" endTime="2025-08-11T23:09:01.9985104+00:00" testType="13cdc9d9-ddb5-4fa4-a97d-d965ccfc6d4b" outcome="Passed" testListId="8c84fa94-04c1-424b-9868-57a2d4851a1d" relativeResultsDirectory="b8bb3761-1a1c-464c-a76c-b4ca7de66f3e" />
    <UnitTestResult executionId="10513438-ed06-41b1-9f26-b9e8c64b71ee" testId="d9c1e874-b98e-f314-cfca-82dd9dc7660b" testName="DetectProjectPath_InGitRepo_FindsProjectInSrc" computerName="cursor" duration="00:00:00.0019860" startTime="2025-08-11T23:09:01.9815551+00:00" endTime="2025-08-11T23:09:01.9835407+00:00" testType="13cdc9d9-ddb5-4fa4-a97d-d965ccfc6d4b" outcome="Passed" testListId="8c84fa94-04c1-424b-9868-57a2d4851a1d" relativeResultsDirectory="10513438-ed06-41b1-9f26-b9e8c64b71ee" />
    <UnitTestResult executionId="f3850ab7-59c3-486c-9c3b-adb4d5b53305" testId="3297f400-bb31-d8da-0f7d-46758c3d7554" testName="StartServerAsync_ServerAlreadyRunning_SetsRunningState" computerName="cursor" duration="00:00:00.1555750" startTime="2025-08-11T23:09:02.1771688+00:00" endTime="2025-08-11T23:09:02.3327437+00:00" testType="13cdc9d9-ddb5-4fa4-a97d-d965ccfc6d4b" outcome="Passed" testListId="8c84fa94-04c1-424b-9868-57a2d4851a1d" relativeResultsDirectory="f3850ab7-59c3-486c-9c3b-adb4d5b53305" />
    <UnitTestResult executionId="7fbaef00-d1e3-42cb-bbaf-ab94678de0e8" testId="869c75f3-f0d3-ccd1-94b9-b347ceeefe6e" testName="CreateConfigurationWithDetection_WithValidParameters_ReturnsConfiguration" computerName="cursor" duration="00:00:00.0014870" startTime="2025-08-11T23:09:02.0014891+00:00" endTime="2025-08-11T23:09:02.0029756+00:00" testType="13cdc9d9-ddb5-4fa4-a97d-d965ccfc6d4b" outcome="Passed" testListId="8c84fa94-04c1-424b-9868-57a2d4851a1d" relativeResultsDirectory="7fbaef00-d1e3-42cb-bbaf-ab94678de0e8" />
    <UnitTestResult executionId="3aec7b88-1b9e-4bf5-a2ae-e07a75d87a0c" testId="280bec51-23dc-ffba-208c-c20000ad7909" testName="Constructor_WithNullDriver_ShouldThrowArgumentNullException" computerName="cursor" duration="00:00:00.0022590" startTime="2025-08-11T23:09:01.7660603+00:00" endTime="2025-08-11T23:09:01.7683194+00:00" testType="13cdc9d9-ddb5-4fa4-a97d-d965ccfc6d4b" outcome="Passed" testListId="8c84fa94-04c1-424b-9868-57a2d4851a1d" relativeResultsDirectory="3aec7b88-1b9e-4bf5-a2ae-e07a75d87a0c" />
    <UnitTestResult executionId="9e295291-d698-44dd-bbd1-2401771e6edf" testId="6c726527-cdae-6f0e-e424-af9055e97f92" testName="HeadlessMode_WithNullValue_SetsHeadlessModeToNull" computerName="cursor" duration="00:00:00.0001670" startTime="2025-08-11T23:09:01.9793791+00:00" endTime="2025-08-11T23:09:01.9795459+00:00" testType="13cdc9d9-ddb5-4fa4-a97d-d965ccfc6d4b" outcome="Passed" testListId="8c84fa94-04c1-424b-9868-57a2d4851a1d" relativeResultsDirectory="9e295291-d698-44dd-bbd1-2401771e6edf" />
    <UnitTestResult executionId="32591158-9451-4003-8659-7e1d92d565a1" testId="28f7c59d-b5d1-8620-75b4-446e721774f0" testName="Indexer_WithValidIndex_ShouldReturnElement" computerName="cursor" duration="00:00:00.0001510" startTime="2025-08-11T23:09:01.7960267+00:00" endTime="2025-08-11T23:09:01.7961777+00:00" testType="13cdc9d9-ddb5-4fa4-a97d-d965ccfc6d4b" outcome="Passed" testListId="8c84fa94-04c1-424b-9868-57a2d4851a1d" relativeResultsDirectory="32591158-9451-4003-8659-7e1d92d565a1" />
    <UnitTestResult executionId="1529a4b8-6910-4ccd-92e0-01cd9a87fb46" testId="ff506097-7a61-9dd6-1df2-d3c8d75a82f3" testName="WithHeadlessMode_AndSlowMo_SetProperly" computerName="cursor" duration="00:00:00.0020820" startTime="2025-08-11T23:09:01.8381816+00:00" endTime="2025-08-11T23:09:01.8402636+00:00" testType="13cdc9d9-ddb5-4fa4-a97d-d965ccfc6d4b" outcome="Passed" testListId="8c84fa94-04c1-424b-9868-57a2d4851a1d" relativeResultsDirectory="1529a4b8-6910-4ccd-92e0-01cd9a87fb46" />
    <UnitTestResult executionId="f741d17c-4afd-4bf5-88fa-99f206d3e17f" testId="5b0f8305-1a07-717d-f99d-cd7dc78eb59e" testName="WaitFor_WithUnsupportedStrategy_ShouldThrowArgumentException" computerName="cursor" duration="00:00:00.0010700" startTime="2025-08-11T23:09:01.8160732+00:00" endTime="2025-08-11T23:09:01.8171430+00:00" testType="13cdc9d9-ddb5-4fa4-a97d-d965ccfc6d4b" outcome="Passed" testListId="8c84fa94-04c1-424b-9868-57a2d4851a1d" relativeResultsDirectory="f741d17c-4afd-4bf5-88fa-99f206d3e17f" />
    <UnitTestResult executionId="ab223af1-cfa0-47f9-898b-dd0aea56721e" testId="24920700-cbf0-845b-81d7-78958082ce63" testName="RegisterLauncher_WithValidLauncher_RegistersSuccessfully" computerName="cursor" duration="00:00:00.0002840" startTime="2025-08-11T23:09:02.0036445+00:00" endTime="2025-08-11T23:09:02.0039289+00:00" testType="13cdc9d9-ddb5-4fa4-a97d-d965ccfc6d4b" outcome="Passed" testListId="8c84fa94-04c1-424b-9868-57a2d4851a1d" relativeResultsDirectory="ab223af1-cfa0-47f9-898b-dd0aea56721e" />
    <UnitTestResult executionId="bb5407c8-8b70-40c2-9983-d86c0de45bf2" testId="f1c510fe-f632-6958-5421-3d34e26a9b68" testName="GetOrCreateElement_WithNewKey_ShouldCreateAndCacheElement" computerName="cursor" duration="00:00:00.0002420" startTime="2025-08-11T23:09:01.8003514+00:00" endTime="2025-08-11T23:09:01.8005937+00:00" testType="13cdc9d9-ddb5-4fa4-a97d-d965ccfc6d4b" outcome="Passed" testListId="8c84fa94-04c1-424b-9868-57a2d4851a1d" relativeResultsDirectory="bb5407c8-8b70-40c2-9983-d86c0de45bf2" />
    <UnitTestResult executionId="ec277f69-f577-4eb5-988f-b31aaa165b3f" testId="0b3109f8-d2a8-47f7-ae01-04faf34ff615" testName="BuildCommandArguments_ReturnsExpectedFormat" computerName="cursor" duration="00:00:00.0004590" startTime="2025-08-11T23:09:01.6578709+00:00" endTime="2025-08-11T23:09:01.6583297+00:00" testType="13cdc9d9-ddb5-4fa4-a97d-d965ccfc6d4b" outcome="Passed" testListId="8c84fa94-04c1-424b-9868-57a2d4851a1d" relativeResultsDirectory="ec277f69-f577-4eb5-988f-b31aaa165b3f" />
    <UnitTestResult executionId="da1342d3-f303-487a-987a-5eabe68ed042" testId="4c88da48-1cf2-2ce5-51d9-4c397983aa27" testName="WithDefaultWaitTimeout_WithValidTimeout_SetsDefaultWaitTimeout" computerName="cursor" duration="00:00:00.0000860" startTime="2025-08-11T23:09:01.9812490+00:00" endTime="2025-08-11T23:09:01.9813352+00:00" testType="13cdc9d9-ddb5-4fa4-a97d-d965ccfc6d4b" outcome="Passed" testListId="8c84fa94-04c1-424b-9868-57a2d4851a1d" relativeResultsDirectory="da1342d3-f303-487a-987a-5eabe68ed042" />
    <UnitTestResult executionId="38ed0c78-1f53-4803-afb1-ba04c2346c17" testId="fab6990d-3c1c-2c65-5826-c4e429096956" testName="GetOrCreateElement_WithEmptyKey_ShouldThrowArgumentException" computerName="cursor" duration="00:00:00.0001410" startTime="2025-08-11T23:09:01.7999465+00:00" endTime="2025-08-11T23:09:01.8000876+00:00" testType="13cdc9d9-ddb5-4fa4-a97d-d965ccfc6d4b" outcome="Passed" testListId="8c84fa94-04c1-424b-9868-57a2d4851a1d" relativeResultsDirectory="38ed0c78-1f53-4803-afb1-ba04c2346c17" />
    <UnitTestResult executionId="dd3b363b-0798-4654-9660-d71dd1554b3f" testId="8f39af80-f58e-71ee-14e2-037e33d2ca9e" testName="ClearCache_ShouldRemoveAllElements" computerName="cursor" duration="00:00:00.0003950" startTime="2025-08-11T23:09:01.7979581+00:00" endTime="2025-08-11T23:09:01.7983534+00:00" testType="13cdc9d9-ddb5-4fa4-a97d-d965ccfc6d4b" outcome="Passed" testListId="8c84fa94-04c1-424b-9868-57a2d4851a1d" relativeResultsDirectory="dd3b363b-0798-4654-9660-d71dd1554b3f" />
    <UnitTestResult executionId="ed4a3ef3-f493-4fa0-87c4-6c8a241c48e0" testId="db9ada96-dcf3-e037-db10-b7563d6669b8" testName="SlowMo_WithNullValue_SetsSlowMoToNull" computerName="cursor" duration="00:00:00.0001550" startTime="2025-08-11T23:09:01.9801899+00:00" endTime="2025-08-11T23:09:01.9803452+00:00" testType="13cdc9d9-ddb5-4fa4-a97d-d965ccfc6d4b" outcome="Passed" testListId="8c84fa94-04c1-424b-9868-57a2d4851a1d" relativeResultsDirectory="ed4a3ef3-f493-4fa0-87c4-6c8a241c48e0" />
    <UnitTestResult executionId="882d94c2-9264-4271-b966-e0b06550db31" testId="8a43bd3c-a801-bb4f-9167-9cddc20d64b5" testName="WithWebServerProjectPath_WithEmptyPath_Removed" computerName="cursor" duration="00:00:00.0001420" startTime="2025-08-11T23:09:01.8424758+00:00" endTime="2025-08-11T23:09:01.8426182+00:00" testType="13cdc9d9-ddb5-4fa4-a97d-d965ccfc6d4b" outcome="Passed" testListId="8c84fa94-04c1-424b-9868-57a2d4851a1d" relativeResultsDirectory="882d94c2-9264-4271-b966-e0b06550db31">
      <Output>
        <StdOut>Removed</StdOut>
      </Output>
    </UnitTestResult>
    <UnitTestResult executionId="66eda160-eea6-44e6-9f78-d6d60c352af2" testId="bba98ce8-0e46-19a1-add2-e0e6659866ca" testName="Constructor_WithNoParameters_CreatesInstance" computerName="cursor" duration="00:00:00.0000430" startTime="2025-08-11T23:09:01.8231949+00:00" endTime="2025-08-11T23:09:01.8232374+00:00" testType="13cdc9d9-ddb5-4fa4-a97d-d965ccfc6d4b" outcome="Passed" testListId="8c84fa94-04c1-424b-9868-57a2d4851a1d" relativeResultsDirectory="66eda160-eea6-44e6-9f78-d6d60c352af2" />
    <UnitTestResult executionId="7dd560d2-7d62-4b9d-aa5a-e2f6325b7997" testId="fff58572-0076-1d30-45fe-03dd6cfeccd1" testName="DetectProjectPath_FromConfigFile_ReturnsPath" computerName="cursor" duration="00:00:00.0009020" startTime="2025-08-11T23:09:01.8206251+00:00" endTime="2025-08-11T23:09:01.8215266+00:00" testType="13cdc9d9-ddb5-4fa4-a97d-d965ccfc6d4b" outcome="Passed" testListId="8c84fa94-04c1-424b-9868-57a2d4851a1d" relativeResultsDirectory="7dd560d2-7d62-4b9d-aa5a-e2f6325b7997" />
    <UnitTestResult executionId="d54184fc-05c3-40b6-a77e-96f5fdb2f255" testId="8ca40265-bff9-35e5-4c05-5311e5fae258" testName="DetectProjectPath_FromEnvironmentVariable_ReturnsPath" computerName="cursor" duration="00:00:00.0004040" startTime="2025-08-11T23:09:01.8215481+00:00" endTime="2025-08-11T23:09:01.8219521+00:00" testType="13cdc9d9-ddb5-4fa4-a97d-d965ccfc6d4b" outcome="Passed" testListId="8c84fa94-04c1-424b-9868-57a2d4851a1d" relativeResultsDirectory="d54184fc-05c3-40b6-a77e-96f5fdb2f255" />
    <UnitTestResult executionId="d8311888-d7a9-4201-91fa-2d2f0afe5dc3" testId="2ac82e10-080e-2b5b-2d3d-5685bb444717" testName="SetServerSpecificEnvironmentVariables_Aspire_DoesNotOverrideAspNetCoreUrls" computerName="cursor" duration="00:00:00.0004590" startTime="2025-08-11T23:09:01.7270334+00:00" endTime="2025-08-11T23:09:01.7274924+00:00" testType="13cdc9d9-ddb5-4fa4-a97d-d965ccfc6d4b" outcome="Passed" testListId="8c84fa94-04c1-424b-9868-57a2d4851a1d" relativeResultsDirectory="d8311888-d7a9-4201-91fa-2d2f0afe5dc3" />
    <UnitTestResult executionId="67dee50d-a064-4905-9257-4d124e0b010f" testId="2ac27a39-0887-ff83-8ecd-f4b873b52bce" testName="GetOrCreateElement_WithNullSelector_ShouldThrowArgumentException" computerName="cursor" duration="00:00:00.0001280" startTime="2025-08-11T23:09:01.8007575+00:00" endTime="2025-08-11T23:09:01.8008852+00:00" testType="13cdc9d9-ddb5-4fa4-a97d-d965ccfc6d4b" outcome="Passed" testListId="8c84fa94-04c1-424b-9868-57a2d4851a1d" relativeResultsDirectory="67dee50d-a064-4905-9257-4d124e0b010f" />
    <UnitTestResult executionId="c85505f2-e021-4ed0-a633-6bcbc3132a3e" testId="471622d6-a01c-acdb-82c5-f00f72212509" testName="WithHeadlessMode_WithNull_SetsNull" computerName="cursor" duration="00:00:00.0001750" startTime="2025-08-11T23:09:01.8402807+00:00" endTime="2025-08-11T23:09:01.8404559+00:00" testType="13cdc9d9-ddb5-4fa4-a97d-d965ccfc6d4b" outcome="Passed" testListId="8c84fa94-04c1-424b-9868-57a2d4851a1d" relativeResultsDirectory="c85505f2-e021-4ed0-a633-6bcbc3132a3e" />
    <UnitTestResult executionId="de8bb5ba-9247-4b21-89dc-c8ebfacb8445" testId="73a1b770-4a5e-0a29-6a9c-524092b48888" testName="FirstOrDefault_WithNonEmptyCollection_ShouldReturnFirstElement" computerName="cursor" duration="00:00:00.0002170" startTime="2025-08-11T23:09:01.7935761+00:00" endTime="2025-08-11T23:09:01.7937929+00:00" testType="13cdc9d9-ddb5-4fa4-a97d-d965ccfc6d4b" outcome="Passed" testListId="8c84fa94-04c1-424b-9868-57a2d4851a1d" relativeResultsDirectory="de8bb5ba-9247-4b21-89dc-c8ebfacb8445" />
    <UnitTestResult executionId="1439dde5-f7a0-46a7-a5e0-b7bb04d78424" testId="5e045292-2424-2536-e9a7-78679c446a8a" testName="WebApplicationFactory_FrameworkAndConfiguration_ProducesExpectedRunCommand" computerName="cursor" duration="00:00:00.0001880" startTime="2025-08-11T23:09:02.0003243+00:00" endTime="2025-08-11T23:09:02.0005120+00:00" testType="13cdc9d9-ddb5-4fa4-a97d-d965ccfc6d4b" outcome="Passed" testListId="8c84fa94-04c1-424b-9868-57a2d4851a1d" relativeResultsDirectory="1439dde5-f7a0-46a7-a5e0-b7bb04d78424">
      <Output>
        <StdOut>=== WebApplicationFactory (fallback to dotnet run) ===
Builder methods:
.WithFramework("net9.0").WithConfiguration("Debug")
Run command:
dotnet run --framework net9.0 --configuration Debug --no-launch-profile
Environment variables:
ASPNETCORE_HOSTINGSTARTUPASSEMBLIES=
====================</StdOut>
      </Output>
    </UnitTestResult>
    <UnitTestResult executionId="979a4dee-fa79-4fa5-94bc-a19bbf77da32" testId="53b308dd-208a-388e-c5f9-16f490d67de6" testName="NavigateToUrl_WithNullUrl_IsValid" computerName="cursor" duration="00:00:00.0006230" startTime="2025-08-11T23:09:01.9845022+00:00" endTime="2025-08-11T23:09:01.9851248+00:00" testType="13cdc9d9-ddb5-4fa4-a97d-d965ccfc6d4b" outcome="Passed" testListId="8c84fa94-04c1-424b-9868-57a2d4851a1d" relativeResultsDirectory="979a4dee-fa79-4fa5-94bc-a19bbf77da32" />
    <UnitTestResult executionId="2d617581-35d6-4a23-a58f-2dc8342346c6" testId="2c985496-df4a-5947-e2dc-50422705efcf" testName="SlowMo_WithValidValue_SetsSlowMo" computerName="cursor" duration="00:00:00.0001460" startTime="2025-08-11T23:09:01.9803502+00:00" endTime="2025-08-11T23:09:01.9804960+00:00" testType="13cdc9d9-ddb5-4fa4-a97d-d965ccfc6d4b" outcome="Passed" testListId="8c84fa94-04c1-424b-9868-57a2d4851a1d" relativeResultsDirectory="2d617581-35d6-4a23-a58f-2dc8342346c6" />
    <UnitTestResult executionId="d3e0cd15-4817-453a-9a84-310cbba511a6" testId="09311360-5b2a-d8bb-bda7-c830483aca7e" testName="EnvironmentDefaults_AreApplied_WhenNotProvided" computerName="cursor" duration="00:00:00.0065730" startTime="2025-08-11T23:09:01.6492126+00:00" endTime="2025-08-11T23:09:01.6557560+00:00" testType="13cdc9d9-ddb5-4fa4-a97d-d965ccfc6d4b" outcome="Passed" testListId="8c84fa94-04c1-424b-9868-57a2d4851a1d" relativeResultsDirectory="d3e0cd15-4817-453a-9a84-310cbba511a6" />
    <UnitTestResult executionId="01ad2bf3-4aeb-4c64-ae1c-a8d4c1601239" testId="8ee850f6-f93d-44de-04bb-8bbc073b000b" testName="Constructor_WithNullOptions_ShouldThrowArgumentNullException" computerName="cursor" duration="00:00:00.0005620" startTime="2025-08-11T23:09:01.7683353+00:00" endTime="2025-08-11T23:09:01.7688967+00:00" testType="13cdc9d9-ddb5-4fa4-a97d-d965ccfc6d4b" outcome="Passed" testListId="8c84fa94-04c1-424b-9868-57a2d4851a1d" relativeResultsDirectory="01ad2bf3-4aeb-4c64-ae1c-a8d4c1601239" />
    <UnitTestResult executionId="46afc3f9-e25b-4fdb-a887-cbd20f49c807" testId="46ffc5ad-c340-b767-44fb-d87ee75aad26" testName="NavigateToUrl_WithValidUrl_IsValid" computerName="cursor" duration="00:00:00.0002540" startTime="2025-08-11T23:09:01.9851372+00:00" endTime="2025-08-11T23:09:01.9853907+00:00" testType="13cdc9d9-ddb5-4fa4-a97d-d965ccfc6d4b" outcome="Passed" testListId="8c84fa94-04c1-424b-9868-57a2d4851a1d" relativeResultsDirectory="46afc3f9-e25b-4fdb-a887-cbd20f49c807" />
    <UnitTestResult executionId="75fe1a7e-4273-47d1-86aa-69828a91da40" testId="aa2ad8c9-644e-352f-745e-635b81ae401d" testName="DetectProjectPath_FromAdditionalPaths_ReturnsPath" computerName="cursor" duration="00:00:00.0024910" startTime="2025-08-11T23:09:01.8181164+00:00" endTime="2025-08-11T23:09:01.8206072+00:00" testType="13cdc9d9-ddb5-4fa4-a97d-d965ccfc6d4b" outcome="Passed" testListId="8c84fa94-04c1-424b-9868-57a2d4851a1d" relativeResultsDirectory="75fe1a7e-4273-47d1-86aa-69828a91da40" />
    <UnitTestResult executionId="3c9eddd2-8133-49e6-ac1d-799f992e85c1" testId="ce884f09-4916-a854-a0cc-dbdac776383b" testName="WithServerConfiguration_Removed_FromBuilder" computerName="cursor" duration="00:00:00.0003030" startTime="2025-08-11T23:09:01.8409693+00:00" endTime="2025-08-11T23:09:01.8412720+00:00" testType="13cdc9d9-ddb5-4fa4-a97d-d965ccfc6d4b" outcome="Passed" testListId="8c84fa94-04c1-424b-9868-57a2d4851a1d" relativeResultsDirectory="3c9eddd2-8133-49e6-ac1d-799f992e85c1">
      <Output>
        <StdOut>Server configuration is now provided only to WebServerManager</StdOut>
      </Output>
    </UnitTestResult>
    <UnitTestResult executionId="513e790c-0e1e-47f7-b82b-9ae67395ada9" testId="0f9f915d-f9f9-434c-81bb-640e07bacad2" testName="Constructor_WithValidParameters_ShouldInitializeFactory" computerName="cursor" duration="00:00:00.0000649" startTime="2025-08-11T23:09:01.7987293+00:00" endTime="2025-08-11T23:09:01.7987948+00:00" testType="13cdc9d9-ddb5-4fa4-a97d-d965ccfc6d4b" outcome="Passed" testListId="8c84fa94-04c1-424b-9868-57a2d4851a1d" relativeResultsDirectory="513e790c-0e1e-47f7-b82b-9ae67395ada9" />
    <UnitTestResult executionId="1e221eef-2d76-4c67-8c4b-07d8bf353885" testId="2e23022d-866f-3ace-93c9-9c504b47228e" testName="RegisterPlugin_WithNullPlugin_ThrowsArgumentNullException" computerName="cursor" duration="00:00:00.0002000" startTime="2025-08-11T23:09:01.9924420+00:00" endTime="2025-08-11T23:09:01.9926419+00:00" testType="13cdc9d9-ddb5-4fa4-a97d-d965ccfc6d4b" outcome="Passed" testListId="8c84fa94-04c1-424b-9868-57a2d4851a1d" relativeResultsDirectory="1e221eef-2d76-4c67-8c4b-07d8bf353885" />
    <UnitTestResult executionId="0fc9dd80-9d4f-4e13-ac00-eeebd1f375d5" testId="4b5ed4f4-cca7-3210-3b0c-b7d6cb410605" testName="GetEnumerator_ShouldReturnAllElements" computerName="cursor" duration="00:00:00.0005150" startTime="2025-08-11T23:09:01.7938007+00:00" endTime="2025-08-11T23:09:01.7943155+00:00" testType="13cdc9d9-ddb5-4fa4-a97d-d965ccfc6d4b" outcome="Passed" testListId="8c84fa94-04c1-424b-9868-57a2d4851a1d" relativeResultsDirectory="0fc9dd80-9d4f-4e13-ac00-eeebd1f375d5" />
    <UnitTestResult executionId="d639e8f2-beb5-4bc5-b239-0c91fe4ed253" testId="8ae62a86-1c76-a105-6718-7582f48ad523" testName="WithRetryInterval_ShouldSetRetryInterval" computerName="cursor" duration="00:00:00.0001240" startTime="2025-08-11T23:09:01.7715186+00:00" endTime="2025-08-11T23:09:01.7716424+00:00" testType="13cdc9d9-ddb5-4fa4-a97d-d965ccfc6d4b" outcome="Passed" testListId="8c84fa94-04c1-424b-9868-57a2d4851a1d" relativeResultsDirectory="d639e8f2-beb5-4bc5-b239-0c91fe4ed253" />
    <UnitTestResult executionId="57d23020-a15b-4d4e-9525-62fd6382e610" testId="27bf1d8f-6db2-9d4a-565f-5fca061cc8f1" testName="Placeholder_NoOp_ToMaintainTestStructure" computerName="cursor" duration="00:00:00.0002290" startTime="2025-08-11T23:09:01.9797859+00:00" endTime="2025-08-11T23:09:01.9800153+00:00" testType="13cdc9d9-ddb5-4fa4-a97d-d965ccfc6d4b" outcome="Passed" testListId="8c84fa94-04c1-424b-9868-57a2d4851a1d" relativeResultsDirectory="57d23020-a15b-4d4e-9525-62fd6382e610" />
    <UnitTestResult executionId="299c51b4-19c0-49cf-9615-d0cb17caec09" testId="b7012c97-f966-55dc-c35d-274095149e5d" testName="RegisterElement_WithEmptyKey_ShouldThrowArgumentException" computerName="cursor" duration="00:00:00.0002230" startTime="2025-08-11T23:09:01.8010356+00:00" endTime="2025-08-11T23:09:01.8012589+00:00" testType="13cdc9d9-ddb5-4fa4-a97d-d965ccfc6d4b" outcome="Passed" testListId="8c84fa94-04c1-424b-9868-57a2d4851a1d" relativeResultsDirectory="299c51b4-19c0-49cf-9615-d0cb17caec09" />
    <UnitTestResult executionId="56d39b71-3893-441f-90ef-cedb84ef6232" testId="f2f6b3ec-eeaf-c73e-5a2e-1ef2fc174766" testName="WithAttribute_WithNullName_ShouldThrowArgumentException" computerName="cursor" duration="00:00:00.0001890" startTime="2025-08-11T23:09:01.7704285+00:00" endTime="2025-08-11T23:09:01.7706179+00:00" testType="13cdc9d9-ddb5-4fa4-a97d-d965ccfc6d4b" outcome="Passed" testListId="8c84fa94-04c1-424b-9868-57a2d4851a1d" relativeResultsDirectory="56d39b71-3893-441f-90ef-cedb84ef6232" />
    <UnitTestResult executionId="15b4336f-da65-4b93-a577-ec9c74e33b20" testId="91a71ac4-590c-9e24-6500-b1be939120d3" testName="GetOrCreateElement_WithNullKey_ShouldThrowArgumentException" computerName="cursor" duration="00:00:00.0001480" startTime="2025-08-11T23:09:01.8006022+00:00" endTime="2025-08-11T23:09:01.8007504+00:00" testType="13cdc9d9-ddb5-4fa4-a97d-d965ccfc6d4b" outcome="Passed" testListId="8c84fa94-04c1-424b-9868-57a2d4851a1d" relativeResultsDirectory="15b4336f-da65-4b93-a577-ec9c74e33b20" />
    <UnitTestResult executionId="04b71bc9-7e09-4ed8-838f-26ef6712c889" testId="7f949d80-13b6-78ce-6336-64f88eac33b7" testName="FilterByText_WithNoMatchingText_ShouldReturnEmptyCollection" computerName="cursor" duration="00:00:00.0001920" startTime="2025-08-11T23:09:01.7924560+00:00" endTime="2025-08-11T23:09:01.7926477+00:00" testType="13cdc9d9-ddb5-4fa4-a97d-d965ccfc6d4b" outcome="Passed" testListId="8c84fa94-04c1-424b-9868-57a2d4851a1d" relativeResultsDirectory="04b71bc9-7e09-4ed8-838f-26ef6712c889" />
    <UnitTestResult executionId="7007eda3-1efd-499b-84be-e88c3ee2bac0" testId="a1f4b443-1603-0539-0dc0-d4ce95853134" testName="RegisterElement_WithNullElement_ShouldThrowArgumentNullException" computerName="cursor" duration="00:00:00.0001460" startTime="2025-08-11T23:09:01.8012672+00:00" endTime="2025-08-11T23:09:01.8014134+00:00" testType="13cdc9d9-ddb5-4fa4-a97d-d965ccfc6d4b" outcome="Passed" testListId="8c84fa94-04c1-424b-9868-57a2d4851a1d" relativeResultsDirectory="7007eda3-1efd-499b-84be-e88c3ee2bac0" />
    <UnitTestResult executionId="ec695bd9-3c7b-4d47-8322-58f6b5d2a20d" testId="38f64a32-373c-d336-108a-9833491623db" testName="CreateElement_WithConfiguration_ShouldReturnConfiguredElement" computerName="cursor" duration="00:00:00.0004790" startTime="2025-08-11T23:09:01.7987999+00:00" endTime="2025-08-11T23:09:01.7992789+00:00" testType="13cdc9d9-ddb5-4fa4-a97d-d965ccfc6d4b" outcome="Passed" testListId="8c84fa94-04c1-424b-9868-57a2d4851a1d" relativeResultsDirectory="ec695bd9-3c7b-4d47-8322-58f6b5d2a20d" />
    <UnitTestResult executionId="1543e6c4-f06a-4133-aff5-fca6944575f2" testId="6dd2c663-126f-c692-d442-51f4ddb16f47" testName="WithSlowMo_WithNegativeValue_ThrowsException" computerName="cursor" duration="00:00:00.0001640" startTime="2025-08-11T23:09:01.8414523+00:00" endTime="2025-08-11T23:09:01.8416162+00:00" testType="13cdc9d9-ddb5-4fa4-a97d-d965ccfc6d4b" outcome="Passed" testListId="8c84fa94-04c1-424b-9868-57a2d4851a1d" relativeResultsDirectory="1543e6c4-f06a-4133-aff5-fca6944575f2" />
    <UnitTestResult executionId="8870ca68-ee10-431f-95f1-b00efc313c49" testId="5b0b0b21-c836-f769-4fb0-bf7c584f610d" testName="FilterByText_WithCaseInsensitiveMatch_ShouldReturnFilteredCollection" computerName="cursor" duration="00:00:00.0005689" startTime="2025-08-11T23:09:01.7913710+00:00" endTime="2025-08-11T23:09:01.7919396+00:00" testType="13cdc9d9-ddb5-4fa4-a97d-d965ccfc6d4b" outcome="Passed" testListId="8c84fa94-04c1-424b-9868-57a2d4851a1d" relativeResultsDirectory="8870ca68-ee10-431f-95f1-b00efc313c49" />
    <UnitTestResult executionId="51a58f52-0ce4-42d2-84f3-e4c8afa8a00a" testId="6ba06a82-9046-fcca-a49b-be1345ecbc51" testName="WaitFor_WithHiddenStrategy_ShouldCallWaitForHidden" computerName="cursor" duration="00:00:00.0003130" startTime="2025-08-11T23:09:01.8127226+00:00" endTime="2025-08-11T23:09:01.8130351+00:00" testType="13cdc9d9-ddb5-4fa4-a97d-d965ccfc6d4b" outcome="Passed" testListId="8c84fa94-04c1-424b-9868-57a2d4851a1d" relativeResultsDirectory="51a58f52-0ce4-42d2-84f3-e4c8afa8a00a" />
    <UnitTestResult executionId="bfb343d6-9313-4241-8bec-861246af6764" testId="4cd43b66-f3f8-8df6-5266-95b6a332d485" testName="BuildCommandArguments_PrependsScript_AndAppendsArgs" computerName="cursor" duration="00:00:00.0006830" startTime="2025-08-11T23:09:01.9859049+00:00" endTime="2025-08-11T23:09:01.9865878+00:00" testType="13cdc9d9-ddb5-4fa4-a97d-d965ccfc6d4b" outcome="Passed" testListId="8c84fa94-04c1-424b-9868-57a2d4851a1d" relativeResultsDirectory="bfb343d6-9313-4241-8bec-861246af6764" />
    <UnitTestResult executionId="bd09ca17-8dd7-4dab-bc0a-b1e14aa7333a" testId="c6b038af-0bc0-b632-00c4-3ef8ea29ed6e" testName="RemoveFromCache_WithExistingKey_ShouldRemoveElement" computerName="cursor" duration="00:00:00.0001940" startTime="2025-08-11T23:09:01.8017705+00:00" endTime="2025-08-11T23:09:01.8019645+00:00" testType="13cdc9d9-ddb5-4fa4-a97d-d965ccfc6d4b" outcome="Passed" testListId="8c84fa94-04c1-424b-9868-57a2d4851a1d" relativeResultsDirectory="bd09ca17-8dd7-4dab-bc0a-b1e14aa7333a" />
    <UnitTestResult executionId="421d426a-2459-4402-93a6-fed4793b8246" testId="ab73f926-d1a2-00f0-bb5d-c38f897fb557" testName="CreateElement_WithEmptySelector_ShouldThrowArgumentException" computerName="cursor" duration="00:00:00.0001750" startTime="2025-08-11T23:09:01.7992910+00:00" endTime="2025-08-11T23:09:01.7994661+00:00" testType="13cdc9d9-ddb5-4fa4-a97d-d965ccfc6d4b" outcome="Passed" testListId="8c84fa94-04c1-424b-9868-57a2d4851a1d" relativeResultsDirectory="421d426a-2459-4402-93a6-fed4793b8246" />
    <UnitTestResult executionId="95e9bea6-52e6-47bc-bab2-4bef3b20db9a" testId="d0ef1a67-943c-e03c-80e8-cb9d77933072" testName="WithBaseUrl_WithValidUrl_SetsBaseUrl" computerName="cursor" duration="00:00:00.0005620" startTime="2025-08-11T23:09:01.9806720+00:00" endTime="2025-08-11T23:09:01.9812341+00:00" testType="13cdc9d9-ddb5-4fa4-a97d-d965ccfc6d4b" outcome="Passed" testListId="8c84fa94-04c1-424b-9868-57a2d4851a1d" relativeResultsDirectory="95e9bea6-52e6-47bc-bab2-4bef3b20db9a" />
    <UnitTestResult executionId="765da354-5b4f-48c1-aeb3-9c60046e75b5" testId="9a47f56b-5bfd-fc11-0334-5ee2c89f0d7c" testName="CacheCount_ShouldReturnCorrectCount" computerName="cursor" duration="00:00:00.0006450" startTime="2025-08-11T23:09:01.7972988+00:00" endTime="2025-08-11T23:09:01.7979433+00:00" testType="13cdc9d9-ddb5-4fa4-a97d-d965ccfc6d4b" outcome="Passed" testListId="8c84fa94-04c1-424b-9868-57a2d4851a1d" relativeResultsDirectory="765da354-5b4f-48c1-aeb3-9c60046e75b5" />
    <UnitTestResult executionId="ac04bbc0-445b-43b1-be31-8d4b80baaa1e" testId="18f05ca5-b5fb-a8dd-f454-c581d558cbe9" testName="FilterByAttribute_WithEmptyAttributeName_ShouldThrowArgumentException" computerName="cursor" duration="00:00:00.0003630" startTime="2025-08-11T23:09:01.7902426+00:00" endTime="2025-08-11T23:09:01.7906058+00:00" testType="13cdc9d9-ddb5-4fa4-a97d-d965ccfc6d4b" outcome="Passed" testListId="8c84fa94-04c1-424b-9868-57a2d4851a1d" relativeResultsDirectory="ac04bbc0-445b-43b1-be31-8d4b80baaa1e" />
    <UnitTestResult executionId="a5241eb1-3efe-4a4d-8b03-59387e205cc9" testId="5fc1ac23-88fa-ea50-bc84-f014c480a778" testName="BuildCommandArguments_UsesFrameworkAndConfiguration_FromBuilder" computerName="cursor" duration="00:00:00.0023050" startTime="2025-08-11T23:09:01.7240413+00:00" endTime="2025-08-11T23:09:01.7263462+00:00" testType="13cdc9d9-ddb5-4fa4-a97d-d965ccfc6d4b" outcome="Passed" testListId="8c84fa94-04c1-424b-9868-57a2d4851a1d" relativeResultsDirectory="a5241eb1-3efe-4a4d-8b03-59387e205cc9" />
    <UnitTestResult executionId="01bff190-c16b-4db0-863f-cc3999e73a93" testId="22a55186-734f-9dba-b3aa-22207bab8f2a" testName="RegisterPlugin_WithValidPluginType_RegistersPlugin" computerName="cursor" duration="00:00:00.0001880" startTime="2025-08-11T23:09:01.9930305+00:00" endTime="2025-08-11T23:09:01.9932186+00:00" testType="13cdc9d9-ddb5-4fa4-a97d-d965ccfc6d4b" outcome="Passed" testListId="8c84fa94-04c1-424b-9868-57a2d4851a1d" relativeResultsDirectory="01bff190-c16b-4db0-863f-cc3999e73a93" />
[...]
    <TestEntry testId="cc50075c-462e-8b57-d394-e1d716bb8f7e" executionId="344b34a8-7b4b-4551-b2a4-1ba73571e50e" testListId="8c84fa94-04c1-424b-9868-57a2d4851a1d" />
    <TestEntry testId="5ecd0d47-634a-f5a5-e7c4-807c1c8c5935" executionId="f2e0256b-2ff8-4258-b7e3-9f954872b66e" testListId="8c84fa94-04c1-424b-9868-57a2d4851a1d" />
    <TestEntry testId="5dbab36b-8bf9-b94a-886b-0679437303ac" executionId="820448c8-2c33-4b51-aec5-7260a32ed34c" testListId="8c84fa94-04c1-424b-9868-57a2d4851a1d" />
    <TestEntry testId="2d7af110-a47a-3498-5f06-ff20a980bae8" executionId="b0d57cf0-c5e2-4d17-a818-77d99bc60e8c" testListId="8c84fa94-04c1-424b-9868-57a2d4851a1d" />
    <TestEntry testId="68cc5f29-514d-38dc-c438-33585cc74aa4" executionId="2da269b4-c474-4921-8474-087625bd15ca" testListId="8c84fa94-04c1-424b-9868-57a2d4851a1d" />
    <TestEntry testId="e490ff0f-804e-81fe-d54a-5987cfe60093" executionId="6c57744c-e422-4eb2-8299-5a571e88b633" testListId="8c84fa94-04c1-424b-9868-57a2d4851a1d" />
    <TestEntry testId="bf999a1f-994b-fb2b-0916-7df6581792db" executionId="50b4a7cd-319e-4cff-acb8-da2f7b62dcaf" testListId="8c84fa94-04c1-424b-9868-57a2d4851a1d" />
    <TestEntry testId="691a1ada-8b81-1eeb-9198-2480eca9bcb5" executionId="2b834f52-8b44-479c-8dac-e958bc41aa6a" testListId="8c84fa94-04c1-424b-9868-57a2d4851a1d" />
    <TestEntry testId="0b5f1728-7b8a-73cb-1723-24feb2bf7d3d" executionId="cb7f13e5-d409-48c2-9384-59bfb79d3ee8" testListId="8c84fa94-04c1-424b-9868-57a2d4851a1d" />
    <TestEntry testId="0d8a6f68-b892-8208-9f84-b0a607e9693d" executionId="73e3dbe4-69d3-4cbe-ba36-ce6279f56f28" testListId="8c84fa94-04c1-424b-9868-57a2d4851a1d" />
    <TestEntry testId="202af691-80fb-dfa6-d9ed-de360fd56509" executionId="ed3c9d6c-3c1a-4c35-b64b-63c2b4683559" testListId="8c84fa94-04c1-424b-9868-57a2d4851a1d" />
    <TestEntry testId="7b7eece1-efca-5e39-6f9c-7c2cf05500c2" executionId="b8bb3761-1a1c-464c-a76c-b4ca7de66f3e" testListId="8c84fa94-04c1-424b-9868-57a2d4851a1d" />
    <TestEntry testId="d9c1e874-b98e-f314-cfca-82dd9dc7660b" executionId="10513438-ed06-41b1-9f26-b9e8c64b71ee" testListId="8c84fa94-04c1-424b-9868-57a2d4851a1d" />
    <TestEntry testId="3297f400-bb31-d8da-0f7d-46758c3d7554" executionId="f3850ab7-59c3-486c-9c3b-adb4d5b53305" testListId="8c84fa94-04c1-424b-9868-57a2d4851a1d" />
    <TestEntry testId="869c75f3-f0d3-ccd1-94b9-b347ceeefe6e" executionId="7fbaef00-d1e3-42cb-bbaf-ab94678de0e8" testListId="8c84fa94-04c1-424b-9868-57a2d4851a1d" />
    <TestEntry testId="280bec51-23dc-ffba-208c-c20000ad7909" executionId="3aec7b88-1b9e-4bf5-a2ae-e07a75d87a0c" testListId="8c84fa94-04c1-424b-9868-57a2d4851a1d" />
    <TestEntry testId="6c726527-cdae-6f0e-e424-af9055e97f92" executionId="9e295291-d698-44dd-bbd1-2401771e6edf" testListId="8c84fa94-04c1-424b-9868-57a2d4851a1d" />
    <TestEntry testId="28f7c59d-b5d1-8620-75b4-446e721774f0" executionId="32591158-9451-4003-8659-7e1d92d565a1" testListId="8c84fa94-04c1-424b-9868-57a2d4851a1d" />
    <TestEntry testId="ff506097-7a61-9dd6-1df2-d3c8d75a82f3" executionId="1529a4b8-6910-4ccd-92e0-01cd9a87fb46" testListId="8c84fa94-04c1-424b-9868-57a2d4851a1d" />
    <TestEntry testId="5b0f8305-1a07-717d-f99d-cd7dc78eb59e" executionId="f741d17c-4afd-4bf5-88fa-99f206d3e17f" testListId="8c84fa94-04c1-424b-9868-57a2d4851a1d" />
    <TestEntry testId="24920700-cbf0-845b-81d7-78958082ce63" executionId="ab223af1-cfa0-47f9-898b-dd0aea56721e" testListId="8c84fa94-04c1-424b-9868-57a2d4851a1d" />
    <TestEntry testId="f1c510fe-f632-6958-5421-3d34e26a9b68" executionId="bb5407c8-8b70-40c2-9983-d86c0de45bf2" testListId="8c84fa94-04c1-424b-9868-57a2d4851a1d" />
    <TestEntry testId="0b3109f8-d2a8-47f7-ae01-04faf34ff615" executionId="ec277f69-f577-4eb5-988f-b31aaa165b3f" testListId="8c84fa94-04c1-424b-9868-57a2d4851a1d" />
    <TestEntry testId="4c88da48-1cf2-2ce5-51d9-4c397983aa27" executionId="da1342d3-f303-487a-987a-5eabe68ed042" testListId="8c84fa94-04c1-424b-9868-57a2d4851a1d" />
    <TestEntry testId="fab6990d-3c1c-2c65-5826-c4e429096956" executionId="38ed0c78-1f53-4803-afb1-ba04c2346c17" testListId="8c84fa94-04c1-424b-9868-57a2d4851a1d" />
    <TestEntry testId="8f39af80-f58e-71ee-14e2-037e33d2ca9e" executionId="dd3b363b-0798-4654-9660-d71dd1554b3f" testListId="8c84fa94-04c1-424b-9868-57a2d4851a1d" />
    <TestEntry testId="db9ada96-dcf3-e037-db10-b7563d6669b8" executionId="ed4a3ef3-f493-4fa0-87c4-6c8a241c48e0" testListId="8c84fa94-04c1-424b-9868-57a2d4851a1d" />
    <TestEntry testId="8a43bd3c-a801-bb4f-9167-9cddc20d64b5" executionId="882d94c2-9264-4271-b966-e0b06550db31" testListId="8c84fa94-04c1-424b-9868-57a2d4851a1d" />
    <TestEntry testId="bba98ce8-0e46-19a1-add2-e0e6659866ca" executionId="66eda160-eea6-44e6-9f78-d6d60c352af2" testListId="8c84fa94-04c1-424b-9868-57a2d4851a1d" />
    <TestEntry testId="fff58572-0076-1d30-45fe-03dd6cfeccd1" executionId="7dd560d2-7d62-4b9d-aa5a-e2f6325b7997" testListId="8c84fa94-04c1-424b-9868-57a2d4851a1d" />
    <TestEntry testId="8ca40265-bff9-35e5-4c05-5311e5fae258" executionId="d54184fc-05c3-40b6-a77e-96f5fdb2f255" testListId="8c84fa94-04c1-424b-9868-57a2d4851a1d" />
    <TestEntry testId="2ac82e10-080e-2b5b-2d3d-5685bb444717" executionId="d8311888-d7a9-4201-91fa-2d2f0afe5dc3" testListId="8c84fa94-04c1-424b-9868-57a2d4851a1d" />
    <TestEntry testId="2ac27a39-0887-ff83-8ecd-f4b873b52bce" executionId="67dee50d-a064-4905-9257-4d124e0b010f" testListId="8c84fa94-04c1-424b-9868-57a2d4851a1d" />
    <TestEntry testId="471622d6-a01c-acdb-82c5-f00f72212509" executionId="c85505f2-e021-4ed0-a633-6bcbc3132a3e" testListId="8c84fa94-04c1-424b-9868-57a2d4851a1d" />
    <TestEntry testId="73a1b770-4a5e-0a29-6a9c-524092b48888" executionId="de8bb5ba-9247-4b21-89dc-c8ebfacb8445" testListId="8c84fa94-04c1-424b-9868-57a2d4851a1d" />
    <TestEntry testId="5e045292-2424-2536-e9a7-78679c446a8a" executionId="1439dde5-f7a0-46a7-a5e0-b7bb04d78424" testListId="8c84fa94-04c1-424b-9868-57a2d4851a1d" />
    <TestEntry testId="53b308dd-208a-388e-c5f9-16f490d67de6" executionId="979a4dee-fa79-4fa5-94bc-a19bbf77da32" testListId="8c84fa94-04c1-424b-9868-57a2d4851a1d" />
    <TestEntry testId="2c985496-df4a-5947-e2dc-50422705efcf" executionId="2d617581-35d6-4a23-a58f-2dc8342346c6" testListId="8c84fa94-04c1-424b-9868-57a2d4851a1d" />
    <TestEntry testId="09311360-5b2a-d8bb-bda7-c830483aca7e" executionId="d3e0cd15-4817-453a-9a84-310cbba511a6" testListId="8c84fa94-04c1-424b-9868-57a2d4851a1d" />
    <TestEntry testId="8ee850f6-f93d-44de-04bb-8bbc073b000b" executionId="01ad2bf3-4aeb-4c64-ae1c-a8d4c1601239" testListId="8c84fa94-04c1-424b-9868-57a2d4851a1d" />
    <TestEntry testId="46ffc5ad-c340-b767-44fb-d87ee75aad26" executionId="46afc3f9-e25b-4fdb-a887-cbd20f49c807" testListId="8c84fa94-04c1-424b-9868-57a2d4851a1d" />
    <TestEntry testId="aa2ad8c9-644e-352f-745e-635b81ae401d" executionId="75fe1a7e-4273-47d1-86aa-69828a91da40" testListId="8c84fa94-04c1-424b-9868-57a2d4851a1d" />
    <TestEntry testId="ce884f09-4916-a854-a0cc-dbdac776383b" executionId="3c9eddd2-8133-49e6-ac1d-799f992e85c1" testListId="8c84fa94-04c1-424b-9868-57a2d4851a1d" />
    <TestEntry testId="0f9f915d-f9f9-434c-81bb-640e07bacad2" executionId="513e790c-0e1e-47f7-b82b-9ae67395ada9" testListId="8c84fa94-04c1-424b-9868-57a2d4851a1d" />
    <TestEntry testId="2e23022d-866f-3ace-93c9-9c504b47228e" executionId="1e221eef-2d76-4c67-8c4b-07d8bf353885" testListId="8c84fa94-04c1-424b-9868-57a2d4851a1d" />
    <TestEntry testId="4b5ed4f4-cca7-3210-3b0c-b7d6cb410605" executionId="0fc9dd80-9d4f-4e13-ac00-eeebd1f375d5" testListId="8c84fa94-04c1-424b-9868-57a2d4851a1d" />
    <TestEntry testId="8ae62a86-1c76-a105-6718-7582f48ad523" executionId="d639e8f2-beb5-4bc5-b239-0c91fe4ed253" testListId="8c84fa94-04c1-424b-9868-57a2d4851a1d" />
    <TestEntry testId="27bf1d8f-6db2-9d4a-565f-5fca061cc8f1" executionId="57d23020-a15b-4d4e-9525-62fd6382e610" testListId="8c84fa94-04c1-424b-9868-57a2d4851a1d" />
    <TestEntry testId="b7012c97-f966-55dc-c35d-274095149e5d" executionId="299c51b4-19c0-49cf-9615-d0cb17caec09" testListId="8c84fa94-04c1-424b-9868-57a2d4851a1d" />
    <TestEntry testId="f2f6b3ec-eeaf-c73e-5a2e-1ef2fc174766" executionId="56d39b71-3893-441f-90ef-cedb84ef6232" testListId="8c84fa94-04c1-424b-9868-57a2d4851a1d" />
    <TestEntry testId="91a71ac4-590c-9e24-6500-b1be939120d3" executionId="15b4336f-da65-4b93-a577-ec9c74e33b20" testListId="8c84fa94-04c1-424b-9868-57a2d4851a1d" />
    <TestEntry testId="7f949d80-13b6-78ce-6336-64f88eac33b7" executionId="04b71bc9-7e09-4ed8-838f-26ef6712c889" testListId="8c84fa94-04c1-424b-9868-57a2d4851a1d" />
    <TestEntry testId="a1f4b443-1603-0539-0dc0-d4ce95853134" executionId="7007eda3-1efd-499b-84be-e88c3ee2bac0" testListId="8c84fa94-04c1-424b-9868-57a2d4851a1d" />
    <TestEntry testId="38f64a32-373c-d336-108a-9833491623db" executionId="ec695bd9-3c7b-4d47-8322-58f6b5d2a20d" testListId="8c84fa94-04c1-424b-9868-57a2d4851a1d" />
    <TestEntry testId="6dd2c663-126f-c692-d442-51f4ddb16f47" executionId="1543e6c4-f06a-4133-aff5-fca6944575f2" testListId="8c84fa94-04c1-424b-9868-57a2d4851a1d" />
    <TestEntry testId="5b0b0b21-c836-f769-4fb0-bf7c584f610d" executionId="8870ca68-ee10-431f-95f1-b00efc313c49" testListId="8c84fa94-04c1-424b-9868-57a2d4851a1d" />
    <TestEntry testId="6ba06a82-9046-fcca-a49b-be1345ecbc51" executionId="51a58f52-0ce4-42d2-84f3-e4c8afa8a00a" testListId="8c84fa94-04c1-424b-9868-57a2d4851a1d" />
    <TestEntry testId="4cd43b66-f3f8-8df6-5266-95b6a332d485" executionId="bfb343d6-9313-4241-8bec-861246af6764" testListId="8c84fa94-04c1-424b-9868-57a2d4851a1d" />
    <TestEntry testId="c6b038af-0bc0-b632-00c4-3ef8ea29ed6e" executionId="bd09ca17-8dd7-4dab-bc0a-b1e14aa7333a" testListId="8c84fa94-04c1-424b-9868-57a2d4851a1d" />
    <TestEntry testId="ab73f926-d1a2-00f0-bb5d-c38f897fb557" executionId="421d426a-2459-4402-93a6-fed4793b8246" testListId="8c84fa94-04c1-424b-9868-57a2d4851a1d" />
    <TestEntry testId="d0ef1a67-943c-e03c-80e8-cb9d77933072" executionId="95e9bea6-52e6-47bc-bab2-4bef3b20db9a" testListId="8c84fa94-04c1-424b-9868-57a2d4851a1d" />
    <TestEntry testId="9a47f56b-5bfd-fc11-0334-5ee2c89f0d7c" executionId="765da354-5b4f-48c1-aeb3-9c60046e75b5" testListId="8c84fa94-04c1-424b-9868-57a2d4851a1d" />
    <TestEntry testId="18f05ca5-b5fb-a8dd-f454-c581d558cbe9" executionId="ac04bbc0-445b-43b1-be31-8d4b80baaa1e" testListId="8c84fa94-04c1-424b-9868-57a2d4851a1d" />
    <TestEntry testId="5fc1ac23-88fa-ea50-bc84-f014c480a778" executionId="a5241eb1-3efe-4a4d-8b03-59387e205cc9" testListId="8c84fa94-04c1-424b-9868-57a2d4851a1d" />
    <TestEntry testId="22a55186-734f-9dba-b3aa-22207bab8f2a" executionId="01bff190-c16b-4db0-863f-cc3999e73a93" testListId="8c84fa94-04c1-424b-9868-57a2d4851a1d" />
    <TestEntry testId="63abd0f8-5814-164f-7950-4ad186521ab4" executionId="696d30a6-cccb-4594-ab0b-3d7bec690ee0" testListId="8c84fa94-04c1-424b-9868-57a2d4851a1d" />
    <TestEntry testId="0c9cdc29-691b-c84f-d982-5575012bff55" executionId="e3ac48fc-d7ba-4a6f-b3fd-3b96726e7d55" testListId="8c84fa94-04c1-424b-9868-57a2d4851a1d" />
    <TestEntry testId="b877d3bb-b67c-3d6a-02a1-248c2c6a7c36" executionId="7ffd47ed-5371-4b11-9ef9-91b52ac1e82b" testListId="8c84fa94-04c1-424b-9868-57a2d4851a1d" />
    <TestEntry testId="020a6f08-c481-d586-c35b-71ffdcdf77ae" executionId="c95be362-04b2-4df8-8114-97d04a53fbac" testListId="8c84fa94-04c1-424b-9868-57a2d4851a1d" />
    <TestEntry testId="6112ca55-caad-863b-bca3-e844e296c7b3" executionId="fd922d0b-13eb-4e56-b1ad-9c12559d1caa" testListId="8c84fa94-04c1-424b-9868-57a2d4851a1d" />
    <TestEntry testId="894f94b1-efcc-7bbe-43c4-5aa998a01fba" executionId="979e832f-9086-4b23-8078-5c90d511a939" testListId="8c84fa94-04c1-424b-9868-57a2d4851a1d" />
    <TestEntry testId="6bd0c540-38a9-699a-6e83-30afb294a184" executionId="9578b8aa-9b86-4d50-893d-df7c62eec94d" testListId="8c84fa94-04c1-424b-9868-57a2d4851a1d" />
    <TestEntry testId="629e7f8f-acc1-6486-7ee3-d596d40e2188" executionId="624446a1-c0e3-49b7-b299-2860a015386b" testListId="8c84fa94-04c1-424b-9868-57a2d4851a1d" />
    <TestEntry testId="c2f5de2f-6096-d57c-95e5-fec26b8d796d" executionId="5a4c3fdb-a3cd-43cf-b72d-ab63f0de120a" testListId="8c84fa94-04c1-424b-9868-57a2d4851a1d" />
    <TestEntry testId="e75b2bb9-5515-7802-e744-4a6d4013843f" executionId="36760a62-b77a-4f74-9557-2935f00ad880" testListId="8c84fa94-04c1-424b-9868-57a2d4851a1d" />
    <TestEntry testId="c6d9c40f-adc6-4edb-6a83-6f4ac42882d1" executionId="26103ba4-942c-48e1-adf1-b0242c3e5c8f" testListId="8c84fa94-04c1-424b-9868-57a2d4851a1d" />
    <TestEntry testId="6343243c-dfd7-4b0b-0e3c-4021f44a4a0d" executionId="320c316f-fbad-47ad-88ae-8eda878ba591" testListId="8c84fa94-04c1-424b-9868-57a2d4851a1d" />
    <TestEntry testId="5bf46c48-3055-37d6-fef8-c9d126207b04" executionId="9603da98-87a3-46b2-9a82-86ecf0020be0" testListId="8c84fa94-04c1-424b-9868-57a2d4851a1d" />
    <TestEntry testId="e46f5d7d-393e-88b9-1a00-80ae274b5f6e" executionId="8c6bff1f-a42d-4f6c-bebc-8397824cc09a" testListId="8c84fa94-04c1-424b-9868-57a2d4851a1d" />
    <TestEntry testId="677131f5-8f9b-a5d7-51f3-8830f5479d4d" executionId="a068a709-8efa-4dcb-865c-c647fbbac705" testListId="8c84fa94-04c1-424b-9868-57a2d4851a1d" />
    <TestEntry testId="9277c687-d1ec-06a3-91ef-9c2756a13404" executionId="5a7557c1-d31a-4961-8f7e-64e0d52211a9" testListId="8c84fa94-04c1-424b-9868-57a2d4851a1d" />
    <TestEntry testId="f02c83be-628b-c901-c0e0-b0c07da04720" executionId="b6122dc5-c963-46d2-8504-ddcc0871ced3" testListId="8c84fa94-04c1-424b-9868-57a2d4851a1d" />
    <TestEntry testId="ae197987-6a6c-0f53-9053-aa2a52fada6c" executionId="f4b85df6-83d0-445f-923e-5b0c0a7b8601" testListId="8c84fa94-04c1-424b-9868-57a2d4851a1d" />
    <TestEntry testId="7ca0cb73-aeb1-887f-1af1-2afb19198c6a" executionId="92b1987c-5fdf-4935-9ef5-101c489e4c54" testListId="8c84fa94-04c1-424b-9868-57a2d4851a1d" />
    <TestEntry testId="405fd94c-1e16-06c6-669b-4f6514668f24" executionId="f1efd52b-a309-41df-8a69-b303c9e97edf" testListId="8c84fa94-04c1-424b-9868-57a2d4851a1d" />
    <TestEntry testId="ac2caede-1993-10f2-1269-ecc9a1cb91c8" executionId="7a11479e-44d3-4316-9b59-26393388eae1" testListId="8c84fa94-04c1-424b-9868-57a2d4851a1d" />
    <TestEntry testId="1c0d19b9-1bef-846e-5c51-324c55f41975" executionId="c97e5892-4a44-4db8-b040-5835a17405f1" testListId="8c84fa94-04c1-424b-9868-57a2d4851a1d" />
  </TestEntries>
  <TestLists>
    <TestList name="Results Not in a List" id="8c84fa94-04c1-424b-9868-57a2d4851a1d" />
    <TestList name="All Loaded Results" id="19431567-8539-422a-85d7-44ee4e166bda" />
  </TestLists>
  <ResultSummary outcome="Completed">
    <Counters total="175" executed="175" passed="175" failed="0" error="0" timeout="0" aborted="0" inconclusive="0" passedButRunAborted="0" notRunnable="0" notExecuted="0" disconnected="0" warning="0" completed="0" inProgress="0" pending="0" />
    <Output>
      <StdOut>NUnit Adapter 4.5.0.0: Test execution started
Running all tests in /workspace/tests/FluentUIScaffold.Core.Tests/bin/Debug/net8.0/FluentUIScaffold.Core.Tests.dll
   NUnit3TestExecutor discovered 175 of 175 NUnit test cases using Current Discovery mode, Non-Explicit run
WithServerConfiguration_Removed_FromBuilder: Server configuration is now provided only to WebServerManager
WithServerConfiguration_WithNullConfiguration_Removed: Removed
WithWebServerProjectPath_IsRemoved_FromBuilder: Server config APIs removed from options builder; managed by WebServerManager
WithWebServerProjectPath_WithEmptyPath_Removed: Removed
WithWebServerProjectPath_WithNullPath_Removed: Removed
ServerConfiguration_Removed_FromOptions: Server configuration removed from options; managed by WebServerManager
WebServerProjectPath_Removed_FromOptions: Server project path removed from options; managed by WebServerManager
RegisterDetector_WithValidDetector_RegistersSuccessfully: Detector registered successfully
NUnit Adapter 4.5.0.0: Test execution complete
</StdOut>
    </Output>
    <RunInfos>
      <RunInfo computerName="cursor" outcome="Warning" timestamp="2025-08-11T23:09:01.9806652+00:00">
        <Text>PluginRegistry count before seeding: 1
PluginManager count after seeding: 1
</Text>
      </RunInfo>
      <RunInfo computerName="cursor" outcome="Warning" timestamp="2025-08-11T23:09:01.9991192+00:00">
        <Text>=== Aspire (dotnet run) ===
Builder methods:
ServerConfiguration
    .CreateAspireServer(new Uri("http://localhost:6066"), "/path/to/AspireApp.AppHost.csproj")
    .WithFramework("net9.0")
    .WithConfiguration("Release")
Run command:
dotnet run --framework net9.0 --configuration Release --no-launch-profile
Environment variables:
ASPNETCORE_ENVIRONMENT=Development
ASPNETCORE_FORWARDEDHEADERS_ENABLED=false
ASPNETCORE_HOSTINGSTARTUPASSEMBLIES=
ASPNETCORE_URLS=http://localhost:6066/
DOTNET_DASHBOARD_OTLP_ENDPOINT_URL=https://localhost:21097
DOTNET_ENVIRONMENT=Development
DOTNET_RESOURCE_SERVICE_ENDPOINT_URL=https://localhost:22268
====================

</Text>
      </RunInfo>
      <RunInfo computerName="cursor" outcome="Warning" timestamp="2025-08-11T23:09:02.0000839+00:00">
        <Text>=== Custom env vars ===
Builder methods:
.WithEnvironmentVariable("MY_SETTING", "abc").WithEnvironmentVariables(...) 
Run command:
dotnet run --framework net8.0 --configuration Release --no-launch-profile
Environment variables:
ASPNETCORE_ENVIRONMENT=Staging
ASPNETCORE_HOSTINGSTARTUPASSEMBLIES=
FOO=bar
MY_SETTING=abc
====================

</Text>
      </RunInfo>
      <RunInfo computerName="cursor" outcome="Warning" timestamp="2025-08-11T23:09:02.0040596+00:00">
        <Text>=== ASP.NET Core (dotnet run) ===
Builder methods:
ServerConfiguration
    .CreateDotNetServer(new Uri("http://localhost:5055"), "/path/to/MyApp.csproj")
    .WithFramework("net9.0")
    .WithConfiguration("Debug")
Run command:
dotnet run --framework net9.0 --configuration Debug --no-launch-profile
Environment variables:
ASPNETCORE_ENVIRONMENT=Development
ASPNETCORE_HOSTINGSTARTUPASSEMBLIES=
====================

</Text>
      </RunInfo>
      <RunInfo computerName="cursor" outcome="Warning" timestamp="2025-08-11T23:09:02.0046922+00:00">
        <Text>=== Node.js (npm run) ===
Builder methods: WithNpmScript("dev").WithNodeEnvironment("production").WithPort(7777).WithArguments("--", "--open")
npm start dev -- --open
NODE_ENV=production
PORT=7777
====================

</Text>
      </RunInfo>
      <RunInfo computerName="cursor" outcome="Warning" timestamp="2025-08-11T23:09:02.0053295+00:00">
        <Text>=== SPA proxy enabled ===
Builder methods:
.WithSpaProxy(true)
Run command:
dotnet run --framework net8.0 --configuration Release --no-launch-profile
Environment variables:
ASPNETCORE_ENVIRONMENT=Development
ASPNETCORE_HOSTINGSTARTUPASSEMBLIES=Microsoft.AspNetCore.SpaProxy
====================

=== SPA proxy disabled ===
Builder methods:
.WithSpaProxy(false)
Run command:
dotnet run --framework net8.0 --configuration Release --no-launch-profile
Environment variables:
ASPNETCORE_ENVIRONMENT=Development
ASPNETCORE_HOSTINGSTARTUPASSEMBLIES=
====================

</Text>
      </RunInfo>
      <RunInfo computerName="cursor" outcome="Warning" timestamp="2025-08-11T23:09:02.0053671+00:00">
        <Text>=== WebApplicationFactory (fallback to dotnet run) ===
Builder methods:
.WithFramework("net9.0").WithConfiguration("Debug")
Run command:
dotnet run --framework net9.0 --configuration Debug --no-launch-profile
Environment variables:
ASPNETCORE_HOSTINGSTARTUPASSEMBLIES=
====================

</Text>
      </RunInfo>
    </RunInfos>
    <CollectorDataEntries>
      <Collector agentName="cursor" uri="datacollector://microsoft/CoverletCodeCoverage/1.0" collectorDisplayName="XPlat code coverage">
        <UriAttachments>
          <UriAttachment>
            <A href="cursor/coverage.cobertura.xml"></A>
          </UriAttachment>
        </UriAttachments>
      </Collector>
    </CollectorDataEntries>
  </ResultSummary>
</TestRun>