<?xml version="1.0" encoding="utf-8"?>
<TestRun id="318f774e-f0e9-4434-92e3-149227808ded" name="@cursor 2025-08-11 22:58:29" xmlns="http://microsoft.com/schemas/VisualStudio/TeamTest/2010">
  <Times creation="2025-08-11T22:58:29.7839846+00:00" queuing="2025-08-11T22:58:29.7839846+00:00" start="2025-08-11T22:58:27.7390012+00:00" finish="2025-08-11T22:58:30.5400195+00:00" />
  <TestSettings name="default" id="b32a799c-024d-4d89-a7af-31b2b5a07036">
    <Deployment runDeploymentRoot="_cursor_2025-08-11_22_58_29" />
  </TestSettings>
  <Results>
    <UnitTestResult executionId="85f29da9-a582-4eb7-b8f9-8b299bf1f3f6" testId="0f9f915d-f9f9-434c-81bb-640e07bacad2" testName="Constructor_WithValidParameters_ShouldInitializeFactory" computerName="cursor" duration="00:00:00.0000790" startTime="2025-08-11T22:58:29.7669570+00:00" endTime="2025-08-11T22:58:29.7670362+00:00" testType="13cdc9d9-ddb5-4fa4-a97d-d965ccfc6d4b" outcome="Passed" testListId="8c84fa94-04c1-424b-9868-57a2d4851a1d" relativeResultsDirectory="85f29da9-a582-4eb7-b8f9-8b299bf1f3f6" />
    <UnitTestResult executionId="2f06f863-85ff-42c4-b91c-5f1d39fe4a7a" testId="7fb7363f-268a-d980-fb84-31f8b492a262" testName="FirstOrDefault_WithEmptyCollection_ShouldReturnNull" computerName="cursor" duration="00:00:00.0002960" startTime="2025-08-11T22:58:29.7612280+00:00" endTime="2025-08-11T22:58:29.7615238+00:00" testType="13cdc9d9-ddb5-4fa4-a97d-d965ccfc6d4b" outcome="Passed" testListId="8c84fa94-04c1-424b-9868-57a2d4851a1d" relativeResultsDirectory="2f06f863-85ff-42c4-b91c-5f1d39fe4a7a" />
    <UnitTestResult executionId="b1515429-8b28-4588-a61b-33cbde2db107" testId="691a1ada-8b81-1eeb-9198-2480eca9bcb5" testName="ServerConfiguration_Removed_FromOptions" computerName="cursor" duration="00:00:00.0001689" startTime="2025-08-11T22:58:29.9660149+00:00" endTime="2025-08-11T22:58:29.9661836+00:00" testType="13cdc9d9-ddb5-4fa4-a97d-d965ccfc6d4b" outcome="Passed" testListId="8c84fa94-04c1-424b-9868-57a2d4851a1d" relativeResultsDirectory="b1515429-8b28-4588-a61b-33cbde2db107">
      <Output>
        <StdOut>Server configuration removed from options; managed by WebServerManager</StdOut>
      </Output>
    </UnitTestResult>
    <UnitTestResult executionId="50eed00b-0719-488b-94f3-f685b9eb35bb" testId="1c8b7bab-7237-42e0-5fb5-c55615089994" testName="RegisterElement_WithValidParameters_ShouldCacheElement" computerName="cursor" duration="00:00:00.0001190" startTime="2025-08-11T22:58:29.7698032+00:00" endTime="2025-08-11T22:58:29.7699217+00:00" testType="13cdc9d9-ddb5-4fa4-a97d-d965ccfc6d4b" outcome="Passed" testListId="8c84fa94-04c1-424b-9868-57a2d4851a1d" relativeResultsDirectory="50eed00b-0719-488b-94f3-f685b9eb35bb" />
    <UnitTestResult executionId="6d7b22f7-cc46-438c-95db-699088b645a4" testId="c6b038af-0bc0-b632-00c4-3ef8ea29ed6e" testName="RemoveFromCache_WithExistingKey_ShouldRemoveElement" computerName="cursor" duration="00:00:00.0002150" startTime="2025-08-11T22:58:29.7699277+00:00" endTime="2025-08-11T22:58:29.7701428+00:00" testType="13cdc9d9-ddb5-4fa4-a97d-d965ccfc6d4b" outcome="Passed" testListId="8c84fa94-04c1-424b-9868-57a2d4851a1d" relativeResultsDirectory="6d7b22f7-cc46-438c-95db-699088b645a4" />
    <UnitTestResult executionId="3782df1b-7bed-4449-8972-5e90c53f3579" testId="020a6f08-c481-d586-c35b-71ffdcdf77ae" testName="Build_WithValidConfiguration_ReturnsConfiguredOptions" computerName="cursor" duration="00:00:00.0005030" startTime="2025-08-11T22:58:29.7935790+00:00" endTime="2025-08-11T22:58:29.7940822+00:00" testType="13cdc9d9-ddb5-4fa4-a97d-d965ccfc6d4b" outcome="Passed" testListId="8c84fa94-04c1-424b-9868-57a2d4851a1d" relativeResultsDirectory="3782df1b-7bed-4449-8972-5e90c53f3579" />
    <UnitTestResult executionId="377a77c5-8d06-4a42-b9d8-c7447a5560fb" testId="3f49ee74-f47f-14db-402b-a5606f508f18" testName="CreateDriver_WithValidOptions_ReturnsDriver" computerName="cursor" duration="00:00:00.0004950" startTime="2025-08-11T22:58:29.9803446+00:00" endTime="2025-08-11T22:58:29.9808393+00:00" testType="13cdc9d9-ddb5-4fa4-a97d-d965ccfc6d4b" outcome="Passed" testListId="8c84fa94-04c1-424b-9868-57a2d4851a1d" relativeResultsDirectory="377a77c5-8d06-4a42-b9d8-c7447a5560fb" />
    <UnitTestResult executionId="b8f90213-97e0-4039-9595-d161349665f2" testId="dd2018e8-67f8-175b-29d6-c073c16953d1" testName="Constructor_WithValidElements_ShouldInitializeCollection" computerName="cursor" duration="00:00:00.0011329" startTime="2025-08-11T22:58:29.7506853+00:00" endTime="2025-08-11T22:58:29.7518181+00:00" testType="13cdc9d9-ddb5-4fa4-a97d-d965ccfc6d4b" outcome="Passed" testListId="8c84fa94-04c1-424b-9868-57a2d4851a1d" relativeResultsDirectory="b8f90213-97e0-4039-9595-d161349665f2" />
    <UnitTestResult executionId="7a384aa7-4df8-4c33-9aab-fec5d7cb6744" testId="33a7bbde-5ce9-4487-c1d1-eb748c5080db" testName="CreateDriver_WithNullOptions_ThrowsArgumentNullException" computerName="cursor" duration="00:00:00.0001570" startTime="2025-08-11T22:58:29.9801803+00:00" endTime="2025-08-11T22:58:29.9803373+00:00" testType="13cdc9d9-ddb5-4fa4-a97d-d965ccfc6d4b" outcome="Passed" testListId="8c84fa94-04c1-424b-9868-57a2d4851a1d" relativeResultsDirectory="7a384aa7-4df8-4c33-9aab-fec5d7cb6744" />
    <UnitTestResult executionId="699f3ad5-21be-43aa-ba1b-992df857c248" testId="4b5ed4f4-cca7-3210-3b0c-b7d6cb410605" testName="GetEnumerator_ShouldReturnAllElements" computerName="cursor" duration="00:00:00.0005730" startTime="2025-08-11T22:58:29.7617632+00:00" endTime="2025-08-11T22:58:29.7623364+00:00" testType="13cdc9d9-ddb5-4fa4-a97d-d965ccfc6d4b" outcome="Passed" testListId="8c84fa94-04c1-424b-9868-57a2d4851a1d" relativeResultsDirectory="699f3ad5-21be-43aa-ba1b-992df857c248" />
    <UnitTestResult executionId="d33adb10-476f-4734-b362-00057aa558f8" testId="db9ada96-dcf3-e037-db10-b7563d6669b8" testName="SlowMo_WithNullValue_SetsSlowMoToNull" computerName="cursor" duration="00:00:00.0001700" startTime="2025-08-11T22:58:29.9661904+00:00" endTime="2025-08-11T22:58:29.9663600+00:00" testType="13cdc9d9-ddb5-4fa4-a97d-d965ccfc6d4b" outcome="Passed" testListId="8c84fa94-04c1-424b-9868-57a2d4851a1d" relativeResultsDirectory="d33adb10-476f-4734-b362-00057aa558f8" />
    <UnitTestResult executionId="11851c05-c0d5-4a76-b526-01e371c2d462" testId="f3b5f62e-4f46-2207-7f46-5faefe33f536" testName="Exists_WhenElementDoesNotExist_ShouldReturnFalse" computerName="cursor" duration="00:00:00.0008170" startTime="2025-08-11T22:58:29.7748837+00:00" endTime="2025-08-11T22:58:29.7757002+00:00" testType="13cdc9d9-ddb5-4fa4-a97d-d965ccfc6d4b" outcome="Passed" testListId="8c84fa94-04c1-424b-9868-57a2d4851a1d" relativeResultsDirectory="11851c05-c0d5-4a76-b526-01e371c2d462" />
    <UnitTestResult executionId="93111823-cfbe-4051-abea-f2096befe1eb" testId="446583bb-1a0c-a601-da8c-b6db446288a3" testName="WithCustomWait_ShouldSetCustomWaitCondition" computerName="cursor" duration="00:00:00.0002040" startTime="2025-08-11T22:58:29.7373042+00:00" endTime="2025-08-11T22:58:29.7375078+00:00" testType="13cdc9d9-ddb5-4fa4-a97d-d965ccfc6d4b" outcome="Passed" testListId="8c84fa94-04c1-424b-9868-57a2d4851a1d" relativeResultsDirectory="93111823-cfbe-4051-abea-f2096befe1eb" />
    <UnitTestResult executionId="4ccbb528-6b28-4d83-b367-8f0280c02b55" testId="475357e7-c128-1ac1-651e-32f7af1e435a" testName="IEnumerableGetEnumerator_ShouldReturnAllElements" computerName="cursor" duration="00:00:00.0005640" startTime="2025-08-11T22:58:29.7623492+00:00" endTime="2025-08-11T22:58:29.7629133+00:00" testType="13cdc9d9-ddb5-4fa4-a97d-d965ccfc6d4b" outcome="Passed" testListId="8c84fa94-04c1-424b-9868-57a2d4851a1d" relativeResultsDirectory="4ccbb528-6b28-4d83-b367-8f0280c02b55" />
    <UnitTestResult executionId="25bd2aaf-1a97-4e25-a1c7-d7ff143a9ed0" testId="91a71ac4-590c-9e24-6500-b1be939120d3" testName="GetOrCreateElement_WithNullKey_ShouldThrowArgumentException" computerName="cursor" duration="00:00:00.0001850" startTime="2025-08-11T22:58:29.7687645+00:00" endTime="2025-08-11T22:58:29.7689499+00:00" testType="13cdc9d9-ddb5-4fa4-a97d-d965ccfc6d4b" outcome="Passed" testListId="8c84fa94-04c1-424b-9868-57a2d4851a1d" relativeResultsDirectory="25bd2aaf-1a97-4e25-a1c7-d7ff143a9ed0" />
    <UnitTestResult executionId="3a9ebf6e-96da-4211-a738-c3339b0b7903" testId="20de0f10-a260-56ec-7409-45cd1f921704" testName="WebApplicationFactory_WithUnhealthyEndpoint_TimesOutPathsCovered" computerName="cursor" duration="00:00:00.0002480" startTime="2025-08-11T22:58:29.6851668+00:00" endTime="2025-08-11T22:58:29.6854147+00:00" testType="13cdc9d9-ddb5-4fa4-a97d-d965ccfc6d4b" outcome="Passed" testListId="8c84fa94-04c1-424b-9868-57a2d4851a1d" relativeResultsDirectory="3a9ebf6e-96da-4211-a738-c3339b0b7903" />
    <UnitTestResult executionId="b0ee5614-2f9a-45fa-9ad2-817e4dea6091" testId="07d2e673-5834-e2ca-06bc-89c7780bb3c8" testName="SpaProxy_Toggle_SetsHostingStartupAssembliesEnv" computerName="cursor" duration="00:00:00.0002140" startTime="2025-08-11T22:58:29.9896937+00:00" endTime="2025-08-11T22:58:29.9899080+00:00" testType="13cdc9d9-ddb5-4fa4-a97d-d965ccfc6d4b" outcome="Passed" testListId="8c84fa94-04c1-424b-9868-57a2d4851a1d" relativeResultsDirectory="b0ee5614-2f9a-45fa-9ad2-817e4dea6091">
      <Output>
        <StdOut>=== SPA proxy enabled ===
Builder methods:
.WithSpaProxy(true)
Run command:
dotnet run --framework net8.0 --configuration Release --no-launch-profile
Environment variables:
ASPNETCORE_ENVIRONMENT=Development
ASPNETCORE_HOSTINGSTARTUPASSEMBLIES=Microsoft.AspNetCore.SpaProxy
====================

=== SPA proxy disabled ===
Builder methods:
.WithSpaProxy(false)
Run command:
dotnet run --framework net8.0 --configuration Release --no-launch-profile
Environment variables:
ASPNETCORE_ENVIRONMENT=Development
ASPNETCORE_HOSTINGSTARTUPASSEMBLIES=
====================</StdOut>
      </Output>
    </UnitTestResult>
    <UnitTestResult executionId="fbd857f7-387c-4882-8ede-da2473916a90" testId="a8ccc846-1ff4-1690-63b6-362e0b40f521" testName="ValidatePlugins_WithValidPlugins_DoesNotThrow" computerName="cursor" duration="00:00:00.0001789" startTime="2025-08-11T22:58:29.9832781+00:00" endTime="2025-08-11T22:58:29.9834571+00:00" testType="13cdc9d9-ddb5-4fa4-a97d-d965ccfc6d4b" outcome="Passed" testListId="8c84fa94-04c1-424b-9868-57a2d4851a1d" relativeResultsDirectory="fbd857f7-387c-4882-8ede-da2473916a90" />
    <UnitTestResult executionId="79741a22-7a41-4a52-a016-68b83dc8204d" testId="6d5a4486-b343-0cdc-4507-2918b358e5b5" testName="DotNet_WorkingDirectory_IsApplied" computerName="cursor" duration="00:00:00.0001370" startTime="2025-08-11T22:58:29.9885638+00:00" endTime="2025-08-11T22:58:29.9887010+00:00" testType="13cdc9d9-ddb5-4fa4-a97d-d965ccfc6d4b" outcome="Passed" testListId="8c84fa94-04c1-424b-9868-57a2d4851a1d" relativeResultsDirectory="79741a22-7a41-4a52-a016-68b83dc8204d" />
    <UnitTestResult executionId="99b366bb-9e6e-4dca-b3d5-97448fc54b42" testId="4c88da48-1cf2-2ce5-51d9-4c397983aa27" testName="WithDefaultWaitTimeout_WithValidTimeout_SetsDefaultWaitTimeout" computerName="cursor" duration="00:00:00.0001080" startTime="2025-08-11T22:58:29.9676686+00:00" endTime="2025-08-11T22:58:29.9677766+00:00" testType="13cdc9d9-ddb5-4fa4-a97d-d965ccfc6d4b" outcome="Passed" testListId="8c84fa94-04c1-424b-9868-57a2d4851a1d" relativeResultsDirectory="99b366bb-9e6e-4dca-b3d5-97448fc54b42" />
    <UnitTestResult executionId="48575d45-29cb-438d-8b53-8a267b562320" testId="1dbd60f0-8bf8-0e06-1bea-3397a47d2afd" testName="HeadlessMode_WithValidValue_SetsHeadlessMode" computerName="cursor" duration="00:00:00.0001600" startTime="2025-08-11T22:58:29.9656022+00:00" endTime="2025-08-11T22:58:29.9657623+00:00" testType="13cdc9d9-ddb5-4fa4-a97d-d965ccfc6d4b" outcome="Passed" testListId="8c84fa94-04c1-424b-9868-57a2d4851a1d" relativeResultsDirectory="48575d45-29cb-438d-8b53-8a267b562320" />
    <UnitTestResult executionId="c0099243-9431-45ec-b1bb-2b23ea1a711f" testId="9a47f56b-5bfd-fc11-0334-5ee2c89f0d7c" testName="CacheCount_ShouldReturnCorrectCount" computerName="cursor" duration="00:00:00.0005689" startTime="2025-08-11T22:58:29.7655737+00:00" endTime="2025-08-11T22:58:29.7661424+00:00" testType="13cdc9d9-ddb5-4fa4-a97d-d965ccfc6d4b" outcome="Passed" testListId="8c84fa94-04c1-424b-9868-57a2d4851a1d" relativeResultsDirectory="c0099243-9431-45ec-b1bb-2b23ea1a711f" />
    <UnitTestResult executionId="dde2cecb-800b-4cc4-a908-798dde602829" testId="7af08328-43c6-c4ff-4de5-161f93857df3" testName="StartServerAsync_MutexHeldByOther_AndServerBecomesReady_Completes" computerName="cursor" duration="00:00:00.1717140" startTime="2025-08-11T22:58:29.9938761+00:00" endTime="2025-08-11T22:58:30.1655898+00:00" testType="13cdc9d9-ddb5-4fa4-a97d-d965ccfc6d4b" outcome="Passed" testListId="8c84fa94-04c1-424b-9868-57a2d4851a1d" relativeResultsDirectory="dde2cecb-800b-4cc4-a908-798dde602829" />
    <UnitTestResult executionId="35c9f32c-bf9b-41ef-89e4-13a3a6d9a830" testId="8ee850f6-f93d-44de-04bb-8bbc073b000b" testName="Constructor_WithNullOptions_ShouldThrowArgumentNullException" computerName="cursor" duration="00:00:00.0006330" startTime="2025-08-11T22:58:29.7345680+00:00" endTime="2025-08-11T22:58:29.7352010+00:00" testType="13cdc9d9-ddb5-4fa4-a97d-d965ccfc6d4b" outcome="Passed" testListId="8c84fa94-04c1-424b-9868-57a2d4851a1d" relativeResultsDirectory="35c9f32c-bf9b-41ef-89e4-13a3a6d9a830" />
    <UnitTestResult executionId="100b6bf6-ff69-4cd7-9692-e404cf3b507e" testId="bb6d95e1-fe2b-c7f2-f120-8406bb52b03a" testName="WithDefaultWaitTimeout_WithZeroTimeout_ThrowsException" computerName="cursor" duration="00:00:00.0001020" startTime="2025-08-11T22:58:29.8113564+00:00" endTime="2025-08-11T22:58:29.8114584+00:00" testType="13cdc9d9-ddb5-4fa4-a97d-d965ccfc6d4b" outcome="Passed" testListId="8c84fa94-04c1-424b-9868-57a2d4851a1d" relativeResultsDirectory="100b6bf6-ff69-4cd7-9692-e404cf3b507e" />
    <UnitTestResult executionId="122ca6a5-eafb-44e1-9c71-f1cbc6f0ebb8" testId="37cb0dcf-4168-cbb7-f50e-73ed6d374e4a" testName="GetCssValue_ShouldReturnEmptyString" computerName="cursor" duration="00:00:00.0001499" startTime="2025-08-11T22:58:29.7766479+00:00" endTime="2025-08-11T22:58:29.7767974+00:00" testType="13cdc9d9-ddb5-4fa4-a97d-d965ccfc6d4b" outcome="Passed" testListId="8c84fa94-04c1-424b-9868-57a2d4851a1d" relativeResultsDirectory="122ca6a5-eafb-44e1-9c71-f1cbc6f0ebb8" />
    <UnitTestResult executionId="8ac53a5b-ef37-465a-b89c-eda150ef9b91" testId="3c6ae5e7-2078-93c7-0cb9-170c4974fe27" testName="WithSlowMo_WithValidValue_SetsSlowMo" computerName="cursor" duration="00:00:00.0001290" startTime="2025-08-11T22:58:29.8152037+00:00" endTime="2025-08-11T22:58:29.8153328+00:00" testType="13cdc9d9-ddb5-4fa4-a97d-d965ccfc6d4b" outcome="Passed" testListId="8c84fa94-04c1-424b-9868-57a2d4851a1d" relativeResultsDirectory="8ac53a5b-ef37-465a-b89c-eda150ef9b91" />
    <UnitTestResult executionId="f256e94e-9bc6-4102-9413-4b2cd389941d" testId="bf999a1f-994b-fb2b-0916-7df6581792db" testName="FilterByAttribute_WithMatchingAttribute_ShouldReturnFilteredCollection" computerName="cursor" duration="00:00:00.0002830" startTime="2025-08-11T22:58:29.7584451+00:00" endTime="2025-08-11T22:58:29.7587282+00:00" testType="13cdc9d9-ddb5-4fa4-a97d-d965ccfc6d4b" outcome="Passed" testListId="8c84fa94-04c1-424b-9868-57a2d4851a1d" relativeResultsDirectory="f256e94e-9bc6-4102-9413-4b2cd389941d" />
    <UnitTestResult executionId="8f0f3f6f-08bc-4b2d-b728-586a2f68916b" testId="f02c83be-628b-c901-c0e0-b0c07da04720" testName="GetLauncher_WithUnregisteredServerType_ThrowsException" computerName="cursor" duration="00:00:00.0003140" startTime="2025-08-11T22:58:29.9927241+00:00" endTime="2025-08-11T22:58:29.9930377+00:00" testType="13cdc9d9-ddb5-4fa4-a97d-d965ccfc6d4b" outcome="Passed" testListId="8c84fa94-04c1-424b-9868-57a2d4851a1d" relativeResultsDirectory="8f0f3f6f-08bc-4b2d-b728-586a2f68916b" />
    <UnitTestResult executionId="467a3089-f1e7-49f1-afbc-dcaecbb62a21" testId="9878c4ec-2f1a-e8e4-b5a4-d9a2cba55d4b" testName="WithAttribute_WithEmptyName_ShouldThrowArgumentException" computerName="cursor" duration="00:00:00.0002540" startTime="2025-08-11T22:58:29.7366293+00:00" endTime="2025-08-11T22:58:29.7368831+00:00" testType="13cdc9d9-ddb5-4fa4-a97d-d965ccfc6d4b" outcome="Passed" testListId="8c84fa94-04c1-424b-9868-57a2d4851a1d" relativeResultsDirectory="467a3089-f1e7-49f1-afbc-dcaecbb62a21" />
    <UnitTestResult executionId="3d8355fe-d7b2-47be-bcc3-c2f070f65173" testId="894f94b1-efcc-7bbe-43c4-5aa998a01fba" testName="SetServerSpecificEnvironmentVariables_AspNetCore_SetsAspNetCoreUrls" computerName="cursor" duration="00:00:00.0002880" startTime="2025-08-11T22:58:29.6870539+00:00" endTime="2025-08-11T22:58:29.6873414+00:00" testType="13cdc9d9-ddb5-4fa4-a97d-d965ccfc6d4b" outcome="Passed" testListId="8c84fa94-04c1-424b-9868-57a2d4851a1d" relativeResultsDirectory="3d8355fe-d7b2-47be-bcc3-c2f070f65173" />
    <UnitTestResult executionId="c78d5658-5320-4e95-a4a3-9ed1d7c91ec4" testId="2ea41be2-ee63-3a11-0613-d95c2f91bed0" testName="Placeholder_NoOp_ToMaintainTestStructure" computerName="cursor" duration="00:00:00.0160840" startTime="2025-08-11T22:58:29.7945210+00:00" endTime="2025-08-11T22:58:29.8106048+00:00" testType="13cdc9d9-ddb5-4fa4-a97d-d965ccfc6d4b" outcome="Passed" testListId="8c84fa94-04c1-424b-9868-57a2d4851a1d" relativeResultsDirectory="c78d5658-5320-4e95-a4a3-9ed1d7c91ec4" />
    <UnitTestResult executionId="e735863a-9d3b-4a09-a180-702d30a8d521" testId="28f45f08-f929-d021-87bf-ac7bea3175f6" testName="WithWebServerProjectPath_WithNullPath_Removed" computerName="cursor" duration="00:00:00.0001490" startTime="2025-08-11T22:58:29.8160965+00:00" endTime="2025-08-11T22:58:29.8162453+00:00" testType="13cdc9d9-ddb5-4fa4-a97d-d965ccfc6d4b" outcome="Passed" testListId="8c84fa94-04c1-424b-9868-57a2d4851a1d" relativeResultsDirectory="e735863a-9d3b-4a09-a180-702d30a8d521">
      <Output>
        <StdOut>Removed</StdOut>
      </Output>
    </UnitTestResult>
    <UnitTestResult executionId="7b679ff8-9deb-4ddd-bfef-e672ff94dd1a" testId="5fc1ac23-88fa-ea50-bc84-f014c480a778" testName="BuildCommandArguments_UsesFrameworkAndConfiguration_FromBuilder" computerName="cursor" duration="00:00:00.0010460" startTime="2025-08-11T22:58:29.6855264+00:00" endTime="2025-08-11T22:58:29.6865724+00:00" testType="13cdc9d9-ddb5-4fa4-a97d-d965ccfc6d4b" outcome="Passed" testListId="8c84fa94-04c1-424b-9868-57a2d4851a1d" relativeResultsDirectory="7b679ff8-9deb-4ddd-bfef-e672ff94dd1a" />
    <UnitTestResult executionId="97930a85-c55b-48bd-9600-8fae30ebcff6" testId="268d744c-88c8-b894-11b0-d59382621120" testName="Exists_WhenElementExists_ShouldReturnTrue" computerName="cursor" duration="00:00:00.0003740" startTime="2025-08-11T22:58:29.7757152+00:00" endTime="2025-08-11T22:58:29.7760887+00:00" testType="13cdc9d9-ddb5-4fa4-a97d-d965ccfc6d4b" outcome="Passed" testListId="8c84fa94-04c1-424b-9868-57a2d4851a1d" relativeResultsDirectory="97930a85-c55b-48bd-9600-8fae30ebcff6" />
    <UnitTestResult executionId="dfe977ba-d06f-4820-8211-dcf5b6473598" testId="7ca0cb73-aeb1-887f-1af1-2afb19198c6a" testName="AspNetCore_ServerSpecificUrlsInjectedIntoStartInfo" computerName="cursor" duration="00:00:00.0002830" startTime="2025-08-11T22:58:29.9868740+00:00" endTime="2025-08-11T22:58:29.9871569+00:00" testType="13cdc9d9-ddb5-4fa4-a97d-d965ccfc6d4b" outcome="Passed" testListId="8c84fa94-04c1-424b-9868-57a2d4851a1d" relativeResultsDirectory="dfe977ba-d06f-4820-8211-dcf5b6473598" />
    <UnitTestResult executionId="6f3eb020-1945-415c-ab8d-b450ae905394" testId="bf028da6-1617-4eb8-985e-f133f6495b1c" testName="IsCached_WithNonExistingKey_ShouldReturnFalse" computerName="cursor" duration="00:00:00.0000570" startTime="2025-08-11T22:58:29.7691852+00:00" endTime="2025-08-11T22:58:29.7692423+00:00" testType="13cdc9d9-ddb5-4fa4-a97d-d965ccfc6d4b" outcome="Passed" testListId="8c84fa94-04c1-424b-9868-57a2d4851a1d" relativeResultsDirectory="6f3eb020-1945-415c-ab8d-b450ae905394" />
    <UnitTestResult executionId="4590e4ae-7622-44e4-a9c9-13171194d0d6" testId="c9f61712-9fd7-d6bb-db15-07624030c6e4" testName="Last_WithEmptyCollection_ShouldThrowInvalidOperationException" computerName="cursor" duration="00:00:00.0003710" startTime="2025-08-11T22:58:29.7643403+00:00" endTime="2025-08-11T22:58:29.7647111+00:00" testType="13cdc9d9-ddb5-4fa4-a97d-d965ccfc6d4b" outcome="Passed" testListId="8c84fa94-04c1-424b-9868-57a2d4851a1d" relativeResultsDirectory="4590e4ae-7622-44e4-a9c9-13171194d0d6" />
    <UnitTestResult executionId="616c70db-1621-4009-9c09-7c25089ae339" testId="629e7f8f-acc1-6486-7ee3-d596d40e2188" testName="FilterByAttribute_WithCaseInsensitiveMatch_ShouldReturnFilteredCollection" computerName="cursor" duration="00:00:00.0008000" startTime="2025-08-11T22:58:29.7572546+00:00" endTime="2025-08-11T22:58:29.7580547+00:00" testType="13cdc9d9-ddb5-4fa4-a97d-d965ccfc6d4b" outcome="Passed" testListId="8c84fa94-04c1-424b-9868-57a2d4851a1d" relativeResultsDirectory="616c70db-1621-4009-9c09-7c25089ae339" />
    <UnitTestResult executionId="5f4d1841-7f98-43bd-86e5-eac29c87ec02" testId="58c799eb-3510-390d-5f8b-eb2a700feeb4" testName="Build_ShouldReturnConfiguredElement" computerName="cursor" duration="00:00:00.0413730" startTime="2025-08-11T22:58:29.6881749+00:00" endTime="2025-08-11T22:58:29.7295481+00:00" testType="13cdc9d9-ddb5-4fa4-a97d-d965ccfc6d4b" outcome="Passed" testListId="8c84fa94-04c1-424b-9868-57a2d4851a1d" relativeResultsDirectory="5f4d1841-7f98-43bd-86e5-eac29c87ec02" />
    <UnitTestResult executionId="414c06ef-ef9c-4a05-b56f-fbac5c994875" testId="dddb8e0d-1bc6-fd59-4ffa-24cd6ce629ee" testName="IsCached_WithExistingKey_ShouldReturnTrue" computerName="cursor" duration="00:00:00.0000780" startTime="2025-08-11T22:58:29.7691009+00:00" endTime="2025-08-11T22:58:29.7691790+00:00" testType="13cdc9d9-ddb5-4fa4-a97d-d965ccfc6d4b" outcome="Passed" testListId="8c84fa94-04c1-424b-9868-57a2d4851a1d" relativeResultsDirectory="414c06ef-ef9c-4a05-b56f-fbac5c994875" />
    <UnitTestResult executionId="812a224e-50fa-4d1a-b1df-573df48d7780" testId="c2f5de2f-6096-d57c-95e5-fec26b8d796d" testName="Constructor_WithNullElements_ShouldInitializeEmptyCollection" computerName="cursor" duration="00:00:00.0003720" startTime="2025-08-11T22:58:29.7502997+00:00" endTime="2025-08-11T22:58:29.7506720+00:00" testType="13cdc9d9-ddb5-4fa4-a97d-d965ccfc6d4b" outcome="Passed" testListId="8c84fa94-04c1-424b-9868-57a2d4851a1d" relativeResultsDirectory="812a224e-50fa-4d1a-b1df-573df48d7780" />
    <UnitTestResult executionId="6ebfd525-3be8-49a9-81fb-fb4733c62120" testId="c3694fbe-f799-3b5e-9ff5-0d754eb65db7" testName="FilterByAttribute_WithNullAttributeName_ShouldThrowArgumentException" computerName="cursor" duration="00:00:00.0002770" startTime="2025-08-11T22:58:29.7589692+00:00" endTime="2025-08-11T22:58:29.7592458+00:00" testType="13cdc9d9-ddb5-4fa4-a97d-d965ccfc6d4b" outcome="Passed" testListId="8c84fa94-04c1-424b-9868-57a2d4851a1d" relativeResultsDirectory="6ebfd525-3be8-49a9-81fb-fb4733c62120" />
    <UnitTestResult executionId="ee41fa02-a819-4c6e-93a9-d0bf22c7b552" testId="8ae62a86-1c76-a105-6718-7582f48ad523" testName="WithRetryInterval_ShouldSetRetryInterval" computerName="cursor" duration="00:00:00.0001330" startTime="2025-08-11T22:58:29.7381699+00:00" endTime="2025-08-11T22:58:29.7383034+00:00" testType="13cdc9d9-ddb5-4fa4-a97d-d965ccfc6d4b" outcome="Passed" testListId="8c84fa94-04c1-424b-9868-57a2d4851a1d" relativeResultsDirectory="ee41fa02-a819-4c6e-93a9-d0bf22c7b552" />
    <UnitTestResult executionId="c3f1b04d-ae71-4d2d-9e9d-8a20380ad213" testId="e46f5d7d-393e-88b9-1a00-80ae274b5f6e" testName="RegisterElement_WithNullKey_ShouldThrowArgumentException" computerName="cursor" duration="00:00:00.0001650" startTime="2025-08-11T22:58:29.7696320+00:00" endTime="2025-08-11T22:58:29.7697970+00:00" testType="13cdc9d9-ddb5-4fa4-a97d-d965ccfc6d4b" outcome="Passed" testListId="8c84fa94-04c1-424b-9868-57a2d4851a1d" relativeResultsDirectory="c3f1b04d-ae71-4d2d-9e9d-8a20380ad213" />
    <UnitTestResult executionId="997f3723-86a0-412e-82ee-9fabd50db547" testId="32cab928-a934-2b6a-7a60-1dfa1c7f9abb" testName="WaitForHidden_ShouldCallDriverWaitForElementToBeHidden" computerName="cursor" duration="00:00:00.0002480" startTime="2025-08-11T22:58:29.7883776+00:00" endTime="2025-08-11T22:58:29.7886253+00:00" testType="13cdc9d9-ddb5-4fa4-a97d-d965ccfc6d4b" outcome="Passed" testListId="8c84fa94-04c1-424b-9868-57a2d4851a1d" relativeResultsDirectory="997f3723-86a0-412e-82ee-9fabd50db547" />
    <UnitTestResult executionId="2f69871c-e66d-4c18-8398-ccc5dd3f7bb4" testId="0cc5a016-6448-c184-75cf-5538243062ce" testName="WithServerConfiguration_WithNullConfiguration_Removed" computerName="cursor" duration="00:00:00.0001780" startTime="2025-08-11T22:58:29.8146369+00:00" endTime="2025-08-11T22:58:29.8148148+00:00" testType="13cdc9d9-ddb5-4fa4-a97d-d965ccfc6d4b" outcome="Passed" testListId="8c84fa94-04c1-424b-9868-57a2d4851a1d" relativeResultsDirectory="2f69871c-e66d-4c18-8398-ccc5dd3f7bb4">
      <Output>
        <StdOut>Removed</StdOut>
      </Output>
    </UnitTestResult>
    <UnitTestResult executionId="6c1e7568-047b-4000-9c9d-71e94ce8f605" testId="53b308dd-208a-388e-c5f9-16f490d67de6" testName="NavigateToUrl_WithNullUrl_IsValid" computerName="cursor" duration="00:00:00.0005830" startTime="2025-08-11T22:58:29.9740435+00:00" endTime="2025-08-11T22:58:29.9746266+00:00" testType="13cdc9d9-ddb5-4fa4-a97d-d965ccfc6d4b" outcome="Passed" testListId="8c84fa94-04c1-424b-9868-57a2d4851a1d" relativeResultsDirectory="6c1e7568-047b-4000-9c9d-71e94ce8f605" />
    <UnitTestResult executionId="2626d243-54b2-4cab-9609-d4dc12beceb8" testId="5dbab36b-8bf9-b94a-886b-0679437303ac" testName="Build_WithInvalidConfiguration_ThrowsException" computerName="cursor" duration="00:00:00.0004220" startTime="2025-08-11T22:58:29.7931448+00:00" endTime="2025-08-11T22:58:29.7935664+00:00" testType="13cdc9d9-ddb5-4fa4-a97d-d965ccfc6d4b" outcome="Passed" testListId="8c84fa94-04c1-424b-9868-57a2d4851a1d" relativeResultsDirectory="2626d243-54b2-4cab-9609-d4dc12beceb8" />
    <UnitTestResult executionId="b23be0a4-167c-486a-9a7b-998861525242" testId="eeb41d66-bc8a-3f24-dae1-82048046740c" testName="WithSlowMo_WithNullValue_SetsSlowMoToNull" computerName="cursor" duration="00:00:00.0001740" startTime="2025-08-11T22:58:29.8150246+00:00" endTime="2025-08-11T22:58:29.8151982+00:00" testType="13cdc9d9-ddb5-4fa4-a97d-d965ccfc6d4b" outcome="Passed" testListId="8c84fa94-04c1-424b-9868-57a2d4851a1d" relativeResultsDirectory="b23be0a4-167c-486a-9a7b-998861525242" />
    <UnitTestResult executionId="f79bed0e-45d1-4da4-ad61-4e71308988a4" testId="e694388c-e9b9-a1d2-ef93-70adf5bded0d" testName="WithBaseUrl_WithValidUrl_SetsBaseUrl" computerName="cursor" duration="00:00:00.0001930" startTime="2025-08-11T22:58:29.8108256+00:00" endTime="2025-08-11T22:58:29.8110185+00:00" testType="13cdc9d9-ddb5-4fa4-a97d-d965ccfc6d4b" outcome="Passed" testListId="8c84fa94-04c1-424b-9868-57a2d4851a1d" relativeResultsDirectory="f79bed0e-45d1-4da4-ad61-4e71308988a4" />
    <UnitTestResult executionId="ff70c1a7-3355-4ada-ace6-e037ec69d2dd" testId="a1f4b443-1603-0539-0dc0-d4ce95853134" testName="RegisterElement_WithNullElement_ShouldThrowArgumentNullException" computerName="cursor" duration="00:00:00.0001640" startTime="2025-08-11T22:58:29.7694613+00:00" endTime="2025-08-11T22:58:29.7696257+00:00" testType="13cdc9d9-ddb5-4fa4-a97d-d965ccfc6d4b" outcome="Passed" testListId="8c84fa94-04c1-424b-9868-57a2d4851a1d" relativeResultsDirectory="ff70c1a7-3355-4ada-ace6-e037ec69d2dd" />
    <UnitTestResult executionId="f184de21-9f87-4c46-b73c-b140c1079d1d" testId="202af691-80fb-dfa6-d9ed-de360fd56509" testName="Last_WithNonEmptyCollection_ShouldReturnLastElement" computerName="cursor" duration="00:00:00.0002530" startTime="2025-08-11T22:58:29.7647218+00:00" endTime="2025-08-11T22:58:29.7649752+00:00" testType="13cdc9d9-ddb5-4fa4-a97d-d965ccfc6d4b" outcome="Passed" testListId="8c84fa94-04c1-424b-9868-57a2d4851a1d" relativeResultsDirectory="f184de21-9f87-4c46-b73c-b140c1079d1d" />
    <UnitTestResult executionId="c9d63107-e5b4-488e-b287-cf4e995c3727" testId="6dd2c663-126f-c692-d442-51f4ddb16f47" testName="WithSlowMo_WithNegativeValue_ThrowsException" computerName="cursor" duration="00:00:00.0001950" startTime="2025-08-11T22:58:29.8148218+00:00" endTime="2025-08-11T22:58:29.8150170+00:00" testType="13cdc9d9-ddb5-4fa4-a97d-d965ccfc6d4b" outcome="Passed" testListId="8c84fa94-04c1-424b-9868-57a2d4851a1d" relativeResultsDirectory="c9d63107-e5b4-488e-b287-cf4e995c3727" />
    <UnitTestResult executionId="5677cabc-5f44-423d-9d45-efda689a2d01" testId="b7f18d4e-e8c0-3285-6e79-21ddd24f3d41" testName="DotNet_ForwardedHeadersFlag_SerializesAsLowercaseBoolean" computerName="cursor" duration="00:00:00.0001850" startTime="2025-08-11T22:58:29.9880604+00:00" endTime="2025-08-11T22:58:29.9882449+00:00" testType="13cdc9d9-ddb5-4fa4-a97d-d965ccfc6d4b" outcome="Passed" testListId="8c84fa94-04c1-424b-9868-57a2d4851a1d" relativeResultsDirectory="5677cabc-5f44-423d-9d45-efda689a2d01" />
    <UnitTestResult executionId="50cadcee-1930-4ef6-807a-7bbf96dc3b18" testId="6b94290b-4ed9-8c2a-b695-d80186249086" testName="Builder_SetsNodeEnvAndPort_FromFluentMethods" computerName="cursor" duration="00:00:00.0001660" startTime="2025-08-11T22:58:29.9761882+00:00" endTime="2025-08-11T22:58:29.9763537+00:00" testType="13cdc9d9-ddb5-4fa4-a97d-d965ccfc6d4b" outcome="Passed" testListId="8c84fa94-04c1-424b-9868-57a2d4851a1d" relativeResultsDirectory="50cadcee-1930-4ef6-807a-7bbf96dc3b18" />
    <UnitTestResult executionId="5ca6b695-211f-4321-8379-3cbdcd1e5bec" testId="4cd43b66-f3f8-8df6-5266-95b6a332d485" testName="BuildCommandArguments_PrependsScript_AndAppendsArgs" computerName="cursor" duration="00:00:00.0007480" startTime="2025-08-11T22:58:29.9754218+00:00" endTime="2025-08-11T22:58:29.9761695+00:00" testType="13cdc9d9-ddb5-4fa4-a97d-d965ccfc6d4b" outcome="Passed" testListId="8c84fa94-04c1-424b-9868-57a2d4851a1d" relativeResultsDirectory="5ca6b695-211f-4321-8379-3cbdcd1e5bec" />
    <UnitTestResult executionId="159387bc-3db9-47b9-bc30-08fb91339bdf" testId="ba86690a-e524-5b30-0581-e7c61fd4694c" testName="SpaProxyEnv_PropagatesToStartInfo" computerName="cursor" duration="00:00:00.0010120" startTime="2025-08-11T22:58:29.6217952+00:00" endTime="2025-08-11T22:58:29.6228075+00:00" testType="13cdc9d9-ddb5-4fa4-a97d-d965ccfc6d4b" outcome="Passed" testListId="8c84fa94-04c1-424b-9868-57a2d4851a1d" relativeResultsDirectory="159387bc-3db9-47b9-bc30-08fb91339bdf" />
    <UnitTestResult executionId="e3063684-4498-4f21-b337-c474e8b3ef80" testId="9f3021c1-925a-71da-e253-d006455bc8e9" testName="WaitFor_WithNoneStrategy_ShouldNotCallAnyWaitMethods" computerName="cursor" duration="00:00:00.0029910" startTime="2025-08-11T22:58:29.7837982+00:00" endTime="2025-08-11T22:58:29.7867890+00:00" testType="13cdc9d9-ddb5-4fa4-a97d-d965ccfc6d4b" outcome="Passed" testListId="8c84fa94-04c1-424b-9868-57a2d4851a1d" relativeResultsDirectory="e3063684-4498-4f21-b337-c474e8b3ef80" />
    <UnitTestResult executionId="46a210be-3a2a-4200-896c-6454d4caeb37" testId="ecd11cad-395d-4d5e-d9ae-03e7b8295be8" testName="WithAttribute_ShouldAddAttribute" computerName="cursor" duration="00:00:00.0002180" startTime="2025-08-11T22:58:29.7364031+00:00" endTime="2025-08-11T22:58:29.7366211+00:00" testType="13cdc9d9-ddb5-4fa4-a97d-d965ccfc6d4b" outcome="Passed" testListId="8c84fa94-04c1-424b-9868-57a2d4851a1d" relativeResultsDirectory="46a210be-3a2a-4200-896c-6454d4caeb37" />
    <UnitTestResult executionId="70640db3-db80-4ab4-a3a0-a2553782b15f" testId="ffb66a76-a7d1-dfa1-aa9c-bf5163813cc6" testName="First_WithNonEmptyCollection_ShouldReturnFirstElement" computerName="cursor" duration="00:00:00.0002509" startTime="2025-08-11T22:58:29.7609681+00:00" endTime="2025-08-11T22:58:29.7612193+00:00" testType="13cdc9d9-ddb5-4fa4-a97d-d965ccfc6d4b" outcome="Passed" testListId="8c84fa94-04c1-424b-9868-57a2d4851a1d" relativeResultsDirectory="70640db3-db80-4ab4-a3a0-a2553782b15f" />
    <UnitTestResult executionId="6275891a-e4bb-4dfe-a3d3-328ba085534f" testId="5d00fc9b-986f-8e7a-5894-fe21deab4d76" testName="FilterByText_WithEmptyText_ShouldReturnEmptyCollection" computerName="cursor" duration="00:00:00.0002910" startTime="2025-08-11T22:58:29.7598809+00:00" endTime="2025-08-11T22:58:29.7601721+00:00" testType="13cdc9d9-ddb5-4fa4-a97d-d965ccfc6d4b" outcome="Passed" testListId="8c84fa94-04c1-424b-9868-57a2d4851a1d" relativeResultsDirectory="6275891a-e4bb-4dfe-a3d3-328ba085534f" />
    <UnitTestResult executionId="fdd58f8a-532f-4036-a465-a65502f537cb" testId="2ae1304c-81ac-a359-4734-cee502a63ccd" testName="NavigateToUrl_WithValidUrl_NavigatesSuccessfully" computerName="cursor" duration="00:00:00.0003980" startTime="2025-08-11T22:58:29.9749028+00:00" endTime="2025-08-11T22:58:29.9753004+00:00" testType="13cdc9d9-ddb5-4fa4-a97d-d965ccfc6d4b" outcome="Passed" testListId="8c84fa94-04c1-424b-9868-57a2d4851a1d" relativeResultsDirectory="fdd58f8a-532f-4036-a465-a65502f537cb" />
    <UnitTestResult executionId="9f3b28c1-fd7b-4ffe-be49-4485979f7fe4" testId="f46fda5d-5750-4db5-4e78-e68e765afd13" testName="Register_SamePluginTypeTwice_DeduplicatesByType" computerName="cursor" duration="00:00:00.0002310" startTime="2025-08-11T22:58:29.9835494+00:00" endTime="2025-08-11T22:58:29.9837800+00:00" testType="13cdc9d9-ddb5-4fa4-a97d-d965ccfc6d4b" outcome="Passed" testListId="8c84fa94-04c1-424b-9868-57a2d4851a1d" relativeResultsDirectory="9f3b28c1-fd7b-4ffe-be49-4485979f7fe4" />
    <UnitTestResult executionId="8cbe8312-6e11-4dff-832f-10100bd9c593" testId="fff58572-0076-1d30-45fe-03dd6cfeccd1" testName="DetectProjectPath_FromConfigFile_ReturnsPath" computerName="cursor" duration="00:00:00.0010630" startTime="2025-08-11T22:58:29.7915551+00:00" endTime="2025-08-11T22:58:29.7926175+00:00" testType="13cdc9d9-ddb5-4fa4-a97d-d965ccfc6d4b" outcome="Passed" testListId="8c84fa94-04c1-424b-9868-57a2d4851a1d" relativeResultsDirectory="8cbe8312-6e11-4dff-832f-10100bd9c593" />
    <UnitTestResult executionId="838a56f0-c221-46ec-acba-f7f36b190dfe" testId="c6d9c40f-adc6-4edb-6a83-6f4ac42882d1" testName="GetAttribute_ShouldReturnEmptyString" computerName="cursor" duration="00:00:00.0005340" startTime="2025-08-11T22:58:29.7761014+00:00" endTime="2025-08-11T22:58:29.7766353+00:00" testType="13cdc9d9-ddb5-4fa4-a97d-d965ccfc6d4b" outcome="Passed" testListId="8c84fa94-04c1-424b-9868-57a2d4851a1d" relativeResultsDirectory="838a56f0-c221-46ec-acba-f7f36b190dfe" />
    <UnitTestResult executionId="30cc365b-1fe2-4761-98d6-683d4d6e7eca" testId="d52fd675-05c7-c95c-d1f1-981f3a4f3701" testName="WithDescription_WithNullDescription_ShouldSetEmptyString" computerName="cursor" duration="00:00:00.0001220" startTime="2025-08-11T22:58:29.7380420+00:00" endTime="2025-08-11T22:58:29.7381640+00:00" testType="13cdc9d9-ddb5-4fa4-a97d-d965ccfc6d4b" outcome="Passed" testListId="8c84fa94-04c1-424b-9868-57a2d4851a1d" relativeResultsDirectory="30cc365b-1fe2-4761-98d6-683d4d6e7eca" />
    <UnitTestResult executionId="09d7e7fd-a53e-4f0a-bb93-57bcbf2d25f4" testId="e75b2bb9-5515-7802-e744-4a6d4013843f" testName="GetOrCreateElement_WithExistingKey_ShouldReturnCachedElement" computerName="cursor" duration="00:00:00.0002410" startTime="2025-08-11T22:58:29.7682785+00:00" endTime="2025-08-11T22:58:29.7685196+00:00" testType="13cdc9d9-ddb5-4fa4-a97d-d965ccfc6d4b" outcome="Passed" testListId="8c84fa94-04c1-424b-9868-57a2d4851a1d" relativeResultsDirectory="09d7e7fd-a53e-4f0a-bb93-57bcbf2d25f4" />
    <UnitTestResult executionId="c16ca1c7-1c7f-4f87-8104-9dd0739a115d" testId="38f64a32-373c-d336-108a-9833491623db" testName="CreateElement_WithConfiguration_ShouldReturnConfiguredElement" computerName="cursor" duration="00:00:00.0004550" startTime="2025-08-11T22:58:29.7670425+00:00" endTime="2025-08-11T22:58:29.7674976+00:00" testType="13cdc9d9-ddb5-4fa4-a97d-d965ccfc6d4b" outcome="Passed" testListId="8c84fa94-04c1-424b-9868-57a2d4851a1d" relativeResultsDirectory="c16ca1c7-1c7f-4f87-8104-9dd0739a115d" />
    <UnitTestResult executionId="01dad7e2-0594-4ca9-97c0-ee2e0241fdaa" testId="95cf8d21-caaa-bf90-a4bb-f43f9e880ae1" testName="IsDisplayed_ShouldReturnIsVisibleResult" computerName="cursor" duration="00:00:00.0033410" startTime="2025-08-11T22:58:29.7774287+00:00" endTime="2025-08-11T22:58:29.7807699+00:00" testType="13cdc9d9-ddb5-4fa4-a97d-d965ccfc6d4b" outcome="Passed" testListId="8c84fa94-04c1-424b-9868-57a2d4851a1d" relativeResultsDirectory="01dad7e2-0594-4ca9-97c0-ee2e0241fdaa" />
    <UnitTestResult executionId="e1d17a72-2ce1-474f-9ba4-ddc9ef082956" testId="0857da33-b4ef-b236-6099-02a532ef2a14" testName="CreateElement_WithNullSelector_ShouldThrowArgumentException" computerName="cursor" duration="00:00:00.0001340" startTime="2025-08-11T22:58:29.7678960+00:00" endTime="2025-08-11T22:58:29.7680296+00:00" testType="13cdc9d9-ddb5-4fa4-a97d-d965ccfc6d4b" outcome="Passed" testListId="8c84fa94-04c1-424b-9868-57a2d4851a1d" relativeResultsDirectory="e1d17a72-2ce1-474f-9ba4-ddc9ef082956" />
    <UnitTestResult executionId="e5e3df3a-7105-4ada-b15d-938ca3be64c3" testId="2d7af110-a47a-3498-5f06-ff20a980bae8" testName="Constructor_WithValidParameters_ShouldInitializeWithDefaultValues" computerName="cursor" duration="00:00:00.0003880" startTime="2025-08-11T22:58:29.7355397+00:00" endTime="2025-08-11T22:58:29.7359277+00:00" testType="13cdc9d9-ddb5-4fa4-a97d-d965ccfc6d4b" outcome="Passed" testListId="8c84fa94-04c1-424b-9868-57a2d4851a1d" relativeResultsDirectory="e5e3df3a-7105-4ada-b15d-938ca3be64c3" />
    <UnitTestResult executionId="68531e25-71e1-4001-b243-c2c23529c139" testId="2c985496-df4a-5947-e2dc-50422705efcf" testName="SlowMo_WithValidValue_SetsSlowMo" computerName="cursor" duration="00:00:00.0001480" startTime="2025-08-11T22:58:29.9663676+00:00" endTime="2025-08-11T22:58:29.9665151+00:00" testType="13cdc9d9-ddb5-4fa4-a97d-d965ccfc6d4b" outcome="Passed" testListId="8c84fa94-04c1-424b-9868-57a2d4851a1d" relativeResultsDirectory="68531e25-71e1-4001-b243-c2c23529c139" />
    <UnitTestResult executionId="9f115c89-74a0-412e-a06f-27f70c34d87a" testId="68cc5f29-514d-38dc-c438-33585cc74aa4" testName="Constructor_WithExistingOptions_CreatesInstance" computerName="cursor" duration="00:00:00.0001230" startTime="2025-08-11T22:58:29.7940931+00:00" endTime="2025-08-11T22:58:29.7942161+00:00" testType="13cdc9d9-ddb5-4fa4-a97d-d965ccfc6d4b" outcome="Passed" testListId="8c84fa94-04c1-424b-9868-57a2d4851a1d" relativeResultsDirectory="9f115c89-74a0-412e-a06f-27f70c34d87a" />
    <UnitTestResult executionId="431b574d-047e-49e6-b62d-5f32a6c3d2e7" testId="75c5db20-bc00-63de-91f7-e74098d22990" testName="CreateElement_WithNullConfiguration_ShouldThrowArgumentNullException" computerName="cursor" duration="00:00:00.0001960" startTime="2025-08-11T22:58:29.7676918+00:00" endTime="2025-08-11T22:58:29.7678882+00:00" testType="13cdc9d9-ddb5-4fa4-a97d-d965ccfc6d4b" outcome="Passed" testListId="8c84fa94-04c1-424b-9868-57a2d4851a1d" relativeResultsDirectory="431b574d-047e-49e6-b62d-5f32a6c3d2e7" />
    <UnitTestResult executionId="4f2ddc55-87af-4cc4-89e0-92f60c2201f3" testId="12ff9ff8-18aa-7b6e-4922-4d2923a6060b" testName="RegisterPlugin_WithValidPluginInstance_RegistersPlugin" computerName="cursor" duration="00:00:00.0003390" startTime="2025-08-11T22:58:29.9819045+00:00" endTime="2025-08-11T22:58:29.9822437+00:00" testType="13cdc9d9-ddb5-4fa4-a97d-d965ccfc6d4b" outcome="Passed" testListId="8c84fa94-04c1-424b-9868-57a2d4851a1d" relativeResultsDirectory="4f2ddc55-87af-4cc4-89e0-92f60c2201f3" />
    <UnitTestResult executionId="89b42d06-1d3d-4edd-bd8b-062f681b0c46" testId="b877d3bb-b67c-3d6a-02a1-248c2c6a7c36" testName="DetectProjectPath_NoGit_FallsBackToDirectorySearch" computerName="cursor" duration="00:00:00.0006680" startTime="2025-08-11T22:58:29.9732276+00:00" endTime="2025-08-11T22:58:29.9738957+00:00" testType="13cdc9d9-ddb5-4fa4-a97d-d965ccfc6d4b" outcome="Passed" testListId="8c84fa94-04c1-424b-9868-57a2d4851a1d" relativeResultsDirectory="89b42d06-1d3d-4edd-bd8b-062f681b0c46" />
    <UnitTestResult executionId="77defb15-9047-4b7d-8538-a800411e384c" testId="8ca40265-bff9-35e5-4c05-5311e5fae258" testName="DetectProjectPath_FromEnvironmentVariable_ReturnsPath" computerName="cursor" duration="00:00:00.0003790" startTime="2025-08-11T22:58:29.7926334+00:00" endTime="2025-08-11T22:58:29.7930125+00:00" testType="13cdc9d9-ddb5-4fa4-a97d-d965ccfc6d4b" outcome="Passed" testListId="8c84fa94-04c1-424b-9868-57a2d4851a1d" relativeResultsDirectory="77defb15-9047-4b7d-8538-a800411e384c" />
    <UnitTestResult executionId="df5f82cd-6de3-4ace-8293-9e48133c71ea" testId="2ac27a39-0887-ff83-8ecd-f4b873b52bce" testName="GetOrCreateElement_WithNullSelector_ShouldThrowArgumentException" computerName="cursor" duration="00:00:00.0001370" startTime="2025-08-11T22:58:29.7689576+00:00" endTime="2025-08-11T22:58:29.7690946+00:00" testType="13cdc9d9-ddb5-4fa4-a97d-d965ccfc6d4b" outcome="Passed" testListId="8c84fa94-04c1-424b-9868-57a2d4851a1d" relativeResultsDirectory="df5f82cd-6de3-4ace-8293-9e48133c71ea" />
    <UnitTestResult executionId="5d668fd7-1907-4cd3-afdc-5aaa8557104a" testId="d8390e41-bd5a-fe7f-3b98-f2190b4f7ae8" testName="RemoveFromCache_WithNonExistingKey_ShouldReturnFalse" computerName="cursor" duration="00:00:00.0000749" startTime="2025-08-11T22:58:29.7701509+00:00" endTime="2025-08-11T22:58:29.7702260+00:00" testType="13cdc9d9-ddb5-4fa4-a97d-d965ccfc6d4b" outcome="Passed" testListId="8c84fa94-04c1-424b-9868-57a2d4851a1d" relativeResultsDirectory="5d668fd7-1907-4cd3-afdc-5aaa8557104a" />
    <UnitTestResult executionId="d4783769-9fc2-4029-81b6-72e5ee7b742a" testId="f1c510fe-f632-6958-5421-3d34e26a9b68" testName="GetOrCreateElement_WithNewKey_ShouldCreateAndCacheElement" computerName="cursor" duration="00:00:00.0002250" startTime="2025-08-11T22:58:29.7685297+00:00" endTime="2025-08-11T22:58:29.7687549+00:00" testType="13cdc9d9-ddb5-4fa4-a97d-d965ccfc6d4b" outcome="Passed" testListId="8c84fa94-04c1-424b-9868-57a2d4851a1d" relativeResultsDirectory="d4783769-9fc2-4029-81b6-72e5ee7b742a" />
    <UnitTestResult executionId="d09528fa-a872-4aa5-a624-3cdcfbfc5d19" testId="4346959c-3e94-4c0e-1880-3b5ac77fbbde" testName="RegisterPlugin_WithDuplicatePlugin_DoesNotAddDuplicate" computerName="cursor" duration="00:00:00.0002990" startTime="2025-08-11T22:58:29.9813729+00:00" endTime="2025-08-11T22:58:29.9816718+00:00" testType="13cdc9d9-ddb5-4fa4-a97d-d965ccfc6d4b" outcome="Passed" testListId="8c84fa94-04c1-424b-9868-57a2d4851a1d" relativeResultsDirectory="d09528fa-a872-4aa5-a624-3cdcfbfc5d19" />
    <UnitTestResult executionId="9a094350-555c-4d52-ab43-5bdb42553bbb" testId="71ed1687-d25f-f0b2-eee1-f1f69754d207" testName="Indexer_WithIndexEqualToCount_ShouldThrowArgumentOutOfRangeException" computerName="cursor" duration="00:00:00.0004550" startTime="2025-08-11T22:58:29.7629273+00:00" endTime="2025-08-11T22:58:29.7633824+00:00" testType="13cdc9d9-ddb5-4fa4-a97d-d965ccfc6d4b" outcome="Passed" testListId="8c84fa94-04c1-424b-9868-57a2d4851a1d" relativeResultsDirectory="9a094350-555c-4d52-ab43-5bdb42553bbb" />
    <UnitTestResult executionId="b067ffa9-7817-4cb9-9d26-f8092da3c63a" testId="d0ef1a67-943c-e03c-80e8-cb9d77933072" testName="WithBaseUrl_WithValidUrl_SetsBaseUrl" computerName="cursor" duration="00:00:00.0006560" startTime="2025-08-11T22:58:29.9669973+00:00" endTime="2025-08-11T22:58:29.9676527+00:00" testType="13cdc9d9-ddb5-4fa4-a97d-d965ccfc6d4b" outcome="Passed" testListId="8c84fa94-04c1-424b-9868-57a2d4851a1d" relativeResultsDirectory="b067ffa9-7817-4cb9-9d26-f8092da3c63a" />
    <UnitTestResult executionId="8a6c9d61-9853-463a-9df3-337e47018e07" testId="85b3a0e0-be33-c2c1-998a-6dc53854bf16" testName="WaitFor_WithVisibleStrategy_ShouldCallWaitForVisible" computerName="cursor" duration="00:00:00.0003430" startTime="2025-08-11T22:58:29.7880240+00:00" endTime="2025-08-11T22:58:29.7883665+00:00" testType="13cdc9d9-ddb5-4fa4-a97d-d965ccfc6d4b" outcome="Passed" testListId="8c84fa94-04c1-424b-9868-57a2d4851a1d" relativeResultsDirectory="8a6c9d61-9853-463a-9df3-337e47018e07" />
    <UnitTestResult executionId="be6a9508-04a1-46be-bdb7-fc7410b6cbff" testId="179b7383-7c66-19a3-5099-a84ccfda3312" testName="GetText_ShouldCallDriverGetText" computerName="cursor" duration="00:00:00.0006100" startTime="2025-08-11T22:58:29.7768052+00:00" endTime="2025-08-11T22:58:29.7774150+00:00" testType="13cdc9d9-ddb5-4fa4-a97d-d965ccfc6d4b" outcome="Passed" testListId="8c84fa94-04c1-424b-9868-57a2d4851a1d" relativeResultsDirectory="be6a9508-04a1-46be-bdb7-fc7410b6cbff" />
    <UnitTestResult executionId="5c21c0fe-d319-4daa-bea8-148ec98d6de3" testId="2ac82e10-080e-2b5b-2d3d-5685bb444717" testName="SetServerSpecificEnvironmentVariables_Aspire_DoesNotOverrideAspNetCoreUrls" computerName="cursor" duration="00:00:00.0004490" startTime="2025-08-11T22:58:29.6865910+00:00" endTime="2025-08-11T22:58:29.6870398+00:00" testType="13cdc9d9-ddb5-4fa4-a97d-d965ccfc6d4b" outcome="Passed" testListId="8c84fa94-04c1-424b-9868-57a2d4851a1d" relativeResultsDirectory="5c21c0fe-d319-4daa-bea8-148ec98d6de3" />
    <UnitTestResult executionId="ab05dfb3-9031-4033-a45b-2a70d5e2cb80" testId="b301e5a2-6274-43e4-8d33-13911ec17a00" testName="GetPlugins_ReturnsRegisteredPlugins" computerName="cursor" duration="00:00:00.0002680" startTime="2025-08-11T22:58:29.9810935+00:00" endTime="2025-08-11T22:58:29.9813617+00:00" testType="13cdc9d9-ddb5-4fa4-a97d-d965ccfc6d4b" outcome="Passed" testListId="8c84fa94-04c1-424b-9868-57a2d4851a1d" relativeResultsDirectory="ab05dfb3-9031-4033-a45b-2a70d5e2cb80" />
    <UnitTestResult executionId="e9191b02-02fb-4799-b0bf-491640a5dfdc" testId="fcd32eae-1929-9e13-f2a2-ebf52e2ea1bb" testName="WebApplicationFactory_GetLauncher_SelectsCorrectLauncher" computerName="cursor" duration="00:00:00.0002709" startTime="2025-08-11T22:58:29.9901920+00:00" endTime="2025-08-11T22:58:29.9904632+00:00" testType="13cdc9d9-ddb5-4fa4-a97d-d965ccfc6d4b" outcome="Passed" testListId="8c84fa94-04c1-424b-9868-57a2d4851a1d" relativeResultsDirectory="e9191b02-02fb-4799-b0bf-491640a5dfdc" />
    <UnitTestResult executionId="40c74057-1b19-47c9-b990-e3fa2173d11c" testId="5ecd0d47-634a-f5a5-e7c4-807c1c8c5935" testName="WithSlowMo_WithZeroValue_SetsSlowMoToZero" computerName="cursor" duration="00:00:00.0002940" startTime="2025-08-11T22:58:29.8153375+00:00" endTime="2025-08-11T22:58:29.8156318+00:00" testType="13cdc9d9-ddb5-4fa4-a97d-d965ccfc6d4b" outcome="Passed" testListId="8c84fa94-04c1-424b-9868-57a2d4851a1d" relativeResultsDirectory="40c74057-1b19-47c9-b990-e3fa2173d11c" />
    <UnitTestResult executionId="93865356-fc78-4d79-8b1a-01841dc3726a" testId="0b5f1728-7b8a-73cb-1723-24feb2bf7d3d" testName="Constructor_WithNullDriver_ShouldThrowArgumentNullException" computerName="cursor" duration="00:00:00.0001870" startTime="2025-08-11T22:58:29.7665819+00:00" endTime="2025-08-11T22:58:29.7667688+00:00" testType="13cdc9d9-ddb5-4fa4-a97d-d965ccfc6d4b" outcome="Passed" testListId="8c84fa94-04c1-424b-9868-57a2d4851a1d" relativeResultsDirectory="93865356-fc78-4d79-8b1a-01841dc3726a" />
    <UnitTestResult executionId="c2eb9d21-0b57-4184-8127-6d7dee6f76ad" testId="dd8f8349-d619-3359-a263-b07e1bc2b428" testName="Indexer_WithIndexGreaterThanCount_ShouldThrowArgumentOutOfRangeException" computerName="cursor" duration="00:00:00.0003660" startTime="2025-08-11T22:58:29.7633958+00:00" endTime="2025-08-11T22:58:29.7637615+00:00" testType="13cdc9d9-ddb5-4fa4-a97d-d965ccfc6d4b" outcome="Passed" testListId="8c84fa94-04c1-424b-9868-57a2d4851a1d" relativeResultsDirectory="c2eb9d21-0b57-4184-8127-6d7dee6f76ad" />
    <UnitTestResult executionId="9bcaa33e-cbb9-4a8f-a415-76ca31776f43" testId="5bf46c48-3055-37d6-fef8-c9d126207b04" testName="Constructor_WithLogger_CreatesInstance" computerName="cursor" duration="00:00:00.0032110" startTime="2025-08-11T22:58:29.9764508+00:00" endTime="2025-08-11T22:58:29.9796613+00:00" testType="13cdc9d9-ddb5-4fa4-a97d-d965ccfc6d4b" outcome="Passed" testListId="8c84fa94-04c1-424b-9868-57a2d4851a1d" relativeResultsDirectory="9bcaa33e-cbb9-4a8f-a415-76ca31776f43" />
    <UnitTestResult executionId="8c4fd721-cdc5-4cef-b75d-ff99800cb5d6" testId="f2f6b3ec-eeaf-c73e-5a2e-1ef2fc174766" testName="WithAttribute_WithNullName_ShouldThrowArgumentException" computerName="cursor" duration="00:00:00.0001960" startTime="2025-08-11T22:58:29.7368918+00:00" endTime="2025-08-11T22:58:29.7370881+00:00" testType="13cdc9d9-ddb5-4fa4-a97d-d965ccfc6d4b" outcome="Passed" testListId="8c84fa94-04c1-424b-9868-57a2d4851a1d" relativeResultsDirectory="8c4fd721-cdc5-4cef-b75d-ff99800cb5d6" />
    <UnitTestResult executionId="83fe89f6-904a-4dc5-b718-89d6b64a9151" testId="5457ec9d-b666-cb43-0581-94c4ccf2eefc" testName="NodeJs_WithScriptAndEnv_ProducesExpectedCommandAndEnv" computerName="cursor" duration="00:00:00.0009530" startTime="2025-08-11T22:58:29.9887077+00:00" endTime="2025-08-11T22:58:29.9896607+00:00" testType="13cdc9d9-ddb5-4fa4-a97d-d965ccfc6d4b" outcome="Passed" testListId="8c84fa94-04c1-424b-9868-57a2d4851a1d" relativeResultsDirectory="83fe89f6-904a-4dc5-b718-89d6b64a9151">
      <Output>
        <StdOut>=== Node.js (npm run) ===
Builder methods: WithNpmScript("dev").WithNodeEnvironment("production").WithPort(7777).WithArguments("--", "--open")
npm start dev -- --open
NODE_ENV=production
PORT=7777
====================</StdOut>
      </Output>
    </UnitTestResult>
    <UnitTestResult executionId="f82e3a0b-7cea-4c73-9bd8-a948ead2163e" testId="3972325b-780e-8149-0501-afcdb2e51733" testName="IsEnabled_ShouldCallDriverIsEnabled" computerName="cursor" duration="00:00:00.0005780" startTime="2025-08-11T22:58:29.7807860+00:00" endTime="2025-08-11T22:58:29.7813636+00:00" testType="13cdc9d9-ddb5-4fa4-a97d-d965ccfc6d4b" outcome="Passed" testListId="8c84fa94-04c1-424b-9868-57a2d4851a1d" relativeResultsDirectory="f82e3a0b-7cea-4c73-9bd8-a948ead2163e" />
    <UnitTestResult executionId="d5b7c87b-9330-44f4-8d5d-f7cf0a7bc6af" testId="ce884f09-4916-a854-a0cc-dbdac776383b" testName="WithServerConfiguration_Removed_FromBuilder" computerName="cursor" duration="00:00:00.0002910" startTime="2025-08-11T22:58:29.8143354+00:00" endTime="2025-08-11T22:58:29.8146259+00:00" testType="13cdc9d9-ddb5-4fa4-a97d-d965ccfc6d4b" outcome="Passed" testListId="8c84fa94-04c1-424b-9868-57a2d4851a1d" relativeResultsDirectory="d5b7c87b-9330-44f4-8d5d-f7cf0a7bc6af">
      <Output>
        <StdOut>Server configuration is now provided only to WebServerManager</StdOut>
      </Output>
    </UnitTestResult>
    <UnitTestResult executionId="061479e7-fb81-41b6-829e-c2eba240a168" testId="280bf3f0-72fb-f486-cff4-df88da493c15" testName="WebApplicationFactory_WithHealthyEndpoint_ReadinessPathsCovered" computerName="cursor" duration="00:00:00.0621570" startTime="2025-08-11T22:58:29.6229829+00:00" endTime="2025-08-11T22:58:29.6851399+00:00" testType="13cdc9d9-ddb5-4fa4-a97d-d965ccfc6d4b" outcome="Passed" testListId="8c84fa94-04c1-424b-9868-57a2d4851a1d" relativeResultsDirectory="061479e7-fb81-41b6-829e-c2eba240a168" />
    <UnitTestResult executionId="d8dd6ecf-7eec-4110-83a6-f244fabd1ada" testId="a646cbbd-eb04-f9aa-5695-780998d26368" testName="WithDescription_ShouldSetDescription" computerName="cursor" duration="00:00:00.0002090" startTime="2025-08-11T22:58:29.7378256+00:00" endTime="2025-08-11T22:58:29.7380344+00:00" testType="13cdc9d9-ddb5-4fa4-a97d-d965ccfc6d4b" outcome="Passed" testListId="8c84fa94-04c1-424b-9868-57a2d4851a1d" relativeResultsDirectory="d8dd6ecf-7eec-4110-83a6-f244fabd1ada" />
    <UnitTestResult executionId="697e42c7-af5e-4e1d-8f12-9e5e035f31d4" testId="471622d6-a01c-acdb-82c5-f00f72212509" testName="WithHeadlessMode_WithNull_SetsNull" computerName="cursor" duration="00:00:00.0001200" startTime="2025-08-11T22:58:29.8136332+00:00" endTime="2025-08-11T22:58:29.8137536+00:00" testType="13cdc9d9-ddb5-4fa4-a97d-d965ccfc6d4b" outcome="Passed" testListId="8c84fa94-04c1-424b-9868-57a2d4851a1d" relativeResultsDirectory="697e42c7-af5e-4e1d-8f12-9e5e035f31d4" />
    <UnitTestResult executionId="21f57319-2807-485d-ad1c-79e1564fa766" testId="1c0d19b9-1bef-846e-5c51-324c55f41975" testName="Constructor_WithValidParameters_ShouldSetProperties" computerName="cursor" duration="00:00:00.0002950" startTime="2025-08-11T22:58:29.7745792+00:00" endTime="2025-08-11T22:58:29.7748742+00:00" testType="13cdc9d9-ddb5-4fa4-a97d-d965ccfc6d4b" outcome="Passed" testListId="8c84fa94-04c1-424b-9868-57a2d4851a1d" relativeResultsDirectory="21f57319-2807-485d-ad1c-79e1564fa766" />
    <UnitTestResult executionId="901f6e98-cf7c-48fd-8f26-fee6a774294f" testId="d6e5f7f2-25f3-210a-1f00-1f733c0e9da8" testName="Filter_WithNoMatchingElements_ShouldReturnEmptyCollection" computerName="cursor" duration="00:00:00.0044360" startTime="2025-08-11T22:58:29.7518342+00:00" endTime="2025-08-11T22:58:29.7562697+00:00" testType="13cdc9d9-ddb5-4fa4-a97d-d965ccfc6d4b" outcome="Passed" testListId="8c84fa94-04c1-424b-9868-57a2d4851a1d" relativeResultsDirectory="901f6e98-cf7c-48fd-8f26-fee6a774294f" />
    <UnitTestResult executionId="bb765a02-97c9-4eec-a423-58e08d24ba45" testId="8f39af80-f58e-71ee-14e2-037e33d2ca9e" testName="ClearCache_ShouldRemoveAllElements" computerName="cursor" duration="00:00:00.0003840" startTime="2025-08-11T22:58:29.7661665+00:00" endTime="2025-08-11T22:58:29.7665499+00:00" testType="13cdc9d9-ddb5-4fa4-a97d-d965ccfc6d4b" outcome="Passed" testListId="8c84fa94-04c1-424b-9868-57a2d4851a1d" relativeResultsDirectory="bb765a02-97c9-4eec-a423-58e08d24ba45" />
    <UnitTestResult executionId="bda711b8-0763-49d7-986b-704ca25b15cb" testId="8383728b-b15a-a0ae-e2d4-37daa1d150cf" testName="WithTimeout_ShouldSetTimeout" computerName="cursor" duration="00:00:00.0000970" startTime="2025-08-11T22:58:29.7383099+00:00" endTime="2025-08-11T22:58:29.7384066+00:00" testType="13cdc9d9-ddb5-4fa4-a97d-d965ccfc6d4b" outcome="Passed" testListId="8c84fa94-04c1-424b-9868-57a2d4851a1d" relativeResultsDirectory="bda711b8-0763-49d7-986b-704ca25b15cb" />
    <UnitTestResult executionId="0d5596ae-8014-4045-a70b-7922eb961c44" testId="6c726527-cdae-6f0e-e424-af9055e97f92" testName="HeadlessMode_WithNullValue_SetsHeadlessModeToNull" computerName="cursor" duration="00:00:00.0001960" startTime="2025-08-11T22:58:29.9653973+00:00" endTime="2025-08-11T22:58:29.9655936+00:00" testType="13cdc9d9-ddb5-4fa4-a97d-d965ccfc6d4b" outcome="Passed" testListId="8c84fa94-04c1-424b-9868-57a2d4851a1d" relativeResultsDirectory="0d5596ae-8014-4045-a70b-7922eb961c44" />
    <UnitTestResult executionId="5fc44780-221a-4d12-9c42-0cded3578dfe" testId="0c9cdc29-691b-c84f-d982-5575012bff55" testName="IsVisible_ShouldCallDriverIsVisible" computerName="cursor" duration="00:00:00.0003570" startTime="2025-08-11T22:58:29.7815268+00:00" endTime="2025-08-11T22:58:29.7818834+00:00" testType="13cdc9d9-ddb5-4fa4-a97d-d965ccfc6d4b" outcome="Passed" testListId="8c84fa94-04c1-424b-9868-57a2d4851a1d" relativeResultsDirectory="5fc44780-221a-4d12-9c42-0cded3578dfe" />
    <UnitTestResult executionId="5a89d05b-ff14-437f-92e2-a700eedcf7f9" testId="3060bcb3-7dbb-52ae-d898-6c736e92902a" testName="RegisterDetector_WithValidDetector_RegistersSuccessfully" computerName="cursor" duration="00:00:00.0004640" startTime="2025-08-11T22:58:29.9930490+00:00" endTime="2025-08-11T22:58:29.9935127+00:00" testType="13cdc9d9-ddb5-4fa4-a97d-d965ccfc6d4b" outcome="Passed" testListId="8c84fa94-04c1-424b-9868-57a2d4851a1d" relativeResultsDirectory="5a89d05b-ff14-437f-92e2-a700eedcf7f9">
      <Output>
        <StdOut>Detector registered successfully</StdOut>
      </Output>
    </UnitTestResult>
    <UnitTestResult executionId="1968d5a1-3e49-40ab-9ccc-f962bbc180b9" testId="6ba06a82-9046-fcca-a49b-be1345ecbc51" testName="WaitFor_WithHiddenStrategy_ShouldCallWaitForHidden" computerName="cursor" duration="00:00:00.0003440" startTime="2025-08-11T22:58:29.7834438+00:00" endTime="2025-08-11T22:58:29.7837873+00:00" testType="13cdc9d9-ddb5-4fa4-a97d-d965ccfc6d4b" outcome="Passed" testListId="8c84fa94-04c1-424b-9868-57a2d4851a1d" relativeResultsDirectory="1968d5a1-3e49-40ab-9ccc-f962bbc180b9" />
    <UnitTestResult executionId="feaebf8b-3c6f-40b2-82ad-26624c5b390b" testId="179ad534-942e-3d0d-8cd9-ff68b706f3bf" testName="IsSelected_ShouldReturnFalse" computerName="cursor" duration="00:00:00.0001420" startTime="2025-08-11T22:58:29.7813775+00:00" endTime="2025-08-11T22:58:29.7815194+00:00" testType="13cdc9d9-ddb5-4fa4-a97d-d965ccfc6d4b" outcome="Passed" testListId="8c84fa94-04c1-424b-9868-57a2d4851a1d" relativeResultsDirectory="feaebf8b-3c6f-40b2-82ad-26624c5b390b" />
    <UnitTestResult executionId="4b384e76-6505-4834-bab6-022539bde114" testId="5b0b0b21-c836-f769-4fb0-bf7c584f610d" testName="FilterByText_WithCaseInsensitiveMatch_ShouldReturnFilteredCollection" computerName="cursor" duration="00:00:00.0006130" startTime="2025-08-11T22:58:29.7592549+00:00" endTime="2025-08-11T22:58:29.7598676+00:00" testType="13cdc9d9-ddb5-4fa4-a97d-d965ccfc6d4b" outcome="Passed" testListId="8c84fa94-04c1-424b-9868-57a2d4851a1d" relativeResultsDirectory="4b384e76-6505-4834-bab6-022539bde114" />
    <UnitTestResult executionId="8e5a20e5-0e8f-4c16-b4f7-c58c83a13887" testId="405fd94c-1e16-06c6-669b-4f6514668f24" testName="DotNet_WithFrameworkAndConfiguration_ProducesExpectedRunCommand" computerName="cursor" duration="00:00:00.0003010" startTime="2025-08-11T22:58:29.9882526+00:00" endTime="2025-08-11T22:58:29.9885539+00:00" testType="13cdc9d9-ddb5-4fa4-a97d-d965ccfc6d4b" outcome="Passed" testListId="8c84fa94-04c1-424b-9868-57a2d4851a1d" relativeResultsDirectory="8e5a20e5-0e8f-4c16-b4f7-c58c83a13887">
      <Output>
        <StdOut>=== ASP.NET Core (dotnet run) ===
Builder methods:
ServerConfiguration
    .CreateDotNetServer(new Uri("http://localhost:5055"), "/path/to/MyApp.csproj")
    .WithFramework("net9.0")
    .WithConfiguration("Debug")
Run command:
dotnet run --framework net9.0 --configuration Debug --no-launch-profile
Environment variables:
ASPNETCORE_ENVIRONMENT=Development
ASPNETCORE_HOSTINGSTARTUPASSEMBLIES=
====================</StdOut>
      </Output>
    </UnitTestResult>
    <UnitTestResult executionId="ff52ff51-9b4f-4220-8422-6e793e6240c7" testId="d9747d07-b571-8346-80a3-fe62a8b92e46" testName="WithWebServerProjectPath_IsRemoved_FromBuilder" computerName="cursor" duration="00:00:00.0002770" startTime="2025-08-11T22:58:29.8156401+00:00" endTime="2025-08-11T22:58:29.8159174+00:00" testType="13cdc9d9-ddb5-4fa4-a97d-d965ccfc6d4b" outcome="Passed" testListId="8c84fa94-04c1-424b-9868-57a2d4851a1d" relativeResultsDirectory="ff52ff51-9b4f-4220-8422-6e793e6240c7">
      <Output>
        <StdOut>Server config APIs removed from options builder; managed by WebServerManager</StdOut>
      </Output>
    </UnitTestResult>
    <UnitTestResult executionId="9c81dbd6-bd2b-4956-b3d9-59299318b073" testId="7b7eece1-efca-5e39-6f9c-7c2cf05500c2" testName="DotNet_EnvironmentSetters_AreApplied" computerName="cursor" duration="00:00:00.0002070" startTime="2025-08-11T22:58:29.9878422+00:00" endTime="2025-08-11T22:58:29.9880488+00:00" testType="13cdc9d9-ddb5-4fa4-a97d-d965ccfc6d4b" outcome="Passed" testListId="8c84fa94-04c1-424b-9868-57a2d4851a1d" relativeResultsDirectory="9c81dbd6-bd2b-4956-b3d9-59299318b073" />
    <UnitTestResult executionId="3a0dbfc3-9404-4754-a11a-bd9f41dffd7e" testId="22a55186-734f-9dba-b3aa-22207bab8f2a" testName="RegisterPlugin_WithValidPluginType_RegistersPlugin" computerName="cursor" duration="00:00:00.0001680" startTime="2025-08-11T22:58:29.9822562+00:00" endTime="2025-08-11T22:58:29.9824241+00:00" testType="13cdc9d9-ddb5-4fa4-a97d-d965ccfc6d4b" outcome="Passed" testListId="8c84fa94-04c1-424b-9868-57a2d4851a1d" relativeResultsDirectory="3a0dbfc3-9404-4754-a11a-bd9f41dffd7e" />
    <UnitTestResult executionId="d604d072-46b2-4b36-80f1-f82ab4eeb5a9" testId="f6b53d12-55a1-6cea-cf6b-996b794f8a7d" testName="Select_ShouldCallDriverSelectOption" computerName="cursor" duration="00:00:00.0006280" startTime="2025-08-11T22:58:29.7818952+00:00" endTime="2025-08-11T22:58:29.7825231+00:00" testType="13cdc9d9-ddb5-4fa4-a97d-d965ccfc6d4b" outcome="Passed" testListId="8c84fa94-04c1-424b-9868-57a2d4851a1d" relativeResultsDirectory="d604d072-46b2-4b36-80f1-f82ab4eeb5a9" />
    <UnitTestResult executionId="8b463ca6-b6ec-4d7b-a304-ed8eef54993e" testId="46ffc5ad-c340-b767-44fb-d87ee75aad26" testName="NavigateToUrl_WithValidUrl_IsValid" computerName="cursor" duration="00:00:00.0002520" startTime="2025-08-11T22:58:29.9746400+00:00" endTime="2025-08-11T22:58:29.9748916+00:00" testType="13cdc9d9-ddb5-4fa4-a97d-d965ccfc6d4b" outcome="Passed" testListId="8c84fa94-04c1-424b-9868-57a2d4851a1d" relativeResultsDirectory="8b463ca6-b6ec-4d7b-a304-ed8eef54993e" />
    <UnitTestResult executionId="3f59aa38-2ba7-4cb2-bf77-275c392294e0" testId="ae197987-6a6c-0f53-9053-aa2a52fada6c" testName="CreateConfiguration_WithValidParameters_ReturnsConfiguration" computerName="cursor" duration="00:00:00.0006050" startTime="2025-08-11T22:58:29.9905478+00:00" endTime="2025-08-11T22:58:29.9911529+00:00" testType="13cdc9d9-ddb5-4fa4-a97d-d965ccfc6d4b" outcome="Passed" testListId="8c84fa94-04c1-424b-9868-57a2d4851a1d" relativeResultsDirectory="3f59aa38-2ba7-4cb2-bf77-275c392294e0" />
    <UnitTestResult executionId="ae899b7a-5176-4b01-9b34-e6b9f24f9dc0" testId="d9c1e874-b98e-f314-cfca-82dd9dc7660b" testName="DetectProjectPath_InGitRepo_FindsProjectInSrc" computerName="cursor" duration="00:00:00.0051580" startTime="2025-08-11T22:58:29.9680521+00:00" endTime="2025-08-11T22:58:29.9732103+00:00" testType="13cdc9d9-ddb5-4fa4-a97d-d965ccfc6d4b" outcome="Passed" testListId="8c84fa94-04c1-424b-9868-57a2d4851a1d" relativeResultsDirectory="ae899b7a-5176-4b01-9b34-e6b9f24f9dc0" />
    <UnitTestResult executionId="f100d79e-387e-467d-a591-6fd9152ce167" testId="a8ade4ba-35e4-f1b1-b29c-1221576ebc2c" testName="WithDefaultWaitTimeout_WithNegativeTimeout_ThrowsException" computerName="cursor" duration="00:00:00.0001499" startTime="2025-08-11T22:58:29.8110271+00:00" endTime="2025-08-11T22:58:29.8111772+00:00" testType="13cdc9d9-ddb5-4fa4-a97d-d965ccfc6d4b" outcome="Passed" testListId="8c84fa94-04c1-424b-9868-57a2d4851a1d" relativeResultsDirectory="f100d79e-387e-467d-a591-6fd9152ce167" />
    <UnitTestResult executionId="c4665414-c247-4f03-b6e5-5969cc52f542" testId="46930332-f66d-a8f0-6df4-449ab0a9cd10" testName="Indexer_WithNegativeIndex_ShouldThrowArgumentOutOfRangeException" computerName="cursor" duration="00:00:00.0003190" startTime="2025-08-11T22:58:29.7637723+00:00" endTime="2025-08-11T22:58:29.7640907+00:00" testType="13cdc9d9-ddb5-4fa4-a97d-d965ccfc6d4b" outcome="Passed" testListId="8c84fa94-04c1-424b-9868-57a2d4851a1d" relativeResultsDirectory="c4665414-c247-4f03-b6e5-5969cc52f542" />
    <UnitTestResult executionId="17a9f2a1-fd41-4e11-9077-e7b783467a2b" testId="e08a08af-210e-a1c2-6824-5a7b54cc2338" testName="Constructor_WithNullSelector_ShouldThrowArgumentNullException" computerName="cursor" duration="00:00:00.0004310" startTime="2025-08-11T22:58:29.7741354+00:00" endTime="2025-08-11T22:58:29.7745665+00:00" testType="13cdc9d9-ddb5-4fa4-a97d-d965ccfc6d4b" outcome="Passed" testListId="8c84fa94-04c1-424b-9868-57a2d4851a1d" relativeResultsDirectory="17a9f2a1-fd41-4e11-9077-e7b783467a2b" />
    <UnitTestResult executionId="c46a17d2-cf34-4d56-b89c-b73633553adb" testId="677131f5-8f9b-a5d7-51f3-8830f5479d4d" testName="WithHeadlessMode_WithNullValue_SetsHeadlessModeToNull" computerName="cursor" duration="00:00:00.0001860" startTime="2025-08-11T22:58:29.8137594+00:00" endTime="2025-08-11T22:58:29.8139458+00:00" testType="13cdc9d9-ddb5-4fa4-a97d-d965ccfc6d4b" outcome="Passed" testListId="8c84fa94-04c1-424b-9868-57a2d4851a1d" relativeResultsDirectory="c46a17d2-cf34-4d56-b89c-b73633553adb" />
    <UnitTestResult executionId="28cb4396-ac0a-4290-8bef-1403e7e375cc" testId="551fc6ac-b856-8cac-3508-c2c42f5670a1" testName="FluentChaining_ShouldWorkCorrectly" computerName="cursor" duration="00:00:00.0004540" startTime="2025-08-11T22:58:29.7359388+00:00" endTime="2025-08-11T22:58:29.7363926+00:00" testType="13cdc9d9-ddb5-4fa4-a97d-d965ccfc6d4b" outcome="Passed" testListId="8c84fa94-04c1-424b-9868-57a2d4851a1d" relativeResultsDirectory="28cb4396-ac0a-4290-8bef-1403e7e375cc" />
    <UnitTestResult executionId="e4757712-1d8e-438a-9477-88c9165287b7" testId="5e045292-2424-2536-e9a7-78679c446a8a" testName="WebApplicationFactory_FrameworkAndConfiguration_ProducesExpectedRunCommand" computerName="cursor" duration="00:00:00.0002650" startTime="2025-08-11T22:58:29.9899179+00:00" endTime="2025-08-11T22:58:29.9901827+00:00" testType="13cdc9d9-ddb5-4fa4-a97d-d965ccfc6d4b" outcome="Passed" testListId="8c84fa94-04c1-424b-9868-57a2d4851a1d" relativeResultsDirectory="e4757712-1d8e-438a-9477-88c9165287b7">
      <Output>
        <StdOut>=== WebApplicationFactory (fallback to dotnet run) ===
Builder methods:
.WithFramework("net9.0").WithConfiguration("Debug")
Run command:
dotnet run --framework net9.0 --configuration Debug --no-launch-profile
Environment variables:
ASPNETCORE_HOSTINGSTARTUPASSEMBLIES=
====================</StdOut>
      </Output>
    </UnitTestResult>
    <UnitTestResult executionId="21575539-7399-445e-8db3-3ee75faf8967" testId="cc28fd0d-aeb1-6068-03cf-a613121c3154" testName="First_WithEmptyCollection_ShouldThrowInvalidOperationException" computerName="cursor" duration="00:00:00.0003440" startTime="2025-08-11T22:58:29.7606141+00:00" endTime="2025-08-11T22:58:29.7609580+00:00" testType="13cdc9d9-ddb5-4fa4-a97d-d965ccfc6d4b" outcome="Passed" testListId="8c84fa94-04c1-424b-9868-57a2d4851a1d" relativeResultsDirectory="21575539-7399-445e-8db3-3ee75faf8967" />
    <UnitTestResult executionId="c4b386ad-f644-4d5a-a984-75272aa2c096" testId="11c6e8b9-63df-e19b-bf9f-452e7d9c0dd7" testName="WithBaseUrl_WithNullUrl_ThrowsException" computerName="cursor" duration="00:00:00.0001930" startTime="2025-08-11T22:58:29.8106257+00:00" endTime="2025-08-11T22:58:29.8108185+00:00" testType="13cdc9d9-ddb5-4fa4-a97d-d965ccfc6d4b" outcome="Passed" testListId="8c84fa94-04c1-424b-9868-57a2d4851a1d" relativeResultsDirectory="c4b386ad-f644-4d5a-a984-75272aa2c096" />
    <UnitTestResult executionId="effdeb67-d38b-48db-b078-f1c7ccea270e" testId="2944cbda-271d-8e00-031a-dd03321c1f09" testName="WithHeadlessMode_WithValidValue_SetsHeadlessMode" computerName="cursor" duration="00:00:00.0003660" startTime="2025-08-11T22:58:29.8139555+00:00" endTime="2025-08-11T22:58:29.8143216+00:00" testType="13cdc9d9-ddb5-4fa4-a97d-d965ccfc6d4b" outcome="Passed" testListId="8c84fa94-04c1-424b-9868-57a2d4851a1d" relativeResultsDirectory="effdeb67-d38b-48db-b078-f1c7ccea270e" />
    <UnitTestResult executionId="117bdfe1-c9c5-4c32-b8e1-4b6d70acb64a" testId="c48c7a66-1a74-12aa-2595-2e164ad6c470" testName="DotNet_CustomArguments_AreAppended" computerName="cursor" duration="00:00:00.0001560" startTime="2025-08-11T22:58:29.9876742+00:00" endTime="2025-08-11T22:58:29.9878301+00:00" testType="13cdc9d9-ddb5-4fa4-a97d-d965ccfc6d4b" outcome="Passed" testListId="8c84fa94-04c1-424b-9868-57a2d4851a1d" relativeResultsDirectory="117bdfe1-c9c5-4c32-b8e1-4b6d70acb64a" />
    <UnitTestResult executionId="d543656f-f79c-4fcb-964a-e2266c11ca59" testId="4d36eff3-cb8c-cc2b-ae0a-7341e46f417f" testName="Constructor_WithNullOptions_ThrowsArgumentNullException" computerName="cursor" duration="00:00:00.0002130" startTime="2025-08-11T22:58:29.7942998+00:00" endTime="2025-08-11T22:58:29.7945132+00:00" testType="13cdc9d9-ddb5-4fa4-a97d-d965ccfc6d4b" outcome="Passed" testListId="8c84fa94-04c1-424b-9868-57a2d4851a1d" relativeResultsDirectory="d543656f-f79c-4fcb-964a-e2266c11ca59" />
    <UnitTestResult executionId="2ba29942-520f-421d-90ac-8668f7e476bb" testId="3297f400-bb31-d8da-0f7d-46758c3d7554" testName="StartServerAsync_ServerAlreadyRunning_SetsRunningState" computerName="cursor" duration="00:00:00.1560290" startTime="2025-08-11T22:58:30.1656137+00:00" endTime="2025-08-11T22:58:30.3216421+00:00" testType="13cdc9d9-ddb5-4fa4-a97d-d965ccfc6d4b" outcome="Passed" testListId="8c84fa94-04c1-424b-9868-57a2d4851a1d" relativeResultsDirectory="2ba29942-520f-421d-90ac-8668f7e476bb" />
    <UnitTestResult executionId="3c7a2813-3fec-4999-8399-2064c8c18f46" testId="18f05ca5-b5fb-a8dd-f454-c581d558cbe9" testName="FilterByAttribute_WithEmptyAttributeName_ShouldThrowArgumentException" computerName="cursor" duration="00:00:00.0003640" startTime="2025-08-11T22:58:29.7580698+00:00" endTime="2025-08-11T22:58:29.7584338+00:00" testType="13cdc9d9-ddb5-4fa4-a97d-d965ccfc6d4b" outcome="Passed" testListId="8c84fa94-04c1-424b-9868-57a2d4851a1d" relativeResultsDirectory="3c7a2813-3fec-4999-8399-2064c8c18f46" />
    <UnitTestResult executionId="825ce536-5d08-4675-bb27-c7e1780fa7f7" testId="b16522d5-763c-5079-f175-3132fe0bb3ec" testName="GetPlugins_ReturnsReadOnlyCollection" computerName="cursor" duration="00:00:00.0002140" startTime="2025-08-11T22:58:29.9808666+00:00" endTime="2025-08-11T22:58:29.9810807+00:00" testType="13cdc9d9-ddb5-4fa4-a97d-d965ccfc6d4b" outcome="Passed" testListId="8c84fa94-04c1-424b-9868-57a2d4851a1d" relativeResultsDirectory="825ce536-5d08-4675-bb27-c7e1780fa7f7" />
    <UnitTestResult executionId="4319b47f-5a06-445b-8591-d48206954d41" testId="0b3109f8-d2a8-47f7-ae01-04faf34ff615" testName="BuildCommandArguments_ReturnsExpectedFormat" computerName="cursor" duration="00:00:00.0005430" startTime="2025-08-11T22:58:29.6212368+00:00" endTime="2025-08-11T22:58:29.6217797+00:00" testType="13cdc9d9-ddb5-4fa4-a97d-d965ccfc6d4b" outcome="Passed" testListId="8c84fa94-04c1-424b-9868-57a2d4851a1d" relativeResultsDirectory="4319b47f-5a06-445b-8591-d48206954d41" />
    <UnitTestResult executionId="d1bba644-ae29-4980-a46d-499f1aff6008" testId="0f9360de-cd99-435c-c549-ccd3fe79a633" testName="WebServerProjectPath_Removed_FromOptions" computerName="cursor" duration="00:00:00.0004630" startTime="2025-08-11T22:58:29.9665212+00:00" endTime="2025-08-11T22:58:29.9669840+00:00" testType="13cdc9d9-ddb5-4fa4-a97d-d965ccfc6d4b" outcome="Passed" testListId="8c84fa94-04c1-424b-9868-57a2d4851a1d" relativeResultsDirectory="d1bba644-ae29-4980-a46d-499f1aff6008">
      <Output>
        <StdOut>Server project path removed from options; managed by WebServerManager</StdOut>
      </Output>
    </UnitTestResult>
    <UnitTestResult executionId="84671725-082a-4ed9-b16c-e7b75a4b8c36" testId="fab6990d-3c1c-2c65-5826-c4e429096956" testName="GetOrCreateElement_WithEmptyKey_ShouldThrowArgumentException" computerName="cursor" duration="00:00:00.0001200" startTime="2025-08-11T22:58:29.7681522+00:00" endTime="2025-08-11T22:58:29.7682724+00:00" testType="13cdc9d9-ddb5-4fa4-a97d-d965ccfc6d4b" outcome="Passed" testListId="8c84fa94-04c1-424b-9868-57a2d4851a1d" relativeResultsDirectory="84671725-082a-4ed9-b16c-e7b75a4b8c36" />
    <UnitTestResult executionId="f7cb5649-6ae6-4119-97c1-e900782a9fdb" testId="63abd0f8-5814-164f-7950-4ad186521ab4" testName="CreateDriver_WithNoPlugins_ThrowsFluentUIScaffoldPluginException" computerName="cursor" duration="00:00:00.0004840" startTime="2025-08-11T22:58:29.9796831+00:00" endTime="2025-08-11T22:58:29.9801669+00:00" testType="13cdc9d9-ddb5-4fa4-a97d-d965ccfc6d4b" outcome="Passed" testListId="8c84fa94-04c1-424b-9868-57a2d4851a1d" relativeResultsDirectory="f7cb5649-6ae6-4119-97c1-e900782a9fdb" />
    <UnitTestResult executionId="9dad7a27-ae38-490f-8472-431e54646b64" testId="44803fba-616e-b64e-f070-676eb27c9592" testName="Type_ShouldCallDriverType" computerName="cursor" duration="00:00:00.0004790" startTime="2025-08-11T22:58:29.7825563+00:00" endTime="2025-08-11T22:58:29.7830351+00:00" testType="13cdc9d9-ddb5-4fa4-a97d-d965ccfc6d4b" outcome="Passed" testListId="8c84fa94-04c1-424b-9868-57a2d4851a1d" relativeResultsDirectory="9dad7a27-ae38-490f-8472-431e54646b64" />
    <UnitTestResult executionId="96ebc127-9932-4c38-89bd-e04e65fa3737" testId="f886403e-9ef4-53a2-d4e1-ecec3b79370d" testName="Constructor_WithNullSelector_ShouldThrowArgumentNullException" computerName="cursor" duration="00:00:00.0003140" startTime="2025-08-11T22:58:29.7352150+00:00" endTime="2025-08-11T22:58:29.7355288+00:00" testType="13cdc9d9-ddb5-4fa4-a97d-d965ccfc6d4b" outcome="Passed" testListId="8c84fa94-04c1-424b-9868-57a2d4851a1d" relativeResultsDirectory="96ebc127-9932-4c38-89bd-e04e65fa3737" />
    <UnitTestResult executionId="943a9554-af91-4739-b5bd-c89017380b66" testId="869c75f3-f0d3-ccd1-94b9-b347ceeefe6e" testName="CreateConfigurationWithDetection_WithValidParameters_ReturnsConfiguration" computerName="cursor" duration="00:00:00.0015169" startTime="2025-08-11T22:58:29.9911857+00:00" endTime="2025-08-11T22:58:29.9927027+00:00" testType="13cdc9d9-ddb5-4fa4-a97d-d965ccfc6d4b" outcome="Passed" testListId="8c84fa94-04c1-424b-9868-57a2d4851a1d" relativeResultsDirectory="943a9554-af91-4739-b5bd-c89017380b66" />
    <UnitTestResult executionId="3d09bc59-33ba-4b7b-bb2a-aa26d450088d" testId="8edbc9e8-8106-4e2b-446e-15afc8cb2e79" testName="WaitForVisible_ShouldCallDriverWaitForElementToBeVisible" computerName="cursor" duration="00:00:00.0001810" startTime="2025-08-11T22:58:29.7886356+00:00" endTime="2025-08-11T22:58:29.7888161+00:00" testType="13cdc9d9-ddb5-4fa4-a97d-d965ccfc6d4b" outcome="Passed" testListId="8c84fa94-04c1-424b-9868-57a2d4851a1d" relativeResultsDirectory="3d09bc59-33ba-4b7b-bb2a-aa26d450088d" />
    <UnitTestResult executionId="ab56efab-7f33-4078-9eea-66aa442546ca" testId="121b3ea7-a273-e796-8c2e-1aff78536d24" testName="Click_ShouldCallDriverClick" computerName="cursor" duration="00:00:00.0037970" startTime="2025-08-11T22:58:29.7703221+00:00" endTime="2025-08-11T22:58:29.7741186+00:00" testType="13cdc9d9-ddb5-4fa4-a97d-d965ccfc6d4b" outcome="Passed" testListId="8c84fa94-04c1-424b-9868-57a2d4851a1d" relativeResultsDirectory="ab56efab-7f33-4078-9eea-66aa442546ca" />
    <UnitTestResult executionId="d5175e51-901a-4b97-abde-3273572cce3a" testId="f2c0b89c-869a-b8e1-4f97-bcdc75425150" testName="FilterByText_WithMatchingText_ShouldReturnFilteredCollection" computerName="cursor" duration="00:00:00.0002270" startTime="2025-08-11T22:58:29.7601819+00:00" endTime="2025-08-11T22:58:29.7604085+00:00" testType="13cdc9d9-ddb5-4fa4-a97d-d965ccfc6d4b" outcome="Passed" testListId="8c84fa94-04c1-424b-9868-57a2d4851a1d" relativeResultsDirectory="d5175e51-901a-4b97-abde-3273572cce3a" />
    <UnitTestResult executionId="039f95f6-a87c-4103-b741-b07f9a64067b" testId="c288cdf5-4c17-bd42-bf19-8d1a299a2747" testName="LastOrDefault_WithEmptyCollection_ShouldReturnNull" computerName="cursor" duration="00:00:00.0002220" startTime="2025-08-11T22:58:29.7649950+00:00" endTime="2025-08-11T22:58:29.7652167+00:00" testType="13cdc9d9-ddb5-4fa4-a97d-d965ccfc6d4b" outcome="Passed" testListId="8c84fa94-04c1-424b-9868-57a2d4851a1d" relativeResultsDirectory="039f95f6-a87c-4103-b741-b07f9a64067b" />
    <UnitTestResult executionId="d2bb18ae-9535-4dea-a346-bc1b6f4a0b0e" testId="d93cec4f-53d9-403d-a92c-21324eed1dc2" testName="FilterByAttribute_WithNoMatchingAttribute_ShouldReturnEmptyCollection" computerName="cursor" duration="00:00:00.0002220" startTime="2025-08-11T22:58:29.7587390+00:00" endTime="2025-08-11T22:58:29.7589612+00:00" testType="13cdc9d9-ddb5-4fa4-a97d-d965ccfc6d4b" outcome="Passed" testListId="8c84fa94-04c1-424b-9868-57a2d4851a1d" relativeResultsDirectory="d2bb18ae-9535-4dea-a346-bc1b6f4a0b0e" />
    <UnitTestResult executionId="985e5958-9e78-4f25-a4ec-e77304272797" testId="2e23022d-866f-3ace-93c9-9c504b47228e" testName="RegisterPlugin_WithNullPlugin_ThrowsArgumentNullException" computerName="cursor" duration="00:00:00.0002100" startTime="2025-08-11T22:58:29.9816813+00:00" endTime="2025-08-11T22:58:29.9818916+00:00" testType="13cdc9d9-ddb5-4fa4-a97d-d965ccfc6d4b" outcome="Passed" testListId="8c84fa94-04c1-424b-9868-57a2d4851a1d" relativeResultsDirectory="985e5958-9e78-4f25-a4ec-e77304272797" />
    <UnitTestResult executionId="4dfcb703-7cb5-4b56-b8ab-0a703f41306e" testId="b7012c97-f966-55dc-c35d-274095149e5d" testName="RegisterElement_WithEmptyKey_ShouldThrowArgumentException" computerName="cursor" duration="00:00:00.0002080" startTime="2025-08-11T22:58:29.7692462+00:00" endTime="2025-08-11T22:58:29.7694543+00:00" testType="13cdc9d9-ddb5-4fa4-a97d-d965ccfc6d4b" outcome="Passed" testListId="8c84fa94-04c1-424b-9868-57a2d4851a1d" relativeResultsDirectory="4dfcb703-7cb5-4b56-b8ab-0a703f41306e" />
    <UnitTestResult executionId="bd55c422-8d5d-4990-967a-effe25d7c202" testId="6343243c-dfd7-4b0b-0e3c-4021f44a4a0d" testName="WaitFor_WithClickableStrategy_ShouldCallWaitForClickable" computerName="cursor" duration="00:00:00.0003830" startTime="2025-08-11T22:58:29.7830483+00:00" endTime="2025-08-11T22:58:29.7834311+00:00" testType="13cdc9d9-ddb5-4fa4-a97d-d965ccfc6d4b" outcome="Passed" testListId="8c84fa94-04c1-424b-9868-57a2d4851a1d" relativeResultsDirectory="bd55c422-8d5d-4990-967a-effe25d7c202" />
    <UnitTestResult executionId="232ac87b-03e9-425b-aaf8-f5600ea6e41a" testId="09311360-5b2a-d8bb-bda7-c830483aca7e" testName="EnvironmentDefaults_AreApplied_WhenNotProvided" computerName="cursor" duration="00:00:00.0070390" startTime="2025-08-11T22:58:29.6120063+00:00" endTime="2025-08-11T22:58:29.6190069+00:00" testType="13cdc9d9-ddb5-4fa4-a97d-d965ccfc6d4b" outcome="Passed" testListId="8c84fa94-04c1-424b-9868-57a2d4851a1d" relativeResultsDirectory="232ac87b-03e9-425b-aaf8-f5600ea6e41a" />
    <UnitTestResult executionId="ca126e26-8195-4a9f-bb26-959b5ea01f55" testId="7f949d80-13b6-78ce-6336-64f88eac33b7" testName="FilterByText_WithNoMatchingText_ShouldReturnEmptyCollection" computerName="cursor" duration="00:00:00.0001900" startTime="2025-08-11T22:58:29.7604163+00:00" endTime="2025-08-11T22:58:29.7606063+00:00" testType="13cdc9d9-ddb5-4fa4-a97d-d965ccfc6d4b" outcome="Passed" testListId="8c84fa94-04c1-424b-9868-57a2d4851a1d" relativeResultsDirectory="ca126e26-8195-4a9f-bb26-959b5ea01f55" />
    <UnitTestResult executionId="52e04b04-045e-448d-927b-df22a26c9209" testId="73a1b770-4a5e-0a29-6a9c-524092b48888" testName="FirstOrDefault_WithNonEmptyCollection_ShouldReturnFirstElement" computerName="cursor" duration="00:00:00.0002210" startTime="2025-08-11T22:58:29.7615337+00:00" endTime="2025-08-11T22:58:29.7617550+00:00" testType="13cdc9d9-ddb5-4fa4-a97d-d965ccfc6d4b" outcome="Passed" testListId="8c84fa94-04c1-424b-9868-57a2d4851a1d" relativeResultsDirectory="52e04b04-045e-448d-927b-df22a26c9209" />
    <UnitTestResult executionId="b0d825fb-8362-460b-a0da-699ee2cf6015" testId="5b0f8305-1a07-717d-f99d-cd7dc78eb59e" testName="WaitFor_WithUnsupportedStrategy_ShouldThrowArgumentException" computerName="cursor" duration="00:00:00.0012040" startTime="2025-08-11T22:58:29.7868051+00:00" endTime="2025-08-11T22:58:29.7880089+00:00" testType="13cdc9d9-ddb5-4fa4-a97d-d965ccfc6d4b" outcome="Passed" testListId="8c84fa94-04c1-424b-9868-57a2d4851a1d" relativeResultsDirectory="b0d825fb-8362-460b-a0da-699ee2cf6015" />
    <UnitTestResult executionId="d0f175dc-9346-4460-892e-fc07f19e318f" testId="ab102e48-216b-a6e1-6a1e-ce5492770c81" testName="ValidatePlugins_WithInvalidPlugin_ThrowsPluginException" computerName="cursor" duration="00:00:00.0008270" startTime="2025-08-11T22:58:29.9824364+00:00" endTime="2025-08-11T22:58:29.9832634+00:00" testType="13cdc9d9-ddb5-4fa4-a97d-d965ccfc6d4b" outcome="Passed" testListId="8c84fa94-04c1-424b-9868-57a2d4851a1d" relativeResultsDirectory="d0f175dc-9346-4460-892e-fc07f19e318f" />
    <UnitTestResult executionId="a0ceb80d-5aa3-41b0-bcbb-8e58b59601cf" testId="aa2ad8c9-644e-352f-745e-635b81ae401d" testName="DetectProjectPath_FromAdditionalPaths_ReturnsPath" computerName="cursor" duration="00:00:00.0026059" startTime="2025-08-11T22:58:29.7889321+00:00" endTime="2025-08-11T22:58:29.7915376+00:00" testType="13cdc9d9-ddb5-4fa4-a97d-d965ccfc6d4b" outcome="Passed" testListId="8c84fa94-04c1-424b-9868-57a2d4851a1d" relativeResultsDirectory="a0ceb80d-5aa3-41b0-bcbb-8e58b59601cf" />
[...]
    <TestEntry testId="fcd32eae-1929-9e13-f2a2-ebf52e2ea1bb" executionId="e9191b02-02fb-4799-b0bf-491640a5dfdc" testListId="8c84fa94-04c1-424b-9868-57a2d4851a1d" />
    <TestEntry testId="5ecd0d47-634a-f5a5-e7c4-807c1c8c5935" executionId="40c74057-1b19-47c9-b990-e3fa2173d11c" testListId="8c84fa94-04c1-424b-9868-57a2d4851a1d" />
    <TestEntry testId="0b5f1728-7b8a-73cb-1723-24feb2bf7d3d" executionId="93865356-fc78-4d79-8b1a-01841dc3726a" testListId="8c84fa94-04c1-424b-9868-57a2d4851a1d" />
    <TestEntry testId="dd8f8349-d619-3359-a263-b07e1bc2b428" executionId="c2eb9d21-0b57-4184-8127-6d7dee6f76ad" testListId="8c84fa94-04c1-424b-9868-57a2d4851a1d" />
    <TestEntry testId="5bf46c48-3055-37d6-fef8-c9d126207b04" executionId="9bcaa33e-cbb9-4a8f-a415-76ca31776f43" testListId="8c84fa94-04c1-424b-9868-57a2d4851a1d" />
    <TestEntry testId="f2f6b3ec-eeaf-c73e-5a2e-1ef2fc174766" executionId="8c4fd721-cdc5-4cef-b75d-ff99800cb5d6" testListId="8c84fa94-04c1-424b-9868-57a2d4851a1d" />
    <TestEntry testId="5457ec9d-b666-cb43-0581-94c4ccf2eefc" executionId="83fe89f6-904a-4dc5-b718-89d6b64a9151" testListId="8c84fa94-04c1-424b-9868-57a2d4851a1d" />
    <TestEntry testId="3972325b-780e-8149-0501-afcdb2e51733" executionId="f82e3a0b-7cea-4c73-9bd8-a948ead2163e" testListId="8c84fa94-04c1-424b-9868-57a2d4851a1d" />
    <TestEntry testId="ce884f09-4916-a854-a0cc-dbdac776383b" executionId="d5b7c87b-9330-44f4-8d5d-f7cf0a7bc6af" testListId="8c84fa94-04c1-424b-9868-57a2d4851a1d" />
    <TestEntry testId="280bf3f0-72fb-f486-cff4-df88da493c15" executionId="061479e7-fb81-41b6-829e-c2eba240a168" testListId="8c84fa94-04c1-424b-9868-57a2d4851a1d" />
    <TestEntry testId="a646cbbd-eb04-f9aa-5695-780998d26368" executionId="d8dd6ecf-7eec-4110-83a6-f244fabd1ada" testListId="8c84fa94-04c1-424b-9868-57a2d4851a1d" />
    <TestEntry testId="471622d6-a01c-acdb-82c5-f00f72212509" executionId="697e42c7-af5e-4e1d-8f12-9e5e035f31d4" testListId="8c84fa94-04c1-424b-9868-57a2d4851a1d" />
    <TestEntry testId="1c0d19b9-1bef-846e-5c51-324c55f41975" executionId="21f57319-2807-485d-ad1c-79e1564fa766" testListId="8c84fa94-04c1-424b-9868-57a2d4851a1d" />
    <TestEntry testId="d6e5f7f2-25f3-210a-1f00-1f733c0e9da8" executionId="901f6e98-cf7c-48fd-8f26-fee6a774294f" testListId="8c84fa94-04c1-424b-9868-57a2d4851a1d" />
    <TestEntry testId="8f39af80-f58e-71ee-14e2-037e33d2ca9e" executionId="bb765a02-97c9-4eec-a423-58e08d24ba45" testListId="8c84fa94-04c1-424b-9868-57a2d4851a1d" />
    <TestEntry testId="8383728b-b15a-a0ae-e2d4-37daa1d150cf" executionId="bda711b8-0763-49d7-986b-704ca25b15cb" testListId="8c84fa94-04c1-424b-9868-57a2d4851a1d" />
    <TestEntry testId="6c726527-cdae-6f0e-e424-af9055e97f92" executionId="0d5596ae-8014-4045-a70b-7922eb961c44" testListId="8c84fa94-04c1-424b-9868-57a2d4851a1d" />
    <TestEntry testId="0c9cdc29-691b-c84f-d982-5575012bff55" executionId="5fc44780-221a-4d12-9c42-0cded3578dfe" testListId="8c84fa94-04c1-424b-9868-57a2d4851a1d" />
    <TestEntry testId="3060bcb3-7dbb-52ae-d898-6c736e92902a" executionId="5a89d05b-ff14-437f-92e2-a700eedcf7f9" testListId="8c84fa94-04c1-424b-9868-57a2d4851a1d" />
    <TestEntry testId="6ba06a82-9046-fcca-a49b-be1345ecbc51" executionId="1968d5a1-3e49-40ab-9ccc-f962bbc180b9" testListId="8c84fa94-04c1-424b-9868-57a2d4851a1d" />
    <TestEntry testId="179ad534-942e-3d0d-8cd9-ff68b706f3bf" executionId="feaebf8b-3c6f-40b2-82ad-26624c5b390b" testListId="8c84fa94-04c1-424b-9868-57a2d4851a1d" />
    <TestEntry testId="5b0b0b21-c836-f769-4fb0-bf7c584f610d" executionId="4b384e76-6505-4834-bab6-022539bde114" testListId="8c84fa94-04c1-424b-9868-57a2d4851a1d" />
    <TestEntry testId="405fd94c-1e16-06c6-669b-4f6514668f24" executionId="8e5a20e5-0e8f-4c16-b4f7-c58c83a13887" testListId="8c84fa94-04c1-424b-9868-57a2d4851a1d" />
    <TestEntry testId="d9747d07-b571-8346-80a3-fe62a8b92e46" executionId="ff52ff51-9b4f-4220-8422-6e793e6240c7" testListId="8c84fa94-04c1-424b-9868-57a2d4851a1d" />
    <TestEntry testId="7b7eece1-efca-5e39-6f9c-7c2cf05500c2" executionId="9c81dbd6-bd2b-4956-b3d9-59299318b073" testListId="8c84fa94-04c1-424b-9868-57a2d4851a1d" />
    <TestEntry testId="22a55186-734f-9dba-b3aa-22207bab8f2a" executionId="3a0dbfc3-9404-4754-a11a-bd9f41dffd7e" testListId="8c84fa94-04c1-424b-9868-57a2d4851a1d" />
    <TestEntry testId="f6b53d12-55a1-6cea-cf6b-996b794f8a7d" executionId="d604d072-46b2-4b36-80f1-f82ab4eeb5a9" testListId="8c84fa94-04c1-424b-9868-57a2d4851a1d" />
    <TestEntry testId="46ffc5ad-c340-b767-44fb-d87ee75aad26" executionId="8b463ca6-b6ec-4d7b-a304-ed8eef54993e" testListId="8c84fa94-04c1-424b-9868-57a2d4851a1d" />
    <TestEntry testId="ae197987-6a6c-0f53-9053-aa2a52fada6c" executionId="3f59aa38-2ba7-4cb2-bf77-275c392294e0" testListId="8c84fa94-04c1-424b-9868-57a2d4851a1d" />
    <TestEntry testId="d9c1e874-b98e-f314-cfca-82dd9dc7660b" executionId="ae899b7a-5176-4b01-9b34-e6b9f24f9dc0" testListId="8c84fa94-04c1-424b-9868-57a2d4851a1d" />
    <TestEntry testId="a8ade4ba-35e4-f1b1-b29c-1221576ebc2c" executionId="f100d79e-387e-467d-a591-6fd9152ce167" testListId="8c84fa94-04c1-424b-9868-57a2d4851a1d" />
    <TestEntry testId="46930332-f66d-a8f0-6df4-449ab0a9cd10" executionId="c4665414-c247-4f03-b6e5-5969cc52f542" testListId="8c84fa94-04c1-424b-9868-57a2d4851a1d" />
    <TestEntry testId="e08a08af-210e-a1c2-6824-5a7b54cc2338" executionId="17a9f2a1-fd41-4e11-9077-e7b783467a2b" testListId="8c84fa94-04c1-424b-9868-57a2d4851a1d" />
    <TestEntry testId="677131f5-8f9b-a5d7-51f3-8830f5479d4d" executionId="c46a17d2-cf34-4d56-b89c-b73633553adb" testListId="8c84fa94-04c1-424b-9868-57a2d4851a1d" />
    <TestEntry testId="551fc6ac-b856-8cac-3508-c2c42f5670a1" executionId="28cb4396-ac0a-4290-8bef-1403e7e375cc" testListId="8c84fa94-04c1-424b-9868-57a2d4851a1d" />
    <TestEntry testId="5e045292-2424-2536-e9a7-78679c446a8a" executionId="e4757712-1d8e-438a-9477-88c9165287b7" testListId="8c84fa94-04c1-424b-9868-57a2d4851a1d" />
    <TestEntry testId="cc28fd0d-aeb1-6068-03cf-a613121c3154" executionId="21575539-7399-445e-8db3-3ee75faf8967" testListId="8c84fa94-04c1-424b-9868-57a2d4851a1d" />
    <TestEntry testId="11c6e8b9-63df-e19b-bf9f-452e7d9c0dd7" executionId="c4b386ad-f644-4d5a-a984-75272aa2c096" testListId="8c84fa94-04c1-424b-9868-57a2d4851a1d" />
    <TestEntry testId="2944cbda-271d-8e00-031a-dd03321c1f09" executionId="effdeb67-d38b-48db-b078-f1c7ccea270e" testListId="8c84fa94-04c1-424b-9868-57a2d4851a1d" />
    <TestEntry testId="c48c7a66-1a74-12aa-2595-2e164ad6c470" executionId="117bdfe1-c9c5-4c32-b8e1-4b6d70acb64a" testListId="8c84fa94-04c1-424b-9868-57a2d4851a1d" />
    <TestEntry testId="4d36eff3-cb8c-cc2b-ae0a-7341e46f417f" executionId="d543656f-f79c-4fcb-964a-e2266c11ca59" testListId="8c84fa94-04c1-424b-9868-57a2d4851a1d" />
    <TestEntry testId="3297f400-bb31-d8da-0f7d-46758c3d7554" executionId="2ba29942-520f-421d-90ac-8668f7e476bb" testListId="8c84fa94-04c1-424b-9868-57a2d4851a1d" />
    <TestEntry testId="18f05ca5-b5fb-a8dd-f454-c581d558cbe9" executionId="3c7a2813-3fec-4999-8399-2064c8c18f46" testListId="8c84fa94-04c1-424b-9868-57a2d4851a1d" />
    <TestEntry testId="b16522d5-763c-5079-f175-3132fe0bb3ec" executionId="825ce536-5d08-4675-bb27-c7e1780fa7f7" testListId="8c84fa94-04c1-424b-9868-57a2d4851a1d" />
    <TestEntry testId="0b3109f8-d2a8-47f7-ae01-04faf34ff615" executionId="4319b47f-5a06-445b-8591-d48206954d41" testListId="8c84fa94-04c1-424b-9868-57a2d4851a1d" />
    <TestEntry testId="0f9360de-cd99-435c-c549-ccd3fe79a633" executionId="d1bba644-ae29-4980-a46d-499f1aff6008" testListId="8c84fa94-04c1-424b-9868-57a2d4851a1d" />
    <TestEntry testId="fab6990d-3c1c-2c65-5826-c4e429096956" executionId="84671725-082a-4ed9-b16c-e7b75a4b8c36" testListId="8c84fa94-04c1-424b-9868-57a2d4851a1d" />
    <TestEntry testId="63abd0f8-5814-164f-7950-4ad186521ab4" executionId="f7cb5649-6ae6-4119-97c1-e900782a9fdb" testListId="8c84fa94-04c1-424b-9868-57a2d4851a1d" />
    <TestEntry testId="44803fba-616e-b64e-f070-676eb27c9592" executionId="9dad7a27-ae38-490f-8472-431e54646b64" testListId="8c84fa94-04c1-424b-9868-57a2d4851a1d" />
    <TestEntry testId="f886403e-9ef4-53a2-d4e1-ecec3b79370d" executionId="96ebc127-9932-4c38-89bd-e04e65fa3737" testListId="8c84fa94-04c1-424b-9868-57a2d4851a1d" />
    <TestEntry testId="869c75f3-f0d3-ccd1-94b9-b347ceeefe6e" executionId="943a9554-af91-4739-b5bd-c89017380b66" testListId="8c84fa94-04c1-424b-9868-57a2d4851a1d" />
    <TestEntry testId="8edbc9e8-8106-4e2b-446e-15afc8cb2e79" executionId="3d09bc59-33ba-4b7b-bb2a-aa26d450088d" testListId="8c84fa94-04c1-424b-9868-57a2d4851a1d" />
    <TestEntry testId="121b3ea7-a273-e796-8c2e-1aff78536d24" executionId="ab56efab-7f33-4078-9eea-66aa442546ca" testListId="8c84fa94-04c1-424b-9868-57a2d4851a1d" />
    <TestEntry testId="f2c0b89c-869a-b8e1-4f97-bcdc75425150" executionId="d5175e51-901a-4b97-abde-3273572cce3a" testListId="8c84fa94-04c1-424b-9868-57a2d4851a1d" />
    <TestEntry testId="c288cdf5-4c17-bd42-bf19-8d1a299a2747" executionId="039f95f6-a87c-4103-b741-b07f9a64067b" testListId="8c84fa94-04c1-424b-9868-57a2d4851a1d" />
    <TestEntry testId="d93cec4f-53d9-403d-a92c-21324eed1dc2" executionId="d2bb18ae-9535-4dea-a346-bc1b6f4a0b0e" testListId="8c84fa94-04c1-424b-9868-57a2d4851a1d" />
    <TestEntry testId="2e23022d-866f-3ace-93c9-9c504b47228e" executionId="985e5958-9e78-4f25-a4ec-e77304272797" testListId="8c84fa94-04c1-424b-9868-57a2d4851a1d" />
    <TestEntry testId="b7012c97-f966-55dc-c35d-274095149e5d" executionId="4dfcb703-7cb5-4b56-b8ab-0a703f41306e" testListId="8c84fa94-04c1-424b-9868-57a2d4851a1d" />
    <TestEntry testId="6343243c-dfd7-4b0b-0e3c-4021f44a4a0d" executionId="bd55c422-8d5d-4990-967a-effe25d7c202" testListId="8c84fa94-04c1-424b-9868-57a2d4851a1d" />
    <TestEntry testId="09311360-5b2a-d8bb-bda7-c830483aca7e" executionId="232ac87b-03e9-425b-aaf8-f5600ea6e41a" testListId="8c84fa94-04c1-424b-9868-57a2d4851a1d" />
    <TestEntry testId="7f949d80-13b6-78ce-6336-64f88eac33b7" executionId="ca126e26-8195-4a9f-bb26-959b5ea01f55" testListId="8c84fa94-04c1-424b-9868-57a2d4851a1d" />
    <TestEntry testId="73a1b770-4a5e-0a29-6a9c-524092b48888" executionId="52e04b04-045e-448d-927b-df22a26c9209" testListId="8c84fa94-04c1-424b-9868-57a2d4851a1d" />
    <TestEntry testId="5b0f8305-1a07-717d-f99d-cd7dc78eb59e" executionId="b0d825fb-8362-460b-a0da-699ee2cf6015" testListId="8c84fa94-04c1-424b-9868-57a2d4851a1d" />
    <TestEntry testId="ab102e48-216b-a6e1-6a1e-ce5492770c81" executionId="d0f175dc-9346-4460-892e-fc07f19e318f" testListId="8c84fa94-04c1-424b-9868-57a2d4851a1d" />
    <TestEntry testId="aa2ad8c9-644e-352f-745e-635b81ae401d" executionId="a0ceb80d-5aa3-41b0-bcbb-8e58b59601cf" testListId="8c84fa94-04c1-424b-9868-57a2d4851a1d" />
    <TestEntry testId="0d8a6f68-b892-8208-9f84-b0a607e9693d" executionId="9be5a960-2c31-41f1-a670-fcbd79cfe7f5" testListId="8c84fa94-04c1-424b-9868-57a2d4851a1d" />
    <TestEntry testId="cbefd2c6-af4f-b601-5e3c-99959e055433" executionId="d312631b-1e42-49c6-9f5d-aeefe8c025f6" testListId="8c84fa94-04c1-424b-9868-57a2d4851a1d" />
    <TestEntry testId="6bd0c540-38a9-699a-6e83-30afb294a184" executionId="a817af41-5b3d-40cd-95a5-e3317707a223" testListId="8c84fa94-04c1-424b-9868-57a2d4851a1d" />
    <TestEntry testId="28f7c59d-b5d1-8620-75b4-446e721774f0" executionId="5dce55d0-d610-401b-8550-a3de1a8420eb" testListId="8c84fa94-04c1-424b-9868-57a2d4851a1d" />
    <TestEntry testId="6112ca55-caad-863b-bca3-e844e296c7b3" executionId="0df76dc6-ca01-4787-ab0c-e432c80b4a0e" testListId="8c84fa94-04c1-424b-9868-57a2d4851a1d" />
    <TestEntry testId="bba98ce8-0e46-19a1-add2-e0e6659866ca" executionId="7d872b6d-edca-4a04-8696-f0907b0e39fa" testListId="8c84fa94-04c1-424b-9868-57a2d4851a1d" />
    <TestEntry testId="280bec51-23dc-ffba-208c-c20000ad7909" executionId="2411131a-9b7a-470d-bba3-58383221aef1" testListId="8c84fa94-04c1-424b-9868-57a2d4851a1d" />
    <TestEntry testId="9277c687-d1ec-06a3-91ef-9c2756a13404" executionId="9f082008-7137-4489-ad6c-93086f4d9f30" testListId="8c84fa94-04c1-424b-9868-57a2d4851a1d" />
    <TestEntry testId="ff506097-7a61-9dd6-1df2-d3c8d75a82f3" executionId="f30c4e08-e583-4278-9890-26366bf29004" testListId="8c84fa94-04c1-424b-9868-57a2d4851a1d" />
    <TestEntry testId="770867d9-ec05-f95d-4f86-cd135b847493" executionId="9f6d09e9-b81a-4d10-9b7f-25237d63deeb" testListId="8c84fa94-04c1-424b-9868-57a2d4851a1d" />
    <TestEntry testId="99f01ded-3ca2-e651-a7da-fe562e1e4884" executionId="fb2a8782-4e76-4dc7-8866-edaac3bb4af5" testListId="8c84fa94-04c1-424b-9868-57a2d4851a1d" />
    <TestEntry testId="ddff61cf-6c8e-562e-62f7-c9fb5ab0fb05" executionId="fe4a59b4-ebdd-4108-86bb-e7af3af25e54" testListId="8c84fa94-04c1-424b-9868-57a2d4851a1d" />
    <TestEntry testId="ac2caede-1993-10f2-1269-ecc9a1cb91c8" executionId="908c8394-7b09-4d0e-951e-9472e7af3280" testListId="8c84fa94-04c1-424b-9868-57a2d4851a1d" />
    <TestEntry testId="24920700-cbf0-845b-81d7-78958082ce63" executionId="2f433172-e129-4212-970b-87b996d54442" testListId="8c84fa94-04c1-424b-9868-57a2d4851a1d" />
    <TestEntry testId="27bf1d8f-6db2-9d4a-565f-5fca061cc8f1" executionId="9783e7f7-f9f8-4a82-904d-854f63ade2ff" testListId="8c84fa94-04c1-424b-9868-57a2d4851a1d" />
    <TestEntry testId="e78cb7dd-0751-e11c-f830-882cb6a69d14" executionId="36817f81-c0a9-44c8-932f-209866d01a8c" testListId="8c84fa94-04c1-424b-9868-57a2d4851a1d" />
    <TestEntry testId="9db3b268-6657-af98-9f75-1b63df5c1b61" executionId="2ab849db-7936-49f7-9fbd-fee9b7ca31a2" testListId="8c84fa94-04c1-424b-9868-57a2d4851a1d" />
    <TestEntry testId="e490ff0f-804e-81fe-d54a-5987cfe60093" executionId="303b762f-a249-44a7-8a6d-165e3f2fd207" testListId="8c84fa94-04c1-424b-9868-57a2d4851a1d" />
    <TestEntry testId="0b4fc99c-eb06-94b0-bab6-1d7f1e79217a" executionId="f478e716-4c5b-4093-b751-89a37c23c251" testListId="8c84fa94-04c1-424b-9868-57a2d4851a1d" />
    <TestEntry testId="cc50075c-462e-8b57-d394-e1d716bb8f7e" executionId="989ae4bf-7d26-4935-90c8-a8358065df74" testListId="8c84fa94-04c1-424b-9868-57a2d4851a1d" />
    <TestEntry testId="8a43bd3c-a801-bb4f-9167-9cddc20d64b5" executionId="f7436d01-1945-4a7b-8e98-56648d53f3c3" testListId="8c84fa94-04c1-424b-9868-57a2d4851a1d" />
    <TestEntry testId="ab73f926-d1a2-00f0-bb5d-c38f897fb557" executionId="ad8bb216-9b6c-4ac7-bc33-ecb87d9fdea6" testListId="8c84fa94-04c1-424b-9868-57a2d4851a1d" />
  </TestEntries>
  <TestLists>
    <TestList name="Results Not in a List" id="8c84fa94-04c1-424b-9868-57a2d4851a1d" />
    <TestList name="All Loaded Results" id="19431567-8539-422a-85d7-44ee4e166bda" />
  </TestLists>
  <ResultSummary outcome="Completed">
    <Counters total="175" executed="175" passed="175" failed="0" error="0" timeout="0" aborted="0" inconclusive="0" passedButRunAborted="0" notRunnable="0" notExecuted="0" disconnected="0" warning="0" completed="0" inProgress="0" pending="0" />
    <Output>
      <StdOut>NUnit Adapter 4.5.0.0: Test execution started
Running all tests in /workspace/tests/FluentUIScaffold.Core.Tests/bin/Debug/net8.0/FluentUIScaffold.Core.Tests.dll
   NUnit3TestExecutor discovered 175 of 175 NUnit test cases using Current Discovery mode, Non-Explicit run
WithServerConfiguration_Removed_FromBuilder: Server configuration is now provided only to WebServerManager
WithServerConfiguration_WithNullConfiguration_Removed: Removed
WithWebServerProjectPath_IsRemoved_FromBuilder: Server config APIs removed from options builder; managed by WebServerManager
WithWebServerProjectPath_WithEmptyPath_Removed: Removed
WithWebServerProjectPath_WithNullPath_Removed: Removed
ServerConfiguration_Removed_FromOptions: Server configuration removed from options; managed by WebServerManager
WebServerProjectPath_Removed_FromOptions: Server project path removed from options; managed by WebServerManager
RegisterDetector_WithValidDetector_RegistersSuccessfully: Detector registered successfully
NUnit Adapter 4.5.0.0: Test execution complete
</StdOut>
    </Output>
    <RunInfos>
      <RunInfo computerName="cursor" outcome="Warning" timestamp="2025-08-11T22:58:29.9665011+00:00">
        <Text>PluginRegistry count before seeding: 1
PluginManager count after seeding: 1
</Text>
      </RunInfo>
      <RunInfo computerName="cursor" outcome="Warning" timestamp="2025-08-11T22:58:29.9926543+00:00">
        <Text>=== Aspire (dotnet run) ===
Builder methods:
ServerConfiguration
    .CreateAspireServer(new Uri("http://localhost:6066"), "/path/to/AspireApp.AppHost.csproj")
    .WithFramework("net9.0")
    .WithConfiguration("Release")
Run command:
dotnet run --framework net9.0 --configuration Release --no-launch-profile
Environment variables:
ASPNETCORE_ENVIRONMENT=Development
ASPNETCORE_FORWARDEDHEADERS_ENABLED=false
ASPNETCORE_HOSTINGSTARTUPASSEMBLIES=
ASPNETCORE_URLS=http://localhost:6066/
DOTNET_DASHBOARD_OTLP_ENDPOINT_URL=https://localhost:21097
DOTNET_ENVIRONMENT=Development
DOTNET_RESOURCE_SERVICE_ENDPOINT_URL=https://localhost:22268
====================

</Text>
      </RunInfo>
      <RunInfo computerName="cursor" outcome="Warning" timestamp="2025-08-11T22:58:29.9940774+00:00">
        <Text>=== Custom env vars ===
Builder methods:
.WithEnvironmentVariable("MY_SETTING", "abc").WithEnvironmentVariables(...) 
Run command:
dotnet run --framework net8.0 --configuration Release --no-launch-profile
Environment variables:
ASPNETCORE_ENVIRONMENT=Staging
ASPNETCORE_HOSTINGSTARTUPASSEMBLIES=
FOO=bar
MY_SETTING=abc
====================

</Text>
      </RunInfo>
      <RunInfo computerName="cursor" outcome="Warning" timestamp="2025-08-11T22:58:29.9999591+00:00">
        <Text>=== ASP.NET Core (dotnet run) ===
Builder methods:
ServerConfiguration
    .CreateDotNetServer(new Uri("http://localhost:5055"), "/path/to/MyApp.csproj")
    .WithFramework("net9.0")
    .WithConfiguration("Debug")
Run command:
dotnet run --framework net9.0 --configuration Debug --no-launch-profile
Environment variables:
ASPNETCORE_ENVIRONMENT=Development
ASPNETCORE_HOSTINGSTARTUPASSEMBLIES=
====================

</Text>
      </RunInfo>
      <RunInfo computerName="cursor" outcome="Warning" timestamp="2025-08-11T22:58:30.0000049+00:00">
        <Text>=== Node.js (npm run) ===
Builder methods: WithNpmScript("dev").WithNodeEnvironment("production").WithPort(7777).WithArguments("--", "--open")
npm start dev -- --open
NODE_ENV=production
PORT=7777
====================

</Text>
      </RunInfo>
      <RunInfo computerName="cursor" outcome="Warning" timestamp="2025-08-11T22:58:30.0007199+00:00">
        <Text>=== SPA proxy enabled ===
Builder methods:
.WithSpaProxy(true)
Run command:
dotnet run --framework net8.0 --configuration Release --no-launch-profile
Environment variables:
ASPNETCORE_ENVIRONMENT=Development
ASPNETCORE_HOSTINGSTARTUPASSEMBLIES=Microsoft.AspNetCore.SpaProxy
====================

=== SPA proxy disabled ===
Builder methods:
.WithSpaProxy(false)
Run command:
dotnet run --framework net8.0 --configuration Release --no-launch-profile
Environment variables:
ASPNETCORE_ENVIRONMENT=Development
ASPNETCORE_HOSTINGSTARTUPASSEMBLIES=
====================

</Text>
      </RunInfo>
      <RunInfo computerName="cursor" outcome="Warning" timestamp="2025-08-11T22:58:30.0017651+00:00">
        <Text>=== WebApplicationFactory (fallback to dotnet run) ===
Builder methods:
.WithFramework("net9.0").WithConfiguration("Debug")
Run command:
dotnet run --framework net9.0 --configuration Debug --no-launch-profile
Environment variables:
ASPNETCORE_HOSTINGSTARTUPASSEMBLIES=
====================

</Text>
      </RunInfo>
    </RunInfos>
    <CollectorDataEntries>
      <Collector agentName="cursor" uri="datacollector://microsoft/CoverletCodeCoverage/1.0" collectorDisplayName="XPlat code coverage">
        <UriAttachments>
          <UriAttachment>
            <A href="cursor/coverage.cobertura.xml"></A>
          </UriAttachment>
        </UriAttachments>
      </Collector>
    </CollectorDataEntries>
  </ResultSummary>
</TestRun>